<?xml version="1.0" encoding="UTF-8" ?>
<testsuite tests="3" failures="0" name="party.pjc.blog.service.impl.TagServiceImplTest" time="0.003" errors="3" skipped="0">
  <properties>
    <property name="java.runtime.name" value="Java(TM) SE Runtime Environment"/>
    <property name="sun.boot.library.path" value="D:\Program Files\Java\jdk1.8.0_131\jre\bin"/>
    <property name="java.vm.version" value="25.131-b11"/>
    <property name="java.vm.vendor" value="Oracle Corporation"/>
    <property name="maven.multiModuleProjectDirectory" value="D:\MyWork\workspace\LvcBlog"/>
    <property name="java.vendor.url" value="http://java.oracle.com/"/>
    <property name="path.separator" value=";"/>
    <property name="guice.disable.misplaced.annotation.check" value="true"/>
    <property name="java.vm.name" value="Java HotSpot(TM) 64-Bit Server VM"/>
    <property name="file.encoding.pkg" value="sun.io"/>
    <property name="user.script" value=""/>
    <property name="user.country" value="CN"/>
    <property name="sun.java.launcher" value="SUN_STANDARD"/>
    <property name="sun.os.patch.level" value=""/>
    <property name="java.vm.specification.name" value="Java Virtual Machine Specification"/>
    <property name="user.dir" value="D:\MyWork\workspace\LvcBlog"/>
    <property name="java.runtime.version" value="1.8.0_131-b11"/>
    <property name="java.awt.graphicsenv" value="sun.awt.Win32GraphicsEnvironment"/>
    <property name="java.endorsed.dirs" value="D:\Program Files\Java\jdk1.8.0_131\jre\lib\endorsed"/>
    <property name="os.arch" value="amd64"/>
    <property name="java.io.tmpdir" value="C:\Users\iLvc\AppData\Local\Temp\"/>
    <property name="line.separator" value="
"/>
    <property name="java.vm.specification.vendor" value="Oracle Corporation"/>
    <property name="user.variant" value=""/>
    <property name="os.name" value="Windows 10"/>
    <property name="classworlds.conf" value="D:\MyWork\workspace\.metadata\.plugins\org.eclipse.m2e.launching\launches\m2conf5097860200216717178.tmp"/>
    <property name="sun.jnu.encoding" value="GBK"/>
    <property name="java.library.path" value="D:\Program Files\Java\jdk1.8.0_131\bin;C:\Windows\Sun\Java\bin;C:\Windows\system32;C:\Windows;D:/Program Files/Java/jdk1.8.0_131/bin/../jre/bin/server;D:/Program Files/Java/jdk1.8.0_131/bin/../jre/bin;D:/Program Files/Java/jdk1.8.0_131/bin/../jre/lib/amd64;C:\Windows\system32;C:\Windows;C:\Windows\System32\Wbem;C:\Windows\System32\WindowsPowerShell\v1.0\;D:\Program Files\Java\jdk1.8.0_131\bin;C:\Users\iLvc\AppData\Local\Microsoft\WindowsApps;;D:\software\DevelopmentTool\eclipse\eclipse-jee-neon-3-win32-x86_64\eclipse;;."/>
    <property name="java.specification.name" value="Java Platform API Specification"/>
    <property name="java.class.version" value="52.0"/>
    <property name="sun.management.compiler" value="HotSpot 64-Bit Tiered Compilers"/>
    <property name="os.version" value="10.0"/>
    <property name="user.home" value="C:\Users\iLvc"/>
    <property name="user.timezone" value="Asia/Shanghai"/>
    <property name="java.awt.printerjob" value="sun.awt.windows.WPrinterJob"/>
    <property name="java.specification.version" value="1.8"/>
    <property name="file.encoding" value="GBK"/>
    <property name="user.name" value="iLvc"/>
    <property name="java.class.path" value="/D:/software/DevelopmentTool/eclipse/eclipse-jee-neon-3-win32-x86_64/eclipse/plugins/org.eclipse.m2e.maven.runtime_1.7.0.20160603-1931/jars/plexus-classworlds-2.5.2.jar"/>
    <property name="java.vm.specification.version" value="1.8"/>
    <property name="sun.arch.data.model" value="64"/>
    <property name="java.home" value="D:\Program Files\Java\jdk1.8.0_131\jre"/>
    <property name="sun.java.command" value="org.codehaus.plexus.classworlds.launcher.Launcher -B -gs C:\Users\iLvc\.m2\settings.xml -s C:\Users\iLvc\.m2\settings.xml install"/>
    <property name="java.specification.vendor" value="Oracle Corporation"/>
    <property name="user.language" value="zh"/>
    <property name="awt.toolkit" value="sun.awt.windows.WToolkit"/>
    <property name="java.vm.info" value="mixed mode"/>
    <property name="java.version" value="1.8.0_131"/>
    <property name="java.ext.dirs" value="D:\Program Files\Java\jdk1.8.0_131\jre\lib\ext;C:\Windows\Sun\Java\lib\ext"/>
    <property name="sun.boot.class.path" value="D:\Program Files\Java\jdk1.8.0_131\jre\lib\resources.jar;D:\Program Files\Java\jdk1.8.0_131\jre\lib\rt.jar;D:\Program Files\Java\jdk1.8.0_131\jre\lib\sunrsasign.jar;D:\Program Files\Java\jdk1.8.0_131\jre\lib\jsse.jar;D:\Program Files\Java\jdk1.8.0_131\jre\lib\jce.jar;D:\Program Files\Java\jdk1.8.0_131\jre\lib\charsets.jar;D:\Program Files\Java\jdk1.8.0_131\jre\lib\jfr.jar;D:\Program Files\Java\jdk1.8.0_131\jre\classes"/>
    <property name="java.vendor" value="Oracle Corporation"/>
    <property name="maven.home" value="D:\MyWork\workspace\LvcBlog\EMBEDDED"/>
    <property name="file.separator" value="\"/>
    <property name="java.vendor.url.bug" value="http://bugreport.sun.com/bugreport/"/>
    <property name="sun.cpu.endian" value="little"/>
    <property name="sun.io.unicode.encoding" value="UnicodeLittle"/>
    <property name="sun.desktop" value="windows"/>
    <property name="sun.cpu.isalist" value="amd64"/>
  </properties>
  <testcase classname="party.pjc.blog.service.impl.TagServiceImplTest" name="testFindPostByTag" time="0.002">
    <error message="Failed to load ApplicationContext" type="java.lang.IllegalStateException">java.lang.IllegalStateException: Failed to load ApplicationContext
	at org.springframework.test.context.DefaultCacheAwareContextLoaderDelegate.loadContext(DefaultCacheAwareContextLoaderDelegate.java:94)
	at org.springframework.test.context.DefaultTestContext.getApplicationContext(DefaultTestContext.java:72)
	at org.springframework.test.context.support.DependencyInjectionTestExecutionListener.injectDependencies(DependencyInjectionTestExecutionListener.java:117)
	at org.springframework.test.context.support.DependencyInjectionTestExecutionListener.prepareTestInstance(DependencyInjectionTestExecutionListener.java:83)
	at org.springframework.test.context.TestContextManager.prepareTestInstance(TestContextManager.java:212)
	at org.springframework.test.context.junit4.SpringJUnit4ClassRunner.createTest(SpringJUnit4ClassRunner.java:200)
	at org.springframework.test.context.junit4.SpringJUnit4ClassRunner$1.runReflectiveCall(SpringJUnit4ClassRunner.java:259)
	at org.junit.internal.runners.model.ReflectiveCallable.run(ReflectiveCallable.java:12)
	at org.springframework.test.context.junit4.SpringJUnit4ClassRunner.methodBlock(SpringJUnit4ClassRunner.java:261)
	at org.springframework.test.context.junit4.SpringJUnit4ClassRunner.runChild(SpringJUnit4ClassRunner.java:219)
	at org.springframework.test.context.junit4.SpringJUnit4ClassRunner.runChild(SpringJUnit4ClassRunner.java:83)
	at org.junit.runners.ParentRunner$3.run(ParentRunner.java:238)
	at org.junit.runners.ParentRunner$1.schedule(ParentRunner.java:63)
	at org.junit.runners.ParentRunner.runChildren(ParentRunner.java:236)
	at org.junit.runners.ParentRunner.access$000(ParentRunner.java:53)
	at org.junit.runners.ParentRunner$2.evaluate(ParentRunner.java:229)
	at org.springframework.test.context.junit4.statements.RunBeforeTestClassCallbacks.evaluate(RunBeforeTestClassCallbacks.java:61)
	at org.springframework.test.context.junit4.statements.RunAfterTestClassCallbacks.evaluate(RunAfterTestClassCallbacks.java:68)
	at org.junit.runners.ParentRunner.run(ParentRunner.java:309)
	at org.springframework.test.context.junit4.SpringJUnit4ClassRunner.run(SpringJUnit4ClassRunner.java:163)
	at org.apache.maven.surefire.junit4.JUnit4Provider.execute(JUnit4Provider.java:252)
	at org.apache.maven.surefire.junit4.JUnit4Provider.executeTestSet(JUnit4Provider.java:141)
	at org.apache.maven.surefire.junit4.JUnit4Provider.invoke(JUnit4Provider.java:112)
	at sun.reflect.NativeMethodAccessorImpl.invoke0(Native Method)
	at sun.reflect.NativeMethodAccessorImpl.invoke(NativeMethodAccessorImpl.java:62)
	at sun.reflect.DelegatingMethodAccessorImpl.invoke(DelegatingMethodAccessorImpl.java:43)
	at java.lang.reflect.Method.invoke(Method.java:498)
	at org.apache.maven.surefire.util.ReflectionUtils.invokeMethodWithArray(ReflectionUtils.java:189)
	at org.apache.maven.surefire.booter.ProviderFactory$ProviderProxy.invoke(ProviderFactory.java:165)
	at org.apache.maven.surefire.booter.ProviderFactory.invokeProvider(ProviderFactory.java:85)
	at org.apache.maven.surefire.booter.ForkedBooter.runSuitesInProcess(ForkedBooter.java:115)
	at org.apache.maven.surefire.booter.ForkedBooter.main(ForkedBooter.java:75)
Caused by: org.springframework.beans.factory.BeanCreationException: Error creating bean with name &apos;shiroFilter&apos; defined in class path resource [applicationContext.xml]: BeanPostProcessor before instantiation of bean failed; nested exception is org.springframework.beans.factory.BeanCreationException: Error creating bean with name &apos;org.apache.shiro.spring.security.interceptor.AuthorizationAttributeSourceAdvisor#0&apos; defined in class path resource [applicationContext.xml]: Cannot resolve reference to bean &apos;securityManager&apos; while setting bean property &apos;securityManager&apos;; nested exception is org.springframework.beans.factory.BeanCreationException: Error creating bean with name &apos;securityManager&apos; defined in class path resource [applicationContext.xml]: Cannot resolve reference to bean &apos;myRealm&apos; while setting bean property &apos;realm&apos;; nested exception is org.springframework.beans.factory.BeanCreationException: Error creating bean with name &apos;myRealm&apos;: Injection of autowired dependencies failed; nested exception is org.springframework.beans.factory.BeanCreationException: Could not autowire field: private party.pjc.blog.service.UserService party.pjc.blog.realm.MyRealm.userService; nested exception is java.lang.NoClassDefFoundError: javax/servlet/ServletContext
Related cause: org.springframework.beans.factory.BeanCurrentlyInCreationException: Error creating bean with name &apos;shiroFilter&apos;: Requested bean is currently in creation: Is there an unresolvable circular reference?
	at org.springframework.beans.factory.support.AbstractAutowireCapableBeanFactory.createBean(AbstractAutowireCapableBeanFactory.java:472)
	at org.springframework.beans.factory.support.AbstractBeanFactory$1.getObject(AbstractBeanFactory.java:303)
	at org.springframework.beans.factory.support.DefaultSingletonBeanRegistry.getSingleton(DefaultSingletonBeanRegistry.java:230)
	at org.springframework.beans.factory.support.AbstractBeanFactory.doGetBean(AbstractBeanFactory.java:299)
	at org.springframework.beans.factory.support.AbstractBeanFactory.getBean(AbstractBeanFactory.java:199)
	at org.springframework.context.support.PostProcessorRegistrationDelegate.registerBeanPostProcessors(PostProcessorRegistrationDelegate.java:232)
	at org.springframework.context.support.AbstractApplicationContext.registerBeanPostProcessors(AbstractApplicationContext.java:615)
	at org.springframework.context.support.AbstractApplicationContext.refresh(AbstractApplicationContext.java:465)
	at org.springframework.test.context.support.AbstractGenericContextLoader.loadContext(AbstractGenericContextLoader.java:125)
	at org.springframework.test.context.support.AbstractGenericContextLoader.loadContext(AbstractGenericContextLoader.java:60)
	at org.springframework.test.context.support.AbstractDelegatingSmartContextLoader.delegateLoading(AbstractDelegatingSmartContextLoader.java:109)
	at org.springframework.test.context.support.AbstractDelegatingSmartContextLoader.loadContext(AbstractDelegatingSmartContextLoader.java:261)
	at org.springframework.test.context.DefaultCacheAwareContextLoaderDelegate.loadContextInternal(DefaultCacheAwareContextLoaderDelegate.java:68)
	at org.springframework.test.context.DefaultCacheAwareContextLoaderDelegate.loadContext(DefaultCacheAwareContextLoaderDelegate.java:86)
	... 31 more
Caused by: org.springframework.beans.factory.BeanCreationException: Error creating bean with name &apos;org.apache.shiro.spring.security.interceptor.AuthorizationAttributeSourceAdvisor#0&apos; defined in class path resource [applicationContext.xml]: Cannot resolve reference to bean &apos;securityManager&apos; while setting bean property &apos;securityManager&apos;; nested exception is org.springframework.beans.factory.BeanCreationException: Error creating bean with name &apos;securityManager&apos; defined in class path resource [applicationContext.xml]: Cannot resolve reference to bean &apos;myRealm&apos; while setting bean property &apos;realm&apos;; nested exception is org.springframework.beans.factory.BeanCreationException: Error creating bean with name &apos;myRealm&apos;: Injection of autowired dependencies failed; nested exception is org.springframework.beans.factory.BeanCreationException: Could not autowire field: private party.pjc.blog.service.UserService party.pjc.blog.realm.MyRealm.userService; nested exception is java.lang.NoClassDefFoundError: javax/servlet/ServletContext
	at org.springframework.beans.factory.support.BeanDefinitionValueResolver.resolveReference(BeanDefinitionValueResolver.java:359)
	at org.springframework.beans.factory.support.BeanDefinitionValueResolver.resolveValueIfNecessary(BeanDefinitionValueResolver.java:108)
	at org.springframework.beans.factory.support.AbstractAutowireCapableBeanFactory.applyPropertyValues(AbstractAutowireCapableBeanFactory.java:1477)
	at org.springframework.beans.factory.support.AbstractAutowireCapableBeanFactory.populateBean(AbstractAutowireCapableBeanFactory.java:1222)
	at org.springframework.beans.factory.support.AbstractAutowireCapableBeanFactory.doCreateBean(AbstractAutowireCapableBeanFactory.java:537)
	at org.springframework.beans.factory.support.AbstractAutowireCapableBeanFactory.createBean(AbstractAutowireCapableBeanFactory.java:476)
	at org.springframework.beans.factory.support.AbstractBeanFactory$1.getObject(AbstractBeanFactory.java:303)
	at org.springframework.beans.factory.support.DefaultSingletonBeanRegistry.getSingleton(DefaultSingletonBeanRegistry.java:230)
	at org.springframework.beans.factory.support.AbstractBeanFactory.doGetBean(AbstractBeanFactory.java:299)
	at org.springframework.beans.factory.support.AbstractBeanFactory.getBean(AbstractBeanFactory.java:199)
	at org.springframework.aop.framework.autoproxy.BeanFactoryAdvisorRetrievalHelper.findAdvisorBeans(BeanFactoryAdvisorRetrievalHelper.java:92)
	at org.springframework.aop.framework.autoproxy.AbstractAdvisorAutoProxyCreator.findCandidateAdvisors(AbstractAdvisorAutoProxyCreator.java:101)
	at org.springframework.aop.aspectj.autoproxy.AspectJAwareAdvisorAutoProxyCreator.shouldSkip(AspectJAwareAdvisorAutoProxyCreator.java:103)
	at org.springframework.aop.framework.autoproxy.AbstractAutoProxyCreator.postProcessBeforeInstantiation(AbstractAutoProxyCreator.java:243)
	at org.springframework.beans.factory.support.AbstractAutowireCapableBeanFactory.applyBeanPostProcessorsBeforeInstantiation(AbstractAutowireCapableBeanFactory.java:984)
	at org.springframework.beans.factory.support.AbstractAutowireCapableBeanFactory.resolveBeforeInstantiation(AbstractAutowireCapableBeanFactory.java:955)
	at org.springframework.beans.factory.support.AbstractAutowireCapableBeanFactory.createBean(AbstractAutowireCapableBeanFactory.java:466)
	... 44 more
Caused by: org.springframework.beans.factory.BeanCreationException: Error creating bean with name &apos;securityManager&apos; defined in class path resource [applicationContext.xml]: Cannot resolve reference to bean &apos;myRealm&apos; while setting bean property &apos;realm&apos;; nested exception is org.springframework.beans.factory.BeanCreationException: Error creating bean with name &apos;myRealm&apos;: Injection of autowired dependencies failed; nested exception is org.springframework.beans.factory.BeanCreationException: Could not autowire field: private party.pjc.blog.service.UserService party.pjc.blog.realm.MyRealm.userService; nested exception is java.lang.NoClassDefFoundError: javax/servlet/ServletContext
	at org.springframework.beans.factory.support.BeanDefinitionValueResolver.resolveReference(BeanDefinitionValueResolver.java:359)
	at org.springframework.beans.factory.support.BeanDefinitionValueResolver.resolveValueIfNecessary(BeanDefinitionValueResolver.java:108)
	at org.springframework.beans.factory.support.AbstractAutowireCapableBeanFactory.applyPropertyValues(AbstractAutowireCapableBeanFactory.java:1477)
	at org.springframework.beans.factory.support.AbstractAutowireCapableBeanFactory.populateBean(AbstractAutowireCapableBeanFactory.java:1222)
	at org.springframework.beans.factory.support.AbstractAutowireCapableBeanFactory.doCreateBean(AbstractAutowireCapableBeanFactory.java:537)
	at org.springframework.beans.factory.support.AbstractAutowireCapableBeanFactory.createBean(AbstractAutowireCapableBeanFactory.java:476)
	at org.springframework.beans.factory.support.AbstractBeanFactory$1.getObject(AbstractBeanFactory.java:303)
	at org.springframework.beans.factory.support.DefaultSingletonBeanRegistry.getSingleton(DefaultSingletonBeanRegistry.java:230)
	at org.springframework.beans.factory.support.AbstractBeanFactory.doGetBean(AbstractBeanFactory.java:299)
	at org.springframework.beans.factory.support.AbstractBeanFactory.getBean(AbstractBeanFactory.java:194)
	at org.springframework.beans.factory.support.BeanDefinitionValueResolver.resolveReference(BeanDefinitionValueResolver.java:351)
	... 60 more
Caused by: org.springframework.beans.factory.BeanCreationException: Error creating bean with name &apos;myRealm&apos;: Injection of autowired dependencies failed; nested exception is org.springframework.beans.factory.BeanCreationException: Could not autowire field: private party.pjc.blog.service.UserService party.pjc.blog.realm.MyRealm.userService; nested exception is java.lang.NoClassDefFoundError: javax/servlet/ServletContext
	at org.springframework.beans.factory.annotation.AutowiredAnnotationBeanPostProcessor.postProcessPropertyValues(AutowiredAnnotationBeanPostProcessor.java:334)
	at org.springframework.beans.factory.support.AbstractAutowireCapableBeanFactory.populateBean(AbstractAutowireCapableBeanFactory.java:1210)
	at org.springframework.beans.factory.support.AbstractAutowireCapableBeanFactory.doCreateBean(AbstractAutowireCapableBeanFactory.java:537)
	at org.springframework.beans.factory.support.AbstractAutowireCapableBeanFactory.createBean(AbstractAutowireCapableBeanFactory.java:476)
	at org.springframework.beans.factory.support.AbstractBeanFactory$1.getObject(AbstractBeanFactory.java:303)
	at org.springframework.beans.factory.support.DefaultSingletonBeanRegistry.getSingleton(DefaultSingletonBeanRegistry.java:230)
	at org.springframework.beans.factory.support.AbstractBeanFactory.doGetBean(AbstractBeanFactory.java:299)
	at org.springframework.beans.factory.support.AbstractBeanFactory.getBean(AbstractBeanFactory.java:194)
	at org.springframework.beans.factory.support.BeanDefinitionValueResolver.resolveReference(BeanDefinitionValueResolver.java:351)
	... 70 more
Caused by: org.springframework.beans.factory.BeanCreationException: Could not autowire field: private party.pjc.blog.service.UserService party.pjc.blog.realm.MyRealm.userService; nested exception is java.lang.NoClassDefFoundError: javax/servlet/ServletContext
	at org.springframework.beans.factory.annotation.AutowiredAnnotationBeanPostProcessor$AutowiredFieldElement.inject(AutowiredAnnotationBeanPostProcessor.java:561)
	at org.springframework.beans.factory.annotation.InjectionMetadata.inject(InjectionMetadata.java:88)
	at org.springframework.beans.factory.annotation.AutowiredAnnotationBeanPostProcessor.postProcessPropertyValues(AutowiredAnnotationBeanPostProcessor.java:331)
	... 78 more
Caused by: java.lang.NoClassDefFoundError: javax/servlet/ServletContext
	at java.lang.Class.getDeclaredMethods0(Native Method)
	at java.lang.Class.privateGetDeclaredMethods(Class.java:2701)
	at java.lang.Class.getDeclaredMethods(Class.java:1975)
	at org.springframework.util.ReflectionUtils.getDeclaredMethods(ReflectionUtils.java:572)
	at org.springframework.util.ReflectionUtils.doWithMethods(ReflectionUtils.java:489)
	at org.springframework.util.ReflectionUtils.doWithMethods(ReflectionUtils.java:475)
	at org.springframework.beans.factory.annotation.AutowiredAnnotationBeanPostProcessor.determineCandidateConstructors(AutowiredAnnotationBeanPostProcessor.java:241)
	at org.springframework.beans.factory.support.AbstractAutowireCapableBeanFactory.determineConstructorsFromBeanPostProcessors(AbstractAutowireCapableBeanFactory.java:1065)
	at org.springframework.beans.factory.support.AbstractAutowireCapableBeanFactory.createBeanInstance(AbstractAutowireCapableBeanFactory.java:1038)
	at org.springframework.beans.factory.support.AbstractAutowireCapableBeanFactory.getSingletonFactoryBeanForTypeCheck(AbstractAutowireCapableBeanFactory.java:860)
	at org.springframework.beans.factory.support.AbstractAutowireCapableBeanFactory.getTypeForFactoryBean(AbstractAutowireCapableBeanFactory.java:790)
	at org.springframework.beans.factory.support.AbstractBeanFactory.isTypeMatch(AbstractBeanFactory.java:542)
	at org.springframework.beans.factory.support.DefaultListableBeanFactory.doGetBeanNamesForType(DefaultListableBeanFactory.java:436)
	at org.springframework.beans.factory.support.DefaultListableBeanFactory.getBeanNamesForType(DefaultListableBeanFactory.java:404)
	at org.springframework.beans.factory.BeanFactoryUtils.beanNamesForTypeIncludingAncestors(BeanFactoryUtils.java:186)
	at org.springframework.beans.factory.support.DefaultListableBeanFactory.findAutowireCandidates(DefaultListableBeanFactory.java:1105)
	at org.springframework.beans.factory.support.DefaultListableBeanFactory.doResolveDependency(DefaultListableBeanFactory.java:1044)
	at org.springframework.beans.factory.support.DefaultListableBeanFactory.resolveDependency(DefaultListableBeanFactory.java:942)
	at org.springframework.beans.factory.annotation.AutowiredAnnotationBeanPostProcessor$AutowiredFieldElement.inject(AutowiredAnnotationBeanPostProcessor.java:533)
	... 80 more
Caused by: java.lang.ClassNotFoundException: javax.servlet.ServletContext
	at java.net.URLClassLoader.findClass(URLClassLoader.java:381)
	at java.lang.ClassLoader.loadClass(ClassLoader.java:424)
	at sun.misc.Launcher$AppClassLoader.loadClass(Launcher.java:335)
	at java.lang.ClassLoader.loadClass(ClassLoader.java:357)
	... 99 more
</error>
    <system-out>[DEBUG] 2017-05-22 02:54:36,064 method:org.springframework.test.context.support.DirtiesContextTestExecutionListener.afterTestClass(DirtiesContextTestExecutionListener.java:118)
After test class: context [DefaultTestContext@6175619b testClass = PostServiceTest, testInstance = [null], testMethod = [null], testException = [null], mergedContextConfiguration = [MergedContextConfiguration@756cf158 testClass = PostServiceTest, locations = &apos;{classpath:applicationContext.xml, classpath:spring-mvc.xml, classpath:spring-redis.xml}&apos;, classes = &apos;{}&apos;, contextInitializerClasses = &apos;[]&apos;, activeProfiles = &apos;{}&apos;, propertySourceLocations = &apos;{}&apos;, propertySourceProperties = &apos;{}&apos;, contextLoader = &apos;org.springframework.test.context.support.DelegatingSmartContextLoader&apos;, parent = [null]]], dirtiesContext [false].
[DEBUG] 2017-05-22 02:54:36,065 method:org.springframework.test.context.junit4.SpringJUnit4ClassRunner.&lt;init&gt;(SpringJUnit4ClassRunner.java:113)
SpringJUnit4ClassRunner constructor called with [class party.pjc.blog.service.impl.TagServiceImplTest].
[DEBUG] 2017-05-22 02:54:36,065 method:org.springframework.test.context.BootstrapUtils.resolveTestContextBootstrapper(BootstrapUtils.java:78)
Instantiating TestContextBootstrapper from class [org.springframework.test.context.support.DefaultTestContextBootstrapper]
[DEBUG] 2017-05-22 02:54:36,066 method:org.springframework.test.context.support.AbstractDelegatingSmartContextLoader.delegateProcessing(AbstractDelegatingSmartContextLoader.java:97)
Delegating to GenericXmlContextLoader to process context configuration [ContextConfigurationAttributes@2c42b421 declaringClass = &apos;party.pjc.blog.service.impl.TagServiceImplTest&apos;, classes = &apos;{}&apos;, locations = &apos;{classpath:applicationContext.xml, classpath:spring-mvc.xml}&apos;, inheritLocations = true, initializers = &apos;{}&apos;, inheritInitializers = true, name = [null], contextLoaderClass = &apos;org.springframework.test.context.ContextLoader&apos;].
[DEBUG] 2017-05-22 02:54:36,066 method:org.springframework.test.context.support.ActiveProfilesUtils.resolveActiveProfiles(ActiveProfilesUtils.java:83)
Could not find an &apos;annotation declaring class&apos; for annotation type [org.springframework.test.context.ActiveProfiles] and class [party.pjc.blog.service.impl.TagServiceImplTest]
[DEBUG] 2017-05-22 02:54:36,067 method:org.springframework.test.context.support.AbstractTestContextBootstrapper.getTestExecutionListeners(AbstractTestContextBootstrapper.java:113)
@TestExecutionListeners is not present for class [party.pjc.blog.service.impl.TagServiceImplTest]: using defaults.
[INFO ] 2017-05-22 02:54:36,069 method:org.springframework.test.context.support.AbstractTestContextBootstrapper.getDefaultTestExecutionListenerClassNames(AbstractTestContextBootstrapper.java:256)
Loaded default TestExecutionListener class names from location [META-INF/spring.factories]: [org.springframework.test.context.web.ServletTestExecutionListener, org.springframework.test.context.support.DependencyInjectionTestExecutionListener, org.springframework.test.context.support.DirtiesContextTestExecutionListener, org.springframework.test.context.transaction.TransactionalTestExecutionListener, org.springframework.test.context.jdbc.SqlScriptsTestExecutionListener]
[INFO ] 2017-05-22 02:54:36,070 method:org.springframework.test.context.support.AbstractTestContextBootstrapper.instantiateListeners(AbstractTestContextBootstrapper.java:204)
Could not instantiate TestExecutionListener [org.springframework.test.context.web.ServletTestExecutionListener]. Specify custom listener classes or make the default listener classes (and their required dependencies) available. Offending class: [javax/servlet/ServletContext]
[INFO ] 2017-05-22 02:54:36,070 method:org.springframework.test.context.support.AbstractTestContextBootstrapper.getTestExecutionListeners(AbstractTestContextBootstrapper.java:182)
Using TestExecutionListeners: [org.springframework.test.context.support.DependencyInjectionTestExecutionListener@27ead29e, org.springframework.test.context.support.DirtiesContextTestExecutionListener@4c060c8f, org.springframework.test.context.transaction.TransactionalTestExecutionListener@40620d8e, org.springframework.test.context.jdbc.SqlScriptsTestExecutionListener@383f3558]
[DEBUG] 2017-05-22 02:54:36,070 method:org.springframework.test.annotation.ProfileValueUtils.retrieveProfileValueSource(ProfileValueUtils.java:71)
Retrieved @ProfileValueSourceConfiguration [null] for test class [party.pjc.blog.service.impl.TagServiceImplTest]
[DEBUG] 2017-05-22 02:54:36,071 method:org.springframework.test.annotation.ProfileValueUtils.retrieveProfileValueSource(ProfileValueUtils.java:83)
Retrieved ProfileValueSource type [class org.springframework.test.annotation.SystemProfileValueSource] for class [party.pjc.blog.service.impl.TagServiceImplTest]
[DEBUG] 2017-05-22 02:54:36,071 method:org.springframework.test.annotation.ProfileValueUtils.retrieveProfileValueSource(ProfileValueUtils.java:71)
Retrieved @ProfileValueSourceConfiguration [null] for test class [party.pjc.blog.service.impl.TagServiceImplTest]
[DEBUG] 2017-05-22 02:54:36,071 method:org.springframework.test.annotation.ProfileValueUtils.retrieveProfileValueSource(ProfileValueUtils.java:83)
Retrieved ProfileValueSource type [class org.springframework.test.annotation.SystemProfileValueSource] for class [party.pjc.blog.service.impl.TagServiceImplTest]
[DEBUG] 2017-05-22 02:54:36,071 method:org.springframework.test.annotation.ProfileValueUtils.retrieveProfileValueSource(ProfileValueUtils.java:71)
Retrieved @ProfileValueSourceConfiguration [null] for test class [party.pjc.blog.service.impl.TagServiceImplTest]
[DEBUG] 2017-05-22 02:54:36,072 method:org.springframework.test.annotation.ProfileValueUtils.retrieveProfileValueSource(ProfileValueUtils.java:83)
Retrieved ProfileValueSource type [class org.springframework.test.annotation.SystemProfileValueSource] for class [party.pjc.blog.service.impl.TagServiceImplTest]
[DEBUG] 2017-05-22 02:54:36,072 method:org.springframework.test.context.support.DependencyInjectionTestExecutionListener.prepareTestInstance(DependencyInjectionTestExecutionListener.java:81)
Performing dependency injection for test context [[DefaultTestContext@49b07ee3 testClass = TagServiceImplTest, testInstance = party.pjc.blog.service.impl.TagServiceImplTest@352e612e, testMethod = [null], testException = [null], mergedContextConfiguration = [MergedContextConfiguration@65f00478 testClass = TagServiceImplTest, locations = &apos;{classpath:applicationContext.xml, classpath:spring-mvc.xml}&apos;, classes = &apos;{}&apos;, contextInitializerClasses = &apos;[]&apos;, activeProfiles = &apos;{}&apos;, propertySourceLocations = &apos;{}&apos;, propertySourceProperties = &apos;{}&apos;, contextLoader = &apos;org.springframework.test.context.support.DelegatingSmartContextLoader&apos;, parent = [null]]]].
[DEBUG] 2017-05-22 02:54:36,072 method:org.springframework.test.context.support.AbstractDelegatingSmartContextLoader.delegateLoading(AbstractDelegatingSmartContextLoader.java:107)
Delegating to GenericXmlContextLoader to load context from [MergedContextConfiguration@65f00478 testClass = TagServiceImplTest, locations = &apos;{classpath:applicationContext.xml, classpath:spring-mvc.xml}&apos;, classes = &apos;{}&apos;, contextInitializerClasses = &apos;[]&apos;, activeProfiles = &apos;{}&apos;, propertySourceLocations = &apos;{}&apos;, propertySourceProperties = &apos;{}&apos;, contextLoader = &apos;org.springframework.test.context.support.DelegatingSmartContextLoader&apos;, parent = [null]].
[DEBUG] 2017-05-22 02:54:36,073 method:org.springframework.test.context.support.AbstractGenericContextLoader.loadContext(AbstractGenericContextLoader.java:107)
Loading ApplicationContext for merged context configuration [[MergedContextConfiguration@65f00478 testClass = TagServiceImplTest, locations = &apos;{classpath:applicationContext.xml, classpath:spring-mvc.xml}&apos;, classes = &apos;{}&apos;, contextInitializerClasses = &apos;[]&apos;, activeProfiles = &apos;{}&apos;, propertySourceLocations = &apos;{}&apos;, propertySourceProperties = &apos;{}&apos;, contextLoader = &apos;org.springframework.test.context.support.DelegatingSmartContextLoader&apos;, parent = [null]]].
[DEBUG] 2017-05-22 02:54:36,073 method:org.springframework.core.env.MutablePropertySources.addLast(MutablePropertySources.java:109)
Adding [systemProperties] PropertySource with lowest search precedence
[DEBUG] 2017-05-22 02:54:36,073 method:org.springframework.core.env.MutablePropertySources.addLast(MutablePropertySources.java:109)
Adding [systemEnvironment] PropertySource with lowest search precedence
[DEBUG] 2017-05-22 02:54:36,074 method:org.springframework.core.env.AbstractEnvironment.&lt;init&gt;(AbstractEnvironment.java:126)
Initialized StandardEnvironment with PropertySources [systemProperties,systemEnvironment]
[INFO ] 2017-05-22 02:54:36,074 method:org.springframework.beans.factory.xml.XmlBeanDefinitionReader.loadBeanDefinitions(XmlBeanDefinitionReader.java:317)
Loading XML bean definitions from class path resource [applicationContext.xml]
[DEBUG] 2017-05-22 02:54:36,075 method:org.springframework.beans.factory.xml.DefaultDocumentLoader.loadDocument(DefaultDocumentLoader.java:73)
Using JAXP provider [com.sun.org.apache.xerces.internal.jaxp.DocumentBuilderFactoryImpl]
[DEBUG] 2017-05-22 02:54:36,076 method:org.springframework.beans.factory.xml.PluggableSchemaResolver.getSchemaMappings(PluggableSchemaResolver.java:141)
Loading schema mappings from [META-INF/spring.schemas]
[DEBUG] 2017-05-22 02:54:36,082 method:org.springframework.beans.factory.xml.PluggableSchemaResolver.getSchemaMappings(PluggableSchemaResolver.java:147)
Loaded schema mappings: {http://www.springframework.org/schema/tx/spring-tx-2.5.xsd=org/springframework/transaction/config/spring-tx-2.5.xsd, http://www.springframework.org/schema/aop/spring-aop-4.1.xsd=org/springframework/aop/config/spring-aop-4.1.xsd, http://www.springframework.org/schema/context/spring-context-3.1.xsd=org/springframework/context/config/spring-context-3.1.xsd, http://www.springframework.org/schema/jdbc/spring-jdbc-4.1.xsd=org/springframework/jdbc/config/spring-jdbc-4.1.xsd, http://www.springframework.org/schema/util/spring-util-3.0.xsd=org/springframework/beans/factory/xml/spring-util-3.0.xsd, http://www.springframework.org/schema/mvc/spring-mvc-4.1.xsd=org/springframework/web/servlet/config/spring-mvc-4.1.xsd, http://mybatis.org/schema/mybatis-spring-1.2.xsd=org/mybatis/spring/config/mybatis-spring-1.2.xsd, http://www.springframework.org/schema/aop/spring-aop-3.2.xsd=org/springframework/aop/config/spring-aop-3.2.xsd, http://www.springframework.org/schema/tool/spring-tool.xsd=org/springframework/beans/factory/xml/spring-tool-4.1.xsd, http://www.springframework.org/schema/lang/spring-lang-4.1.xsd=org/springframework/scripting/config/spring-lang-4.1.xsd, http://www.springframework.org/schema/context/spring-context-4.0.xsd=org/springframework/context/config/spring-context-4.0.xsd, http://www.springframework.org/schema/mvc/spring-mvc-3.2.xsd=org/springframework/web/servlet/config/spring-mvc-3.2.xsd, http://www.springframework.org/schema/tool/spring-tool-4.1.xsd=org/springframework/beans/factory/xml/spring-tool-4.1.xsd, http://www.springframework.org/schema/lang/spring-lang-3.2.xsd=org/springframework/scripting/config/spring-lang-3.2.xsd, http://www.springframework.org/schema/cache/spring-cache-3.2.xsd=org/springframework/cache/config/spring-cache-3.2.xsd, http://www.springframework.org/schema/jee/spring-jee-4.1.xsd=org/springframework/ejb/config/spring-jee-4.1.xsd, http://www.springframework.org/schema/jdbc/spring-jdbc-3.1.xsd=org/springframework/jdbc/config/spring-jdbc-3.1.xsd, http://www.springframework.org/schema/util/spring-util-2.0.xsd=org/springframework/beans/factory/xml/spring-util-2.0.xsd, http://www.springframework.org/schema/tool/spring-tool-3.2.xsd=org/springframework/beans/factory/xml/spring-tool-3.2.xsd, http://www.springframework.org/schema/context/spring-context.xsd=org/springframework/context/config/spring-context-4.1.xsd, http://www.springframework.org/schema/cache/spring-cache-4.1.xsd=org/springframework/cache/config/spring-cache-4.1.xsd, http://www.springframework.org/schema/aop/spring-aop-4.0.xsd=org/springframework/aop/config/spring-aop-4.0.xsd, http://www.springframework.org/schema/jee/spring-jee-3.2.xsd=org/springframework/ejb/config/spring-jee-3.2.xsd, http://www.springframework.org/schema/context/spring-context-3.0.xsd=org/springframework/context/config/spring-context-3.0.xsd, http://www.springframework.org/schema/jdbc/spring-jdbc-4.0.xsd=org/springframework/jdbc/config/spring-jdbc-4.0.xsd, http://www.springframework.org/schema/util/spring-util-2.5.xsd=org/springframework/beans/factory/xml/spring-util-2.5.xsd, http://www.springframework.org/schema/mvc/spring-mvc-4.0.xsd=org/springframework/web/servlet/config/spring-mvc-4.0.xsd, http://www.springframework.org/schema/beans/spring-beans-3.2.xsd=org/springframework/beans/factory/xml/spring-beans-3.2.xsd, http://www.springframework.org/schema/aop/spring-aop-3.1.xsd=org/springframework/aop/config/spring-aop-3.1.xsd, http://www.springframework.org/schema/lang/spring-lang-4.0.xsd=org/springframework/scripting/config/spring-lang-4.0.xsd, http://www.springframework.org/schema/mvc/spring-mvc.xsd=org/springframework/web/servlet/config/spring-mvc-4.1.xsd, http://www.springframework.org/schema/mvc/spring-mvc-3.1.xsd=org/springframework/web/servlet/config/spring-mvc-3.1.xsd, http://www.springframework.org/schema/beans/spring-beans-4.1.xsd=org/springframework/beans/factory/xml/spring-beans-4.1.xsd, http://www.springframework.org/schema/tool/spring-tool-4.0.xsd=org/springframework/beans/factory/xml/spring-tool-4.0.xsd, http://www.springframework.org/schema/lang/spring-lang-3.1.xsd=org/springframework/scripting/config/spring-lang-3.1.xsd, http://www.springframework.org/schema/tx/spring-tx-3.2.xsd=org/springframework/transaction/config/spring-tx-3.2.xsd, http://www.springframework.org/schema/cache/spring-cache-3.1.xsd=org/springframework/cache/config/spring-cache-3.1.xsd, http://www.springframework.org/schema/jee/spring-jee-4.0.xsd=org/springframework/ejb/config/spring-jee-4.0.xsd, http://www.springframework.org/schema/jdbc/spring-jdbc-3.0.xsd=org/springframework/jdbc/config/spring-jdbc-3.0.xsd, http://www.springframework.org/schema/task/spring-task-4.1.xsd=org/springframework/scheduling/config/spring-task-4.1.xsd, http://www.springframework.org/schema/jdbc/spring-jdbc.xsd=org/springframework/jdbc/config/spring-jdbc-4.1.xsd, http://www.springframework.org/schema/tool/spring-tool-3.1.xsd=org/springframework/beans/factory/xml/spring-tool-3.1.xsd, http://www.springframework.org/schema/tx/spring-tx-4.1.xsd=org/springframework/transaction/config/spring-tx-4.1.xsd, http://www.springframework.org/schema/cache/spring-cache-4.0.xsd=org/springframework/cache/config/spring-cache-4.0.xsd, http://www.springframework.org/schema/jee/spring-jee-3.1.xsd=org/springframework/ejb/config/spring-jee-3.1.xsd, http://www.springframework.org/schema/task/spring-task-3.2.xsd=org/springframework/scheduling/config/spring-task-3.2.xsd, http://www.springframework.org/schema/beans/spring-beans-3.1.xsd=org/springframework/beans/factory/xml/spring-beans-3.1.xsd, http://www.springframework.org/schema/util/spring-util.xsd=org/springframework/beans/factory/xml/spring-util-4.1.xsd, http://www.springframework.org/schema/aop/spring-aop-3.0.xsd=org/springframework/aop/config/spring-aop-3.0.xsd, http://www.springframework.org/schema/mvc/spring-mvc-3.0.xsd=org/springframework/web/servlet/config/spring-mvc-3.0.xsd, http://www.springframework.org/schema/beans/spring-beans-4.0.xsd=org/springframework/beans/factory/xml/spring-beans-4.0.xsd, http://www.springframework.org/schema/beans/spring-beans.xsd=org/springframework/beans/factory/xml/spring-beans-4.1.xsd, http://mybatis.org/schema/mybatis-spring.xsd=org/mybatis/spring/config/mybatis-spring-1.2.xsd, http://www.springframework.org/schema/lang/spring-lang-3.0.xsd=org/springframework/scripting/config/spring-lang-3.0.xsd, http://www.springframework.org/schema/tx/spring-tx-3.1.xsd=org/springframework/transaction/config/spring-tx-3.1.xsd, http://www.springframework.org/schema/context/spring-context-2.5.xsd=org/springframework/context/config/spring-context-2.5.xsd, http://www.springframework.org/schema/task/spring-task-4.0.xsd=org/springframework/scheduling/config/spring-task-4.0.xsd, http://www.springframework.org/schema/tool/spring-tool-3.0.xsd=org/springframework/beans/factory/xml/spring-tool-3.0.xsd, http://www.springframework.org/schema/tx/spring-tx-4.0.xsd=org/springframework/transaction/config/spring-tx-4.0.xsd, http://www.springframework.org/schema/aop/spring-aop-2.0.xsd=org/springframework/aop/config/spring-aop-2.0.xsd, http://www.springframework.org/schema/jee/spring-jee-3.0.xsd=org/springframework/ejb/config/spring-jee-3.0.xsd, http://www.springframework.org/schema/util/spring-util-4.1.xsd=org/springframework/beans/factory/xml/spring-util-4.1.xsd, http://www.springframework.org/schema/task/spring-task-3.1.xsd=org/springframework/scheduling/config/spring-task-3.1.xsd, http://www.springframework.org/schema/beans/spring-beans-3.0.xsd=org/springframework/beans/factory/xml/spring-beans-3.0.xsd, http://www.springframework.org/schema/jee/spring-jee.xsd=org/springframework/ejb/config/spring-jee-4.1.xsd, http://www.springframework.org/schema/aop/spring-aop-2.5.xsd=org/springframework/aop/config/spring-aop-2.5.xsd, http://www.springframework.org/schema/lang/spring-lang-2.0.xsd=org/springframework/scripting/config/spring-lang-2.0.xsd, http://www.springframework.org/schema/util/spring-util-3.2.xsd=org/springframework/beans/factory/xml/spring-util-3.2.xsd, http://www.springframework.org/schema/task/spring-task.xsd=org/springframework/scheduling/config/spring-task-4.1.xsd, http://www.springframework.org/schema/tool/spring-tool-2.0.xsd=org/springframework/beans/factory/xml/spring-tool-2.0.xsd, http://www.springframework.org/schema/tx/spring-tx-3.0.xsd=org/springframework/transaction/config/spring-tx-3.0.xsd, http://www.springframework.org/schema/lang/spring-lang-2.5.xsd=org/springframework/scripting/config/spring-lang-2.5.xsd, http://www.springframework.org/schema/jee/spring-jee-2.0.xsd=org/springframework/ejb/config/spring-jee-2.0.xsd, http://www.springframework.org/schema/tool/spring-tool-2.5.xsd=org/springframework/beans/factory/xml/spring-tool-2.5.xsd, http://www.springframework.org/schema/jee/spring-jee-2.5.xsd=org/springframework/ejb/config/spring-jee-2.5.xsd, http://www.springframework.org/schema/util/spring-util-4.0.xsd=org/springframework/beans/factory/xml/spring-util-4.0.xsd, http://www.springframework.org/schema/task/spring-task-3.0.xsd=org/springframework/scheduling/config/spring-task-3.0.xsd, http://www.springframework.org/schema/lang/spring-lang.xsd=org/springframework/scripting/config/spring-lang-4.1.xsd, http://www.springframework.org/schema/context/spring-context-3.2.xsd=org/springframework/context/config/spring-context-3.2.xsd, http://www.springframework.org/schema/util/spring-util-3.1.xsd=org/springframework/beans/factory/xml/spring-util-3.1.xsd, http://www.springframework.org/schema/beans/spring-beans-2.0.xsd=org/springframework/beans/factory/xml/spring-beans-2.0.xsd, http://www.springframework.org/schema/cache/spring-cache.xsd=org/springframework/cache/config/spring-cache-4.1.xsd, http://www.springframework.org/schema/tx/spring-tx.xsd=org/springframework/transaction/config/spring-tx-4.1.xsd, http://www.springframework.org/schema/context/spring-context-4.1.xsd=org/springframework/context/config/spring-context-4.1.xsd, http://www.springframework.org/schema/beans/spring-beans-2.5.xsd=org/springframework/beans/factory/xml/spring-beans-2.5.xsd, http://www.springframework.org/schema/tx/spring-tx-2.0.xsd=org/springframework/transaction/config/spring-tx-2.0.xsd, http://www.springframework.org/schema/jdbc/spring-jdbc-3.2.xsd=org/springframework/jdbc/config/spring-jdbc-3.2.xsd, http://www.springframework.org/schema/aop/spring-aop.xsd=org/springframework/aop/config/spring-aop-4.1.xsd}
[DEBUG] 2017-05-22 02:54:36,083 method:org.springframework.beans.factory.xml.PluggableSchemaResolver.resolveEntity(PluggableSchemaResolver.java:119)
Found XML schema [http://www.springframework.org/schema/beans/spring-beans-4.0.xsd] in classpath: org/springframework/beans/factory/xml/spring-beans-4.0.xsd
[DEBUG] 2017-05-22 02:54:36,088 method:org.springframework.beans.factory.xml.PluggableSchemaResolver.resolveEntity(PluggableSchemaResolver.java:119)
Found XML schema [http://www.springframework.org/schema/context/spring-context-4.0.xsd] in classpath: org/springframework/context/config/spring-context-4.0.xsd
[DEBUG] 2017-05-22 02:54:36,090 method:org.springframework.beans.factory.xml.PluggableSchemaResolver.resolveEntity(PluggableSchemaResolver.java:119)
Found XML schema [http://www.springframework.org/schema/tool/spring-tool-4.0.xsd] in classpath: org/springframework/beans/factory/xml/spring-tool-4.0.xsd
[DEBUG] 2017-05-22 02:54:36,094 method:org.springframework.beans.factory.xml.PluggableSchemaResolver.resolveEntity(PluggableSchemaResolver.java:119)
Found XML schema [http://www.springframework.org/schema/tx/spring-tx-4.0.xsd] in classpath: org/springframework/transaction/config/spring-tx-4.0.xsd
[DEBUG] 2017-05-22 02:54:36,096 method:org.springframework.beans.factory.xml.PluggableSchemaResolver.resolveEntity(PluggableSchemaResolver.java:119)
Found XML schema [http://www.springframework.org/schema/aop/spring-aop-4.0.xsd] in classpath: org/springframework/aop/config/spring-aop-4.0.xsd
[DEBUG] 2017-05-22 02:54:36,098 method:org.springframework.beans.factory.xml.DefaultBeanDefinitionDocumentReader.registerBeanDefinitions(DefaultBeanDefinitionDocumentReader.java:98)
Loading bean definitions
[DEBUG] 2017-05-22 02:54:36,102 method:org.springframework.beans.factory.xml.DefaultNamespaceHandlerResolver.getHandlerMappings(DefaultNamespaceHandlerResolver.java:157)
Loaded NamespaceHandler mappings: {http://www.springframework.org/schema/p=org.springframework.beans.factory.xml.SimplePropertyNamespaceHandler, http://www.springframework.org/schema/mvc=org.springframework.web.servlet.config.MvcNamespaceHandler, http://www.springframework.org/schema/util=org.springframework.beans.factory.xml.UtilNamespaceHandler, http://www.springframework.org/schema/jee=org.springframework.ejb.config.JeeNamespaceHandler, http://www.springframework.org/schema/aop=org.springframework.aop.config.AopNamespaceHandler, http://www.springframework.org/schema/jdbc=org.springframework.jdbc.config.JdbcNamespaceHandler, http://www.springframework.org/schema/cache=org.springframework.cache.config.CacheNamespaceHandler, http://mybatis.org/schema/mybatis-spring=org.mybatis.spring.config.NamespaceHandler, http://www.springframework.org/schema/c=org.springframework.beans.factory.xml.SimpleConstructorNamespaceHandler, http://www.springframework.org/schema/tx=org.springframework.transaction.config.TxNamespaceHandler, http://www.springframework.org/schema/task=org.springframework.scheduling.config.TaskNamespaceHandler, http://www.springframework.org/schema/lang=org.springframework.scripting.config.LangNamespaceHandler, http://www.springframework.org/schema/context=org.springframework.context.config.ContextNamespaceHandler}
[DEBUG] 2017-05-22 02:54:36,104 method:org.springframework.core.io.support.PathMatchingResourcePatternResolver.doFindMatchingFileSystemResources(PathMatchingResourcePatternResolver.java:631)
Looking for matching resources in directory tree [D:\MyWork\workspace\LvcBlog\target\test-classes\party\pjc\blog\service]
[DEBUG] 2017-05-22 02:54:36,105 method:org.springframework.core.io.support.PathMatchingResourcePatternResolver.doRetrieveMatchingFiles(PathMatchingResourcePatternResolver.java:693)
Searching directory [D:\MyWork\workspace\LvcBlog\target\test-classes\party\pjc\blog\service] for files matching pattern [D:/MyWork/workspace/LvcBlog/target/test-classes/party/pjc/blog/service/**/*.class]
[DEBUG] 2017-05-22 02:54:36,110 method:org.springframework.core.io.support.PathMatchingResourcePatternResolver.doRetrieveMatchingFiles(PathMatchingResourcePatternResolver.java:693)
Searching directory [D:\MyWork\workspace\LvcBlog\target\test-classes\party\pjc\blog\service\impl] for files matching pattern [D:/MyWork/workspace/LvcBlog/target/test-classes/party/pjc/blog/service/**/*.class]
[DEBUG] 2017-05-22 02:54:36,128 method:org.springframework.core.io.support.PathMatchingResourcePatternResolver.doFindMatchingFileSystemResources(PathMatchingResourcePatternResolver.java:631)
Looking for matching resources in directory tree [D:\MyWork\workspace\LvcBlog\target\classes\party\pjc\blog\service]
[DEBUG] 2017-05-22 02:54:36,129 method:org.springframework.core.io.support.PathMatchingResourcePatternResolver.doRetrieveMatchingFiles(PathMatchingResourcePatternResolver.java:693)
Searching directory [D:\MyWork\workspace\LvcBlog\target\classes\party\pjc\blog\service] for files matching pattern [D:/MyWork/workspace/LvcBlog/target/classes/party/pjc/blog/service/**/*.class]
[DEBUG] 2017-05-22 02:54:36,129 method:org.springframework.core.io.support.PathMatchingResourcePatternResolver.doRetrieveMatchingFiles(PathMatchingResourcePatternResolver.java:693)
Searching directory [D:\MyWork\workspace\LvcBlog\target\classes\party\pjc\blog\service\impl] for files matching pattern [D:/MyWork/workspace/LvcBlog/target/classes/party/pjc/blog/service/**/*.class]
[DEBUG] 2017-05-22 02:54:36,130 method:org.springframework.core.io.support.PathMatchingResourcePatternResolver.findPathMatchingResources(PathMatchingResourcePatternResolver.java:424)
Resolved location pattern [classpath*:party/pjc/blog/service/**/*.class] to resources [file [D:\MyWork\workspace\LvcBlog\target\test-classes\party\pjc\blog\service\impl\CategoriseServiceImplTest.class], file [D:\MyWork\workspace\LvcBlog\target\test-classes\party\pjc\blog\service\impl\CommentServiceImplTest.class], file [D:\MyWork\workspace\LvcBlog\target\test-classes\party\pjc\blog\service\impl\LinkServiceImplTest.class], file [D:\MyWork\workspace\LvcBlog\target\test-classes\party\pjc\blog\service\impl\PostServiceTest.class], file [D:\MyWork\workspace\LvcBlog\target\test-classes\party\pjc\blog\service\impl\TagServiceImplTest.class], file [D:\MyWork\workspace\LvcBlog\target\test-classes\party\pjc\blog\service\impl\UserServiceImplTest.class], file [D:\MyWork\workspace\LvcBlog\target\classes\party\pjc\blog\service\CategoriesService.class], file [D:\MyWork\workspace\LvcBlog\target\classes\party\pjc\blog\service\CommentService.class], file [D:\MyWork\workspace\LvcBlog\target\classes\party\pjc\blog\service\impl\CategoriesServiceImpl.class], file [D:\MyWork\workspace\LvcBlog\target\classes\party\pjc\blog\service\impl\CommentServiceImpl.class], file [D:\MyWork\workspace\LvcBlog\target\classes\party\pjc\blog\service\impl\LinkServiceImpl.class], file [D:\MyWork\workspace\LvcBlog\target\classes\party\pjc\blog\service\impl\PostServiceImpl.class], file [D:\MyWork\workspace\LvcBlog\target\classes\party\pjc\blog\service\impl\TagsServiceImpl.class], file [D:\MyWork\workspace\LvcBlog\target\classes\party\pjc\blog\service\impl\UserServiceImpl.class], file [D:\MyWork\workspace\LvcBlog\target\classes\party\pjc\blog\service\LinkService.class], file [D:\MyWork\workspace\LvcBlog\target\classes\party\pjc\blog\service\PostService.class], file [D:\MyWork\workspace\LvcBlog\target\classes\party\pjc\blog\service\TagsService.class], file [D:\MyWork\workspace\LvcBlog\target\classes\party\pjc\blog\service\UserService.class]]
[DEBUG] 2017-05-22 02:54:36,135 method:org.springframework.context.annotation.ClassPathScanningCandidateComponentProvider.findCandidateComponents(ClassPathScanningCandidateComponentProvider.java:286)
Identified candidate component class: file [D:\MyWork\workspace\LvcBlog\target\classes\party\pjc\blog\service\impl\CategoriesServiceImpl.class]
[DEBUG] 2017-05-22 02:54:36,136 method:org.springframework.context.annotation.ClassPathScanningCandidateComponentProvider.findCandidateComponents(ClassPathScanningCandidateComponentProvider.java:286)
Identified candidate component class: file [D:\MyWork\workspace\LvcBlog\target\classes\party\pjc\blog\service\impl\CommentServiceImpl.class]
[DEBUG] 2017-05-22 02:54:36,136 method:org.springframework.context.annotation.ClassPathScanningCandidateComponentProvider.findCandidateComponents(ClassPathScanningCandidateComponentProvider.java:286)
Identified candidate component class: file [D:\MyWork\workspace\LvcBlog\target\classes\party\pjc\blog\service\impl\LinkServiceImpl.class]
[DEBUG] 2017-05-22 02:54:36,137 method:org.springframework.context.annotation.ClassPathScanningCandidateComponentProvider.findCandidateComponents(ClassPathScanningCandidateComponentProvider.java:286)
Identified candidate component class: file [D:\MyWork\workspace\LvcBlog\target\classes\party\pjc\blog\service\impl\PostServiceImpl.class]
[DEBUG] 2017-05-22 02:54:36,138 method:org.springframework.context.annotation.ClassPathScanningCandidateComponentProvider.findCandidateComponents(ClassPathScanningCandidateComponentProvider.java:286)
Identified candidate component class: file [D:\MyWork\workspace\LvcBlog\target\classes\party\pjc\blog\service\impl\TagsServiceImpl.class]
[DEBUG] 2017-05-22 02:54:36,139 method:org.springframework.context.annotation.ClassPathScanningCandidateComponentProvider.findCandidateComponents(ClassPathScanningCandidateComponentProvider.java:286)
Identified candidate component class: file [D:\MyWork\workspace\LvcBlog\target\classes\party\pjc\blog\service\impl\UserServiceImpl.class]
[DEBUG] 2017-05-22 02:54:36,141 method:org.springframework.beans.factory.xml.BeanDefinitionParserDelegate.parseBeanDefinitionElement(BeanDefinitionParserDelegate.java:495)
Neither XML &apos;id&apos; nor &apos;name&apos; specified - using generated bean name [org.mybatis.spring.mapper.MapperScannerConfigurer#0]
[DEBUG] 2017-05-22 02:54:36,142 method:org.springframework.beans.factory.xml.BeanDefinitionParserDelegate.parseBeanDefinitionElement(BeanDefinitionParserDelegate.java:495)
Neither XML &apos;id&apos; nor &apos;name&apos; specified - using generated bean name [org.springframework.aop.framework.autoproxy.DefaultAdvisorAutoProxyCreator#0]
[DEBUG] 2017-05-22 02:54:36,143 method:org.springframework.beans.factory.xml.BeanDefinitionParserDelegate.parseBeanDefinitionElement(BeanDefinitionParserDelegate.java:495)
Neither XML &apos;id&apos; nor &apos;name&apos; specified - using generated bean name [org.apache.shiro.spring.security.interceptor.AuthorizationAttributeSourceAdvisor#0]
[DEBUG] 2017-05-22 02:54:36,146 method:org.springframework.beans.factory.support.AbstractBeanDefinitionReader.loadBeanDefinitions(AbstractBeanDefinitionReader.java:224)
Loaded 25 bean definitions from location pattern [classpath:applicationContext.xml]
[INFO ] 2017-05-22 02:54:36,146 method:org.springframework.beans.factory.xml.XmlBeanDefinitionReader.loadBeanDefinitions(XmlBeanDefinitionReader.java:317)
Loading XML bean definitions from class path resource [spring-mvc.xml]
[DEBUG] 2017-05-22 02:54:36,147 method:org.springframework.beans.factory.xml.DefaultDocumentLoader.loadDocument(DefaultDocumentLoader.java:73)
Using JAXP provider [com.sun.org.apache.xerces.internal.jaxp.DocumentBuilderFactoryImpl]
[DEBUG] 2017-05-22 02:54:36,149 method:org.springframework.beans.factory.xml.PluggableSchemaResolver.resolveEntity(PluggableSchemaResolver.java:119)
Found XML schema [http://www.springframework.org/schema/beans/spring-beans-4.0.xsd] in classpath: org/springframework/beans/factory/xml/spring-beans-4.0.xsd
[DEBUG] 2017-05-22 02:54:36,154 method:org.springframework.beans.factory.xml.PluggableSchemaResolver.resolveEntity(PluggableSchemaResolver.java:119)
Found XML schema [http://www.springframework.org/schema/context/spring-context-4.0.xsd] in classpath: org/springframework/context/config/spring-context-4.0.xsd
[DEBUG] 2017-05-22 02:54:36,156 method:org.springframework.beans.factory.xml.PluggableSchemaResolver.resolveEntity(PluggableSchemaResolver.java:119)
Found XML schema [http://www.springframework.org/schema/tool/spring-tool-4.0.xsd] in classpath: org/springframework/beans/factory/xml/spring-tool-4.0.xsd
[DEBUG] 2017-05-22 02:54:36,159 method:org.springframework.beans.factory.xml.PluggableSchemaResolver.resolveEntity(PluggableSchemaResolver.java:119)
Found XML schema [http://www.springframework.org/schema/mvc/spring-mvc-4.0.xsd] in classpath: org/springframework/web/servlet/config/spring-mvc-4.0.xsd
[DEBUG] 2017-05-22 02:54:36,161 method:org.springframework.beans.factory.xml.DefaultBeanDefinitionDocumentReader.registerBeanDefinitions(DefaultBeanDefinitionDocumentReader.java:98)
Loading bean definitions
[DEBUG] 2017-05-22 02:54:36,163 method:org.springframework.core.io.support.PathMatchingResourcePatternResolver.doFindMatchingFileSystemResources(PathMatchingResourcePatternResolver.java:631)
Looking for matching resources in directory tree [D:\MyWork\workspace\LvcBlog\target\classes\party\pjc\blog\controller]
[DEBUG] 2017-05-22 02:54:36,164 method:org.springframework.core.io.support.PathMatchingResourcePatternResolver.doRetrieveMatchingFiles(PathMatchingResourcePatternResolver.java:693)
Searching directory [D:\MyWork\workspace\LvcBlog\target\classes\party\pjc\blog\controller] for files matching pattern [D:/MyWork/workspace/LvcBlog/target/classes/party/pjc/blog/controller/**/*.class]
[DEBUG] 2017-05-22 02:54:36,164 method:org.springframework.core.io.support.PathMatchingResourcePatternResolver.doRetrieveMatchingFiles(PathMatchingResourcePatternResolver.java:693)
Searching directory [D:\MyWork\workspace\LvcBlog\target\classes\party\pjc\blog\controller\admin] for files matching pattern [D:/MyWork/workspace/LvcBlog/target/classes/party/pjc/blog/controller/**/*.class]
[DEBUG] 2017-05-22 02:54:36,166 method:org.springframework.core.io.support.PathMatchingResourcePatternResolver.findPathMatchingResources(PathMatchingResourcePatternResolver.java:424)
Resolved location pattern [classpath*:party/pjc/blog/controller/**/*.class] to resources [file [D:\MyWork\workspace\LvcBlog\target\classes\party\pjc\blog\controller\admin\PostAdminController.class], file [D:\MyWork\workspace\LvcBlog\target\classes\party\pjc\blog\controller\admin\SystemAdminController.class], file [D:\MyWork\workspace\LvcBlog\target\classes\party\pjc\blog\controller\AdminController.class], file [D:\MyWork\workspace\LvcBlog\target\classes\party\pjc\blog\controller\ArchiveController.class], file [D:\MyWork\workspace\LvcBlog\target\classes\party\pjc\blog\controller\CategoriesController$1.class], file [D:\MyWork\workspace\LvcBlog\target\classes\party\pjc\blog\controller\CategoriesController.class], file [D:\MyWork\workspace\LvcBlog\target\classes\party\pjc\blog\controller\CommenController.class], file [D:\MyWork\workspace\LvcBlog\target\classes\party\pjc\blog\controller\CommentController.class], file [D:\MyWork\workspace\LvcBlog\target\classes\party\pjc\blog\controller\LinkController.class], file [D:\MyWork\workspace\LvcBlog\target\classes\party\pjc\blog\controller\PostController.class], file [D:\MyWork\workspace\LvcBlog\target\classes\party\pjc\blog\controller\TagsController$1.class], file [D:\MyWork\workspace\LvcBlog\target\classes\party\pjc\blog\controller\TagsController$2.class], file [D:\MyWork\workspace\LvcBlog\target\classes\party\pjc\blog\controller\TagsController.class], file [D:\MyWork\workspace\LvcBlog\target\classes\party\pjc\blog\controller\UploadController.class]]
[DEBUG] 2017-05-22 02:54:36,168 method:org.springframework.context.annotation.ClassPathScanningCandidateComponentProvider.findCandidateComponents(ClassPathScanningCandidateComponentProvider.java:286)
Identified candidate component class: file [D:\MyWork\workspace\LvcBlog\target\classes\party\pjc\blog\controller\admin\PostAdminController.class]
[DEBUG] 2017-05-22 02:54:36,168 method:org.springframework.context.annotation.ClassPathScanningCandidateComponentProvider.findCandidateComponents(ClassPathScanningCandidateComponentProvider.java:286)
Identified candidate component class: file [D:\MyWork\workspace\LvcBlog\target\classes\party\pjc\blog\controller\admin\SystemAdminController.class]
[DEBUG] 2017-05-22 02:54:36,176 method:org.springframework.context.annotation.ClassPathScanningCandidateComponentProvider.findCandidateComponents(ClassPathScanningCandidateComponentProvider.java:286)
Identified candidate component class: file [D:\MyWork\workspace\LvcBlog\target\classes\party\pjc\blog\controller\AdminController.class]
[DEBUG] 2017-05-22 02:54:36,177 method:org.springframework.context.annotation.ClassPathScanningCandidateComponentProvider.findCandidateComponents(ClassPathScanningCandidateComponentProvider.java:286)
Identified candidate component class: file [D:\MyWork\workspace\LvcBlog\target\classes\party\pjc\blog\controller\ArchiveController.class]
[DEBUG] 2017-05-22 02:54:36,178 method:org.springframework.context.annotation.ClassPathScanningCandidateComponentProvider.findCandidateComponents(ClassPathScanningCandidateComponentProvider.java:286)
Identified candidate component class: file [D:\MyWork\workspace\LvcBlog\target\classes\party\pjc\blog\controller\CategoriesController.class]
[DEBUG] 2017-05-22 02:54:36,178 method:org.springframework.context.annotation.ClassPathScanningCandidateComponentProvider.findCandidateComponents(ClassPathScanningCandidateComponentProvider.java:286)
Identified candidate component class: file [D:\MyWork\workspace\LvcBlog\target\classes\party\pjc\blog\controller\CommenController.class]
[DEBUG] 2017-05-22 02:54:36,179 method:org.springframework.context.annotation.ClassPathScanningCandidateComponentProvider.findCandidateComponents(ClassPathScanningCandidateComponentProvider.java:286)
Identified candidate component class: file [D:\MyWork\workspace\LvcBlog\target\classes\party\pjc\blog\controller\CommentController.class]
[DEBUG] 2017-05-22 02:54:36,180 method:org.springframework.context.annotation.ClassPathScanningCandidateComponentProvider.findCandidateComponents(ClassPathScanningCandidateComponentProvider.java:286)
Identified candidate component class: file [D:\MyWork\workspace\LvcBlog\target\classes\party\pjc\blog\controller\LinkController.class]
[DEBUG] 2017-05-22 02:54:36,180 method:org.springframework.context.annotation.ClassPathScanningCandidateComponentProvider.findCandidateComponents(ClassPathScanningCandidateComponentProvider.java:286)
Identified candidate component class: file [D:\MyWork\workspace\LvcBlog\target\classes\party\pjc\blog\controller\PostController.class]
[DEBUG] 2017-05-22 02:54:36,182 method:org.springframework.context.annotation.ClassPathScanningCandidateComponentProvider.findCandidateComponents(ClassPathScanningCandidateComponentProvider.java:286)
Identified candidate component class: file [D:\MyWork\workspace\LvcBlog\target\classes\party\pjc\blog\controller\TagsController.class]
[DEBUG] 2017-05-22 02:54:36,183 method:org.springframework.context.annotation.ClassPathScanningCandidateComponentProvider.findCandidateComponents(ClassPathScanningCandidateComponentProvider.java:286)
Identified candidate component class: file [D:\MyWork\workspace\LvcBlog\target\classes\party\pjc\blog\controller\UploadController.class]
[DEBUG] 2017-05-22 02:54:36,185 method:org.springframework.beans.factory.xml.BeanDefinitionParserDelegate.parseBeanDefinitionElement(BeanDefinitionParserDelegate.java:495)
Neither XML &apos;id&apos; nor &apos;name&apos; specified - using generated bean name [org.springframework.web.servlet.mvc.annotation.AnnotationMethodHandlerAdapter#0]
[DEBUG] 2017-05-22 02:54:36,185 method:org.springframework.beans.factory.support.AbstractBeanDefinitionReader.loadBeanDefinitions(AbstractBeanDefinitionReader.java:224)
Loaded 29 bean definitions from location pattern [classpath:spring-mvc.xml]
[INFO ] 2017-05-22 02:54:36,186 method:org.springframework.context.support.AbstractApplicationContext.prepareRefresh(AbstractApplicationContext.java:510)
Refreshing org.springframework.context.support.GenericApplicationContext@2424686b: startup date [Mon May 22 02:54:36 CST 2017]; root of context hierarchy
[DEBUG] 2017-05-22 02:54:36,186 method:org.springframework.context.support.AbstractApplicationContext.obtainFreshBeanFactory(AbstractApplicationContext.java:540)
Bean factory for org.springframework.context.support.GenericApplicationContext@2424686b: org.springframework.beans.factory.support.DefaultListableBeanFactory@53667cbe: defining beans [categoriesService,commentServiceImpl,linkServiceImpl,postService,tagsService,userServiceImpl,org.springframework.context.annotation.internalConfigurationAnnotationProcessor,org.springframework.context.annotation.internalAutowiredAnnotationProcessor,org.springframework.context.annotation.internalRequiredAnnotationProcessor,org.springframework.context.annotation.internalCommonAnnotationProcessor,dataSource,sqlSessionFactory,org.mybatis.spring.mapper.MapperScannerConfigurer#0,transactionManager,myRealm,securityManager,shiroFilter,lifecycleBeanPostProcessor,org.springframework.aop.framework.autoproxy.DefaultAdvisorAutoProxyCreator#0,org.apache.shiro.spring.security.interceptor.AuthorizationAttributeSourceAdvisor#0,txAdvice,org.springframework.aop.config.internalAutoProxyCreator,serviceOperation,org.springframework.aop.support.DefaultBeanFactoryPointcutAdvisor#0,multipartResolver,postAdminController,systemAdminController,adminController,archiveController,categoriesController,commenController,commentController,linkController,postController,tagsController,uploadController,org.springframework.web.servlet.mvc.annotation.AnnotationMethodHandlerAdapter#0,org.springframework.web.servlet.resource.DefaultServletHttpRequestHandler#0,org.springframework.web.servlet.handler.SimpleUrlHandlerMapping#0,org.springframework.web.servlet.handler.BeanNameUrlHandlerMapping,org.springframework.web.servlet.mvc.HttpRequestHandlerAdapter,org.springframework.web.servlet.mvc.SimpleControllerHandlerAdapter,mvcContentNegotiationManager,org.springframework.web.servlet.mvc.method.annotation.RequestMappingHandlerMapping#0,org.springframework.format.support.FormattingConversionServiceFactoryBean#0,org.springframework.web.servlet.mvc.method.annotation.RequestMappingHandlerAdapter#0,mvcUriComponentsContributor,org.springframework.web.servlet.handler.MappedInterceptor#0,org.springframework.web.servlet.mvc.method.annotation.ExceptionHandlerExceptionResolver#0,org.springframework.web.servlet.mvc.annotation.ResponseStatusExceptionResolver#0,org.springframework.web.servlet.mvc.support.DefaultHandlerExceptionResolver#0,org.springframework.web.servlet.resource.DefaultServletHttpRequestHandler#1,org.springframework.web.servlet.handler.SimpleUrlHandlerMapping#1,viewResolver]; root of factory hierarchy
[DEBUG] 2017-05-22 02:54:36,187 method:org.springframework.beans.factory.support.DefaultSingletonBeanRegistry.getSingleton(DefaultSingletonBeanRegistry.java:221)
Creating shared instance of singleton bean &apos;org.springframework.context.annotation.internalConfigurationAnnotationProcessor&apos;
[DEBUG] 2017-05-22 02:54:36,188 method:org.springframework.beans.factory.support.AbstractAutowireCapableBeanFactory.createBean(AbstractAutowireCapableBeanFactory.java:450)
Creating instance of bean &apos;org.springframework.context.annotation.internalConfigurationAnnotationProcessor&apos;
[DEBUG] 2017-05-22 02:54:36,192 method:org.springframework.beans.factory.support.AbstractAutowireCapableBeanFactory.doCreateBean(AbstractAutowireCapableBeanFactory.java:523)
Eagerly caching bean &apos;org.springframework.context.annotation.internalConfigurationAnnotationProcessor&apos; to allow for resolving potential circular references
[DEBUG] 2017-05-22 02:54:36,192 method:org.springframework.beans.factory.support.AbstractAutowireCapableBeanFactory.createBean(AbstractAutowireCapableBeanFactory.java:478)
Finished creating instance of bean &apos;org.springframework.context.annotation.internalConfigurationAnnotationProcessor&apos;
[DEBUG] 2017-05-22 02:54:36,199 method:org.springframework.context.annotation.ConfigurationClassUtils.isLiteConfigurationCandidate(ConfigurationClassUtils.java:166)
Failed to introspect @Bean methods on class [class org.springframework.core.type.StandardAnnotationMetadata]: java.lang.NoClassDefFoundError: javax/servlet/ServletResponse
[DEBUG] 2017-05-22 02:54:36,200 method:org.springframework.context.annotation.ConfigurationClassUtils.isLiteConfigurationCandidate(ConfigurationClassUtils.java:166)
Failed to introspect @Bean methods on class [class org.springframework.core.type.StandardAnnotationMetadata]: java.lang.NoClassDefFoundError: javax/servlet/http/HttpServletRequest
[DEBUG] 2017-05-22 02:54:36,201 method:org.springframework.context.annotation.ConfigurationClassUtils.isLiteConfigurationCandidate(ConfigurationClassUtils.java:166)
Failed to introspect @Bean methods on class [class org.springframework.core.type.StandardAnnotationMetadata]: java.lang.NoClassDefFoundError: javax/servlet/http/HttpServletRequest
[DEBUG] 2017-05-22 02:54:36,202 method:org.springframework.context.annotation.ConfigurationClassUtils.isLiteConfigurationCandidate(ConfigurationClassUtils.java:166)
Failed to introspect @Bean methods on class [class org.springframework.core.type.StandardAnnotationMetadata]: java.lang.NoClassDefFoundError: javax/servlet/ServletContext
[DEBUG] 2017-05-22 02:54:36,203 method:org.springframework.context.annotation.ConfigurationClassUtils.isLiteConfigurationCandidate(ConfigurationClassUtils.java:166)
Failed to introspect @Bean methods on class [class org.springframework.core.type.StandardAnnotationMetadata]: java.lang.NoClassDefFoundError: javax/servlet/ServletException
[DEBUG] 2017-05-22 02:54:36,204 method:org.springframework.context.annotation.ConfigurationClassUtils.isLiteConfigurationCandidate(ConfigurationClassUtils.java:166)
Failed to introspect @Bean methods on class [class org.springframework.core.type.StandardAnnotationMetadata]: java.lang.NoClassDefFoundError: javax/servlet/ServletException
[DEBUG] 2017-05-22 02:54:36,205 method:org.springframework.context.annotation.ConfigurationClassUtils.isLiteConfigurationCandidate(ConfigurationClassUtils.java:166)
Failed to introspect @Bean methods on class [class org.springframework.core.type.StandardAnnotationMetadata]: java.lang.NoClassDefFoundError: javax/servlet/http/HttpServletRequest
[DEBUG] 2017-05-22 02:54:36,206 method:org.springframework.context.annotation.ConfigurationClassUtils.isLiteConfigurationCandidate(ConfigurationClassUtils.java:166)
Failed to introspect @Bean methods on class [class org.springframework.core.type.StandardAnnotationMetadata]: java.lang.NoClassDefFoundError: javax/servlet/http/HttpServletRequest
[DEBUG] 2017-05-22 02:54:36,207 method:org.springframework.context.annotation.ConfigurationClassUtils.isLiteConfigurationCandidate(ConfigurationClassUtils.java:166)
Failed to introspect @Bean methods on class [class org.springframework.core.type.StandardAnnotationMetadata]: java.lang.NoClassDefFoundError: javax/servlet/http/HttpServletRequest
[DEBUG] 2017-05-22 02:54:36,207 method:org.springframework.context.annotation.ConfigurationClassUtils.isLiteConfigurationCandidate(ConfigurationClassUtils.java:166)
Failed to introspect @Bean methods on class [class org.springframework.core.type.StandardAnnotationMetadata]: java.lang.NoClassDefFoundError: javax/servlet/ServletResponse
[DEBUG] 2017-05-22 02:54:36,236 method:org.springframework.beans.factory.support.DefaultSingletonBeanRegistry.getSingleton(DefaultSingletonBeanRegistry.java:221)
Creating shared instance of singleton bean &apos;org.mybatis.spring.mapper.MapperScannerConfigurer#0&apos;
[DEBUG] 2017-05-22 02:54:36,236 method:org.springframework.beans.factory.support.AbstractAutowireCapableBeanFactory.createBean(AbstractAutowireCapableBeanFactory.java:450)
Creating instance of bean &apos;org.mybatis.spring.mapper.MapperScannerConfigurer#0&apos;
[DEBUG] 2017-05-22 02:54:36,236 method:org.springframework.beans.factory.support.AbstractAutowireCapableBeanFactory.doCreateBean(AbstractAutowireCapableBeanFactory.java:523)
Eagerly caching bean &apos;org.mybatis.spring.mapper.MapperScannerConfigurer#0&apos; to allow for resolving potential circular references
[DEBUG] 2017-05-22 02:54:36,237 method:org.springframework.beans.factory.support.AbstractAutowireCapableBeanFactory.invokeInitMethods(AbstractAutowireCapableBeanFactory.java:1616)
Invoking afterPropertiesSet() on bean with name &apos;org.mybatis.spring.mapper.MapperScannerConfigurer#0&apos;
[DEBUG] 2017-05-22 02:54:36,237 method:org.springframework.beans.factory.support.AbstractAutowireCapableBeanFactory.createBean(AbstractAutowireCapableBeanFactory.java:478)
Finished creating instance of bean &apos;org.mybatis.spring.mapper.MapperScannerConfigurer#0&apos;
[DEBUG] 2017-05-22 02:54:36,238 method:org.springframework.core.env.MutablePropertySources.addLast(MutablePropertySources.java:109)
Adding [systemProperties] PropertySource with lowest search precedence
[DEBUG] 2017-05-22 02:54:36,238 method:org.springframework.core.env.MutablePropertySources.addLast(MutablePropertySources.java:109)
Adding [systemEnvironment] PropertySource with lowest search precedence
[DEBUG] 2017-05-22 02:54:36,238 method:org.springframework.core.env.AbstractEnvironment.&lt;init&gt;(AbstractEnvironment.java:126)
Initialized StandardEnvironment with PropertySources [systemProperties,systemEnvironment]
[DEBUG] 2017-05-22 02:54:36,239 method:org.springframework.core.io.support.PathMatchingResourcePatternResolver.doFindMatchingFileSystemResources(PathMatchingResourcePatternResolver.java:631)
Looking for matching resources in directory tree [D:\MyWork\workspace\LvcBlog\target\test-classes\party\pjc\blog\dao]
[DEBUG] 2017-05-22 02:54:36,239 method:org.springframework.core.io.support.PathMatchingResourcePatternResolver.doRetrieveMatchingFiles(PathMatchingResourcePatternResolver.java:693)
Searching directory [D:\MyWork\workspace\LvcBlog\target\test-classes\party\pjc\blog\dao] for files matching pattern [D:/MyWork/workspace/LvcBlog/target/test-classes/party/pjc/blog/dao/**/*.class]
[DEBUG] 2017-05-22 02:54:36,240 method:org.springframework.core.io.support.PathMatchingResourcePatternResolver.doFindMatchingFileSystemResources(PathMatchingResourcePatternResolver.java:631)
Looking for matching resources in directory tree [D:\MyWork\workspace\LvcBlog\target\classes\party\pjc\blog\dao]
[DEBUG] 2017-05-22 02:54:36,240 method:org.springframework.core.io.support.PathMatchingResourcePatternResolver.doRetrieveMatchingFiles(PathMatchingResourcePatternResolver.java:693)
Searching directory [D:\MyWork\workspace\LvcBlog\target\classes\party\pjc\blog\dao] for files matching pattern [D:/MyWork/workspace/LvcBlog/target/classes/party/pjc/blog/dao/**/*.class]
[DEBUG] 2017-05-22 02:54:36,240 method:org.springframework.core.io.support.PathMatchingResourcePatternResolver.findPathMatchingResources(PathMatchingResourcePatternResolver.java:424)
Resolved location pattern [classpath*:party/pjc/blog/dao/**/*.class] to resources [file [D:\MyWork\workspace\LvcBlog\target\classes\party\pjc\blog\dao\CategoriesDao.class], file [D:\MyWork\workspace\LvcBlog\target\classes\party\pjc\blog\dao\CommentDao.class], file [D:\MyWork\workspace\LvcBlog\target\classes\party\pjc\blog\dao\LinkDao.class], file [D:\MyWork\workspace\LvcBlog\target\classes\party\pjc\blog\dao\PostDao.class], file [D:\MyWork\workspace\LvcBlog\target\classes\party\pjc\blog\dao\TagsDao.class], file [D:\MyWork\workspace\LvcBlog\target\classes\party\pjc\blog\dao\UserDao.class]]
[DEBUG] 2017-05-22 02:54:36,241 method:org.springframework.context.annotation.ClassPathScanningCandidateComponentProvider.findCandidateComponents(ClassPathScanningCandidateComponentProvider.java:286)
Identified candidate component class: file [D:\MyWork\workspace\LvcBlog\target\classes\party\pjc\blog\dao\CategoriesDao.class]
[DEBUG] 2017-05-22 02:54:36,241 method:org.springframework.context.annotation.ClassPathScanningCandidateComponentProvider.findCandidateComponents(ClassPathScanningCandidateComponentProvider.java:286)
Identified candidate component class: file [D:\MyWork\workspace\LvcBlog\target\classes\party\pjc\blog\dao\CommentDao.class]
[DEBUG] 2017-05-22 02:54:36,242 method:org.springframework.context.annotation.ClassPathScanningCandidateComponentProvider.findCandidateComponents(ClassPathScanningCandidateComponentProvider.java:286)
Identified candidate component class: file [D:\MyWork\workspace\LvcBlog\target\classes\party\pjc\blog\dao\LinkDao.class]
[DEBUG] 2017-05-22 02:54:36,242 method:org.springframework.context.annotation.ClassPathScanningCandidateComponentProvider.findCandidateComponents(ClassPathScanningCandidateComponentProvider.java:286)
Identified candidate component class: file [D:\MyWork\workspace\LvcBlog\target\classes\party\pjc\blog\dao\PostDao.class]
[DEBUG] 2017-05-22 02:54:36,243 method:org.springframework.context.annotation.ClassPathScanningCandidateComponentProvider.findCandidateComponents(ClassPathScanningCandidateComponentProvider.java:286)
Identified candidate component class: file [D:\MyWork\workspace\LvcBlog\target\classes\party\pjc\blog\dao\TagsDao.class]
[DEBUG] 2017-05-22 02:54:36,243 method:org.springframework.context.annotation.ClassPathScanningCandidateComponentProvider.findCandidateComponents(ClassPathScanningCandidateComponentProvider.java:286)
Identified candidate component class: file [D:\MyWork\workspace\LvcBlog\target\classes\party\pjc\blog\dao\UserDao.class]
[DEBUG] 2017-05-22 02:54:36,243 method:org.mybatis.spring.mapper.ClassPathMapperScanner.processBeanDefinitions(ClassPathMapperScanner.java:181)
Creating MapperFactoryBean with name &apos;categoriesDao&apos; and &apos;party.pjc.blog.dao.CategoriesDao&apos; mapperInterface
[DEBUG] 2017-05-22 02:54:36,244 method:org.mybatis.spring.mapper.ClassPathMapperScanner.processBeanDefinitions(ClassPathMapperScanner.java:181)
Creating MapperFactoryBean with name &apos;commentDao&apos; and &apos;party.pjc.blog.dao.CommentDao&apos; mapperInterface
[DEBUG] 2017-05-22 02:54:36,244 method:org.mybatis.spring.mapper.ClassPathMapperScanner.processBeanDefinitions(ClassPathMapperScanner.java:181)
Creating MapperFactoryBean with name &apos;linkDao&apos; and &apos;party.pjc.blog.dao.LinkDao&apos; mapperInterface
[DEBUG] 2017-05-22 02:54:36,244 method:org.mybatis.spring.mapper.ClassPathMapperScanner.processBeanDefinitions(ClassPathMapperScanner.java:181)
Creating MapperFactoryBean with name &apos;postDao&apos; and &apos;party.pjc.blog.dao.PostDao&apos; mapperInterface
[DEBUG] 2017-05-22 02:54:36,244 method:org.mybatis.spring.mapper.ClassPathMapperScanner.processBeanDefinitions(ClassPathMapperScanner.java:181)
Creating MapperFactoryBean with name &apos;tagsDao&apos; and &apos;party.pjc.blog.dao.TagsDao&apos; mapperInterface
[DEBUG] 2017-05-22 02:54:36,244 method:org.mybatis.spring.mapper.ClassPathMapperScanner.processBeanDefinitions(ClassPathMapperScanner.java:181)
Creating MapperFactoryBean with name &apos;userDao&apos; and &apos;party.pjc.blog.dao.UserDao&apos; mapperInterface
[DEBUG] 2017-05-22 02:54:36,246 method:org.springframework.beans.factory.support.DefaultSingletonBeanRegistry.getSingleton(DefaultSingletonBeanRegistry.java:221)
Creating shared instance of singleton bean &apos;org.springframework.context.annotation.internalAutowiredAnnotationProcessor&apos;
[DEBUG] 2017-05-22 02:54:36,246 method:org.springframework.beans.factory.support.AbstractAutowireCapableBeanFactory.createBean(AbstractAutowireCapableBeanFactory.java:450)
Creating instance of bean &apos;org.springframework.context.annotation.internalAutowiredAnnotationProcessor&apos;
[DEBUG] 2017-05-22 02:54:36,247 method:org.springframework.beans.factory.support.AbstractAutowireCapableBeanFactory.doCreateBean(AbstractAutowireCapableBeanFactory.java:523)
Eagerly caching bean &apos;org.springframework.context.annotation.internalAutowiredAnnotationProcessor&apos; to allow for resolving potential circular references
[DEBUG] 2017-05-22 02:54:36,247 method:org.springframework.beans.factory.support.AbstractAutowireCapableBeanFactory.createBean(AbstractAutowireCapableBeanFactory.java:478)
Finished creating instance of bean &apos;org.springframework.context.annotation.internalAutowiredAnnotationProcessor&apos;
[DEBUG] 2017-05-22 02:54:36,248 method:org.springframework.beans.factory.support.DefaultSingletonBeanRegistry.getSingleton(DefaultSingletonBeanRegistry.java:221)
Creating shared instance of singleton bean &apos;org.springframework.context.annotation.internalRequiredAnnotationProcessor&apos;
[DEBUG] 2017-05-22 02:54:36,248 method:org.springframework.beans.factory.support.AbstractAutowireCapableBeanFactory.createBean(AbstractAutowireCapableBeanFactory.java:450)
Creating instance of bean &apos;org.springframework.context.annotation.internalRequiredAnnotationProcessor&apos;
[DEBUG] 2017-05-22 02:54:36,248 method:org.springframework.beans.factory.support.AbstractAutowireCapableBeanFactory.doCreateBean(AbstractAutowireCapableBeanFactory.java:523)
Eagerly caching bean &apos;org.springframework.context.annotation.internalRequiredAnnotationProcessor&apos; to allow for resolving potential circular references
[DEBUG] 2017-05-22 02:54:36,249 method:org.springframework.beans.factory.support.AbstractAutowireCapableBeanFactory.createBean(AbstractAutowireCapableBeanFactory.java:478)
Finished creating instance of bean &apos;org.springframework.context.annotation.internalRequiredAnnotationProcessor&apos;
[DEBUG] 2017-05-22 02:54:36,249 method:org.springframework.beans.factory.support.DefaultSingletonBeanRegistry.getSingleton(DefaultSingletonBeanRegistry.java:221)
Creating shared instance of singleton bean &apos;org.springframework.context.annotation.internalCommonAnnotationProcessor&apos;
[DEBUG] 2017-05-22 02:54:36,249 method:org.springframework.beans.factory.support.AbstractAutowireCapableBeanFactory.createBean(AbstractAutowireCapableBeanFactory.java:450)
Creating instance of bean &apos;org.springframework.context.annotation.internalCommonAnnotationProcessor&apos;
[DEBUG] 2017-05-22 02:54:36,250 method:org.springframework.beans.factory.support.AbstractAutowireCapableBeanFactory.doCreateBean(AbstractAutowireCapableBeanFactory.java:523)
Eagerly caching bean &apos;org.springframework.context.annotation.internalCommonAnnotationProcessor&apos; to allow for resolving potential circular references
[DEBUG] 2017-05-22 02:54:36,250 method:org.springframework.beans.factory.support.AbstractAutowireCapableBeanFactory.createBean(AbstractAutowireCapableBeanFactory.java:478)
Finished creating instance of bean &apos;org.springframework.context.annotation.internalCommonAnnotationProcessor&apos;
[DEBUG] 2017-05-22 02:54:36,250 method:org.springframework.beans.factory.support.DefaultSingletonBeanRegistry.getSingleton(DefaultSingletonBeanRegistry.java:221)
Creating shared instance of singleton bean &apos;lifecycleBeanPostProcessor&apos;
[DEBUG] 2017-05-22 02:54:36,251 method:org.springframework.beans.factory.support.AbstractAutowireCapableBeanFactory.createBean(AbstractAutowireCapableBeanFactory.java:450)
Creating instance of bean &apos;lifecycleBeanPostProcessor&apos;
[DEBUG] 2017-05-22 02:54:36,252 method:org.springframework.beans.factory.support.AbstractAutowireCapableBeanFactory.doCreateBean(AbstractAutowireCapableBeanFactory.java:523)
Eagerly caching bean &apos;lifecycleBeanPostProcessor&apos; to allow for resolving potential circular references
[DEBUG] 2017-05-22 02:54:36,252 method:org.springframework.beans.factory.support.AbstractAutowireCapableBeanFactory.createBean(AbstractAutowireCapableBeanFactory.java:478)
Finished creating instance of bean &apos;lifecycleBeanPostProcessor&apos;
[DEBUG] 2017-05-22 02:54:36,252 method:org.springframework.beans.factory.support.DefaultSingletonBeanRegistry.getSingleton(DefaultSingletonBeanRegistry.java:221)
Creating shared instance of singleton bean &apos;org.springframework.context.annotation.ConfigurationClassPostProcessor.importAwareProcessor&apos;
[DEBUG] 2017-05-22 02:54:36,252 method:org.springframework.beans.factory.support.AbstractAutowireCapableBeanFactory.createBean(AbstractAutowireCapableBeanFactory.java:450)
Creating instance of bean &apos;org.springframework.context.annotation.ConfigurationClassPostProcessor.importAwareProcessor&apos;
[DEBUG] 2017-05-22 02:54:36,253 method:org.springframework.beans.factory.support.AbstractAutowireCapableBeanFactory.doCreateBean(AbstractAutowireCapableBeanFactory.java:523)
Eagerly caching bean &apos;org.springframework.context.annotation.ConfigurationClassPostProcessor.importAwareProcessor&apos; to allow for resolving potential circular references
[DEBUG] 2017-05-22 02:54:36,253 method:org.springframework.beans.factory.support.AbstractAutowireCapableBeanFactory.createBean(AbstractAutowireCapableBeanFactory.java:478)
Finished creating instance of bean &apos;org.springframework.context.annotation.ConfigurationClassPostProcessor.importAwareProcessor&apos;
[DEBUG] 2017-05-22 02:54:36,253 method:org.springframework.beans.factory.support.DefaultSingletonBeanRegistry.getSingleton(DefaultSingletonBeanRegistry.java:221)
Creating shared instance of singleton bean &apos;org.springframework.context.annotation.ConfigurationClassPostProcessor.enhancedConfigurationProcessor&apos;
[DEBUG] 2017-05-22 02:54:36,254 method:org.springframework.beans.factory.support.AbstractAutowireCapableBeanFactory.createBean(AbstractAutowireCapableBeanFactory.java:450)
Creating instance of bean &apos;org.springframework.context.annotation.ConfigurationClassPostProcessor.enhancedConfigurationProcessor&apos;
[DEBUG] 2017-05-22 02:54:36,254 method:org.springframework.beans.factory.support.AbstractAutowireCapableBeanFactory.doCreateBean(AbstractAutowireCapableBeanFactory.java:523)
Eagerly caching bean &apos;org.springframework.context.annotation.ConfigurationClassPostProcessor.enhancedConfigurationProcessor&apos; to allow for resolving potential circular references
[DEBUG] 2017-05-22 02:54:36,254 method:org.springframework.beans.factory.support.AbstractAutowireCapableBeanFactory.createBean(AbstractAutowireCapableBeanFactory.java:478)
Finished creating instance of bean &apos;org.springframework.context.annotation.ConfigurationClassPostProcessor.enhancedConfigurationProcessor&apos;
[DEBUG] 2017-05-22 02:54:36,255 method:org.springframework.beans.factory.support.AbstractBeanFactory.doGetBean(AbstractBeanFactory.java:248)
Returning cached instance of singleton bean &apos;lifecycleBeanPostProcessor&apos;
[DEBUG] 2017-05-22 02:54:36,255 method:org.springframework.beans.factory.support.DefaultSingletonBeanRegistry.getSingleton(DefaultSingletonBeanRegistry.java:221)
Creating shared instance of singleton bean &apos;org.springframework.aop.framework.autoproxy.DefaultAdvisorAutoProxyCreator#0&apos;
[DEBUG] 2017-05-22 02:54:36,255 method:org.springframework.beans.factory.support.AbstractAutowireCapableBeanFactory.createBean(AbstractAutowireCapableBeanFactory.java:450)
Creating instance of bean &apos;org.springframework.aop.framework.autoproxy.DefaultAdvisorAutoProxyCreator#0&apos;
[DEBUG] 2017-05-22 02:54:36,256 method:org.springframework.beans.factory.support.AbstractAutowireCapableBeanFactory.doCreateBean(AbstractAutowireCapableBeanFactory.java:523)
Eagerly caching bean &apos;org.springframework.aop.framework.autoproxy.DefaultAdvisorAutoProxyCreator#0&apos; to allow for resolving potential circular references
[DEBUG] 2017-05-22 02:54:36,256 method:org.springframework.beans.factory.support.AbstractAutowireCapableBeanFactory.createBean(AbstractAutowireCapableBeanFactory.java:478)
Finished creating instance of bean &apos;org.springframework.aop.framework.autoproxy.DefaultAdvisorAutoProxyCreator#0&apos;
[DEBUG] 2017-05-22 02:54:36,257 method:org.springframework.beans.factory.support.DefaultSingletonBeanRegistry.getSingleton(DefaultSingletonBeanRegistry.java:221)
Creating shared instance of singleton bean &apos;org.springframework.aop.config.internalAutoProxyCreator&apos;
[DEBUG] 2017-05-22 02:54:36,257 method:org.springframework.beans.factory.support.AbstractAutowireCapableBeanFactory.createBean(AbstractAutowireCapableBeanFactory.java:450)
Creating instance of bean &apos;org.springframework.aop.config.internalAutoProxyCreator&apos;
[DEBUG] 2017-05-22 02:54:36,257 method:org.springframework.beans.factory.support.AbstractAutowireCapableBeanFactory.doCreateBean(AbstractAutowireCapableBeanFactory.java:523)
Eagerly caching bean &apos;org.springframework.aop.config.internalAutoProxyCreator&apos; to allow for resolving potential circular references
[DEBUG] 2017-05-22 02:54:36,258 method:org.springframework.beans.factory.support.AbstractAutowireCapableBeanFactory.createBean(AbstractAutowireCapableBeanFactory.java:478)
Finished creating instance of bean &apos;org.springframework.aop.config.internalAutoProxyCreator&apos;
[DEBUG] 2017-05-22 02:54:36,258 method:org.springframework.beans.factory.support.DefaultSingletonBeanRegistry.getSingleton(DefaultSingletonBeanRegistry.java:221)
Creating shared instance of singleton bean &apos;shiroFilter&apos;
[DEBUG] 2017-05-22 02:54:36,258 method:org.springframework.beans.factory.support.AbstractAutowireCapableBeanFactory.createBean(AbstractAutowireCapableBeanFactory.java:450)
Creating instance of bean &apos;shiroFilter&apos;
[DEBUG] 2017-05-22 02:54:36,260 method:org.springframework.beans.factory.support.DefaultSingletonBeanRegistry.getSingleton(DefaultSingletonBeanRegistry.java:221)
Creating shared instance of singleton bean &apos;org.apache.shiro.spring.security.interceptor.AuthorizationAttributeSourceAdvisor#0&apos;
[DEBUG] 2017-05-22 02:54:36,261 method:org.springframework.beans.factory.support.AbstractAutowireCapableBeanFactory.createBean(AbstractAutowireCapableBeanFactory.java:450)
Creating instance of bean &apos;org.apache.shiro.spring.security.interceptor.AuthorizationAttributeSourceAdvisor#0&apos;
[DEBUG] 2017-05-22 02:54:36,262 method:org.springframework.beans.factory.support.AbstractAutowireCapableBeanFactory.doCreateBean(AbstractAutowireCapableBeanFactory.java:523)
Eagerly caching bean &apos;org.apache.shiro.spring.security.interceptor.AuthorizationAttributeSourceAdvisor#0&apos; to allow for resolving potential circular references
[DEBUG] 2017-05-22 02:54:36,263 method:org.springframework.beans.factory.support.DefaultSingletonBeanRegistry.getSingleton(DefaultSingletonBeanRegistry.java:221)
Creating shared instance of singleton bean &apos;securityManager&apos;
[DEBUG] 2017-05-22 02:54:36,264 method:org.springframework.beans.factory.support.AbstractAutowireCapableBeanFactory.createBean(AbstractAutowireCapableBeanFactory.java:450)
Creating instance of bean &apos;securityManager&apos;
[DEBUG] 2017-05-22 02:54:36,264 method:org.springframework.aop.framework.autoproxy.BeanFactoryAdvisorRetrievalHelper.findAdvisorBeans(BeanFactoryAdvisorRetrievalHelper.java:87)
Skipping currently created advisor &apos;org.apache.shiro.spring.security.interceptor.AuthorizationAttributeSourceAdvisor#0&apos;
[DEBUG] 2017-05-22 02:54:36,264 method:org.springframework.beans.factory.support.DefaultSingletonBeanRegistry.getSingleton(DefaultSingletonBeanRegistry.java:221)
Creating shared instance of singleton bean &apos;org.springframework.aop.support.DefaultBeanFactoryPointcutAdvisor#0&apos;
[DEBUG] 2017-05-22 02:54:36,264 method:org.springframework.beans.factory.support.AbstractAutowireCapableBeanFactory.createBean(AbstractAutowireCapableBeanFactory.java:450)
Creating instance of bean &apos;org.springframework.aop.support.DefaultBeanFactoryPointcutAdvisor#0&apos;
[DEBUG] 2017-05-22 02:54:36,265 method:org.springframework.beans.factory.support.AbstractAutowireCapableBeanFactory.doCreateBean(AbstractAutowireCapableBeanFactory.java:523)
Eagerly caching bean &apos;org.springframework.aop.support.DefaultBeanFactoryPointcutAdvisor#0&apos; to allow for resolving potential circular references
[DEBUG] 2017-05-22 02:54:36,266 method:org.springframework.beans.factory.support.AbstractAutowireCapableBeanFactory.createBean(AbstractAutowireCapableBeanFactory.java:450)
Creating instance of bean &apos;serviceOperation&apos;
[DEBUG] 2017-05-22 02:54:36,268 method:org.springframework.beans.factory.support.AbstractAutowireCapableBeanFactory.createBean(AbstractAutowireCapableBeanFactory.java:478)
Finished creating instance of bean &apos;serviceOperation&apos;
[INFO ] 2017-05-22 02:54:36,269 method:org.springframework.context.support.PostProcessorRegistrationDelegate$BeanPostProcessorChecker.postProcessAfterInitialization(PostProcessorRegistrationDelegate.java:309)
Bean &apos;org.springframework.aop.support.DefaultBeanFactoryPointcutAdvisor#0&apos; of type [class org.springframework.aop.support.DefaultBeanFactoryPointcutAdvisor] is not eligible for getting processed by all BeanPostProcessors (for example: not eligible for auto-proxying)
[DEBUG] 2017-05-22 02:54:36,270 method:org.springframework.beans.factory.support.AbstractAutowireCapableBeanFactory.createBean(AbstractAutowireCapableBeanFactory.java:478)
Finished creating instance of bean &apos;org.springframework.aop.support.DefaultBeanFactoryPointcutAdvisor#0&apos;
[DEBUG] 2017-05-22 02:54:36,271 method:org.springframework.beans.factory.support.AbstractAutowireCapableBeanFactory.doCreateBean(AbstractAutowireCapableBeanFactory.java:523)
Eagerly caching bean &apos;securityManager&apos; to allow for resolving potential circular references
[DEBUG] 2017-05-22 02:54:36,271 method:org.springframework.beans.factory.support.DefaultSingletonBeanRegistry.getSingleton(DefaultSingletonBeanRegistry.java:221)
Creating shared instance of singleton bean &apos;myRealm&apos;
[DEBUG] 2017-05-22 02:54:36,272 method:org.springframework.beans.factory.support.AbstractAutowireCapableBeanFactory.createBean(AbstractAutowireCapableBeanFactory.java:450)
Creating instance of bean &apos;myRealm&apos;
[DEBUG] 2017-05-22 02:54:36,272 method:org.springframework.aop.framework.autoproxy.BeanFactoryAdvisorRetrievalHelper.findAdvisorBeans(BeanFactoryAdvisorRetrievalHelper.java:87)
Skipping currently created advisor &apos;org.apache.shiro.spring.security.interceptor.AuthorizationAttributeSourceAdvisor#0&apos;
[DEBUG] 2017-05-22 02:54:36,272 method:org.springframework.beans.factory.support.AbstractBeanFactory.doGetBean(AbstractBeanFactory.java:248)
Returning cached instance of singleton bean &apos;org.springframework.aop.support.DefaultBeanFactoryPointcutAdvisor#0&apos;
[DEBUG] 2017-05-22 02:54:36,273 method:org.springframework.beans.factory.annotation.InjectionMetadata.checkConfigMembers(InjectionMetadata.java:72)
Registered injected element on class [party.pjc.blog.realm.MyRealm]: AutowiredFieldElement for private party.pjc.blog.service.UserService party.pjc.blog.realm.MyRealm.userService
[DEBUG] 2017-05-22 02:54:36,273 method:org.springframework.beans.factory.support.AbstractAutowireCapableBeanFactory.doCreateBean(AbstractAutowireCapableBeanFactory.java:523)
Eagerly caching bean &apos;myRealm&apos; to allow for resolving potential circular references
[DEBUG] 2017-05-22 02:54:36,274 method:org.springframework.beans.factory.annotation.InjectionMetadata.inject(InjectionMetadata.java:86)
Processing injected element of bean &apos;myRealm&apos;: AutowiredFieldElement for private party.pjc.blog.service.UserService party.pjc.blog.realm.MyRealm.userService
[DEBUG] 2017-05-22 02:54:36,274 method:org.springframework.aop.framework.autoproxy.BeanFactoryAdvisorRetrievalHelper.findAdvisorBeans(BeanFactoryAdvisorRetrievalHelper.java:87)
Skipping currently created advisor &apos;org.apache.shiro.spring.security.interceptor.AuthorizationAttributeSourceAdvisor#0&apos;
[DEBUG] 2017-05-22 02:54:36,275 method:org.springframework.beans.factory.support.AbstractBeanFactory.doGetBean(AbstractBeanFactory.java:248)
Returning cached instance of singleton bean &apos;org.springframework.aop.support.DefaultBeanFactoryPointcutAdvisor#0&apos;
[DEBUG] 2017-05-22 02:54:36,276 method:org.springframework.beans.factory.support.DefaultSingletonBeanRegistry.getSingleton(DefaultSingletonBeanRegistry.java:221)
Creating shared instance of singleton bean &apos;shiroFilter&apos;
[DEBUG] 2017-05-22 02:54:36,276 method:org.springframework.beans.factory.support.AbstractBeanFactory.getTypeForFactoryBean(AbstractBeanFactory.java:1427)
Bean currently in creation on FactoryBean type check: org.springframework.beans.factory.BeanCurrentlyInCreationException: Error creating bean with name &apos;shiroFilter&apos;: Requested bean is currently in creation: Is there an unresolvable circular reference?
[DEBUG] 2017-05-22 02:54:36,277 method:org.springframework.aop.framework.autoproxy.BeanFactoryAdvisorRetrievalHelper.findAdvisorBeans(BeanFactoryAdvisorRetrievalHelper.java:87)
Skipping currently created advisor &apos;org.apache.shiro.spring.security.interceptor.AuthorizationAttributeSourceAdvisor#0&apos;
[DEBUG] 2017-05-22 02:54:36,277 method:org.springframework.beans.factory.support.AbstractBeanFactory.doGetBean(AbstractBeanFactory.java:248)
Returning cached instance of singleton bean &apos;org.springframework.aop.support.DefaultBeanFactoryPointcutAdvisor#0&apos;
[WARN ] 2017-05-22 02:54:36,278 method:org.springframework.context.support.AbstractApplicationContext.refresh(AbstractApplicationContext.java:487)
Exception encountered during context initialization - cancelling refresh attempt
org.springframework.beans.factory.BeanCreationException: Error creating bean with name &apos;shiroFilter&apos; defined in class path resource [applicationContext.xml]: BeanPostProcessor before instantiation of bean failed; nested exception is org.springframework.beans.factory.BeanCreationException: Error creating bean with name &apos;org.apache.shiro.spring.security.interceptor.AuthorizationAttributeSourceAdvisor#0&apos; defined in class path resource [applicationContext.xml]: Cannot resolve reference to bean &apos;securityManager&apos; while setting bean property &apos;securityManager&apos;; nested exception is org.springframework.beans.factory.BeanCreationException: Error creating bean with name &apos;securityManager&apos; defined in class path resource [applicationContext.xml]: Cannot resolve reference to bean &apos;myRealm&apos; while setting bean property &apos;realm&apos;; nested exception is org.springframework.beans.factory.BeanCreationException: Error creating bean with name &apos;myRealm&apos;: Injection of autowired dependencies failed; nested exception is org.springframework.beans.factory.BeanCreationException: Could not autowire field: private party.pjc.blog.service.UserService party.pjc.blog.realm.MyRealm.userService; nested exception is java.lang.NoClassDefFoundError: javax/servlet/ServletContext
Related cause: org.springframework.beans.factory.BeanCurrentlyInCreationException: Error creating bean with name &apos;shiroFilter&apos;: Requested bean is currently in creation: Is there an unresolvable circular reference?
	at org.springframework.beans.factory.support.AbstractAutowireCapableBeanFactory.createBean(AbstractAutowireCapableBeanFactory.java:472)
	at org.springframework.beans.factory.support.AbstractBeanFactory$1.getObject(AbstractBeanFactory.java:303)
	at org.springframework.beans.factory.support.DefaultSingletonBeanRegistry.getSingleton(DefaultSingletonBeanRegistry.java:230)
	at org.springframework.beans.factory.support.AbstractBeanFactory.doGetBean(AbstractBeanFactory.java:299)
	at org.springframework.beans.factory.support.AbstractBeanFactory.getBean(AbstractBeanFactory.java:199)
	at org.springframework.context.support.PostProcessorRegistrationDelegate.registerBeanPostProcessors(PostProcessorRegistrationDelegate.java:232)
	at org.springframework.context.support.AbstractApplicationContext.registerBeanPostProcessors(AbstractApplicationContext.java:615)
	at org.springframework.context.support.AbstractApplicationContext.refresh(AbstractApplicationContext.java:465)
	at org.springframework.test.context.support.AbstractGenericContextLoader.loadContext(AbstractGenericContextLoader.java:125)
	at org.springframework.test.context.support.AbstractGenericContextLoader.loadContext(AbstractGenericContextLoader.java:60)
	at org.springframework.test.context.support.AbstractDelegatingSmartContextLoader.delegateLoading(AbstractDelegatingSmartContextLoader.java:109)
	at org.springframework.test.context.support.AbstractDelegatingSmartContextLoader.loadContext(AbstractDelegatingSmartContextLoader.java:261)
	at org.springframework.test.context.DefaultCacheAwareContextLoaderDelegate.loadContextInternal(DefaultCacheAwareContextLoaderDelegate.java:68)
	at org.springframework.test.context.DefaultCacheAwareContextLoaderDelegate.loadContext(DefaultCacheAwareContextLoaderDelegate.java:86)
	at org.springframework.test.context.DefaultTestContext.getApplicationContext(DefaultTestContext.java:72)
	at org.springframework.test.context.support.DependencyInjectionTestExecutionListener.injectDependencies(DependencyInjectionTestExecutionListener.java:117)
	at org.springframework.test.context.support.DependencyInjectionTestExecutionListener.prepareTestInstance(DependencyInjectionTestExecutionListener.java:83)
	at org.springframework.test.context.TestContextManager.prepareTestInstance(TestContextManager.java:212)
	at org.springframework.test.context.junit4.SpringJUnit4ClassRunner.createTest(SpringJUnit4ClassRunner.java:200)
	at org.springframework.test.context.junit4.SpringJUnit4ClassRunner$1.runReflectiveCall(SpringJUnit4ClassRunner.java:259)
	at org.junit.internal.runners.model.ReflectiveCallable.run(ReflectiveCallable.java:12)
	at org.springframework.test.context.junit4.SpringJUnit4ClassRunner.methodBlock(SpringJUnit4ClassRunner.java:261)
	at org.springframework.test.context.junit4.SpringJUnit4ClassRunner.runChild(SpringJUnit4ClassRunner.java:219)
	at org.springframework.test.context.junit4.SpringJUnit4ClassRunner.runChild(SpringJUnit4ClassRunner.java:83)
	at org.junit.runners.ParentRunner$3.run(ParentRunner.java:238)
	at org.junit.runners.ParentRunner$1.schedule(ParentRunner.java:63)
	at org.junit.runners.ParentRunner.runChildren(ParentRunner.java:236)
	at org.junit.runners.ParentRunner.access$000(ParentRunner.java:53)
	at org.junit.runners.ParentRunner$2.evaluate(ParentRunner.java:229)
	at org.springframework.test.context.junit4.statements.RunBeforeTestClassCallbacks.evaluate(RunBeforeTestClassCallbacks.java:61)
	at org.springframework.test.context.junit4.statements.RunAfterTestClassCallbacks.evaluate(RunAfterTestClassCallbacks.java:68)
	at org.junit.runners.ParentRunner.run(ParentRunner.java:309)
	at org.springframework.test.context.junit4.SpringJUnit4ClassRunner.run(SpringJUnit4ClassRunner.java:163)
	at org.apache.maven.surefire.junit4.JUnit4Provider.execute(JUnit4Provider.java:252)
	at org.apache.maven.surefire.junit4.JUnit4Provider.executeTestSet(JUnit4Provider.java:141)
	at org.apache.maven.surefire.junit4.JUnit4Provider.invoke(JUnit4Provider.java:112)
	at sun.reflect.NativeMethodAccessorImpl.invoke0(Native Method)
	at sun.reflect.NativeMethodAccessorImpl.invoke(NativeMethodAccessorImpl.java:62)
	at sun.reflect.DelegatingMethodAccessorImpl.invoke(DelegatingMethodAccessorImpl.java:43)
	at java.lang.reflect.Method.invoke(Method.java:498)
	at org.apache.maven.surefire.util.ReflectionUtils.invokeMethodWithArray(ReflectionUtils.java:189)
	at org.apache.maven.surefire.booter.ProviderFactory$ProviderProxy.invoke(ProviderFactory.java:165)
	at org.apache.maven.surefire.booter.ProviderFactory.invokeProvider(ProviderFactory.java:85)
	at org.apache.maven.surefire.booter.ForkedBooter.runSuitesInProcess(ForkedBooter.java:115)
	at org.apache.maven.surefire.booter.ForkedBooter.main(ForkedBooter.java:75)
Caused by: org.springframework.beans.factory.BeanCreationException: Error creating bean with name &apos;org.apache.shiro.spring.security.interceptor.AuthorizationAttributeSourceAdvisor#0&apos; defined in class path resource [applicationContext.xml]: Cannot resolve reference to bean &apos;securityManager&apos; while setting bean property &apos;securityManager&apos;; nested exception is org.springframework.beans.factory.BeanCreationException: Error creating bean with name &apos;securityManager&apos; defined in class path resource [applicationContext.xml]: Cannot resolve reference to bean &apos;myRealm&apos; while setting bean property &apos;realm&apos;; nested exception is org.springframework.beans.factory.BeanCreationException: Error creating bean with name &apos;myRealm&apos;: Injection of autowired dependencies failed; nested exception is org.springframework.beans.factory.BeanCreationException: Could not autowire field: private party.pjc.blog.service.UserService party.pjc.blog.realm.MyRealm.userService; nested exception is java.lang.NoClassDefFoundError: javax/servlet/ServletContext
	at org.springframework.beans.factory.support.BeanDefinitionValueResolver.resolveReference(BeanDefinitionValueResolver.java:359)
	at org.springframework.beans.factory.support.BeanDefinitionValueResolver.resolveValueIfNecessary(BeanDefinitionValueResolver.java:108)
	at org.springframework.beans.factory.support.AbstractAutowireCapableBeanFactory.applyPropertyValues(AbstractAutowireCapableBeanFactory.java:1477)
	at org.springframework.beans.factory.support.AbstractAutowireCapableBeanFactory.populateBean(AbstractAutowireCapableBeanFactory.java:1222)
	at org.springframework.beans.factory.support.AbstractAutowireCapableBeanFactory.doCreateBean(AbstractAutowireCapableBeanFactory.java:537)
	at org.springframework.beans.factory.support.AbstractAutowireCapableBeanFactory.createBean(AbstractAutowireCapableBeanFactory.java:476)
	at org.springframework.beans.factory.support.AbstractBeanFactory$1.getObject(AbstractBeanFactory.java:303)
	at org.springframework.beans.factory.support.DefaultSingletonBeanRegistry.getSingleton(DefaultSingletonBeanRegistry.java:230)
	at org.springframework.beans.factory.support.AbstractBeanFactory.doGetBean(AbstractBeanFactory.java:299)
	at org.springframework.beans.factory.support.AbstractBeanFactory.getBean(AbstractBeanFactory.java:199)
	at org.springframework.aop.framework.autoproxy.BeanFactoryAdvisorRetrievalHelper.findAdvisorBeans(BeanFactoryAdvisorRetrievalHelper.java:92)
	at org.springframework.aop.framework.autoproxy.AbstractAdvisorAutoProxyCreator.findCandidateAdvisors(AbstractAdvisorAutoProxyCreator.java:101)
	at org.springframework.aop.aspectj.autoproxy.AspectJAwareAdvisorAutoProxyCreator.shouldSkip(AspectJAwareAdvisorAutoProxyCreator.java:103)
	at org.springframework.aop.framework.autoproxy.AbstractAutoProxyCreator.postProcessBeforeInstantiation(AbstractAutoProxyCreator.java:243)
	at org.springframework.beans.factory.support.AbstractAutowireCapableBeanFactory.applyBeanPostProcessorsBeforeInstantiation(AbstractAutowireCapableBeanFactory.java:984)
	at org.springframework.beans.factory.support.AbstractAutowireCapableBeanFactory.resolveBeforeInstantiation(AbstractAutowireCapableBeanFactory.java:955)
	at org.springframework.beans.factory.support.AbstractAutowireCapableBeanFactory.createBean(AbstractAutowireCapableBeanFactory.java:466)
	... 44 more
Caused by: org.springframework.beans.factory.BeanCreationException: Error creating bean with name &apos;securityManager&apos; defined in class path resource [applicationContext.xml]: Cannot resolve reference to bean &apos;myRealm&apos; while setting bean property &apos;realm&apos;; nested exception is org.springframework.beans.factory.BeanCreationException: Error creating bean with name &apos;myRealm&apos;: Injection of autowired dependencies failed; nested exception is org.springframework.beans.factory.BeanCreationException: Could not autowire field: private party.pjc.blog.service.UserService party.pjc.blog.realm.MyRealm.userService; nested exception is java.lang.NoClassDefFoundError: javax/servlet/ServletContext
	at org.springframework.beans.factory.support.BeanDefinitionValueResolver.resolveReference(BeanDefinitionValueResolver.java:359)
	at org.springframework.beans.factory.support.BeanDefinitionValueResolver.resolveValueIfNecessary(BeanDefinitionValueResolver.java:108)
	at org.springframework.beans.factory.support.AbstractAutowireCapableBeanFactory.applyPropertyValues(AbstractAutowireCapableBeanFactory.java:1477)
	at org.springframework.beans.factory.support.AbstractAutowireCapableBeanFactory.populateBean(AbstractAutowireCapableBeanFactory.java:1222)
	at org.springframework.beans.factory.support.AbstractAutowireCapableBeanFactory.doCreateBean(AbstractAutowireCapableBeanFactory.java:537)
	at org.springframework.beans.factory.support.AbstractAutowireCapableBeanFactory.createBean(AbstractAutowireCapableBeanFactory.java:476)
	at org.springframework.beans.factory.support.AbstractBeanFactory$1.getObject(AbstractBeanFactory.java:303)
	at org.springframework.beans.factory.support.DefaultSingletonBeanRegistry.getSingleton(DefaultSingletonBeanRegistry.java:230)
	at org.springframework.beans.factory.support.AbstractBeanFactory.doGetBean(AbstractBeanFactory.java:299)
	at org.springframework.beans.factory.support.AbstractBeanFactory.getBean(AbstractBeanFactory.java:194)
	at org.springframework.beans.factory.support.BeanDefinitionValueResolver.resolveReference(BeanDefinitionValueResolver.java:351)
	... 60 more
Caused by: org.springframework.beans.factory.BeanCreationException: Error creating bean with name &apos;myRealm&apos;: Injection of autowired dependencies failed; nested exception is org.springframework.beans.factory.BeanCreationException: Could not autowire field: private party.pjc.blog.service.UserService party.pjc.blog.realm.MyRealm.userService; nested exception is java.lang.NoClassDefFoundError: javax/servlet/ServletContext
	at org.springframework.beans.factory.annotation.AutowiredAnnotationBeanPostProcessor.postProcessPropertyValues(AutowiredAnnotationBeanPostProcessor.java:334)
	at org.springframework.beans.factory.support.AbstractAutowireCapableBeanFactory.populateBean(AbstractAutowireCapableBeanFactory.java:1210)
	at org.springframework.beans.factory.support.AbstractAutowireCapableBeanFactory.doCreateBean(AbstractAutowireCapableBeanFactory.java:537)
	at org.springframework.beans.factory.support.AbstractAutowireCapableBeanFactory.createBean(AbstractAutowireCapableBeanFactory.java:476)
	at org.springframework.beans.factory.support.AbstractBeanFactory$1.getObject(AbstractBeanFactory.java:303)
	at org.springframework.beans.factory.support.DefaultSingletonBeanRegistry.getSingleton(DefaultSingletonBeanRegistry.java:230)
	at org.springframework.beans.factory.support.AbstractBeanFactory.doGetBean(AbstractBeanFactory.java:299)
	at org.springframework.beans.factory.support.AbstractBeanFactory.getBean(AbstractBeanFactory.java:194)
	at org.springframework.beans.factory.support.BeanDefinitionValueResolver.resolveReference(BeanDefinitionValueResolver.java:351)
	... 70 more
Caused by: org.springframework.beans.factory.BeanCreationException: Could not autowire field: private party.pjc.blog.service.UserService party.pjc.blog.realm.MyRealm.userService; nested exception is java.lang.NoClassDefFoundError: javax/servlet/ServletContext
	at org.springframework.beans.factory.annotation.AutowiredAnnotationBeanPostProcessor$AutowiredFieldElement.inject(AutowiredAnnotationBeanPostProcessor.java:561)
	at org.springframework.beans.factory.annotation.InjectionMetadata.inject(InjectionMetadata.java:88)
	at org.springframework.beans.factory.annotation.AutowiredAnnotationBeanPostProcessor.postProcessPropertyValues(AutowiredAnnotationBeanPostProcessor.java:331)
	... 78 more
Caused by: java.lang.NoClassDefFoundError: javax/servlet/ServletContext
	at java.lang.Class.getDeclaredMethods0(Native Method)
	at java.lang.Class.privateGetDeclaredMethods(Class.java:2701)
	at java.lang.Class.getDeclaredMethods(Class.java:1975)
	at org.springframework.util.ReflectionUtils.getDeclaredMethods(ReflectionUtils.java:572)
	at org.springframework.util.ReflectionUtils.doWithMethods(ReflectionUtils.java:489)
	at org.springframework.util.ReflectionUtils.doWithMethods(ReflectionUtils.java:475)
	at org.springframework.beans.factory.annotation.AutowiredAnnotationBeanPostProcessor.determineCandidateConstructors(AutowiredAnnotationBeanPostProcessor.java:241)
	at org.springframework.beans.factory.support.AbstractAutowireCapableBeanFactory.determineConstructorsFromBeanPostProcessors(AbstractAutowireCapableBeanFactory.java:1065)
	at org.springframework.beans.factory.support.AbstractAutowireCapableBeanFactory.createBeanInstance(AbstractAutowireCapableBeanFactory.java:1038)
	at org.springframework.beans.factory.support.AbstractAutowireCapableBeanFactory.getSingletonFactoryBeanForTypeCheck(AbstractAutowireCapableBeanFactory.java:860)
	at org.springframework.beans.factory.support.AbstractAutowireCapableBeanFactory.getTypeForFactoryBean(AbstractAutowireCapableBeanFactory.java:790)
	at org.springframework.beans.factory.support.AbstractBeanFactory.isTypeMatch(AbstractBeanFactory.java:542)
	at org.springframework.beans.factory.support.DefaultListableBeanFactory.doGetBeanNamesForType(DefaultListableBeanFactory.java:436)
	at org.springframework.beans.factory.support.DefaultListableBeanFactory.getBeanNamesForType(DefaultListableBeanFactory.java:404)
	at org.springframework.beans.factory.BeanFactoryUtils.beanNamesForTypeIncludingAncestors(BeanFactoryUtils.java:186)
	at org.springframework.beans.factory.support.DefaultListableBeanFactory.findAutowireCandidates(DefaultListableBeanFactory.java:1105)
	at org.springframework.beans.factory.support.DefaultListableBeanFactory.doResolveDependency(DefaultListableBeanFactory.java:1044)
	at org.springframework.beans.factory.support.DefaultListableBeanFactory.resolveDependency(DefaultListableBeanFactory.java:942)
	at org.springframework.beans.factory.annotation.AutowiredAnnotationBeanPostProcessor$AutowiredFieldElement.inject(AutowiredAnnotationBeanPostProcessor.java:533)
	... 80 more
Caused by: java.lang.ClassNotFoundException: javax.servlet.ServletContext
	at java.net.URLClassLoader.findClass(URLClassLoader.java:381)
	at java.lang.ClassLoader.loadClass(ClassLoader.java:424)
	at sun.misc.Launcher$AppClassLoader.loadClass(Launcher.java:335)
	at java.lang.ClassLoader.loadClass(ClassLoader.java:357)
	... 99 more
Related cause:
org.springframework.beans.factory.BeanCurrentlyInCreationException: Error creating bean with name &apos;shiroFilter&apos;: Requested bean is currently in creation: Is there an unresolvable circular reference?
	at org.springframework.beans.factory.support.DefaultSingletonBeanRegistry.beforeSingletonCreation(DefaultSingletonBeanRegistry.java:347)
	at org.springframework.beans.factory.support.DefaultSingletonBeanRegistry.getSingleton(DefaultSingletonBeanRegistry.java:223)
	at org.springframework.beans.factory.support.AbstractBeanFactory.doGetBean(AbstractBeanFactory.java:299)
	at org.springframework.beans.factory.support.AbstractBeanFactory.getTypeForFactoryBean(AbstractBeanFactory.java:1421)
	at org.springframework.beans.factory.support.AbstractAutowireCapableBeanFactory.getTypeForFactoryBean(AbstractAutowireCapableBeanFactory.java:802)
	at org.springframework.beans.factory.support.AbstractBeanFactory.isTypeMatch(AbstractBeanFactory.java:542)
	at org.springframework.beans.factory.support.DefaultListableBeanFactory.doGetBeanNamesForType(DefaultListableBeanFactory.java:436)
	at org.springframework.beans.factory.support.DefaultListableBeanFactory.getBeanNamesForType(DefaultListableBeanFactory.java:404)
	at org.springframework.beans.factory.BeanFactoryUtils.beanNamesForTypeIncludingAncestors(BeanFactoryUtils.java:186)
	at org.springframework.beans.factory.support.DefaultListableBeanFactory.findAutowireCandidates(DefaultListableBeanFactory.java:1105)
	at org.springframework.beans.factory.support.DefaultListableBeanFactory.doResolveDependency(DefaultListableBeanFactory.java:1044)
	at org.springframework.beans.factory.support.DefaultListableBeanFactory.resolveDependency(DefaultListableBeanFactory.java:942)
	at org.springframework.beans.factory.annotation.AutowiredAnnotationBeanPostProcessor$AutowiredFieldElement.inject(AutowiredAnnotationBeanPostProcessor.java:533)
	at org.springframework.beans.factory.annotation.InjectionMetadata.inject(InjectionMetadata.java:88)
	at org.springframework.beans.factory.annotation.AutowiredAnnotationBeanPostProcessor.postProcessPropertyValues(AutowiredAnnotationBeanPostProcessor.java:331)
	at org.springframework.beans.factory.support.AbstractAutowireCapableBeanFactory.populateBean(AbstractAutowireCapableBeanFactory.java:1210)
	at org.springframework.beans.factory.support.AbstractAutowireCapableBeanFactory.doCreateBean(AbstractAutowireCapableBeanFactory.java:537)
	at org.springframework.beans.factory.support.AbstractAutowireCapableBeanFactory.createBean(AbstractAutowireCapableBeanFactory.java:476)
	at org.springframework.beans.factory.support.AbstractBeanFactory$1.getObject(AbstractBeanFactory.java:303)
	at org.springframework.beans.factory.support.DefaultSingletonBeanRegistry.getSingleton(DefaultSingletonBeanRegistry.java:230)
	at org.springframework.beans.factory.support.AbstractBeanFactory.doGetBean(AbstractBeanFactory.java:299)
	at org.springframework.beans.factory.support.AbstractBeanFactory.getBean(AbstractBeanFactory.java:194)
	at org.springframework.beans.factory.support.BeanDefinitionValueResolver.resolveReference(BeanDefinitionValueResolver.java:351)
	at org.springframework.beans.factory.support.BeanDefinitionValueResolver.resolveValueIfNecessary(BeanDefinitionValueResolver.java:108)
	at org.springframework.beans.factory.support.AbstractAutowireCapableBeanFactory.applyPropertyValues(AbstractAutowireCapableBeanFactory.java:1477)
	at org.springframework.beans.factory.support.AbstractAutowireCapableBeanFactory.populateBean(AbstractAutowireCapableBeanFactory.java:1222)
	at org.springframework.beans.factory.support.AbstractAutowireCapableBeanFactory.doCreateBean(AbstractAutowireCapableBeanFactory.java:537)
	at org.springframework.beans.factory.support.AbstractAutowireCapableBeanFactory.createBean(AbstractAutowireCapableBeanFactory.java:476)
	at org.springframework.beans.factory.support.AbstractBeanFactory$1.getObject(AbstractBeanFactory.java:303)
	at org.springframework.beans.factory.support.DefaultSingletonBeanRegistry.getSingleton(DefaultSingletonBeanRegistry.java:230)
	at org.springframework.beans.factory.support.AbstractBeanFactory.doGetBean(AbstractBeanFactory.java:299)
	at org.springframework.beans.factory.support.AbstractBeanFactory.getBean(AbstractBeanFactory.java:194)
	at org.springframework.beans.factory.support.BeanDefinitionValueResolver.resolveReference(BeanDefinitionValueResolver.java:351)
	at org.springframework.beans.factory.support.BeanDefinitionValueResolver.resolveValueIfNecessary(BeanDefinitionValueResolver.java:108)
	at org.springframework.beans.factory.support.AbstractAutowireCapableBeanFactory.applyPropertyValues(AbstractAutowireCapableBeanFactory.java:1477)
	at org.springframework.beans.factory.support.AbstractAutowireCapableBeanFactory.populateBean(AbstractAutowireCapableBeanFactory.java:1222)
	at org.springframework.beans.factory.support.AbstractAutowireCapableBeanFactory.doCreateBean(AbstractAutowireCapableBeanFactory.java:537)
	at org.springframework.beans.factory.support.AbstractAutowireCapableBeanFactory.createBean(AbstractAutowireCapableBeanFactory.java:476)
	at org.springframework.beans.factory.support.AbstractBeanFactory$1.getObject(AbstractBeanFactory.java:303)
	at org.springframework.beans.factory.support.DefaultSingletonBeanRegistry.getSingleton(DefaultSingletonBeanRegistry.java:230)
	at org.springframework.beans.factory.support.AbstractBeanFactory.doGetBean(AbstractBeanFactory.java:299)
	at org.springframework.beans.factory.support.AbstractBeanFactory.getBean(AbstractBeanFactory.java:199)
	at org.springframework.aop.framework.autoproxy.BeanFactoryAdvisorRetrievalHelper.findAdvisorBeans(BeanFactoryAdvisorRetrievalHelper.java:92)
	at org.springframework.aop.framework.autoproxy.AbstractAdvisorAutoProxyCreator.findCandidateAdvisors(AbstractAdvisorAutoProxyCreator.java:101)
	at org.springframework.aop.aspectj.autoproxy.AspectJAwareAdvisorAutoProxyCreator.shouldSkip(AspectJAwareAdvisorAutoProxyCreator.java:103)
	at org.springframework.aop.framework.autoproxy.AbstractAutoProxyCreator.postProcessBeforeInstantiation(AbstractAutoProxyCreator.java:243)
	at org.springframework.beans.factory.support.AbstractAutowireCapableBeanFactory.applyBeanPostProcessorsBeforeInstantiation(AbstractAutowireCapableBeanFactory.java:984)
	at org.springframework.beans.factory.support.AbstractAutowireCapableBeanFactory.resolveBeforeInstantiation(AbstractAutowireCapableBeanFactory.java:955)
	at org.springframework.beans.factory.support.AbstractAutowireCapableBeanFactory.createBean(AbstractAutowireCapableBeanFactory.java:466)
	at org.springframework.beans.factory.support.AbstractBeanFactory$1.getObject(AbstractBeanFactory.java:303)
	at org.springframework.beans.factory.support.DefaultSingletonBeanRegistry.getSingleton(DefaultSingletonBeanRegistry.java:230)
	at org.springframework.beans.factory.support.AbstractBeanFactory.doGetBean(AbstractBeanFactory.java:299)
	at org.springframework.beans.factory.support.AbstractBeanFactory.getBean(AbstractBeanFactory.java:199)
	at org.springframework.context.support.PostProcessorRegistrationDelegate.registerBeanPostProcessors(PostProcessorRegistrationDelegate.java:232)
	at org.springframework.context.support.AbstractApplicationContext.registerBeanPostProcessors(AbstractApplicationContext.java:615)
	at org.springframework.context.support.AbstractApplicationContext.refresh(AbstractApplicationContext.java:465)
	at org.springframework.test.context.support.AbstractGenericContextLoader.loadContext(AbstractGenericContextLoader.java:125)
	at org.springframework.test.context.support.AbstractGenericContextLoader.loadContext(AbstractGenericContextLoader.java:60)
	at org.springframework.test.context.support.AbstractDelegatingSmartContextLoader.delegateLoading(AbstractDelegatingSmartContextLoader.java:109)
	at org.springframework.test.context.support.AbstractDelegatingSmartContextLoader.loadContext(AbstractDelegatingSmartContextLoader.java:261)
	at org.springframework.test.context.DefaultCacheAwareContextLoaderDelegate.loadContextInternal(DefaultCacheAwareContextLoaderDelegate.java:68)
	at org.springframework.test.context.DefaultCacheAwareContextLoaderDelegate.loadContext(DefaultCacheAwareContextLoaderDelegate.java:86)
	at org.springframework.test.context.DefaultTestContext.getApplicationContext(DefaultTestContext.java:72)
	at org.springframework.test.context.support.DependencyInjectionTestExecutionListener.injectDependencies(DependencyInjectionTestExecutionListener.java:117)
	at org.springframework.test.context.support.DependencyInjectionTestExecutionListener.prepareTestInstance(DependencyInjectionTestExecutionListener.java:83)
	at org.springframework.test.context.TestContextManager.prepareTestInstance(TestContextManager.java:212)
	at org.springframework.test.context.junit4.SpringJUnit4ClassRunner.createTest(SpringJUnit4ClassRunner.java:200)
	at org.springframework.test.context.junit4.SpringJUnit4ClassRunner$1.runReflectiveCall(SpringJUnit4ClassRunner.java:259)
	at org.junit.internal.runners.model.ReflectiveCallable.run(ReflectiveCallable.java:12)
	at org.springframework.test.context.junit4.SpringJUnit4ClassRunner.methodBlock(SpringJUnit4ClassRunner.java:261)
	at org.springframework.test.context.junit4.SpringJUnit4ClassRunner.runChild(SpringJUnit4ClassRunner.java:219)
	at org.springframework.test.context.junit4.SpringJUnit4ClassRunner.runChild(SpringJUnit4ClassRunner.java:83)
	at org.junit.runners.ParentRunner$3.run(ParentRunner.java:238)
	at org.junit.runners.ParentRunner$1.schedule(ParentRunner.java:63)
	at org.junit.runners.ParentRunner.runChildren(ParentRunner.java:236)
	at org.junit.runners.ParentRunner.access$000(ParentRunner.java:53)
	at org.junit.runners.ParentRunner$2.evaluate(ParentRunner.java:229)
	at org.springframework.test.context.junit4.statements.RunBeforeTestClassCallbacks.evaluate(RunBeforeTestClassCallbacks.java:61)
	at org.springframework.test.context.junit4.statements.RunAfterTestClassCallbacks.evaluate(RunAfterTestClassCallbacks.java:68)
	at org.junit.runners.ParentRunner.run(ParentRunner.java:309)
	at org.springframework.test.context.junit4.SpringJUnit4ClassRunner.run(SpringJUnit4ClassRunner.java:163)
	at org.apache.maven.surefire.junit4.JUnit4Provider.execute(JUnit4Provider.java:252)
	at org.apache.maven.surefire.junit4.JUnit4Provider.executeTestSet(JUnit4Provider.java:141)
	at org.apache.maven.surefire.junit4.JUnit4Provider.invoke(JUnit4Provider.java:112)
	at sun.reflect.NativeMethodAccessorImpl.invoke0(Native Method)
	at sun.reflect.NativeMethodAccessorImpl.invoke(NativeMethodAccessorImpl.java:62)
	at sun.reflect.DelegatingMethodAccessorImpl.invoke(DelegatingMethodAccessorImpl.java:43)
	at java.lang.reflect.Method.invoke(Method.java:498)
	at org.apache.maven.surefire.util.ReflectionUtils.invokeMethodWithArray(ReflectionUtils.java:189)
	at org.apache.maven.surefire.booter.ProviderFactory$ProviderProxy.invoke(ProviderFactory.java:165)
	at org.apache.maven.surefire.booter.ProviderFactory.invokeProvider(ProviderFactory.java:85)
	at org.apache.maven.surefire.booter.ForkedBooter.runSuitesInProcess(ForkedBooter.java:115)
	at org.apache.maven.surefire.booter.ForkedBooter.main(ForkedBooter.java:75)
[DEBUG] 2017-05-22 02:54:36,281 method:org.springframework.beans.factory.support.DefaultSingletonBeanRegistry.destroySingletons(DefaultSingletonBeanRegistry.java:512)
Destroying singletons in org.springframework.beans.factory.support.DefaultListableBeanFactory@53667cbe: defining beans [categoriesService,commentServiceImpl,linkServiceImpl,postService,tagsService,userServiceImpl,org.springframework.context.annotation.internalConfigurationAnnotationProcessor,org.springframework.context.annotation.internalAutowiredAnnotationProcessor,org.springframework.context.annotation.internalRequiredAnnotationProcessor,org.springframework.context.annotation.internalCommonAnnotationProcessor,dataSource,sqlSessionFactory,org.mybatis.spring.mapper.MapperScannerConfigurer#0,transactionManager,myRealm,securityManager,shiroFilter,lifecycleBeanPostProcessor,org.springframework.aop.framework.autoproxy.DefaultAdvisorAutoProxyCreator#0,org.apache.shiro.spring.security.interceptor.AuthorizationAttributeSourceAdvisor#0,txAdvice,org.springframework.aop.config.internalAutoProxyCreator,serviceOperation,org.springframework.aop.support.DefaultBeanFactoryPointcutAdvisor#0,multipartResolver,postAdminController,systemAdminController,adminController,archiveController,categoriesController,commenController,commentController,linkController,postController,tagsController,uploadController,org.springframework.web.servlet.mvc.annotation.AnnotationMethodHandlerAdapter#0,org.springframework.web.servlet.resource.DefaultServletHttpRequestHandler#0,org.springframework.web.servlet.handler.SimpleUrlHandlerMapping#0,org.springframework.web.servlet.handler.BeanNameUrlHandlerMapping,org.springframework.web.servlet.mvc.HttpRequestHandlerAdapter,org.springframework.web.servlet.mvc.SimpleControllerHandlerAdapter,mvcContentNegotiationManager,org.springframework.web.servlet.mvc.method.annotation.RequestMappingHandlerMapping#0,org.springframework.format.support.FormattingConversionServiceFactoryBean#0,org.springframework.web.servlet.mvc.method.annotation.RequestMappingHandlerAdapter#0,mvcUriComponentsContributor,org.springframework.web.servlet.handler.MappedInterceptor#0,org.springframework.web.servlet.mvc.method.annotation.ExceptionHandlerExceptionResolver#0,org.springframework.web.servlet.mvc.annotation.ResponseStatusExceptionResolver#0,org.springframework.web.servlet.mvc.support.DefaultHandlerExceptionResolver#0,org.springframework.web.servlet.resource.DefaultServletHttpRequestHandler#1,org.springframework.web.servlet.handler.SimpleUrlHandlerMapping#1,viewResolver,org.springframework.context.annotation.ConfigurationClassPostProcessor.importAwareProcessor,org.springframework.context.annotation.ConfigurationClassPostProcessor.enhancedConfigurationProcessor,categoriesDao,commentDao,linkDao,postDao,tagsDao,userDao]; root of factory hierarchy
[ERROR] 2017-05-22 02:54:36,281 method:org.springframework.test.context.TestContextManager.prepareTestInstance(TestContextManager.java:215)
Caught exception while allowing TestExecutionListener [org.springframework.test.context.support.DependencyInjectionTestExecutionListener@27ead29e] to prepare test instance [party.pjc.blog.service.impl.TagServiceImplTest@352e612e]
java.lang.IllegalStateException: Failed to load ApplicationContext
	at org.springframework.test.context.DefaultCacheAwareContextLoaderDelegate.loadContext(DefaultCacheAwareContextLoaderDelegate.java:94)
	at org.springframework.test.context.DefaultTestContext.getApplicationContext(DefaultTestContext.java:72)
	at org.springframework.test.context.support.DependencyInjectionTestExecutionListener.injectDependencies(DependencyInjectionTestExecutionListener.java:117)
	at org.springframework.test.context.support.DependencyInjectionTestExecutionListener.prepareTestInstance(DependencyInjectionTestExecutionListener.java:83)
	at org.springframework.test.context.TestContextManager.prepareTestInstance(TestContextManager.java:212)
	at org.springframework.test.context.junit4.SpringJUnit4ClassRunner.createTest(SpringJUnit4ClassRunner.java:200)
	at org.springframework.test.context.junit4.SpringJUnit4ClassRunner$1.runReflectiveCall(SpringJUnit4ClassRunner.java:259)
	at org.junit.internal.runners.model.ReflectiveCallable.run(ReflectiveCallable.java:12)
	at org.springframework.test.context.junit4.SpringJUnit4ClassRunner.methodBlock(SpringJUnit4ClassRunner.java:261)
	at org.springframework.test.context.junit4.SpringJUnit4ClassRunner.runChild(SpringJUnit4ClassRunner.java:219)
	at org.springframework.test.context.junit4.SpringJUnit4ClassRunner.runChild(SpringJUnit4ClassRunner.java:83)
	at org.junit.runners.ParentRunner$3.run(ParentRunner.java:238)
	at org.junit.runners.ParentRunner$1.schedule(ParentRunner.java:63)
	at org.junit.runners.ParentRunner.runChildren(ParentRunner.java:236)
	at org.junit.runners.ParentRunner.access$000(ParentRunner.java:53)
	at org.junit.runners.ParentRunner$2.evaluate(ParentRunner.java:229)
	at org.springframework.test.context.junit4.statements.RunBeforeTestClassCallbacks.evaluate(RunBeforeTestClassCallbacks.java:61)
	at org.springframework.test.context.junit4.statements.RunAfterTestClassCallbacks.evaluate(RunAfterTestClassCallbacks.java:68)
	at org.junit.runners.ParentRunner.run(ParentRunner.java:309)
	at org.springframework.test.context.junit4.SpringJUnit4ClassRunner.run(SpringJUnit4ClassRunner.java:163)
	at org.apache.maven.surefire.junit4.JUnit4Provider.execute(JUnit4Provider.java:252)
	at org.apache.maven.surefire.junit4.JUnit4Provider.executeTestSet(JUnit4Provider.java:141)
	at org.apache.maven.surefire.junit4.JUnit4Provider.invoke(JUnit4Provider.java:112)
	at sun.reflect.NativeMethodAccessorImpl.invoke0(Native Method)
	at sun.reflect.NativeMethodAccessorImpl.invoke(NativeMethodAccessorImpl.java:62)
	at sun.reflect.DelegatingMethodAccessorImpl.invoke(DelegatingMethodAccessorImpl.java:43)
	at java.lang.reflect.Method.invoke(Method.java:498)
	at org.apache.maven.surefire.util.ReflectionUtils.invokeMethodWithArray(ReflectionUtils.java:189)
	at org.apache.maven.surefire.booter.ProviderFactory$ProviderProxy.invoke(ProviderFactory.java:165)
	at org.apache.maven.surefire.booter.ProviderFactory.invokeProvider(ProviderFactory.java:85)
	at org.apache.maven.surefire.booter.ForkedBooter.runSuitesInProcess(ForkedBooter.java:115)
	at org.apache.maven.surefire.booter.ForkedBooter.main(ForkedBooter.java:75)
Caused by: org.springframework.beans.factory.BeanCreationException: Error creating bean with name &apos;shiroFilter&apos; defined in class path resource [applicationContext.xml]: BeanPostProcessor before instantiation of bean failed; nested exception is org.springframework.beans.factory.BeanCreationException: Error creating bean with name &apos;org.apache.shiro.spring.security.interceptor.AuthorizationAttributeSourceAdvisor#0&apos; defined in class path resource [applicationContext.xml]: Cannot resolve reference to bean &apos;securityManager&apos; while setting bean property &apos;securityManager&apos;; nested exception is org.springframework.beans.factory.BeanCreationException: Error creating bean with name &apos;securityManager&apos; defined in class path resource [applicationContext.xml]: Cannot resolve reference to bean &apos;myRealm&apos; while setting bean property &apos;realm&apos;; nested exception is org.springframework.beans.factory.BeanCreationException: Error creating bean with name &apos;myRealm&apos;: Injection of autowired dependencies failed; nested exception is org.springframework.beans.factory.BeanCreationException: Could not autowire field: private party.pjc.blog.service.UserService party.pjc.blog.realm.MyRealm.userService; nested exception is java.lang.NoClassDefFoundError: javax/servlet/ServletContext
Related cause: org.springframework.beans.factory.BeanCurrentlyInCreationException: Error creating bean with name &apos;shiroFilter&apos;: Requested bean is currently in creation: Is there an unresolvable circular reference?
	at org.springframework.beans.factory.support.AbstractAutowireCapableBeanFactory.createBean(AbstractAutowireCapableBeanFactory.java:472)
	at org.springframework.beans.factory.support.AbstractBeanFactory$1.getObject(AbstractBeanFactory.java:303)
	at org.springframework.beans.factory.support.DefaultSingletonBeanRegistry.getSingleton(DefaultSingletonBeanRegistry.java:230)
	at org.springframework.beans.factory.support.AbstractBeanFactory.doGetBean(AbstractBeanFactory.java:299)
	at org.springframework.beans.factory.support.AbstractBeanFactory.getBean(AbstractBeanFactory.java:199)
	at org.springframework.context.support.PostProcessorRegistrationDelegate.registerBeanPostProcessors(PostProcessorRegistrationDelegate.java:232)
	at org.springframework.context.support.AbstractApplicationContext.registerBeanPostProcessors(AbstractApplicationContext.java:615)
	at org.springframework.context.support.AbstractApplicationContext.refresh(AbstractApplicationContext.java:465)
	at org.springframework.test.context.support.AbstractGenericContextLoader.loadContext(AbstractGenericContextLoader.java:125)
	at org.springframework.test.context.support.AbstractGenericContextLoader.loadContext(AbstractGenericContextLoader.java:60)
	at org.springframework.test.context.support.AbstractDelegatingSmartContextLoader.delegateLoading(AbstractDelegatingSmartContextLoader.java:109)
	at org.springframework.test.context.support.AbstractDelegatingSmartContextLoader.loadContext(AbstractDelegatingSmartContextLoader.java:261)
	at org.springframework.test.context.DefaultCacheAwareContextLoaderDelegate.loadContextInternal(DefaultCacheAwareContextLoaderDelegate.java:68)
	at org.springframework.test.context.DefaultCacheAwareContextLoaderDelegate.loadContext(DefaultCacheAwareContextLoaderDelegate.java:86)
	... 31 more
Caused by: org.springframework.beans.factory.BeanCreationException: Error creating bean with name &apos;org.apache.shiro.spring.security.interceptor.AuthorizationAttributeSourceAdvisor#0&apos; defined in class path resource [applicationContext.xml]: Cannot resolve reference to bean &apos;securityManager&apos; while setting bean property &apos;securityManager&apos;; nested exception is org.springframework.beans.factory.BeanCreationException: Error creating bean with name &apos;securityManager&apos; defined in class path resource [applicationContext.xml]: Cannot resolve reference to bean &apos;myRealm&apos; while setting bean property &apos;realm&apos;; nested exception is org.springframework.beans.factory.BeanCreationException: Error creating bean with name &apos;myRealm&apos;: Injection of autowired dependencies failed; nested exception is org.springframework.beans.factory.BeanCreationException: Could not autowire field: private party.pjc.blog.service.UserService party.pjc.blog.realm.MyRealm.userService; nested exception is java.lang.NoClassDefFoundError: javax/servlet/ServletContext
	at org.springframework.beans.factory.support.BeanDefinitionValueResolver.resolveReference(BeanDefinitionValueResolver.java:359)
	at org.springframework.beans.factory.support.BeanDefinitionValueResolver.resolveValueIfNecessary(BeanDefinitionValueResolver.java:108)
	at org.springframework.beans.factory.support.AbstractAutowireCapableBeanFactory.applyPropertyValues(AbstractAutowireCapableBeanFactory.java:1477)
	at org.springframework.beans.factory.support.AbstractAutowireCapableBeanFactory.populateBean(AbstractAutowireCapableBeanFactory.java:1222)
	at org.springframework.beans.factory.support.AbstractAutowireCapableBeanFactory.doCreateBean(AbstractAutowireCapableBeanFactory.java:537)
	at org.springframework.beans.factory.support.AbstractAutowireCapableBeanFactory.createBean(AbstractAutowireCapableBeanFactory.java:476)
	at org.springframework.beans.factory.support.AbstractBeanFactory$1.getObject(AbstractBeanFactory.java:303)
	at org.springframework.beans.factory.support.DefaultSingletonBeanRegistry.getSingleton(DefaultSingletonBeanRegistry.java:230)
	at org.springframework.beans.factory.support.AbstractBeanFactory.doGetBean(AbstractBeanFactory.java:299)
	at org.springframework.beans.factory.support.AbstractBeanFactory.getBean(AbstractBeanFactory.java:199)
	at org.springframework.aop.framework.autoproxy.BeanFactoryAdvisorRetrievalHelper.findAdvisorBeans(BeanFactoryAdvisorRetrievalHelper.java:92)
	at org.springframework.aop.framework.autoproxy.AbstractAdvisorAutoProxyCreator.findCandidateAdvisors(AbstractAdvisorAutoProxyCreator.java:101)
	at org.springframework.aop.aspectj.autoproxy.AspectJAwareAdvisorAutoProxyCreator.shouldSkip(AspectJAwareAdvisorAutoProxyCreator.java:103)
	at org.springframework.aop.framework.autoproxy.AbstractAutoProxyCreator.postProcessBeforeInstantiation(AbstractAutoProxyCreator.java:243)
	at org.springframework.beans.factory.support.AbstractAutowireCapableBeanFactory.applyBeanPostProcessorsBeforeInstantiation(AbstractAutowireCapableBeanFactory.java:984)
	at org.springframework.beans.factory.support.AbstractAutowireCapableBeanFactory.resolveBeforeInstantiation(AbstractAutowireCapableBeanFactory.java:955)
	at org.springframework.beans.factory.support.AbstractAutowireCapableBeanFactory.createBean(AbstractAutowireCapableBeanFactory.java:466)
	... 44 more
Caused by: org.springframework.beans.factory.BeanCreationException: Error creating bean with name &apos;securityManager&apos; defined in class path resource [applicationContext.xml]: Cannot resolve reference to bean &apos;myRealm&apos; while setting bean property &apos;realm&apos;; nested exception is org.springframework.beans.factory.BeanCreationException: Error creating bean with name &apos;myRealm&apos;: Injection of autowired dependencies failed; nested exception is org.springframework.beans.factory.BeanCreationException: Could not autowire field: private party.pjc.blog.service.UserService party.pjc.blog.realm.MyRealm.userService; nested exception is java.lang.NoClassDefFoundError: javax/servlet/ServletContext
	at org.springframework.beans.factory.support.BeanDefinitionValueResolver.resolveReference(BeanDefinitionValueResolver.java:359)
	at org.springframework.beans.factory.support.BeanDefinitionValueResolver.resolveValueIfNecessary(BeanDefinitionValueResolver.java:108)
	at org.springframework.beans.factory.support.AbstractAutowireCapableBeanFactory.applyPropertyValues(AbstractAutowireCapableBeanFactory.java:1477)
	at org.springframework.beans.factory.support.AbstractAutowireCapableBeanFactory.populateBean(AbstractAutowireCapableBeanFactory.java:1222)
	at org.springframework.beans.factory.support.AbstractAutowireCapableBeanFactory.doCreateBean(AbstractAutowireCapableBeanFactory.java:537)
	at org.springframework.beans.factory.support.AbstractAutowireCapableBeanFactory.createBean(AbstractAutowireCapableBeanFactory.java:476)
	at org.springframework.beans.factory.support.AbstractBeanFactory$1.getObject(AbstractBeanFactory.java:303)
	at org.springframework.beans.factory.support.DefaultSingletonBeanRegistry.getSingleton(DefaultSingletonBeanRegistry.java:230)
	at org.springframework.beans.factory.support.AbstractBeanFactory.doGetBean(AbstractBeanFactory.java:299)
	at org.springframework.beans.factory.support.AbstractBeanFactory.getBean(AbstractBeanFactory.java:194)
	at org.springframework.beans.factory.support.BeanDefinitionValueResolver.resolveReference(BeanDefinitionValueResolver.java:351)
	... 60 more
Caused by: org.springframework.beans.factory.BeanCreationException: Error creating bean with name &apos;myRealm&apos;: Injection of autowired dependencies failed; nested exception is org.springframework.beans.factory.BeanCreationException: Could not autowire field: private party.pjc.blog.service.UserService party.pjc.blog.realm.MyRealm.userService; nested exception is java.lang.NoClassDefFoundError: javax/servlet/ServletContext
	at org.springframework.beans.factory.annotation.AutowiredAnnotationBeanPostProcessor.postProcessPropertyValues(AutowiredAnnotationBeanPostProcessor.java:334)
	at org.springframework.beans.factory.support.AbstractAutowireCapableBeanFactory.populateBean(AbstractAutowireCapableBeanFactory.java:1210)
	at org.springframework.beans.factory.support.AbstractAutowireCapableBeanFactory.doCreateBean(AbstractAutowireCapableBeanFactory.java:537)
	at org.springframework.beans.factory.support.AbstractAutowireCapableBeanFactory.createBean(AbstractAutowireCapableBeanFactory.java:476)
	at org.springframework.beans.factory.support.AbstractBeanFactory$1.getObject(AbstractBeanFactory.java:303)
	at org.springframework.beans.factory.support.DefaultSingletonBeanRegistry.getSingleton(DefaultSingletonBeanRegistry.java:230)
	at org.springframework.beans.factory.support.AbstractBeanFactory.doGetBean(AbstractBeanFactory.java:299)
	at org.springframework.beans.factory.support.AbstractBeanFactory.getBean(AbstractBeanFactory.java:194)
	at org.springframework.beans.factory.support.BeanDefinitionValueResolver.resolveReference(BeanDefinitionValueResolver.java:351)
	... 70 more
Caused by: org.springframework.beans.factory.BeanCreationException: Could not autowire field: private party.pjc.blog.service.UserService party.pjc.blog.realm.MyRealm.userService; nested exception is java.lang.NoClassDefFoundError: javax/servlet/ServletContext
	at org.springframework.beans.factory.annotation.AutowiredAnnotationBeanPostProcessor$AutowiredFieldElement.inject(AutowiredAnnotationBeanPostProcessor.java:561)
	at org.springframework.beans.factory.annotation.InjectionMetadata.inject(InjectionMetadata.java:88)
	at org.springframework.beans.factory.annotation.AutowiredAnnotationBeanPostProcessor.postProcessPropertyValues(AutowiredAnnotationBeanPostProcessor.java:331)
	... 78 more
Caused by: java.lang.NoClassDefFoundError: javax/servlet/ServletContext
	at java.lang.Class.getDeclaredMethods0(Native Method)
	at java.lang.Class.privateGetDeclaredMethods(Class.java:2701)
	at java.lang.Class.getDeclaredMethods(Class.java:1975)
	at org.springframework.util.ReflectionUtils.getDeclaredMethods(ReflectionUtils.java:572)
	at org.springframework.util.ReflectionUtils.doWithMethods(ReflectionUtils.java:489)
	at org.springframework.util.ReflectionUtils.doWithMethods(ReflectionUtils.java:475)
	at org.springframework.beans.factory.annotation.AutowiredAnnotationBeanPostProcessor.determineCandidateConstructors(AutowiredAnnotationBeanPostProcessor.java:241)
	at org.springframework.beans.factory.support.AbstractAutowireCapableBeanFactory.determineConstructorsFromBeanPostProcessors(AbstractAutowireCapableBeanFactory.java:1065)
	at org.springframework.beans.factory.support.AbstractAutowireCapableBeanFactory.createBeanInstance(AbstractAutowireCapableBeanFactory.java:1038)
	at org.springframework.beans.factory.support.AbstractAutowireCapableBeanFactory.getSingletonFactoryBeanForTypeCheck(AbstractAutowireCapableBeanFactory.java:860)
	at org.springframework.beans.factory.support.AbstractAutowireCapableBeanFactory.getTypeForFactoryBean(AbstractAutowireCapableBeanFactory.java:790)
	at org.springframework.beans.factory.support.AbstractBeanFactory.isTypeMatch(AbstractBeanFactory.java:542)
	at org.springframework.beans.factory.support.DefaultListableBeanFactory.doGetBeanNamesForType(DefaultListableBeanFactory.java:436)
	at org.springframework.beans.factory.support.DefaultListableBeanFactory.getBeanNamesForType(DefaultListableBeanFactory.java:404)
	at org.springframework.beans.factory.BeanFactoryUtils.beanNamesForTypeIncludingAncestors(BeanFactoryUtils.java:186)
	at org.springframework.beans.factory.support.DefaultListableBeanFactory.findAutowireCandidates(DefaultListableBeanFactory.java:1105)
	at org.springframework.beans.factory.support.DefaultListableBeanFactory.doResolveDependency(DefaultListableBeanFactory.java:1044)
	at org.springframework.beans.factory.support.DefaultListableBeanFactory.resolveDependency(DefaultListableBeanFactory.java:942)
	at org.springframework.beans.factory.annotation.AutowiredAnnotationBeanPostProcessor$AutowiredFieldElement.inject(AutowiredAnnotationBeanPostProcessor.java:533)
	... 80 more
Caused by: java.lang.ClassNotFoundException: javax.servlet.ServletContext
	at java.net.URLClassLoader.findClass(URLClassLoader.java:381)
	at java.lang.ClassLoader.loadClass(ClassLoader.java:424)
	at sun.misc.Launcher$AppClassLoader.loadClass(Launcher.java:335)
	at java.lang.ClassLoader.loadClass(ClassLoader.java:357)
	... 99 more
</system-out>
  </testcase>
  <testcase classname="party.pjc.blog.service.impl.TagServiceImplTest" name="testFindTagByTagName" time="0">
    <error message="Failed to load ApplicationContext" type="java.lang.IllegalStateException">java.lang.IllegalStateException: Failed to load ApplicationContext
	at org.springframework.test.context.DefaultCacheAwareContextLoaderDelegate.loadContext(DefaultCacheAwareContextLoaderDelegate.java:94)
	at org.springframework.test.context.DefaultTestContext.getApplicationContext(DefaultTestContext.java:72)
	at org.springframework.test.context.support.DependencyInjectionTestExecutionListener.injectDependencies(DependencyInjectionTestExecutionListener.java:117)
	at org.springframework.test.context.support.DependencyInjectionTestExecutionListener.prepareTestInstance(DependencyInjectionTestExecutionListener.java:83)
	at org.springframework.test.context.TestContextManager.prepareTestInstance(TestContextManager.java:212)
	at org.springframework.test.context.junit4.SpringJUnit4ClassRunner.createTest(SpringJUnit4ClassRunner.java:200)
	at org.springframework.test.context.junit4.SpringJUnit4ClassRunner$1.runReflectiveCall(SpringJUnit4ClassRunner.java:259)
	at org.junit.internal.runners.model.ReflectiveCallable.run(ReflectiveCallable.java:12)
	at org.springframework.test.context.junit4.SpringJUnit4ClassRunner.methodBlock(SpringJUnit4ClassRunner.java:261)
	at org.springframework.test.context.junit4.SpringJUnit4ClassRunner.runChild(SpringJUnit4ClassRunner.java:219)
	at org.springframework.test.context.junit4.SpringJUnit4ClassRunner.runChild(SpringJUnit4ClassRunner.java:83)
	at org.junit.runners.ParentRunner$3.run(ParentRunner.java:238)
	at org.junit.runners.ParentRunner$1.schedule(ParentRunner.java:63)
	at org.junit.runners.ParentRunner.runChildren(ParentRunner.java:236)
	at org.junit.runners.ParentRunner.access$000(ParentRunner.java:53)
	at org.junit.runners.ParentRunner$2.evaluate(ParentRunner.java:229)
	at org.springframework.test.context.junit4.statements.RunBeforeTestClassCallbacks.evaluate(RunBeforeTestClassCallbacks.java:61)
	at org.springframework.test.context.junit4.statements.RunAfterTestClassCallbacks.evaluate(RunAfterTestClassCallbacks.java:68)
	at org.junit.runners.ParentRunner.run(ParentRunner.java:309)
	at org.springframework.test.context.junit4.SpringJUnit4ClassRunner.run(SpringJUnit4ClassRunner.java:163)
	at org.apache.maven.surefire.junit4.JUnit4Provider.execute(JUnit4Provider.java:252)
	at org.apache.maven.surefire.junit4.JUnit4Provider.executeTestSet(JUnit4Provider.java:141)
	at org.apache.maven.surefire.junit4.JUnit4Provider.invoke(JUnit4Provider.java:112)
	at sun.reflect.NativeMethodAccessorImpl.invoke0(Native Method)
	at sun.reflect.NativeMethodAccessorImpl.invoke(NativeMethodAccessorImpl.java:62)
	at sun.reflect.DelegatingMethodAccessorImpl.invoke(DelegatingMethodAccessorImpl.java:43)
	at java.lang.reflect.Method.invoke(Method.java:498)
	at org.apache.maven.surefire.util.ReflectionUtils.invokeMethodWithArray(ReflectionUtils.java:189)
	at org.apache.maven.surefire.booter.ProviderFactory$ProviderProxy.invoke(ProviderFactory.java:165)
	at org.apache.maven.surefire.booter.ProviderFactory.invokeProvider(ProviderFactory.java:85)
	at org.apache.maven.surefire.booter.ForkedBooter.runSuitesInProcess(ForkedBooter.java:115)
	at org.apache.maven.surefire.booter.ForkedBooter.main(ForkedBooter.java:75)
Caused by: org.springframework.beans.factory.BeanCreationException: Error creating bean with name &apos;shiroFilter&apos; defined in class path resource [applicationContext.xml]: BeanPostProcessor before instantiation of bean failed; nested exception is org.springframework.beans.factory.BeanCreationException: Error creating bean with name &apos;org.apache.shiro.spring.security.interceptor.AuthorizationAttributeSourceAdvisor#0&apos; defined in class path resource [applicationContext.xml]: Cannot resolve reference to bean &apos;securityManager&apos; while setting bean property &apos;securityManager&apos;; nested exception is org.springframework.beans.factory.BeanCreationException: Error creating bean with name &apos;securityManager&apos; defined in class path resource [applicationContext.xml]: Cannot resolve reference to bean &apos;myRealm&apos; while setting bean property &apos;realm&apos;; nested exception is org.springframework.beans.factory.BeanCreationException: Error creating bean with name &apos;myRealm&apos;: Injection of autowired dependencies failed; nested exception is org.springframework.beans.factory.BeanCreationException: Could not autowire field: private party.pjc.blog.service.UserService party.pjc.blog.realm.MyRealm.userService; nested exception is java.lang.NoClassDefFoundError: javax/servlet/ServletContext
Related cause: org.springframework.beans.factory.BeanCurrentlyInCreationException: Error creating bean with name &apos;shiroFilter&apos;: Requested bean is currently in creation: Is there an unresolvable circular reference?
	at org.springframework.beans.factory.support.AbstractAutowireCapableBeanFactory.createBean(AbstractAutowireCapableBeanFactory.java:472)
	at org.springframework.beans.factory.support.AbstractBeanFactory$1.getObject(AbstractBeanFactory.java:303)
	at org.springframework.beans.factory.support.DefaultSingletonBeanRegistry.getSingleton(DefaultSingletonBeanRegistry.java:230)
	at org.springframework.beans.factory.support.AbstractBeanFactory.doGetBean(AbstractBeanFactory.java:299)
	at org.springframework.beans.factory.support.AbstractBeanFactory.getBean(AbstractBeanFactory.java:199)
	at org.springframework.context.support.PostProcessorRegistrationDelegate.registerBeanPostProcessors(PostProcessorRegistrationDelegate.java:232)
	at org.springframework.context.support.AbstractApplicationContext.registerBeanPostProcessors(AbstractApplicationContext.java:615)
	at org.springframework.context.support.AbstractApplicationContext.refresh(AbstractApplicationContext.java:465)
	at org.springframework.test.context.support.AbstractGenericContextLoader.loadContext(AbstractGenericContextLoader.java:125)
	at org.springframework.test.context.support.AbstractGenericContextLoader.loadContext(AbstractGenericContextLoader.java:60)
	at org.springframework.test.context.support.AbstractDelegatingSmartContextLoader.delegateLoading(AbstractDelegatingSmartContextLoader.java:109)
	at org.springframework.test.context.support.AbstractDelegatingSmartContextLoader.loadContext(AbstractDelegatingSmartContextLoader.java:261)
	at org.springframework.test.context.DefaultCacheAwareContextLoaderDelegate.loadContextInternal(DefaultCacheAwareContextLoaderDelegate.java:68)
	at org.springframework.test.context.DefaultCacheAwareContextLoaderDelegate.loadContext(DefaultCacheAwareContextLoaderDelegate.java:86)
	... 31 more
Caused by: org.springframework.beans.factory.BeanCreationException: Error creating bean with name &apos;org.apache.shiro.spring.security.interceptor.AuthorizationAttributeSourceAdvisor#0&apos; defined in class path resource [applicationContext.xml]: Cannot resolve reference to bean &apos;securityManager&apos; while setting bean property &apos;securityManager&apos;; nested exception is org.springframework.beans.factory.BeanCreationException: Error creating bean with name &apos;securityManager&apos; defined in class path resource [applicationContext.xml]: Cannot resolve reference to bean &apos;myRealm&apos; while setting bean property &apos;realm&apos;; nested exception is org.springframework.beans.factory.BeanCreationException: Error creating bean with name &apos;myRealm&apos;: Injection of autowired dependencies failed; nested exception is org.springframework.beans.factory.BeanCreationException: Could not autowire field: private party.pjc.blog.service.UserService party.pjc.blog.realm.MyRealm.userService; nested exception is java.lang.NoClassDefFoundError: javax/servlet/ServletContext
	at org.springframework.beans.factory.support.BeanDefinitionValueResolver.resolveReference(BeanDefinitionValueResolver.java:359)
	at org.springframework.beans.factory.support.BeanDefinitionValueResolver.resolveValueIfNecessary(BeanDefinitionValueResolver.java:108)
	at org.springframework.beans.factory.support.AbstractAutowireCapableBeanFactory.applyPropertyValues(AbstractAutowireCapableBeanFactory.java:1477)
	at org.springframework.beans.factory.support.AbstractAutowireCapableBeanFactory.populateBean(AbstractAutowireCapableBeanFactory.java:1222)
	at org.springframework.beans.factory.support.AbstractAutowireCapableBeanFactory.doCreateBean(AbstractAutowireCapableBeanFactory.java:537)
	at org.springframework.beans.factory.support.AbstractAutowireCapableBeanFactory.createBean(AbstractAutowireCapableBeanFactory.java:476)
	at org.springframework.beans.factory.support.AbstractBeanFactory$1.getObject(AbstractBeanFactory.java:303)
	at org.springframework.beans.factory.support.DefaultSingletonBeanRegistry.getSingleton(DefaultSingletonBeanRegistry.java:230)
	at org.springframework.beans.factory.support.AbstractBeanFactory.doGetBean(AbstractBeanFactory.java:299)
	at org.springframework.beans.factory.support.AbstractBeanFactory.getBean(AbstractBeanFactory.java:199)
	at org.springframework.aop.framework.autoproxy.BeanFactoryAdvisorRetrievalHelper.findAdvisorBeans(BeanFactoryAdvisorRetrievalHelper.java:92)
	at org.springframework.aop.framework.autoproxy.AbstractAdvisorAutoProxyCreator.findCandidateAdvisors(AbstractAdvisorAutoProxyCreator.java:101)
	at org.springframework.aop.aspectj.autoproxy.AspectJAwareAdvisorAutoProxyCreator.shouldSkip(AspectJAwareAdvisorAutoProxyCreator.java:103)
	at org.springframework.aop.framework.autoproxy.AbstractAutoProxyCreator.postProcessBeforeInstantiation(AbstractAutoProxyCreator.java:243)
	at org.springframework.beans.factory.support.AbstractAutowireCapableBeanFactory.applyBeanPostProcessorsBeforeInstantiation(AbstractAutowireCapableBeanFactory.java:984)
	at org.springframework.beans.factory.support.AbstractAutowireCapableBeanFactory.resolveBeforeInstantiation(AbstractAutowireCapableBeanFactory.java:955)
	at org.springframework.beans.factory.support.AbstractAutowireCapableBeanFactory.createBean(AbstractAutowireCapableBeanFactory.java:466)
	... 44 more
Caused by: org.springframework.beans.factory.BeanCreationException: Error creating bean with name &apos;securityManager&apos; defined in class path resource [applicationContext.xml]: Cannot resolve reference to bean &apos;myRealm&apos; while setting bean property &apos;realm&apos;; nested exception is org.springframework.beans.factory.BeanCreationException: Error creating bean with name &apos;myRealm&apos;: Injection of autowired dependencies failed; nested exception is org.springframework.beans.factory.BeanCreationException: Could not autowire field: private party.pjc.blog.service.UserService party.pjc.blog.realm.MyRealm.userService; nested exception is java.lang.NoClassDefFoundError: javax/servlet/ServletContext
	at org.springframework.beans.factory.support.BeanDefinitionValueResolver.resolveReference(BeanDefinitionValueResolver.java:359)
	at org.springframework.beans.factory.support.BeanDefinitionValueResolver.resolveValueIfNecessary(BeanDefinitionValueResolver.java:108)
	at org.springframework.beans.factory.support.AbstractAutowireCapableBeanFactory.applyPropertyValues(AbstractAutowireCapableBeanFactory.java:1477)
	at org.springframework.beans.factory.support.AbstractAutowireCapableBeanFactory.populateBean(AbstractAutowireCapableBeanFactory.java:1222)
	at org.springframework.beans.factory.support.AbstractAutowireCapableBeanFactory.doCreateBean(AbstractAutowireCapableBeanFactory.java:537)
	at org.springframework.beans.factory.support.AbstractAutowireCapableBeanFactory.createBean(AbstractAutowireCapableBeanFactory.java:476)
	at org.springframework.beans.factory.support.AbstractBeanFactory$1.getObject(AbstractBeanFactory.java:303)
	at org.springframework.beans.factory.support.DefaultSingletonBeanRegistry.getSingleton(DefaultSingletonBeanRegistry.java:230)
	at org.springframework.beans.factory.support.AbstractBeanFactory.doGetBean(AbstractBeanFactory.java:299)
	at org.springframework.beans.factory.support.AbstractBeanFactory.getBean(AbstractBeanFactory.java:194)
	at org.springframework.beans.factory.support.BeanDefinitionValueResolver.resolveReference(BeanDefinitionValueResolver.java:351)
	... 60 more
Caused by: org.springframework.beans.factory.BeanCreationException: Error creating bean with name &apos;myRealm&apos;: Injection of autowired dependencies failed; nested exception is org.springframework.beans.factory.BeanCreationException: Could not autowire field: private party.pjc.blog.service.UserService party.pjc.blog.realm.MyRealm.userService; nested exception is java.lang.NoClassDefFoundError: javax/servlet/ServletContext
	at org.springframework.beans.factory.annotation.AutowiredAnnotationBeanPostProcessor.postProcessPropertyValues(AutowiredAnnotationBeanPostProcessor.java:334)
	at org.springframework.beans.factory.support.AbstractAutowireCapableBeanFactory.populateBean(AbstractAutowireCapableBeanFactory.java:1210)
	at org.springframework.beans.factory.support.AbstractAutowireCapableBeanFactory.doCreateBean(AbstractAutowireCapableBeanFactory.java:537)
	at org.springframework.beans.factory.support.AbstractAutowireCapableBeanFactory.createBean(AbstractAutowireCapableBeanFactory.java:476)
	at org.springframework.beans.factory.support.AbstractBeanFactory$1.getObject(AbstractBeanFactory.java:303)
	at org.springframework.beans.factory.support.DefaultSingletonBeanRegistry.getSingleton(DefaultSingletonBeanRegistry.java:230)
	at org.springframework.beans.factory.support.AbstractBeanFactory.doGetBean(AbstractBeanFactory.java:299)
	at org.springframework.beans.factory.support.AbstractBeanFactory.getBean(AbstractBeanFactory.java:194)
	at org.springframework.beans.factory.support.BeanDefinitionValueResolver.resolveReference(BeanDefinitionValueResolver.java:351)
	... 70 more
Caused by: org.springframework.beans.factory.BeanCreationException: Could not autowire field: private party.pjc.blog.service.UserService party.pjc.blog.realm.MyRealm.userService; nested exception is java.lang.NoClassDefFoundError: javax/servlet/ServletContext
	at org.springframework.beans.factory.annotation.AutowiredAnnotationBeanPostProcessor$AutowiredFieldElement.inject(AutowiredAnnotationBeanPostProcessor.java:561)
	at org.springframework.beans.factory.annotation.InjectionMetadata.inject(InjectionMetadata.java:88)
	at org.springframework.beans.factory.annotation.AutowiredAnnotationBeanPostProcessor.postProcessPropertyValues(AutowiredAnnotationBeanPostProcessor.java:331)
	... 78 more
Caused by: java.lang.NoClassDefFoundError: javax/servlet/ServletContext
	at java.lang.Class.getDeclaredMethods0(Native Method)
	at java.lang.Class.privateGetDeclaredMethods(Class.java:2701)
	at java.lang.Class.getDeclaredMethods(Class.java:1975)
	at org.springframework.util.ReflectionUtils.getDeclaredMethods(ReflectionUtils.java:572)
	at org.springframework.util.ReflectionUtils.doWithMethods(ReflectionUtils.java:489)
	at org.springframework.util.ReflectionUtils.doWithMethods(ReflectionUtils.java:475)
	at org.springframework.beans.factory.annotation.AutowiredAnnotationBeanPostProcessor.determineCandidateConstructors(AutowiredAnnotationBeanPostProcessor.java:241)
	at org.springframework.beans.factory.support.AbstractAutowireCapableBeanFactory.determineConstructorsFromBeanPostProcessors(AbstractAutowireCapableBeanFactory.java:1065)
	at org.springframework.beans.factory.support.AbstractAutowireCapableBeanFactory.createBeanInstance(AbstractAutowireCapableBeanFactory.java:1038)
	at org.springframework.beans.factory.support.AbstractAutowireCapableBeanFactory.getSingletonFactoryBeanForTypeCheck(AbstractAutowireCapableBeanFactory.java:860)
	at org.springframework.beans.factory.support.AbstractAutowireCapableBeanFactory.getTypeForFactoryBean(AbstractAutowireCapableBeanFactory.java:790)
	at org.springframework.beans.factory.support.AbstractBeanFactory.isTypeMatch(AbstractBeanFactory.java:542)
	at org.springframework.beans.factory.support.DefaultListableBeanFactory.doGetBeanNamesForType(DefaultListableBeanFactory.java:436)
	at org.springframework.beans.factory.support.DefaultListableBeanFactory.getBeanNamesForType(DefaultListableBeanFactory.java:404)
	at org.springframework.beans.factory.BeanFactoryUtils.beanNamesForTypeIncludingAncestors(BeanFactoryUtils.java:186)
	at org.springframework.beans.factory.support.DefaultListableBeanFactory.findAutowireCandidates(DefaultListableBeanFactory.java:1105)
	at org.springframework.beans.factory.support.DefaultListableBeanFactory.doResolveDependency(DefaultListableBeanFactory.java:1044)
	at org.springframework.beans.factory.support.DefaultListableBeanFactory.resolveDependency(DefaultListableBeanFactory.java:942)
	at org.springframework.beans.factory.annotation.AutowiredAnnotationBeanPostProcessor$AutowiredFieldElement.inject(AutowiredAnnotationBeanPostProcessor.java:533)
	... 80 more
Caused by: java.lang.ClassNotFoundException: javax.servlet.ServletContext
	at java.net.URLClassLoader.findClass(URLClassLoader.java:381)
	at java.lang.ClassLoader.loadClass(ClassLoader.java:424)
	at sun.misc.Launcher$AppClassLoader.loadClass(Launcher.java:335)
	at java.lang.ClassLoader.loadClass(ClassLoader.java:357)
	... 99 more
</error>
    <system-out>[DEBUG] 2017-05-22 02:54:36,285 method:org.springframework.test.annotation.ProfileValueUtils.retrieveProfileValueSource(ProfileValueUtils.java:71)
Retrieved @ProfileValueSourceConfiguration [null] for test class [party.pjc.blog.service.impl.TagServiceImplTest]
[DEBUG] 2017-05-22 02:54:36,285 method:org.springframework.test.annotation.ProfileValueUtils.retrieveProfileValueSource(ProfileValueUtils.java:83)
Retrieved ProfileValueSource type [class org.springframework.test.annotation.SystemProfileValueSource] for class [party.pjc.blog.service.impl.TagServiceImplTest]
[DEBUG] 2017-05-22 02:54:36,286 method:org.springframework.test.context.support.DependencyInjectionTestExecutionListener.prepareTestInstance(DependencyInjectionTestExecutionListener.java:81)
Performing dependency injection for test context [[DefaultTestContext@49b07ee3 testClass = TagServiceImplTest, testInstance = party.pjc.blog.service.impl.TagServiceImplTest@c9d82f9, testMethod = [null], testException = [null], mergedContextConfiguration = [MergedContextConfiguration@65f00478 testClass = TagServiceImplTest, locations = &apos;{classpath:applicationContext.xml, classpath:spring-mvc.xml}&apos;, classes = &apos;{}&apos;, contextInitializerClasses = &apos;[]&apos;, activeProfiles = &apos;{}&apos;, propertySourceLocations = &apos;{}&apos;, propertySourceProperties = &apos;{}&apos;, contextLoader = &apos;org.springframework.test.context.support.DelegatingSmartContextLoader&apos;, parent = [null]]]].
[DEBUG] 2017-05-22 02:54:36,286 method:org.springframework.test.context.support.AbstractDelegatingSmartContextLoader.delegateLoading(AbstractDelegatingSmartContextLoader.java:107)
Delegating to GenericXmlContextLoader to load context from [MergedContextConfiguration@65f00478 testClass = TagServiceImplTest, locations = &apos;{classpath:applicationContext.xml, classpath:spring-mvc.xml}&apos;, classes = &apos;{}&apos;, contextInitializerClasses = &apos;[]&apos;, activeProfiles = &apos;{}&apos;, propertySourceLocations = &apos;{}&apos;, propertySourceProperties = &apos;{}&apos;, contextLoader = &apos;org.springframework.test.context.support.DelegatingSmartContextLoader&apos;, parent = [null]].
[DEBUG] 2017-05-22 02:54:36,286 method:org.springframework.test.context.support.AbstractGenericContextLoader.loadContext(AbstractGenericContextLoader.java:107)
Loading ApplicationContext for merged context configuration [[MergedContextConfiguration@65f00478 testClass = TagServiceImplTest, locations = &apos;{classpath:applicationContext.xml, classpath:spring-mvc.xml}&apos;, classes = &apos;{}&apos;, contextInitializerClasses = &apos;[]&apos;, activeProfiles = &apos;{}&apos;, propertySourceLocations = &apos;{}&apos;, propertySourceProperties = &apos;{}&apos;, contextLoader = &apos;org.springframework.test.context.support.DelegatingSmartContextLoader&apos;, parent = [null]]].
[DEBUG] 2017-05-22 02:54:36,287 method:org.springframework.core.env.MutablePropertySources.addLast(MutablePropertySources.java:109)
Adding [systemProperties] PropertySource with lowest search precedence
[DEBUG] 2017-05-22 02:54:36,287 method:org.springframework.core.env.MutablePropertySources.addLast(MutablePropertySources.java:109)
Adding [systemEnvironment] PropertySource with lowest search precedence
[DEBUG] 2017-05-22 02:54:36,287 method:org.springframework.core.env.AbstractEnvironment.&lt;init&gt;(AbstractEnvironment.java:126)
Initialized StandardEnvironment with PropertySources [systemProperties,systemEnvironment]
[INFO ] 2017-05-22 02:54:36,287 method:org.springframework.beans.factory.xml.XmlBeanDefinitionReader.loadBeanDefinitions(XmlBeanDefinitionReader.java:317)
Loading XML bean definitions from class path resource [applicationContext.xml]
[DEBUG] 2017-05-22 02:54:36,288 method:org.springframework.beans.factory.xml.DefaultDocumentLoader.loadDocument(DefaultDocumentLoader.java:73)
Using JAXP provider [com.sun.org.apache.xerces.internal.jaxp.DocumentBuilderFactoryImpl]
[DEBUG] 2017-05-22 02:54:36,289 method:org.springframework.beans.factory.xml.PluggableSchemaResolver.getSchemaMappings(PluggableSchemaResolver.java:141)
Loading schema mappings from [META-INF/spring.schemas]
[DEBUG] 2017-05-22 02:54:36,291 method:org.springframework.beans.factory.xml.PluggableSchemaResolver.getSchemaMappings(PluggableSchemaResolver.java:147)
Loaded schema mappings: {http://www.springframework.org/schema/tx/spring-tx-2.5.xsd=org/springframework/transaction/config/spring-tx-2.5.xsd, http://www.springframework.org/schema/aop/spring-aop-4.1.xsd=org/springframework/aop/config/spring-aop-4.1.xsd, http://www.springframework.org/schema/context/spring-context-3.1.xsd=org/springframework/context/config/spring-context-3.1.xsd, http://www.springframework.org/schema/jdbc/spring-jdbc-4.1.xsd=org/springframework/jdbc/config/spring-jdbc-4.1.xsd, http://www.springframework.org/schema/util/spring-util-3.0.xsd=org/springframework/beans/factory/xml/spring-util-3.0.xsd, http://www.springframework.org/schema/mvc/spring-mvc-4.1.xsd=org/springframework/web/servlet/config/spring-mvc-4.1.xsd, http://mybatis.org/schema/mybatis-spring-1.2.xsd=org/mybatis/spring/config/mybatis-spring-1.2.xsd, http://www.springframework.org/schema/aop/spring-aop-3.2.xsd=org/springframework/aop/config/spring-aop-3.2.xsd, http://www.springframework.org/schema/tool/spring-tool.xsd=org/springframework/beans/factory/xml/spring-tool-4.1.xsd, http://www.springframework.org/schema/lang/spring-lang-4.1.xsd=org/springframework/scripting/config/spring-lang-4.1.xsd, http://www.springframework.org/schema/context/spring-context-4.0.xsd=org/springframework/context/config/spring-context-4.0.xsd, http://www.springframework.org/schema/mvc/spring-mvc-3.2.xsd=org/springframework/web/servlet/config/spring-mvc-3.2.xsd, http://www.springframework.org/schema/tool/spring-tool-4.1.xsd=org/springframework/beans/factory/xml/spring-tool-4.1.xsd, http://www.springframework.org/schema/lang/spring-lang-3.2.xsd=org/springframework/scripting/config/spring-lang-3.2.xsd, http://www.springframework.org/schema/cache/spring-cache-3.2.xsd=org/springframework/cache/config/spring-cache-3.2.xsd, http://www.springframework.org/schema/jee/spring-jee-4.1.xsd=org/springframework/ejb/config/spring-jee-4.1.xsd, http://www.springframework.org/schema/jdbc/spring-jdbc-3.1.xsd=org/springframework/jdbc/config/spring-jdbc-3.1.xsd, http://www.springframework.org/schema/util/spring-util-2.0.xsd=org/springframework/beans/factory/xml/spring-util-2.0.xsd, http://www.springframework.org/schema/tool/spring-tool-3.2.xsd=org/springframework/beans/factory/xml/spring-tool-3.2.xsd, http://www.springframework.org/schema/context/spring-context.xsd=org/springframework/context/config/spring-context-4.1.xsd, http://www.springframework.org/schema/cache/spring-cache-4.1.xsd=org/springframework/cache/config/spring-cache-4.1.xsd, http://www.springframework.org/schema/aop/spring-aop-4.0.xsd=org/springframework/aop/config/spring-aop-4.0.xsd, http://www.springframework.org/schema/jee/spring-jee-3.2.xsd=org/springframework/ejb/config/spring-jee-3.2.xsd, http://www.springframework.org/schema/context/spring-context-3.0.xsd=org/springframework/context/config/spring-context-3.0.xsd, http://www.springframework.org/schema/jdbc/spring-jdbc-4.0.xsd=org/springframework/jdbc/config/spring-jdbc-4.0.xsd, http://www.springframework.org/schema/util/spring-util-2.5.xsd=org/springframework/beans/factory/xml/spring-util-2.5.xsd, http://www.springframework.org/schema/mvc/spring-mvc-4.0.xsd=org/springframework/web/servlet/config/spring-mvc-4.0.xsd, http://www.springframework.org/schema/beans/spring-beans-3.2.xsd=org/springframework/beans/factory/xml/spring-beans-3.2.xsd, http://www.springframework.org/schema/aop/spring-aop-3.1.xsd=org/springframework/aop/config/spring-aop-3.1.xsd, http://www.springframework.org/schema/lang/spring-lang-4.0.xsd=org/springframework/scripting/config/spring-lang-4.0.xsd, http://www.springframework.org/schema/mvc/spring-mvc.xsd=org/springframework/web/servlet/config/spring-mvc-4.1.xsd, http://www.springframework.org/schema/mvc/spring-mvc-3.1.xsd=org/springframework/web/servlet/config/spring-mvc-3.1.xsd, http://www.springframework.org/schema/beans/spring-beans-4.1.xsd=org/springframework/beans/factory/xml/spring-beans-4.1.xsd, http://www.springframework.org/schema/tool/spring-tool-4.0.xsd=org/springframework/beans/factory/xml/spring-tool-4.0.xsd, http://www.springframework.org/schema/lang/spring-lang-3.1.xsd=org/springframework/scripting/config/spring-lang-3.1.xsd, http://www.springframework.org/schema/tx/spring-tx-3.2.xsd=org/springframework/transaction/config/spring-tx-3.2.xsd, http://www.springframework.org/schema/cache/spring-cache-3.1.xsd=org/springframework/cache/config/spring-cache-3.1.xsd, http://www.springframework.org/schema/jee/spring-jee-4.0.xsd=org/springframework/ejb/config/spring-jee-4.0.xsd, http://www.springframework.org/schema/jdbc/spring-jdbc-3.0.xsd=org/springframework/jdbc/config/spring-jdbc-3.0.xsd, http://www.springframework.org/schema/task/spring-task-4.1.xsd=org/springframework/scheduling/config/spring-task-4.1.xsd, http://www.springframework.org/schema/jdbc/spring-jdbc.xsd=org/springframework/jdbc/config/spring-jdbc-4.1.xsd, http://www.springframework.org/schema/tool/spring-tool-3.1.xsd=org/springframework/beans/factory/xml/spring-tool-3.1.xsd, http://www.springframework.org/schema/tx/spring-tx-4.1.xsd=org/springframework/transaction/config/spring-tx-4.1.xsd, http://www.springframework.org/schema/cache/spring-cache-4.0.xsd=org/springframework/cache/config/spring-cache-4.0.xsd, http://www.springframework.org/schema/jee/spring-jee-3.1.xsd=org/springframework/ejb/config/spring-jee-3.1.xsd, http://www.springframework.org/schema/task/spring-task-3.2.xsd=org/springframework/scheduling/config/spring-task-3.2.xsd, http://www.springframework.org/schema/beans/spring-beans-3.1.xsd=org/springframework/beans/factory/xml/spring-beans-3.1.xsd, http://www.springframework.org/schema/util/spring-util.xsd=org/springframework/beans/factory/xml/spring-util-4.1.xsd, http://www.springframework.org/schema/aop/spring-aop-3.0.xsd=org/springframework/aop/config/spring-aop-3.0.xsd, http://www.springframework.org/schema/mvc/spring-mvc-3.0.xsd=org/springframework/web/servlet/config/spring-mvc-3.0.xsd, http://www.springframework.org/schema/beans/spring-beans-4.0.xsd=org/springframework/beans/factory/xml/spring-beans-4.0.xsd, http://www.springframework.org/schema/beans/spring-beans.xsd=org/springframework/beans/factory/xml/spring-beans-4.1.xsd, http://mybatis.org/schema/mybatis-spring.xsd=org/mybatis/spring/config/mybatis-spring-1.2.xsd, http://www.springframework.org/schema/lang/spring-lang-3.0.xsd=org/springframework/scripting/config/spring-lang-3.0.xsd, http://www.springframework.org/schema/tx/spring-tx-3.1.xsd=org/springframework/transaction/config/spring-tx-3.1.xsd, http://www.springframework.org/schema/context/spring-context-2.5.xsd=org/springframework/context/config/spring-context-2.5.xsd, http://www.springframework.org/schema/task/spring-task-4.0.xsd=org/springframework/scheduling/config/spring-task-4.0.xsd, http://www.springframework.org/schema/tool/spring-tool-3.0.xsd=org/springframework/beans/factory/xml/spring-tool-3.0.xsd, http://www.springframework.org/schema/tx/spring-tx-4.0.xsd=org/springframework/transaction/config/spring-tx-4.0.xsd, http://www.springframework.org/schema/aop/spring-aop-2.0.xsd=org/springframework/aop/config/spring-aop-2.0.xsd, http://www.springframework.org/schema/jee/spring-jee-3.0.xsd=org/springframework/ejb/config/spring-jee-3.0.xsd, http://www.springframework.org/schema/util/spring-util-4.1.xsd=org/springframework/beans/factory/xml/spring-util-4.1.xsd, http://www.springframework.org/schema/task/spring-task-3.1.xsd=org/springframework/scheduling/config/spring-task-3.1.xsd, http://www.springframework.org/schema/beans/spring-beans-3.0.xsd=org/springframework/beans/factory/xml/spring-beans-3.0.xsd, http://www.springframework.org/schema/jee/spring-jee.xsd=org/springframework/ejb/config/spring-jee-4.1.xsd, http://www.springframework.org/schema/aop/spring-aop-2.5.xsd=org/springframework/aop/config/spring-aop-2.5.xsd, http://www.springframework.org/schema/lang/spring-lang-2.0.xsd=org/springframework/scripting/config/spring-lang-2.0.xsd, http://www.springframework.org/schema/util/spring-util-3.2.xsd=org/springframework/beans/factory/xml/spring-util-3.2.xsd, http://www.springframework.org/schema/task/spring-task.xsd=org/springframework/scheduling/config/spring-task-4.1.xsd, http://www.springframework.org/schema/tool/spring-tool-2.0.xsd=org/springframework/beans/factory/xml/spring-tool-2.0.xsd, http://www.springframework.org/schema/tx/spring-tx-3.0.xsd=org/springframework/transaction/config/spring-tx-3.0.xsd, http://www.springframework.org/schema/lang/spring-lang-2.5.xsd=org/springframework/scripting/config/spring-lang-2.5.xsd, http://www.springframework.org/schema/jee/spring-jee-2.0.xsd=org/springframework/ejb/config/spring-jee-2.0.xsd, http://www.springframework.org/schema/tool/spring-tool-2.5.xsd=org/springframework/beans/factory/xml/spring-tool-2.5.xsd, http://www.springframework.org/schema/jee/spring-jee-2.5.xsd=org/springframework/ejb/config/spring-jee-2.5.xsd, http://www.springframework.org/schema/util/spring-util-4.0.xsd=org/springframework/beans/factory/xml/spring-util-4.0.xsd, http://www.springframework.org/schema/task/spring-task-3.0.xsd=org/springframework/scheduling/config/spring-task-3.0.xsd, http://www.springframework.org/schema/lang/spring-lang.xsd=org/springframework/scripting/config/spring-lang-4.1.xsd, http://www.springframework.org/schema/context/spring-context-3.2.xsd=org/springframework/context/config/spring-context-3.2.xsd, http://www.springframework.org/schema/util/spring-util-3.1.xsd=org/springframework/beans/factory/xml/spring-util-3.1.xsd, http://www.springframework.org/schema/beans/spring-beans-2.0.xsd=org/springframework/beans/factory/xml/spring-beans-2.0.xsd, http://www.springframework.org/schema/cache/spring-cache.xsd=org/springframework/cache/config/spring-cache-4.1.xsd, http://www.springframework.org/schema/tx/spring-tx.xsd=org/springframework/transaction/config/spring-tx-4.1.xsd, http://www.springframework.org/schema/context/spring-context-4.1.xsd=org/springframework/context/config/spring-context-4.1.xsd, http://www.springframework.org/schema/beans/spring-beans-2.5.xsd=org/springframework/beans/factory/xml/spring-beans-2.5.xsd, http://www.springframework.org/schema/tx/spring-tx-2.0.xsd=org/springframework/transaction/config/spring-tx-2.0.xsd, http://www.springframework.org/schema/jdbc/spring-jdbc-3.2.xsd=org/springframework/jdbc/config/spring-jdbc-3.2.xsd, http://www.springframework.org/schema/aop/spring-aop.xsd=org/springframework/aop/config/spring-aop-4.1.xsd}
[DEBUG] 2017-05-22 02:54:36,293 method:org.springframework.beans.factory.xml.PluggableSchemaResolver.resolveEntity(PluggableSchemaResolver.java:119)
Found XML schema [http://www.springframework.org/schema/beans/spring-beans-4.0.xsd] in classpath: org/springframework/beans/factory/xml/spring-beans-4.0.xsd
[DEBUG] 2017-05-22 02:54:36,296 method:org.springframework.beans.factory.xml.PluggableSchemaResolver.resolveEntity(PluggableSchemaResolver.java:119)
Found XML schema [http://www.springframework.org/schema/context/spring-context-4.0.xsd] in classpath: org/springframework/context/config/spring-context-4.0.xsd
[DEBUG] 2017-05-22 02:54:36,297 method:org.springframework.beans.factory.xml.PluggableSchemaResolver.resolveEntity(PluggableSchemaResolver.java:119)
Found XML schema [http://www.springframework.org/schema/tool/spring-tool-4.0.xsd] in classpath: org/springframework/beans/factory/xml/spring-tool-4.0.xsd
[DEBUG] 2017-05-22 02:54:36,299 method:org.springframework.beans.factory.xml.PluggableSchemaResolver.resolveEntity(PluggableSchemaResolver.java:119)
Found XML schema [http://www.springframework.org/schema/tx/spring-tx-4.0.xsd] in classpath: org/springframework/transaction/config/spring-tx-4.0.xsd
[DEBUG] 2017-05-22 02:54:36,301 method:org.springframework.beans.factory.xml.PluggableSchemaResolver.resolveEntity(PluggableSchemaResolver.java:119)
Found XML schema [http://www.springframework.org/schema/aop/spring-aop-4.0.xsd] in classpath: org/springframework/aop/config/spring-aop-4.0.xsd
[DEBUG] 2017-05-22 02:54:36,302 method:org.springframework.beans.factory.xml.DefaultBeanDefinitionDocumentReader.registerBeanDefinitions(DefaultBeanDefinitionDocumentReader.java:98)
Loading bean definitions
[DEBUG] 2017-05-22 02:54:36,304 method:org.springframework.beans.factory.xml.DefaultNamespaceHandlerResolver.getHandlerMappings(DefaultNamespaceHandlerResolver.java:157)
Loaded NamespaceHandler mappings: {http://www.springframework.org/schema/p=org.springframework.beans.factory.xml.SimplePropertyNamespaceHandler, http://www.springframework.org/schema/mvc=org.springframework.web.servlet.config.MvcNamespaceHandler, http://www.springframework.org/schema/util=org.springframework.beans.factory.xml.UtilNamespaceHandler, http://www.springframework.org/schema/jee=org.springframework.ejb.config.JeeNamespaceHandler, http://www.springframework.org/schema/aop=org.springframework.aop.config.AopNamespaceHandler, http://www.springframework.org/schema/jdbc=org.springframework.jdbc.config.JdbcNamespaceHandler, http://www.springframework.org/schema/cache=org.springframework.cache.config.CacheNamespaceHandler, http://mybatis.org/schema/mybatis-spring=org.mybatis.spring.config.NamespaceHandler, http://www.springframework.org/schema/c=org.springframework.beans.factory.xml.SimpleConstructorNamespaceHandler, http://www.springframework.org/schema/tx=org.springframework.transaction.config.TxNamespaceHandler, http://www.springframework.org/schema/task=org.springframework.scheduling.config.TaskNamespaceHandler, http://www.springframework.org/schema/lang=org.springframework.scripting.config.LangNamespaceHandler, http://www.springframework.org/schema/context=org.springframework.context.config.ContextNamespaceHandler}
[DEBUG] 2017-05-22 02:54:36,305 method:org.springframework.core.io.support.PathMatchingResourcePatternResolver.doFindMatchingFileSystemResources(PathMatchingResourcePatternResolver.java:631)
Looking for matching resources in directory tree [D:\MyWork\workspace\LvcBlog\target\test-classes\party\pjc\blog\service]
[DEBUG] 2017-05-22 02:54:36,305 method:org.springframework.core.io.support.PathMatchingResourcePatternResolver.doRetrieveMatchingFiles(PathMatchingResourcePatternResolver.java:693)
Searching directory [D:\MyWork\workspace\LvcBlog\target\test-classes\party\pjc\blog\service] for files matching pattern [D:/MyWork/workspace/LvcBlog/target/test-classes/party/pjc/blog/service/**/*.class]
[DEBUG] 2017-05-22 02:54:36,306 method:org.springframework.core.io.support.PathMatchingResourcePatternResolver.doRetrieveMatchingFiles(PathMatchingResourcePatternResolver.java:693)
Searching directory [D:\MyWork\workspace\LvcBlog\target\test-classes\party\pjc\blog\service\impl] for files matching pattern [D:/MyWork/workspace/LvcBlog/target/test-classes/party/pjc/blog/service/**/*.class]
[DEBUG] 2017-05-22 02:54:36,307 method:org.springframework.core.io.support.PathMatchingResourcePatternResolver.doFindMatchingFileSystemResources(PathMatchingResourcePatternResolver.java:631)
Looking for matching resources in directory tree [D:\MyWork\workspace\LvcBlog\target\classes\party\pjc\blog\service]
[DEBUG] 2017-05-22 02:54:36,307 method:org.springframework.core.io.support.PathMatchingResourcePatternResolver.doRetrieveMatchingFiles(PathMatchingResourcePatternResolver.java:693)
Searching directory [D:\MyWork\workspace\LvcBlog\target\classes\party\pjc\blog\service] for files matching pattern [D:/MyWork/workspace/LvcBlog/target/classes/party/pjc/blog/service/**/*.class]
[DEBUG] 2017-05-22 02:54:36,308 method:org.springframework.core.io.support.PathMatchingResourcePatternResolver.doRetrieveMatchingFiles(PathMatchingResourcePatternResolver.java:693)
Searching directory [D:\MyWork\workspace\LvcBlog\target\classes\party\pjc\blog\service\impl] for files matching pattern [D:/MyWork/workspace/LvcBlog/target/classes/party/pjc/blog/service/**/*.class]
[DEBUG] 2017-05-22 02:54:36,309 method:org.springframework.core.io.support.PathMatchingResourcePatternResolver.findPathMatchingResources(PathMatchingResourcePatternResolver.java:424)
Resolved location pattern [classpath*:party/pjc/blog/service/**/*.class] to resources [file [D:\MyWork\workspace\LvcBlog\target\test-classes\party\pjc\blog\service\impl\CategoriseServiceImplTest.class], file [D:\MyWork\workspace\LvcBlog\target\test-classes\party\pjc\blog\service\impl\CommentServiceImplTest.class], file [D:\MyWork\workspace\LvcBlog\target\test-classes\party\pjc\blog\service\impl\LinkServiceImplTest.class], file [D:\MyWork\workspace\LvcBlog\target\test-classes\party\pjc\blog\service\impl\PostServiceTest.class], file [D:\MyWork\workspace\LvcBlog\target\test-classes\party\pjc\blog\service\impl\TagServiceImplTest.class], file [D:\MyWork\workspace\LvcBlog\target\test-classes\party\pjc\blog\service\impl\UserServiceImplTest.class], file [D:\MyWork\workspace\LvcBlog\target\classes\party\pjc\blog\service\CategoriesService.class], file [D:\MyWork\workspace\LvcBlog\target\classes\party\pjc\blog\service\CommentService.class], file [D:\MyWork\workspace\LvcBlog\target\classes\party\pjc\blog\service\impl\CategoriesServiceImpl.class], file [D:\MyWork\workspace\LvcBlog\target\classes\party\pjc\blog\service\impl\CommentServiceImpl.class], file [D:\MyWork\workspace\LvcBlog\target\classes\party\pjc\blog\service\impl\LinkServiceImpl.class], file [D:\MyWork\workspace\LvcBlog\target\classes\party\pjc\blog\service\impl\PostServiceImpl.class], file [D:\MyWork\workspace\LvcBlog\target\classes\party\pjc\blog\service\impl\TagsServiceImpl.class], file [D:\MyWork\workspace\LvcBlog\target\classes\party\pjc\blog\service\impl\UserServiceImpl.class], file [D:\MyWork\workspace\LvcBlog\target\classes\party\pjc\blog\service\LinkService.class], file [D:\MyWork\workspace\LvcBlog\target\classes\party\pjc\blog\service\PostService.class], file [D:\MyWork\workspace\LvcBlog\target\classes\party\pjc\blog\service\TagsService.class], file [D:\MyWork\workspace\LvcBlog\target\classes\party\pjc\blog\service\UserService.class]]
[DEBUG] 2017-05-22 02:54:36,311 method:org.springframework.context.annotation.ClassPathScanningCandidateComponentProvider.findCandidateComponents(ClassPathScanningCandidateComponentProvider.java:286)
Identified candidate component class: file [D:\MyWork\workspace\LvcBlog\target\classes\party\pjc\blog\service\impl\CategoriesServiceImpl.class]
[DEBUG] 2017-05-22 02:54:36,312 method:org.springframework.context.annotation.ClassPathScanningCandidateComponentProvider.findCandidateComponents(ClassPathScanningCandidateComponentProvider.java:286)
Identified candidate component class: file [D:\MyWork\workspace\LvcBlog\target\classes\party\pjc\blog\service\impl\CommentServiceImpl.class]
[DEBUG] 2017-05-22 02:54:36,312 method:org.springframework.context.annotation.ClassPathScanningCandidateComponentProvider.findCandidateComponents(ClassPathScanningCandidateComponentProvider.java:286)
Identified candidate component class: file [D:\MyWork\workspace\LvcBlog\target\classes\party\pjc\blog\service\impl\LinkServiceImpl.class]
[DEBUG] 2017-05-22 02:54:36,313 method:org.springframework.context.annotation.ClassPathScanningCandidateComponentProvider.findCandidateComponents(ClassPathScanningCandidateComponentProvider.java:286)
Identified candidate component class: file [D:\MyWork\workspace\LvcBlog\target\classes\party\pjc\blog\service\impl\PostServiceImpl.class]
[DEBUG] 2017-05-22 02:54:36,314 method:org.springframework.context.annotation.ClassPathScanningCandidateComponentProvider.findCandidateComponents(ClassPathScanningCandidateComponentProvider.java:286)
Identified candidate component class: file [D:\MyWork\workspace\LvcBlog\target\classes\party\pjc\blog\service\impl\TagsServiceImpl.class]
[DEBUG] 2017-05-22 02:54:36,314 method:org.springframework.context.annotation.ClassPathScanningCandidateComponentProvider.findCandidateComponents(ClassPathScanningCandidateComponentProvider.java:286)
Identified candidate component class: file [D:\MyWork\workspace\LvcBlog\target\classes\party\pjc\blog\service\impl\UserServiceImpl.class]
[DEBUG] 2017-05-22 02:54:36,316 method:org.springframework.beans.factory.xml.BeanDefinitionParserDelegate.parseBeanDefinitionElement(BeanDefinitionParserDelegate.java:495)
Neither XML &apos;id&apos; nor &apos;name&apos; specified - using generated bean name [org.mybatis.spring.mapper.MapperScannerConfigurer#0]
[DEBUG] 2017-05-22 02:54:36,316 method:org.springframework.beans.factory.xml.BeanDefinitionParserDelegate.parseBeanDefinitionElement(BeanDefinitionParserDelegate.java:495)
Neither XML &apos;id&apos; nor &apos;name&apos; specified - using generated bean name [org.springframework.aop.framework.autoproxy.DefaultAdvisorAutoProxyCreator#0]
[DEBUG] 2017-05-22 02:54:36,317 method:org.springframework.beans.factory.xml.BeanDefinitionParserDelegate.parseBeanDefinitionElement(BeanDefinitionParserDelegate.java:495)
Neither XML &apos;id&apos; nor &apos;name&apos; specified - using generated bean name [org.apache.shiro.spring.security.interceptor.AuthorizationAttributeSourceAdvisor#0]
[DEBUG] 2017-05-22 02:54:36,318 method:org.springframework.beans.factory.support.AbstractBeanDefinitionReader.loadBeanDefinitions(AbstractBeanDefinitionReader.java:224)
Loaded 25 bean definitions from location pattern [classpath:applicationContext.xml]
[INFO ] 2017-05-22 02:54:36,319 method:org.springframework.beans.factory.xml.XmlBeanDefinitionReader.loadBeanDefinitions(XmlBeanDefinitionReader.java:317)
Loading XML bean definitions from class path resource [spring-mvc.xml]
[DEBUG] 2017-05-22 02:54:36,321 method:org.springframework.beans.factory.xml.DefaultDocumentLoader.loadDocument(DefaultDocumentLoader.java:73)
Using JAXP provider [com.sun.org.apache.xerces.internal.jaxp.DocumentBuilderFactoryImpl]
[DEBUG] 2017-05-22 02:54:36,322 method:org.springframework.beans.factory.xml.PluggableSchemaResolver.resolveEntity(PluggableSchemaResolver.java:119)
Found XML schema [http://www.springframework.org/schema/beans/spring-beans-4.0.xsd] in classpath: org/springframework/beans/factory/xml/spring-beans-4.0.xsd
[DEBUG] 2017-05-22 02:54:36,327 method:org.springframework.beans.factory.xml.PluggableSchemaResolver.resolveEntity(PluggableSchemaResolver.java:119)
Found XML schema [http://www.springframework.org/schema/context/spring-context-4.0.xsd] in classpath: org/springframework/context/config/spring-context-4.0.xsd
[DEBUG] 2017-05-22 02:54:36,329 method:org.springframework.beans.factory.xml.PluggableSchemaResolver.resolveEntity(PluggableSchemaResolver.java:119)
Found XML schema [http://www.springframework.org/schema/tool/spring-tool-4.0.xsd] in classpath: org/springframework/beans/factory/xml/spring-tool-4.0.xsd
[DEBUG] 2017-05-22 02:54:36,330 method:org.springframework.beans.factory.xml.PluggableSchemaResolver.resolveEntity(PluggableSchemaResolver.java:119)
Found XML schema [http://www.springframework.org/schema/mvc/spring-mvc-4.0.xsd] in classpath: org/springframework/web/servlet/config/spring-mvc-4.0.xsd
[DEBUG] 2017-05-22 02:54:36,333 method:org.springframework.beans.factory.xml.DefaultBeanDefinitionDocumentReader.registerBeanDefinitions(DefaultBeanDefinitionDocumentReader.java:98)
Loading bean definitions
[DEBUG] 2017-05-22 02:54:36,334 method:org.springframework.core.io.support.PathMatchingResourcePatternResolver.doFindMatchingFileSystemResources(PathMatchingResourcePatternResolver.java:631)
Looking for matching resources in directory tree [D:\MyWork\workspace\LvcBlog\target\classes\party\pjc\blog\controller]
[DEBUG] 2017-05-22 02:54:36,335 method:org.springframework.core.io.support.PathMatchingResourcePatternResolver.doRetrieveMatchingFiles(PathMatchingResourcePatternResolver.java:693)
Searching directory [D:\MyWork\workspace\LvcBlog\target\classes\party\pjc\blog\controller] for files matching pattern [D:/MyWork/workspace/LvcBlog/target/classes/party/pjc/blog/controller/**/*.class]
[DEBUG] 2017-05-22 02:54:36,335 method:org.springframework.core.io.support.PathMatchingResourcePatternResolver.doRetrieveMatchingFiles(PathMatchingResourcePatternResolver.java:693)
Searching directory [D:\MyWork\workspace\LvcBlog\target\classes\party\pjc\blog\controller\admin] for files matching pattern [D:/MyWork/workspace/LvcBlog/target/classes/party/pjc/blog/controller/**/*.class]
[DEBUG] 2017-05-22 02:54:36,349 method:org.springframework.core.io.support.PathMatchingResourcePatternResolver.findPathMatchingResources(PathMatchingResourcePatternResolver.java:424)
Resolved location pattern [classpath*:party/pjc/blog/controller/**/*.class] to resources [file [D:\MyWork\workspace\LvcBlog\target\classes\party\pjc\blog\controller\admin\PostAdminController.class], file [D:\MyWork\workspace\LvcBlog\target\classes\party\pjc\blog\controller\admin\SystemAdminController.class], file [D:\MyWork\workspace\LvcBlog\target\classes\party\pjc\blog\controller\AdminController.class], file [D:\MyWork\workspace\LvcBlog\target\classes\party\pjc\blog\controller\ArchiveController.class], file [D:\MyWork\workspace\LvcBlog\target\classes\party\pjc\blog\controller\CategoriesController$1.class], file [D:\MyWork\workspace\LvcBlog\target\classes\party\pjc\blog\controller\CategoriesController.class], file [D:\MyWork\workspace\LvcBlog\target\classes\party\pjc\blog\controller\CommenController.class], file [D:\MyWork\workspace\LvcBlog\target\classes\party\pjc\blog\controller\CommentController.class], file [D:\MyWork\workspace\LvcBlog\target\classes\party\pjc\blog\controller\LinkController.class], file [D:\MyWork\workspace\LvcBlog\target\classes\party\pjc\blog\controller\PostController.class], file [D:\MyWork\workspace\LvcBlog\target\classes\party\pjc\blog\controller\TagsController$1.class], file [D:\MyWork\workspace\LvcBlog\target\classes\party\pjc\blog\controller\TagsController$2.class], file [D:\MyWork\workspace\LvcBlog\target\classes\party\pjc\blog\controller\TagsController.class], file [D:\MyWork\workspace\LvcBlog\target\classes\party\pjc\blog\controller\UploadController.class]]
[DEBUG] 2017-05-22 02:54:36,352 method:org.springframework.context.annotation.ClassPathScanningCandidateComponentProvider.findCandidateComponents(ClassPathScanningCandidateComponentProvider.java:286)
Identified candidate component class: file [D:\MyWork\workspace\LvcBlog\target\classes\party\pjc\blog\controller\admin\PostAdminController.class]
[DEBUG] 2017-05-22 02:54:36,353 method:org.springframework.context.annotation.ClassPathScanningCandidateComponentProvider.findCandidateComponents(ClassPathScanningCandidateComponentProvider.java:286)
Identified candidate component class: file [D:\MyWork\workspace\LvcBlog\target\classes\party\pjc\blog\controller\admin\SystemAdminController.class]
[DEBUG] 2017-05-22 02:54:36,354 method:org.springframework.context.annotation.ClassPathScanningCandidateComponentProvider.findCandidateComponents(ClassPathScanningCandidateComponentProvider.java:286)
Identified candidate component class: file [D:\MyWork\workspace\LvcBlog\target\classes\party\pjc\blog\controller\AdminController.class]
[DEBUG] 2017-05-22 02:54:36,354 method:org.springframework.context.annotation.ClassPathScanningCandidateComponentProvider.findCandidateComponents(ClassPathScanningCandidateComponentProvider.java:286)
Identified candidate component class: file [D:\MyWork\workspace\LvcBlog\target\classes\party\pjc\blog\controller\ArchiveController.class]
[DEBUG] 2017-05-22 02:54:36,355 method:org.springframework.context.annotation.ClassPathScanningCandidateComponentProvider.findCandidateComponents(ClassPathScanningCandidateComponentProvider.java:286)
Identified candidate component class: file [D:\MyWork\workspace\LvcBlog\target\classes\party\pjc\blog\controller\CategoriesController.class]
[DEBUG] 2017-05-22 02:54:36,356 method:org.springframework.context.annotation.ClassPathScanningCandidateComponentProvider.findCandidateComponents(ClassPathScanningCandidateComponentProvider.java:286)
Identified candidate component class: file [D:\MyWork\workspace\LvcBlog\target\classes\party\pjc\blog\controller\CommenController.class]
[DEBUG] 2017-05-22 02:54:36,356 method:org.springframework.context.annotation.ClassPathScanningCandidateComponentProvider.findCandidateComponents(ClassPathScanningCandidateComponentProvider.java:286)
Identified candidate component class: file [D:\MyWork\workspace\LvcBlog\target\classes\party\pjc\blog\controller\CommentController.class]
[DEBUG] 2017-05-22 02:54:36,357 method:org.springframework.context.annotation.ClassPathScanningCandidateComponentProvider.findCandidateComponents(ClassPathScanningCandidateComponentProvider.java:286)
Identified candidate component class: file [D:\MyWork\workspace\LvcBlog\target\classes\party\pjc\blog\controller\LinkController.class]
[DEBUG] 2017-05-22 02:54:36,358 method:org.springframework.context.annotation.ClassPathScanningCandidateComponentProvider.findCandidateComponents(ClassPathScanningCandidateComponentProvider.java:286)
Identified candidate component class: file [D:\MyWork\workspace\LvcBlog\target\classes\party\pjc\blog\controller\PostController.class]
[DEBUG] 2017-05-22 02:54:36,358 method:org.springframework.context.annotation.ClassPathScanningCandidateComponentProvider.findCandidateComponents(ClassPathScanningCandidateComponentProvider.java:286)
Identified candidate component class: file [D:\MyWork\workspace\LvcBlog\target\classes\party\pjc\blog\controller\TagsController.class]
[DEBUG] 2017-05-22 02:54:36,359 method:org.springframework.context.annotation.ClassPathScanningCandidateComponentProvider.findCandidateComponents(ClassPathScanningCandidateComponentProvider.java:286)
Identified candidate component class: file [D:\MyWork\workspace\LvcBlog\target\classes\party\pjc\blog\controller\UploadController.class]
[DEBUG] 2017-05-22 02:54:36,360 method:org.springframework.beans.factory.xml.BeanDefinitionParserDelegate.parseBeanDefinitionElement(BeanDefinitionParserDelegate.java:495)
Neither XML &apos;id&apos; nor &apos;name&apos; specified - using generated bean name [org.springframework.web.servlet.mvc.annotation.AnnotationMethodHandlerAdapter#0]
[DEBUG] 2017-05-22 02:54:36,360 method:org.springframework.beans.factory.support.AbstractBeanDefinitionReader.loadBeanDefinitions(AbstractBeanDefinitionReader.java:224)
Loaded 29 bean definitions from location pattern [classpath:spring-mvc.xml]
[INFO ] 2017-05-22 02:54:36,361 method:org.springframework.context.support.AbstractApplicationContext.prepareRefresh(AbstractApplicationContext.java:510)
Refreshing org.springframework.context.support.GenericApplicationContext@6f012914: startup date [Mon May 22 02:54:36 CST 2017]; root of context hierarchy
[DEBUG] 2017-05-22 02:54:36,361 method:org.springframework.context.support.AbstractApplicationContext.obtainFreshBeanFactory(AbstractApplicationContext.java:540)
Bean factory for org.springframework.context.support.GenericApplicationContext@6f012914: org.springframework.beans.factory.support.DefaultListableBeanFactory@5e742e4: defining beans [categoriesService,commentServiceImpl,linkServiceImpl,postService,tagsService,userServiceImpl,org.springframework.context.annotation.internalConfigurationAnnotationProcessor,org.springframework.context.annotation.internalAutowiredAnnotationProcessor,org.springframework.context.annotation.internalRequiredAnnotationProcessor,org.springframework.context.annotation.internalCommonAnnotationProcessor,dataSource,sqlSessionFactory,org.mybatis.spring.mapper.MapperScannerConfigurer#0,transactionManager,myRealm,securityManager,shiroFilter,lifecycleBeanPostProcessor,org.springframework.aop.framework.autoproxy.DefaultAdvisorAutoProxyCreator#0,org.apache.shiro.spring.security.interceptor.AuthorizationAttributeSourceAdvisor#0,txAdvice,org.springframework.aop.config.internalAutoProxyCreator,serviceOperation,org.springframework.aop.support.DefaultBeanFactoryPointcutAdvisor#0,multipartResolver,postAdminController,systemAdminController,adminController,archiveController,categoriesController,commenController,commentController,linkController,postController,tagsController,uploadController,org.springframework.web.servlet.mvc.annotation.AnnotationMethodHandlerAdapter#0,org.springframework.web.servlet.resource.DefaultServletHttpRequestHandler#0,org.springframework.web.servlet.handler.SimpleUrlHandlerMapping#0,org.springframework.web.servlet.handler.BeanNameUrlHandlerMapping,org.springframework.web.servlet.mvc.HttpRequestHandlerAdapter,org.springframework.web.servlet.mvc.SimpleControllerHandlerAdapter,mvcContentNegotiationManager,org.springframework.web.servlet.mvc.method.annotation.RequestMappingHandlerMapping#0,org.springframework.format.support.FormattingConversionServiceFactoryBean#0,org.springframework.web.servlet.mvc.method.annotation.RequestMappingHandlerAdapter#0,mvcUriComponentsContributor,org.springframework.web.servlet.handler.MappedInterceptor#0,org.springframework.web.servlet.mvc.method.annotation.ExceptionHandlerExceptionResolver#0,org.springframework.web.servlet.mvc.annotation.ResponseStatusExceptionResolver#0,org.springframework.web.servlet.mvc.support.DefaultHandlerExceptionResolver#0,org.springframework.web.servlet.resource.DefaultServletHttpRequestHandler#1,org.springframework.web.servlet.handler.SimpleUrlHandlerMapping#1,viewResolver]; root of factory hierarchy
[DEBUG] 2017-05-22 02:54:36,361 method:org.springframework.beans.factory.support.DefaultSingletonBeanRegistry.getSingleton(DefaultSingletonBeanRegistry.java:221)
Creating shared instance of singleton bean &apos;org.springframework.context.annotation.internalConfigurationAnnotationProcessor&apos;
[DEBUG] 2017-05-22 02:54:36,362 method:org.springframework.beans.factory.support.AbstractAutowireCapableBeanFactory.createBean(AbstractAutowireCapableBeanFactory.java:450)
Creating instance of bean &apos;org.springframework.context.annotation.internalConfigurationAnnotationProcessor&apos;
[DEBUG] 2017-05-22 02:54:36,362 method:org.springframework.beans.factory.support.AbstractAutowireCapableBeanFactory.doCreateBean(AbstractAutowireCapableBeanFactory.java:523)
Eagerly caching bean &apos;org.springframework.context.annotation.internalConfigurationAnnotationProcessor&apos; to allow for resolving potential circular references
[DEBUG] 2017-05-22 02:54:36,362 method:org.springframework.beans.factory.support.AbstractAutowireCapableBeanFactory.createBean(AbstractAutowireCapableBeanFactory.java:478)
Finished creating instance of bean &apos;org.springframework.context.annotation.internalConfigurationAnnotationProcessor&apos;
[DEBUG] 2017-05-22 02:54:36,369 method:org.springframework.context.annotation.ConfigurationClassUtils.isLiteConfigurationCandidate(ConfigurationClassUtils.java:166)
Failed to introspect @Bean methods on class [class org.springframework.core.type.StandardAnnotationMetadata]: java.lang.NoClassDefFoundError: javax/servlet/ServletResponse
[DEBUG] 2017-05-22 02:54:36,370 method:org.springframework.context.annotation.ConfigurationClassUtils.isLiteConfigurationCandidate(ConfigurationClassUtils.java:166)
Failed to introspect @Bean methods on class [class org.springframework.core.type.StandardAnnotationMetadata]: java.lang.NoClassDefFoundError: javax/servlet/http/HttpServletRequest
[DEBUG] 2017-05-22 02:54:36,371 method:org.springframework.context.annotation.ConfigurationClassUtils.isLiteConfigurationCandidate(ConfigurationClassUtils.java:166)
Failed to introspect @Bean methods on class [class org.springframework.core.type.StandardAnnotationMetadata]: java.lang.NoClassDefFoundError: javax/servlet/http/HttpServletRequest
[DEBUG] 2017-05-22 02:54:36,371 method:org.springframework.context.annotation.ConfigurationClassUtils.isLiteConfigurationCandidate(ConfigurationClassUtils.java:166)
Failed to introspect @Bean methods on class [class org.springframework.core.type.StandardAnnotationMetadata]: java.lang.NoClassDefFoundError: javax/servlet/ServletContext
[DEBUG] 2017-05-22 02:54:36,372 method:org.springframework.context.annotation.ConfigurationClassUtils.isLiteConfigurationCandidate(ConfigurationClassUtils.java:166)
Failed to introspect @Bean methods on class [class org.springframework.core.type.StandardAnnotationMetadata]: java.lang.NoClassDefFoundError: javax/servlet/ServletException
[DEBUG] 2017-05-22 02:54:36,374 method:org.springframework.context.annotation.ConfigurationClassUtils.isLiteConfigurationCandidate(ConfigurationClassUtils.java:166)
Failed to introspect @Bean methods on class [class org.springframework.core.type.StandardAnnotationMetadata]: java.lang.NoClassDefFoundError: javax/servlet/ServletException
[DEBUG] 2017-05-22 02:54:36,375 method:org.springframework.context.annotation.ConfigurationClassUtils.isLiteConfigurationCandidate(ConfigurationClassUtils.java:166)
Failed to introspect @Bean methods on class [class org.springframework.core.type.StandardAnnotationMetadata]: java.lang.NoClassDefFoundError: javax/servlet/http/HttpServletRequest
[DEBUG] 2017-05-22 02:54:36,375 method:org.springframework.context.annotation.ConfigurationClassUtils.isLiteConfigurationCandidate(ConfigurationClassUtils.java:166)
Failed to introspect @Bean methods on class [class org.springframework.core.type.StandardAnnotationMetadata]: java.lang.NoClassDefFoundError: javax/servlet/http/HttpServletRequest
[DEBUG] 2017-05-22 02:54:36,376 method:org.springframework.context.annotation.ConfigurationClassUtils.isLiteConfigurationCandidate(ConfigurationClassUtils.java:166)
Failed to introspect @Bean methods on class [class org.springframework.core.type.StandardAnnotationMetadata]: java.lang.NoClassDefFoundError: javax/servlet/http/HttpServletRequest
[DEBUG] 2017-05-22 02:54:36,376 method:org.springframework.context.annotation.ConfigurationClassUtils.isLiteConfigurationCandidate(ConfigurationClassUtils.java:166)
Failed to introspect @Bean methods on class [class org.springframework.core.type.StandardAnnotationMetadata]: java.lang.NoClassDefFoundError: javax/servlet/ServletResponse
[DEBUG] 2017-05-22 02:54:36,391 method:org.springframework.beans.factory.support.DefaultSingletonBeanRegistry.getSingleton(DefaultSingletonBeanRegistry.java:221)
Creating shared instance of singleton bean &apos;org.mybatis.spring.mapper.MapperScannerConfigurer#0&apos;
[DEBUG] 2017-05-22 02:54:36,392 method:org.springframework.beans.factory.support.AbstractAutowireCapableBeanFactory.createBean(AbstractAutowireCapableBeanFactory.java:450)
Creating instance of bean &apos;org.mybatis.spring.mapper.MapperScannerConfigurer#0&apos;
[DEBUG] 2017-05-22 02:54:36,392 method:org.springframework.beans.factory.support.AbstractAutowireCapableBeanFactory.doCreateBean(AbstractAutowireCapableBeanFactory.java:523)
Eagerly caching bean &apos;org.mybatis.spring.mapper.MapperScannerConfigurer#0&apos; to allow for resolving potential circular references
[DEBUG] 2017-05-22 02:54:36,392 method:org.springframework.beans.factory.support.AbstractAutowireCapableBeanFactory.invokeInitMethods(AbstractAutowireCapableBeanFactory.java:1616)
Invoking afterPropertiesSet() on bean with name &apos;org.mybatis.spring.mapper.MapperScannerConfigurer#0&apos;
[DEBUG] 2017-05-22 02:54:36,393 method:org.springframework.beans.factory.support.AbstractAutowireCapableBeanFactory.createBean(AbstractAutowireCapableBeanFactory.java:478)
Finished creating instance of bean &apos;org.mybatis.spring.mapper.MapperScannerConfigurer#0&apos;
[DEBUG] 2017-05-22 02:54:36,393 method:org.springframework.core.env.MutablePropertySources.addLast(MutablePropertySources.java:109)
Adding [systemProperties] PropertySource with lowest search precedence
[DEBUG] 2017-05-22 02:54:36,394 method:org.springframework.core.env.MutablePropertySources.addLast(MutablePropertySources.java:109)
Adding [systemEnvironment] PropertySource with lowest search precedence
[DEBUG] 2017-05-22 02:54:36,394 method:org.springframework.core.env.AbstractEnvironment.&lt;init&gt;(AbstractEnvironment.java:126)
Initialized StandardEnvironment with PropertySources [systemProperties,systemEnvironment]
[DEBUG] 2017-05-22 02:54:36,394 method:org.springframework.core.io.support.PathMatchingResourcePatternResolver.doFindMatchingFileSystemResources(PathMatchingResourcePatternResolver.java:631)
Looking for matching resources in directory tree [D:\MyWork\workspace\LvcBlog\target\test-classes\party\pjc\blog\dao]
[DEBUG] 2017-05-22 02:54:36,395 method:org.springframework.core.io.support.PathMatchingResourcePatternResolver.doRetrieveMatchingFiles(PathMatchingResourcePatternResolver.java:693)
Searching directory [D:\MyWork\workspace\LvcBlog\target\test-classes\party\pjc\blog\dao] for files matching pattern [D:/MyWork/workspace/LvcBlog/target/test-classes/party/pjc/blog/dao/**/*.class]
[DEBUG] 2017-05-22 02:54:36,395 method:org.springframework.core.io.support.PathMatchingResourcePatternResolver.doFindMatchingFileSystemResources(PathMatchingResourcePatternResolver.java:631)
Looking for matching resources in directory tree [D:\MyWork\workspace\LvcBlog\target\classes\party\pjc\blog\dao]
[DEBUG] 2017-05-22 02:54:36,396 method:org.springframework.core.io.support.PathMatchingResourcePatternResolver.doRetrieveMatchingFiles(PathMatchingResourcePatternResolver.java:693)
Searching directory [D:\MyWork\workspace\LvcBlog\target\classes\party\pjc\blog\dao] for files matching pattern [D:/MyWork/workspace/LvcBlog/target/classes/party/pjc/blog/dao/**/*.class]
[DEBUG] 2017-05-22 02:54:36,396 method:org.springframework.core.io.support.PathMatchingResourcePatternResolver.findPathMatchingResources(PathMatchingResourcePatternResolver.java:424)
Resolved location pattern [classpath*:party/pjc/blog/dao/**/*.class] to resources [file [D:\MyWork\workspace\LvcBlog\target\classes\party\pjc\blog\dao\CategoriesDao.class], file [D:\MyWork\workspace\LvcBlog\target\classes\party\pjc\blog\dao\CommentDao.class], file [D:\MyWork\workspace\LvcBlog\target\classes\party\pjc\blog\dao\LinkDao.class], file [D:\MyWork\workspace\LvcBlog\target\classes\party\pjc\blog\dao\PostDao.class], file [D:\MyWork\workspace\LvcBlog\target\classes\party\pjc\blog\dao\TagsDao.class], file [D:\MyWork\workspace\LvcBlog\target\classes\party\pjc\blog\dao\UserDao.class]]
[DEBUG] 2017-05-22 02:54:36,396 method:org.springframework.context.annotation.ClassPathScanningCandidateComponentProvider.findCandidateComponents(ClassPathScanningCandidateComponentProvider.java:286)
Identified candidate component class: file [D:\MyWork\workspace\LvcBlog\target\classes\party\pjc\blog\dao\CategoriesDao.class]
[DEBUG] 2017-05-22 02:54:36,397 method:org.springframework.context.annotation.ClassPathScanningCandidateComponentProvider.findCandidateComponents(ClassPathScanningCandidateComponentProvider.java:286)
Identified candidate component class: file [D:\MyWork\workspace\LvcBlog\target\classes\party\pjc\blog\dao\CommentDao.class]
[DEBUG] 2017-05-22 02:54:36,397 method:org.springframework.context.annotation.ClassPathScanningCandidateComponentProvider.findCandidateComponents(ClassPathScanningCandidateComponentProvider.java:286)
Identified candidate component class: file [D:\MyWork\workspace\LvcBlog\target\classes\party\pjc\blog\dao\LinkDao.class]
[DEBUG] 2017-05-22 02:54:36,397 method:org.springframework.context.annotation.ClassPathScanningCandidateComponentProvider.findCandidateComponents(ClassPathScanningCandidateComponentProvider.java:286)
Identified candidate component class: file [D:\MyWork\workspace\LvcBlog\target\classes\party\pjc\blog\dao\PostDao.class]
[DEBUG] 2017-05-22 02:54:36,398 method:org.springframework.context.annotation.ClassPathScanningCandidateComponentProvider.findCandidateComponents(ClassPathScanningCandidateComponentProvider.java:286)
Identified candidate component class: file [D:\MyWork\workspace\LvcBlog\target\classes\party\pjc\blog\dao\TagsDao.class]
[DEBUG] 2017-05-22 02:54:36,398 method:org.springframework.context.annotation.ClassPathScanningCandidateComponentProvider.findCandidateComponents(ClassPathScanningCandidateComponentProvider.java:286)
Identified candidate component class: file [D:\MyWork\workspace\LvcBlog\target\classes\party\pjc\blog\dao\UserDao.class]
[DEBUG] 2017-05-22 02:54:36,398 method:org.mybatis.spring.mapper.ClassPathMapperScanner.processBeanDefinitions(ClassPathMapperScanner.java:181)
Creating MapperFactoryBean with name &apos;categoriesDao&apos; and &apos;party.pjc.blog.dao.CategoriesDao&apos; mapperInterface
[DEBUG] 2017-05-22 02:54:36,398 method:org.mybatis.spring.mapper.ClassPathMapperScanner.processBeanDefinitions(ClassPathMapperScanner.java:181)
Creating MapperFactoryBean with name &apos;commentDao&apos; and &apos;party.pjc.blog.dao.CommentDao&apos; mapperInterface
[DEBUG] 2017-05-22 02:54:36,398 method:org.mybatis.spring.mapper.ClassPathMapperScanner.processBeanDefinitions(ClassPathMapperScanner.java:181)
Creating MapperFactoryBean with name &apos;linkDao&apos; and &apos;party.pjc.blog.dao.LinkDao&apos; mapperInterface
[DEBUG] 2017-05-22 02:54:36,399 method:org.mybatis.spring.mapper.ClassPathMapperScanner.processBeanDefinitions(ClassPathMapperScanner.java:181)
Creating MapperFactoryBean with name &apos;postDao&apos; and &apos;party.pjc.blog.dao.PostDao&apos; mapperInterface
[DEBUG] 2017-05-22 02:54:36,399 method:org.mybatis.spring.mapper.ClassPathMapperScanner.processBeanDefinitions(ClassPathMapperScanner.java:181)
Creating MapperFactoryBean with name &apos;tagsDao&apos; and &apos;party.pjc.blog.dao.TagsDao&apos; mapperInterface
[DEBUG] 2017-05-22 02:54:36,399 method:org.mybatis.spring.mapper.ClassPathMapperScanner.processBeanDefinitions(ClassPathMapperScanner.java:181)
Creating MapperFactoryBean with name &apos;userDao&apos; and &apos;party.pjc.blog.dao.UserDao&apos; mapperInterface
[DEBUG] 2017-05-22 02:54:36,400 method:org.springframework.beans.factory.support.DefaultSingletonBeanRegistry.getSingleton(DefaultSingletonBeanRegistry.java:221)
Creating shared instance of singleton bean &apos;org.springframework.context.annotation.internalAutowiredAnnotationProcessor&apos;
[DEBUG] 2017-05-22 02:54:36,400 method:org.springframework.beans.factory.support.AbstractAutowireCapableBeanFactory.createBean(AbstractAutowireCapableBeanFactory.java:450)
Creating instance of bean &apos;org.springframework.context.annotation.internalAutowiredAnnotationProcessor&apos;
[DEBUG] 2017-05-22 02:54:36,401 method:org.springframework.beans.factory.support.AbstractAutowireCapableBeanFactory.doCreateBean(AbstractAutowireCapableBeanFactory.java:523)
Eagerly caching bean &apos;org.springframework.context.annotation.internalAutowiredAnnotationProcessor&apos; to allow for resolving potential circular references
[DEBUG] 2017-05-22 02:54:36,402 method:org.springframework.beans.factory.support.AbstractAutowireCapableBeanFactory.createBean(AbstractAutowireCapableBeanFactory.java:478)
Finished creating instance of bean &apos;org.springframework.context.annotation.internalAutowiredAnnotationProcessor&apos;
[DEBUG] 2017-05-22 02:54:36,402 method:org.springframework.beans.factory.support.DefaultSingletonBeanRegistry.getSingleton(DefaultSingletonBeanRegistry.java:221)
Creating shared instance of singleton bean &apos;org.springframework.context.annotation.internalRequiredAnnotationProcessor&apos;
[DEBUG] 2017-05-22 02:54:36,402 method:org.springframework.beans.factory.support.AbstractAutowireCapableBeanFactory.createBean(AbstractAutowireCapableBeanFactory.java:450)
Creating instance of bean &apos;org.springframework.context.annotation.internalRequiredAnnotationProcessor&apos;
[DEBUG] 2017-05-22 02:54:36,402 method:org.springframework.beans.factory.support.AbstractAutowireCapableBeanFactory.doCreateBean(AbstractAutowireCapableBeanFactory.java:523)
Eagerly caching bean &apos;org.springframework.context.annotation.internalRequiredAnnotationProcessor&apos; to allow for resolving potential circular references
[DEBUG] 2017-05-22 02:54:36,403 method:org.springframework.beans.factory.support.AbstractAutowireCapableBeanFactory.createBean(AbstractAutowireCapableBeanFactory.java:478)
Finished creating instance of bean &apos;org.springframework.context.annotation.internalRequiredAnnotationProcessor&apos;
[DEBUG] 2017-05-22 02:54:36,403 method:org.springframework.beans.factory.support.DefaultSingletonBeanRegistry.getSingleton(DefaultSingletonBeanRegistry.java:221)
Creating shared instance of singleton bean &apos;org.springframework.context.annotation.internalCommonAnnotationProcessor&apos;
[DEBUG] 2017-05-22 02:54:36,403 method:org.springframework.beans.factory.support.AbstractAutowireCapableBeanFactory.createBean(AbstractAutowireCapableBeanFactory.java:450)
Creating instance of bean &apos;org.springframework.context.annotation.internalCommonAnnotationProcessor&apos;
[DEBUG] 2017-05-22 02:54:36,403 method:org.springframework.beans.factory.support.AbstractAutowireCapableBeanFactory.doCreateBean(AbstractAutowireCapableBeanFactory.java:523)
Eagerly caching bean &apos;org.springframework.context.annotation.internalCommonAnnotationProcessor&apos; to allow for resolving potential circular references
[DEBUG] 2017-05-22 02:54:36,404 method:org.springframework.beans.factory.support.AbstractAutowireCapableBeanFactory.createBean(AbstractAutowireCapableBeanFactory.java:478)
Finished creating instance of bean &apos;org.springframework.context.annotation.internalCommonAnnotationProcessor&apos;
[DEBUG] 2017-05-22 02:54:36,404 method:org.springframework.beans.factory.support.DefaultSingletonBeanRegistry.getSingleton(DefaultSingletonBeanRegistry.java:221)
Creating shared instance of singleton bean &apos;lifecycleBeanPostProcessor&apos;
[DEBUG] 2017-05-22 02:54:36,404 method:org.springframework.beans.factory.support.AbstractAutowireCapableBeanFactory.createBean(AbstractAutowireCapableBeanFactory.java:450)
Creating instance of bean &apos;lifecycleBeanPostProcessor&apos;
[DEBUG] 2017-05-22 02:54:36,404 method:org.springframework.beans.factory.support.AbstractAutowireCapableBeanFactory.doCreateBean(AbstractAutowireCapableBeanFactory.java:523)
Eagerly caching bean &apos;lifecycleBeanPostProcessor&apos; to allow for resolving potential circular references
[DEBUG] 2017-05-22 02:54:36,405 method:org.springframework.beans.factory.support.AbstractAutowireCapableBeanFactory.createBean(AbstractAutowireCapableBeanFactory.java:478)
Finished creating instance of bean &apos;lifecycleBeanPostProcessor&apos;
[DEBUG] 2017-05-22 02:54:36,405 method:org.springframework.beans.factory.support.DefaultSingletonBeanRegistry.getSingleton(DefaultSingletonBeanRegistry.java:221)
Creating shared instance of singleton bean &apos;org.springframework.context.annotation.ConfigurationClassPostProcessor.importAwareProcessor&apos;
[DEBUG] 2017-05-22 02:54:36,405 method:org.springframework.beans.factory.support.AbstractAutowireCapableBeanFactory.createBean(AbstractAutowireCapableBeanFactory.java:450)
Creating instance of bean &apos;org.springframework.context.annotation.ConfigurationClassPostProcessor.importAwareProcessor&apos;
[DEBUG] 2017-05-22 02:54:36,405 method:org.springframework.beans.factory.support.AbstractAutowireCapableBeanFactory.doCreateBean(AbstractAutowireCapableBeanFactory.java:523)
Eagerly caching bean &apos;org.springframework.context.annotation.ConfigurationClassPostProcessor.importAwareProcessor&apos; to allow for resolving potential circular references
[DEBUG] 2017-05-22 02:54:36,405 method:org.springframework.beans.factory.support.AbstractAutowireCapableBeanFactory.createBean(AbstractAutowireCapableBeanFactory.java:478)
Finished creating instance of bean &apos;org.springframework.context.annotation.ConfigurationClassPostProcessor.importAwareProcessor&apos;
[DEBUG] 2017-05-22 02:54:36,405 method:org.springframework.beans.factory.support.DefaultSingletonBeanRegistry.getSingleton(DefaultSingletonBeanRegistry.java:221)
Creating shared instance of singleton bean &apos;org.springframework.context.annotation.ConfigurationClassPostProcessor.enhancedConfigurationProcessor&apos;
[DEBUG] 2017-05-22 02:54:36,406 method:org.springframework.beans.factory.support.AbstractAutowireCapableBeanFactory.createBean(AbstractAutowireCapableBeanFactory.java:450)
Creating instance of bean &apos;org.springframework.context.annotation.ConfigurationClassPostProcessor.enhancedConfigurationProcessor&apos;
[DEBUG] 2017-05-22 02:54:36,406 method:org.springframework.beans.factory.support.AbstractAutowireCapableBeanFactory.doCreateBean(AbstractAutowireCapableBeanFactory.java:523)
Eagerly caching bean &apos;org.springframework.context.annotation.ConfigurationClassPostProcessor.enhancedConfigurationProcessor&apos; to allow for resolving potential circular references
[DEBUG] 2017-05-22 02:54:36,406 method:org.springframework.beans.factory.support.AbstractAutowireCapableBeanFactory.createBean(AbstractAutowireCapableBeanFactory.java:478)
Finished creating instance of bean &apos;org.springframework.context.annotation.ConfigurationClassPostProcessor.enhancedConfigurationProcessor&apos;
[DEBUG] 2017-05-22 02:54:36,406 method:org.springframework.beans.factory.support.AbstractBeanFactory.doGetBean(AbstractBeanFactory.java:248)
Returning cached instance of singleton bean &apos;lifecycleBeanPostProcessor&apos;
[DEBUG] 2017-05-22 02:54:36,406 method:org.springframework.beans.factory.support.DefaultSingletonBeanRegistry.getSingleton(DefaultSingletonBeanRegistry.java:221)
Creating shared instance of singleton bean &apos;org.springframework.aop.framework.autoproxy.DefaultAdvisorAutoProxyCreator#0&apos;
[DEBUG] 2017-05-22 02:54:36,406 method:org.springframework.beans.factory.support.AbstractAutowireCapableBeanFactory.createBean(AbstractAutowireCapableBeanFactory.java:450)
Creating instance of bean &apos;org.springframework.aop.framework.autoproxy.DefaultAdvisorAutoProxyCreator#0&apos;
[DEBUG] 2017-05-22 02:54:36,407 method:org.springframework.beans.factory.support.AbstractAutowireCapableBeanFactory.doCreateBean(AbstractAutowireCapableBeanFactory.java:523)
Eagerly caching bean &apos;org.springframework.aop.framework.autoproxy.DefaultAdvisorAutoProxyCreator#0&apos; to allow for resolving potential circular references
[DEBUG] 2017-05-22 02:54:36,407 method:org.springframework.beans.factory.support.AbstractAutowireCapableBeanFactory.createBean(AbstractAutowireCapableBeanFactory.java:478)
Finished creating instance of bean &apos;org.springframework.aop.framework.autoproxy.DefaultAdvisorAutoProxyCreator#0&apos;
[DEBUG] 2017-05-22 02:54:36,407 method:org.springframework.beans.factory.support.DefaultSingletonBeanRegistry.getSingleton(DefaultSingletonBeanRegistry.java:221)
Creating shared instance of singleton bean &apos;org.springframework.aop.config.internalAutoProxyCreator&apos;
[DEBUG] 2017-05-22 02:54:36,407 method:org.springframework.beans.factory.support.AbstractAutowireCapableBeanFactory.createBean(AbstractAutowireCapableBeanFactory.java:450)
Creating instance of bean &apos;org.springframework.aop.config.internalAutoProxyCreator&apos;
[DEBUG] 2017-05-22 02:54:36,408 method:org.springframework.beans.factory.support.AbstractAutowireCapableBeanFactory.doCreateBean(AbstractAutowireCapableBeanFactory.java:523)
Eagerly caching bean &apos;org.springframework.aop.config.internalAutoProxyCreator&apos; to allow for resolving potential circular references
[DEBUG] 2017-05-22 02:54:36,408 method:org.springframework.beans.factory.support.AbstractAutowireCapableBeanFactory.createBean(AbstractAutowireCapableBeanFactory.java:478)
Finished creating instance of bean &apos;org.springframework.aop.config.internalAutoProxyCreator&apos;
[DEBUG] 2017-05-22 02:54:36,409 method:org.springframework.beans.factory.support.DefaultSingletonBeanRegistry.getSingleton(DefaultSingletonBeanRegistry.java:221)
Creating shared instance of singleton bean &apos;shiroFilter&apos;
[DEBUG] 2017-05-22 02:54:36,409 method:org.springframework.beans.factory.support.AbstractAutowireCapableBeanFactory.createBean(AbstractAutowireCapableBeanFactory.java:450)
Creating instance of bean &apos;shiroFilter&apos;
[DEBUG] 2017-05-22 02:54:36,410 method:org.springframework.beans.factory.support.DefaultSingletonBeanRegistry.getSingleton(DefaultSingletonBeanRegistry.java:221)
Creating shared instance of singleton bean &apos;org.apache.shiro.spring.security.interceptor.AuthorizationAttributeSourceAdvisor#0&apos;
[DEBUG] 2017-05-22 02:54:36,410 method:org.springframework.beans.factory.support.AbstractAutowireCapableBeanFactory.createBean(AbstractAutowireCapableBeanFactory.java:450)
Creating instance of bean &apos;org.apache.shiro.spring.security.interceptor.AuthorizationAttributeSourceAdvisor#0&apos;
[DEBUG] 2017-05-22 02:54:36,411 method:org.springframework.beans.factory.support.AbstractAutowireCapableBeanFactory.doCreateBean(AbstractAutowireCapableBeanFactory.java:523)
Eagerly caching bean &apos;org.apache.shiro.spring.security.interceptor.AuthorizationAttributeSourceAdvisor#0&apos; to allow for resolving potential circular references
[DEBUG] 2017-05-22 02:54:36,411 method:org.springframework.beans.factory.support.DefaultSingletonBeanRegistry.getSingleton(DefaultSingletonBeanRegistry.java:221)
Creating shared instance of singleton bean &apos;securityManager&apos;
[DEBUG] 2017-05-22 02:54:36,411 method:org.springframework.beans.factory.support.AbstractAutowireCapableBeanFactory.createBean(AbstractAutowireCapableBeanFactory.java:450)
Creating instance of bean &apos;securityManager&apos;
[DEBUG] 2017-05-22 02:54:36,412 method:org.springframework.aop.framework.autoproxy.BeanFactoryAdvisorRetrievalHelper.findAdvisorBeans(BeanFactoryAdvisorRetrievalHelper.java:87)
Skipping currently created advisor &apos;org.apache.shiro.spring.security.interceptor.AuthorizationAttributeSourceAdvisor#0&apos;
[DEBUG] 2017-05-22 02:54:36,412 method:org.springframework.beans.factory.support.DefaultSingletonBeanRegistry.getSingleton(DefaultSingletonBeanRegistry.java:221)
Creating shared instance of singleton bean &apos;org.springframework.aop.support.DefaultBeanFactoryPointcutAdvisor#0&apos;
[DEBUG] 2017-05-22 02:54:36,412 method:org.springframework.beans.factory.support.AbstractAutowireCapableBeanFactory.createBean(AbstractAutowireCapableBeanFactory.java:450)
Creating instance of bean &apos;org.springframework.aop.support.DefaultBeanFactoryPointcutAdvisor#0&apos;
[DEBUG] 2017-05-22 02:54:36,413 method:org.springframework.beans.factory.support.AbstractAutowireCapableBeanFactory.doCreateBean(AbstractAutowireCapableBeanFactory.java:523)
Eagerly caching bean &apos;org.springframework.aop.support.DefaultBeanFactoryPointcutAdvisor#0&apos; to allow for resolving potential circular references
[DEBUG] 2017-05-22 02:54:36,413 method:org.springframework.beans.factory.support.AbstractAutowireCapableBeanFactory.createBean(AbstractAutowireCapableBeanFactory.java:450)
Creating instance of bean &apos;serviceOperation&apos;
[DEBUG] 2017-05-22 02:54:36,414 method:org.springframework.beans.factory.support.AbstractAutowireCapableBeanFactory.createBean(AbstractAutowireCapableBeanFactory.java:478)
Finished creating instance of bean &apos;serviceOperation&apos;
[INFO ] 2017-05-22 02:54:36,415 method:org.springframework.context.support.PostProcessorRegistrationDelegate$BeanPostProcessorChecker.postProcessAfterInitialization(PostProcessorRegistrationDelegate.java:309)
Bean &apos;org.springframework.aop.support.DefaultBeanFactoryPointcutAdvisor#0&apos; of type [class org.springframework.aop.support.DefaultBeanFactoryPointcutAdvisor] is not eligible for getting processed by all BeanPostProcessors (for example: not eligible for auto-proxying)
[DEBUG] 2017-05-22 02:54:36,415 method:org.springframework.beans.factory.support.AbstractAutowireCapableBeanFactory.createBean(AbstractAutowireCapableBeanFactory.java:478)
Finished creating instance of bean &apos;org.springframework.aop.support.DefaultBeanFactoryPointcutAdvisor#0&apos;
[DEBUG] 2017-05-22 02:54:36,416 method:org.springframework.beans.factory.support.AbstractAutowireCapableBeanFactory.doCreateBean(AbstractAutowireCapableBeanFactory.java:523)
Eagerly caching bean &apos;securityManager&apos; to allow for resolving potential circular references
[DEBUG] 2017-05-22 02:54:36,416 method:org.springframework.beans.factory.support.DefaultSingletonBeanRegistry.getSingleton(DefaultSingletonBeanRegistry.java:221)
Creating shared instance of singleton bean &apos;myRealm&apos;
[DEBUG] 2017-05-22 02:54:36,417 method:org.springframework.beans.factory.support.AbstractAutowireCapableBeanFactory.createBean(AbstractAutowireCapableBeanFactory.java:450)
Creating instance of bean &apos;myRealm&apos;
[DEBUG] 2017-05-22 02:54:36,417 method:org.springframework.aop.framework.autoproxy.BeanFactoryAdvisorRetrievalHelper.findAdvisorBeans(BeanFactoryAdvisorRetrievalHelper.java:87)
Skipping currently created advisor &apos;org.apache.shiro.spring.security.interceptor.AuthorizationAttributeSourceAdvisor#0&apos;
[DEBUG] 2017-05-22 02:54:36,418 method:org.springframework.beans.factory.support.AbstractBeanFactory.doGetBean(AbstractBeanFactory.java:248)
Returning cached instance of singleton bean &apos;org.springframework.aop.support.DefaultBeanFactoryPointcutAdvisor#0&apos;
[DEBUG] 2017-05-22 02:54:36,419 method:org.springframework.beans.factory.annotation.InjectionMetadata.checkConfigMembers(InjectionMetadata.java:72)
Registered injected element on class [party.pjc.blog.realm.MyRealm]: AutowiredFieldElement for private party.pjc.blog.service.UserService party.pjc.blog.realm.MyRealm.userService
[DEBUG] 2017-05-22 02:54:36,419 method:org.springframework.beans.factory.support.AbstractAutowireCapableBeanFactory.doCreateBean(AbstractAutowireCapableBeanFactory.java:523)
Eagerly caching bean &apos;myRealm&apos; to allow for resolving potential circular references
[DEBUG] 2017-05-22 02:54:36,419 method:org.springframework.beans.factory.annotation.InjectionMetadata.inject(InjectionMetadata.java:86)
Processing injected element of bean &apos;myRealm&apos;: AutowiredFieldElement for private party.pjc.blog.service.UserService party.pjc.blog.realm.MyRealm.userService
[DEBUG] 2017-05-22 02:54:36,420 method:org.springframework.aop.framework.autoproxy.BeanFactoryAdvisorRetrievalHelper.findAdvisorBeans(BeanFactoryAdvisorRetrievalHelper.java:87)
Skipping currently created advisor &apos;org.apache.shiro.spring.security.interceptor.AuthorizationAttributeSourceAdvisor#0&apos;
[DEBUG] 2017-05-22 02:54:36,420 method:org.springframework.beans.factory.support.AbstractBeanFactory.doGetBean(AbstractBeanFactory.java:248)
Returning cached instance of singleton bean &apos;org.springframework.aop.support.DefaultBeanFactoryPointcutAdvisor#0&apos;
[DEBUG] 2017-05-22 02:54:36,420 method:org.springframework.beans.factory.support.DefaultSingletonBeanRegistry.getSingleton(DefaultSingletonBeanRegistry.java:221)
Creating shared instance of singleton bean &apos;shiroFilter&apos;
[DEBUG] 2017-05-22 02:54:36,421 method:org.springframework.beans.factory.support.AbstractBeanFactory.getTypeForFactoryBean(AbstractBeanFactory.java:1427)
Bean currently in creation on FactoryBean type check: org.springframework.beans.factory.BeanCurrentlyInCreationException: Error creating bean with name &apos;shiroFilter&apos;: Requested bean is currently in creation: Is there an unresolvable circular reference?
[DEBUG] 2017-05-22 02:54:36,421 method:org.springframework.aop.framework.autoproxy.BeanFactoryAdvisorRetrievalHelper.findAdvisorBeans(BeanFactoryAdvisorRetrievalHelper.java:87)
Skipping currently created advisor &apos;org.apache.shiro.spring.security.interceptor.AuthorizationAttributeSourceAdvisor#0&apos;
[DEBUG] 2017-05-22 02:54:36,422 method:org.springframework.beans.factory.support.AbstractBeanFactory.doGetBean(AbstractBeanFactory.java:248)
Returning cached instance of singleton bean &apos;org.springframework.aop.support.DefaultBeanFactoryPointcutAdvisor#0&apos;
[WARN ] 2017-05-22 02:54:36,423 method:org.springframework.context.support.AbstractApplicationContext.refresh(AbstractApplicationContext.java:487)
Exception encountered during context initialization - cancelling refresh attempt
org.springframework.beans.factory.BeanCreationException: Error creating bean with name &apos;shiroFilter&apos; defined in class path resource [applicationContext.xml]: BeanPostProcessor before instantiation of bean failed; nested exception is org.springframework.beans.factory.BeanCreationException: Error creating bean with name &apos;org.apache.shiro.spring.security.interceptor.AuthorizationAttributeSourceAdvisor#0&apos; defined in class path resource [applicationContext.xml]: Cannot resolve reference to bean &apos;securityManager&apos; while setting bean property &apos;securityManager&apos;; nested exception is org.springframework.beans.factory.BeanCreationException: Error creating bean with name &apos;securityManager&apos; defined in class path resource [applicationContext.xml]: Cannot resolve reference to bean &apos;myRealm&apos; while setting bean property &apos;realm&apos;; nested exception is org.springframework.beans.factory.BeanCreationException: Error creating bean with name &apos;myRealm&apos;: Injection of autowired dependencies failed; nested exception is org.springframework.beans.factory.BeanCreationException: Could not autowire field: private party.pjc.blog.service.UserService party.pjc.blog.realm.MyRealm.userService; nested exception is java.lang.NoClassDefFoundError: javax/servlet/ServletContext
Related cause: org.springframework.beans.factory.BeanCurrentlyInCreationException: Error creating bean with name &apos;shiroFilter&apos;: Requested bean is currently in creation: Is there an unresolvable circular reference?
	at org.springframework.beans.factory.support.AbstractAutowireCapableBeanFactory.createBean(AbstractAutowireCapableBeanFactory.java:472)
	at org.springframework.beans.factory.support.AbstractBeanFactory$1.getObject(AbstractBeanFactory.java:303)
	at org.springframework.beans.factory.support.DefaultSingletonBeanRegistry.getSingleton(DefaultSingletonBeanRegistry.java:230)
	at org.springframework.beans.factory.support.AbstractBeanFactory.doGetBean(AbstractBeanFactory.java:299)
	at org.springframework.beans.factory.support.AbstractBeanFactory.getBean(AbstractBeanFactory.java:199)
	at org.springframework.context.support.PostProcessorRegistrationDelegate.registerBeanPostProcessors(PostProcessorRegistrationDelegate.java:232)
	at org.springframework.context.support.AbstractApplicationContext.registerBeanPostProcessors(AbstractApplicationContext.java:615)
	at org.springframework.context.support.AbstractApplicationContext.refresh(AbstractApplicationContext.java:465)
	at org.springframework.test.context.support.AbstractGenericContextLoader.loadContext(AbstractGenericContextLoader.java:125)
	at org.springframework.test.context.support.AbstractGenericContextLoader.loadContext(AbstractGenericContextLoader.java:60)
	at org.springframework.test.context.support.AbstractDelegatingSmartContextLoader.delegateLoading(AbstractDelegatingSmartContextLoader.java:109)
	at org.springframework.test.context.support.AbstractDelegatingSmartContextLoader.loadContext(AbstractDelegatingSmartContextLoader.java:261)
	at org.springframework.test.context.DefaultCacheAwareContextLoaderDelegate.loadContextInternal(DefaultCacheAwareContextLoaderDelegate.java:68)
	at org.springframework.test.context.DefaultCacheAwareContextLoaderDelegate.loadContext(DefaultCacheAwareContextLoaderDelegate.java:86)
	at org.springframework.test.context.DefaultTestContext.getApplicationContext(DefaultTestContext.java:72)
	at org.springframework.test.context.support.DependencyInjectionTestExecutionListener.injectDependencies(DependencyInjectionTestExecutionListener.java:117)
	at org.springframework.test.context.support.DependencyInjectionTestExecutionListener.prepareTestInstance(DependencyInjectionTestExecutionListener.java:83)
	at org.springframework.test.context.TestContextManager.prepareTestInstance(TestContextManager.java:212)
	at org.springframework.test.context.junit4.SpringJUnit4ClassRunner.createTest(SpringJUnit4ClassRunner.java:200)
	at org.springframework.test.context.junit4.SpringJUnit4ClassRunner$1.runReflectiveCall(SpringJUnit4ClassRunner.java:259)
	at org.junit.internal.runners.model.ReflectiveCallable.run(ReflectiveCallable.java:12)
	at org.springframework.test.context.junit4.SpringJUnit4ClassRunner.methodBlock(SpringJUnit4ClassRunner.java:261)
	at org.springframework.test.context.junit4.SpringJUnit4ClassRunner.runChild(SpringJUnit4ClassRunner.java:219)
	at org.springframework.test.context.junit4.SpringJUnit4ClassRunner.runChild(SpringJUnit4ClassRunner.java:83)
	at org.junit.runners.ParentRunner$3.run(ParentRunner.java:238)
	at org.junit.runners.ParentRunner$1.schedule(ParentRunner.java:63)
	at org.junit.runners.ParentRunner.runChildren(ParentRunner.java:236)
	at org.junit.runners.ParentRunner.access$000(ParentRunner.java:53)
	at org.junit.runners.ParentRunner$2.evaluate(ParentRunner.java:229)
	at org.springframework.test.context.junit4.statements.RunBeforeTestClassCallbacks.evaluate(RunBeforeTestClassCallbacks.java:61)
	at org.springframework.test.context.junit4.statements.RunAfterTestClassCallbacks.evaluate(RunAfterTestClassCallbacks.java:68)
	at org.junit.runners.ParentRunner.run(ParentRunner.java:309)
	at org.springframework.test.context.junit4.SpringJUnit4ClassRunner.run(SpringJUnit4ClassRunner.java:163)
	at org.apache.maven.surefire.junit4.JUnit4Provider.execute(JUnit4Provider.java:252)
	at org.apache.maven.surefire.junit4.JUnit4Provider.executeTestSet(JUnit4Provider.java:141)
	at org.apache.maven.surefire.junit4.JUnit4Provider.invoke(JUnit4Provider.java:112)
	at sun.reflect.NativeMethodAccessorImpl.invoke0(Native Method)
	at sun.reflect.NativeMethodAccessorImpl.invoke(NativeMethodAccessorImpl.java:62)
	at sun.reflect.DelegatingMethodAccessorImpl.invoke(DelegatingMethodAccessorImpl.java:43)
	at java.lang.reflect.Method.invoke(Method.java:498)
	at org.apache.maven.surefire.util.ReflectionUtils.invokeMethodWithArray(ReflectionUtils.java:189)
	at org.apache.maven.surefire.booter.ProviderFactory$ProviderProxy.invoke(ProviderFactory.java:165)
	at org.apache.maven.surefire.booter.ProviderFactory.invokeProvider(ProviderFactory.java:85)
	at org.apache.maven.surefire.booter.ForkedBooter.runSuitesInProcess(ForkedBooter.java:115)
	at org.apache.maven.surefire.booter.ForkedBooter.main(ForkedBooter.java:75)
Caused by: org.springframework.beans.factory.BeanCreationException: Error creating bean with name &apos;org.apache.shiro.spring.security.interceptor.AuthorizationAttributeSourceAdvisor#0&apos; defined in class path resource [applicationContext.xml]: Cannot resolve reference to bean &apos;securityManager&apos; while setting bean property &apos;securityManager&apos;; nested exception is org.springframework.beans.factory.BeanCreationException: Error creating bean with name &apos;securityManager&apos; defined in class path resource [applicationContext.xml]: Cannot resolve reference to bean &apos;myRealm&apos; while setting bean property &apos;realm&apos;; nested exception is org.springframework.beans.factory.BeanCreationException: Error creating bean with name &apos;myRealm&apos;: Injection of autowired dependencies failed; nested exception is org.springframework.beans.factory.BeanCreationException: Could not autowire field: private party.pjc.blog.service.UserService party.pjc.blog.realm.MyRealm.userService; nested exception is java.lang.NoClassDefFoundError: javax/servlet/ServletContext
	at org.springframework.beans.factory.support.BeanDefinitionValueResolver.resolveReference(BeanDefinitionValueResolver.java:359)
	at org.springframework.beans.factory.support.BeanDefinitionValueResolver.resolveValueIfNecessary(BeanDefinitionValueResolver.java:108)
	at org.springframework.beans.factory.support.AbstractAutowireCapableBeanFactory.applyPropertyValues(AbstractAutowireCapableBeanFactory.java:1477)
	at org.springframework.beans.factory.support.AbstractAutowireCapableBeanFactory.populateBean(AbstractAutowireCapableBeanFactory.java:1222)
	at org.springframework.beans.factory.support.AbstractAutowireCapableBeanFactory.doCreateBean(AbstractAutowireCapableBeanFactory.java:537)
	at org.springframework.beans.factory.support.AbstractAutowireCapableBeanFactory.createBean(AbstractAutowireCapableBeanFactory.java:476)
	at org.springframework.beans.factory.support.AbstractBeanFactory$1.getObject(AbstractBeanFactory.java:303)
	at org.springframework.beans.factory.support.DefaultSingletonBeanRegistry.getSingleton(DefaultSingletonBeanRegistry.java:230)
	at org.springframework.beans.factory.support.AbstractBeanFactory.doGetBean(AbstractBeanFactory.java:299)
	at org.springframework.beans.factory.support.AbstractBeanFactory.getBean(AbstractBeanFactory.java:199)
	at org.springframework.aop.framework.autoproxy.BeanFactoryAdvisorRetrievalHelper.findAdvisorBeans(BeanFactoryAdvisorRetrievalHelper.java:92)
	at org.springframework.aop.framework.autoproxy.AbstractAdvisorAutoProxyCreator.findCandidateAdvisors(AbstractAdvisorAutoProxyCreator.java:101)
	at org.springframework.aop.aspectj.autoproxy.AspectJAwareAdvisorAutoProxyCreator.shouldSkip(AspectJAwareAdvisorAutoProxyCreator.java:103)
	at org.springframework.aop.framework.autoproxy.AbstractAutoProxyCreator.postProcessBeforeInstantiation(AbstractAutoProxyCreator.java:243)
	at org.springframework.beans.factory.support.AbstractAutowireCapableBeanFactory.applyBeanPostProcessorsBeforeInstantiation(AbstractAutowireCapableBeanFactory.java:984)
	at org.springframework.beans.factory.support.AbstractAutowireCapableBeanFactory.resolveBeforeInstantiation(AbstractAutowireCapableBeanFactory.java:955)
	at org.springframework.beans.factory.support.AbstractAutowireCapableBeanFactory.createBean(AbstractAutowireCapableBeanFactory.java:466)
	... 44 more
Caused by: org.springframework.beans.factory.BeanCreationException: Error creating bean with name &apos;securityManager&apos; defined in class path resource [applicationContext.xml]: Cannot resolve reference to bean &apos;myRealm&apos; while setting bean property &apos;realm&apos;; nested exception is org.springframework.beans.factory.BeanCreationException: Error creating bean with name &apos;myRealm&apos;: Injection of autowired dependencies failed; nested exception is org.springframework.beans.factory.BeanCreationException: Could not autowire field: private party.pjc.blog.service.UserService party.pjc.blog.realm.MyRealm.userService; nested exception is java.lang.NoClassDefFoundError: javax/servlet/ServletContext
	at org.springframework.beans.factory.support.BeanDefinitionValueResolver.resolveReference(BeanDefinitionValueResolver.java:359)
	at org.springframework.beans.factory.support.BeanDefinitionValueResolver.resolveValueIfNecessary(BeanDefinitionValueResolver.java:108)
	at org.springframework.beans.factory.support.AbstractAutowireCapableBeanFactory.applyPropertyValues(AbstractAutowireCapableBeanFactory.java:1477)
	at org.springframework.beans.factory.support.AbstractAutowireCapableBeanFactory.populateBean(AbstractAutowireCapableBeanFactory.java:1222)
	at org.springframework.beans.factory.support.AbstractAutowireCapableBeanFactory.doCreateBean(AbstractAutowireCapableBeanFactory.java:537)
	at org.springframework.beans.factory.support.AbstractAutowireCapableBeanFactory.createBean(AbstractAutowireCapableBeanFactory.java:476)
	at org.springframework.beans.factory.support.AbstractBeanFactory$1.getObject(AbstractBeanFactory.java:303)
	at org.springframework.beans.factory.support.DefaultSingletonBeanRegistry.getSingleton(DefaultSingletonBeanRegistry.java:230)
	at org.springframework.beans.factory.support.AbstractBeanFactory.doGetBean(AbstractBeanFactory.java:299)
	at org.springframework.beans.factory.support.AbstractBeanFactory.getBean(AbstractBeanFactory.java:194)
	at org.springframework.beans.factory.support.BeanDefinitionValueResolver.resolveReference(BeanDefinitionValueResolver.java:351)
	... 60 more
Caused by: org.springframework.beans.factory.BeanCreationException: Error creating bean with name &apos;myRealm&apos;: Injection of autowired dependencies failed; nested exception is org.springframework.beans.factory.BeanCreationException: Could not autowire field: private party.pjc.blog.service.UserService party.pjc.blog.realm.MyRealm.userService; nested exception is java.lang.NoClassDefFoundError: javax/servlet/ServletContext
	at org.springframework.beans.factory.annotation.AutowiredAnnotationBeanPostProcessor.postProcessPropertyValues(AutowiredAnnotationBeanPostProcessor.java:334)
	at org.springframework.beans.factory.support.AbstractAutowireCapableBeanFactory.populateBean(AbstractAutowireCapableBeanFactory.java:1210)
	at org.springframework.beans.factory.support.AbstractAutowireCapableBeanFactory.doCreateBean(AbstractAutowireCapableBeanFactory.java:537)
	at org.springframework.beans.factory.support.AbstractAutowireCapableBeanFactory.createBean(AbstractAutowireCapableBeanFactory.java:476)
	at org.springframework.beans.factory.support.AbstractBeanFactory$1.getObject(AbstractBeanFactory.java:303)
	at org.springframework.beans.factory.support.DefaultSingletonBeanRegistry.getSingleton(DefaultSingletonBeanRegistry.java:230)
	at org.springframework.beans.factory.support.AbstractBeanFactory.doGetBean(AbstractBeanFactory.java:299)
	at org.springframework.beans.factory.support.AbstractBeanFactory.getBean(AbstractBeanFactory.java:194)
	at org.springframework.beans.factory.support.BeanDefinitionValueResolver.resolveReference(BeanDefinitionValueResolver.java:351)
	... 70 more
Caused by: org.springframework.beans.factory.BeanCreationException: Could not autowire field: private party.pjc.blog.service.UserService party.pjc.blog.realm.MyRealm.userService; nested exception is java.lang.NoClassDefFoundError: javax/servlet/ServletContext
	at org.springframework.beans.factory.annotation.AutowiredAnnotationBeanPostProcessor$AutowiredFieldElement.inject(AutowiredAnnotationBeanPostProcessor.java:561)
	at org.springframework.beans.factory.annotation.InjectionMetadata.inject(InjectionMetadata.java:88)
	at org.springframework.beans.factory.annotation.AutowiredAnnotationBeanPostProcessor.postProcessPropertyValues(AutowiredAnnotationBeanPostProcessor.java:331)
	... 78 more
Caused by: java.lang.NoClassDefFoundError: javax/servlet/ServletContext
	at java.lang.Class.getDeclaredMethods0(Native Method)
	at java.lang.Class.privateGetDeclaredMethods(Class.java:2701)
	at java.lang.Class.getDeclaredMethods(Class.java:1975)
	at org.springframework.util.ReflectionUtils.getDeclaredMethods(ReflectionUtils.java:572)
	at org.springframework.util.ReflectionUtils.doWithMethods(ReflectionUtils.java:489)
	at org.springframework.util.ReflectionUtils.doWithMethods(ReflectionUtils.java:475)
	at org.springframework.beans.factory.annotation.AutowiredAnnotationBeanPostProcessor.determineCandidateConstructors(AutowiredAnnotationBeanPostProcessor.java:241)
	at org.springframework.beans.factory.support.AbstractAutowireCapableBeanFactory.determineConstructorsFromBeanPostProcessors(AbstractAutowireCapableBeanFactory.java:1065)
	at org.springframework.beans.factory.support.AbstractAutowireCapableBeanFactory.createBeanInstance(AbstractAutowireCapableBeanFactory.java:1038)
	at org.springframework.beans.factory.support.AbstractAutowireCapableBeanFactory.getSingletonFactoryBeanForTypeCheck(AbstractAutowireCapableBeanFactory.java:860)
	at org.springframework.beans.factory.support.AbstractAutowireCapableBeanFactory.getTypeForFactoryBean(AbstractAutowireCapableBeanFactory.java:790)
	at org.springframework.beans.factory.support.AbstractBeanFactory.isTypeMatch(AbstractBeanFactory.java:542)
	at org.springframework.beans.factory.support.DefaultListableBeanFactory.doGetBeanNamesForType(DefaultListableBeanFactory.java:436)
	at org.springframework.beans.factory.support.DefaultListableBeanFactory.getBeanNamesForType(DefaultListableBeanFactory.java:404)
	at org.springframework.beans.factory.BeanFactoryUtils.beanNamesForTypeIncludingAncestors(BeanFactoryUtils.java:186)
	at org.springframework.beans.factory.support.DefaultListableBeanFactory.findAutowireCandidates(DefaultListableBeanFactory.java:1105)
	at org.springframework.beans.factory.support.DefaultListableBeanFactory.doResolveDependency(DefaultListableBeanFactory.java:1044)
	at org.springframework.beans.factory.support.DefaultListableBeanFactory.resolveDependency(DefaultListableBeanFactory.java:942)
	at org.springframework.beans.factory.annotation.AutowiredAnnotationBeanPostProcessor$AutowiredFieldElement.inject(AutowiredAnnotationBeanPostProcessor.java:533)
	... 80 more
Caused by: java.lang.ClassNotFoundException: javax.servlet.ServletContext
	at java.net.URLClassLoader.findClass(URLClassLoader.java:381)
	at java.lang.ClassLoader.loadClass(ClassLoader.java:424)
	at sun.misc.Launcher$AppClassLoader.loadClass(Launcher.java:335)
	at java.lang.ClassLoader.loadClass(ClassLoader.java:357)
	... 99 more
Related cause:
org.springframework.beans.factory.BeanCurrentlyInCreationException: Error creating bean with name &apos;shiroFilter&apos;: Requested bean is currently in creation: Is there an unresolvable circular reference?
	at org.springframework.beans.factory.support.DefaultSingletonBeanRegistry.beforeSingletonCreation(DefaultSingletonBeanRegistry.java:347)
	at org.springframework.beans.factory.support.DefaultSingletonBeanRegistry.getSingleton(DefaultSingletonBeanRegistry.java:223)
	at org.springframework.beans.factory.support.AbstractBeanFactory.doGetBean(AbstractBeanFactory.java:299)
	at org.springframework.beans.factory.support.AbstractBeanFactory.getTypeForFactoryBean(AbstractBeanFactory.java:1421)
	at org.springframework.beans.factory.support.AbstractAutowireCapableBeanFactory.getTypeForFactoryBean(AbstractAutowireCapableBeanFactory.java:802)
	at org.springframework.beans.factory.support.AbstractBeanFactory.isTypeMatch(AbstractBeanFactory.java:542)
	at org.springframework.beans.factory.support.DefaultListableBeanFactory.doGetBeanNamesForType(DefaultListableBeanFactory.java:436)
	at org.springframework.beans.factory.support.DefaultListableBeanFactory.getBeanNamesForType(DefaultListableBeanFactory.java:404)
	at org.springframework.beans.factory.BeanFactoryUtils.beanNamesForTypeIncludingAncestors(BeanFactoryUtils.java:186)
	at org.springframework.beans.factory.support.DefaultListableBeanFactory.findAutowireCandidates(DefaultListableBeanFactory.java:1105)
	at org.springframework.beans.factory.support.DefaultListableBeanFactory.doResolveDependency(DefaultListableBeanFactory.java:1044)
	at org.springframework.beans.factory.support.DefaultListableBeanFactory.resolveDependency(DefaultListableBeanFactory.java:942)
	at org.springframework.beans.factory.annotation.AutowiredAnnotationBeanPostProcessor$AutowiredFieldElement.inject(AutowiredAnnotationBeanPostProcessor.java:533)
	at org.springframework.beans.factory.annotation.InjectionMetadata.inject(InjectionMetadata.java:88)
	at org.springframework.beans.factory.annotation.AutowiredAnnotationBeanPostProcessor.postProcessPropertyValues(AutowiredAnnotationBeanPostProcessor.java:331)
	at org.springframework.beans.factory.support.AbstractAutowireCapableBeanFactory.populateBean(AbstractAutowireCapableBeanFactory.java:1210)
	at org.springframework.beans.factory.support.AbstractAutowireCapableBeanFactory.doCreateBean(AbstractAutowireCapableBeanFactory.java:537)
	at org.springframework.beans.factory.support.AbstractAutowireCapableBeanFactory.createBean(AbstractAutowireCapableBeanFactory.java:476)
	at org.springframework.beans.factory.support.AbstractBeanFactory$1.getObject(AbstractBeanFactory.java:303)
	at org.springframework.beans.factory.support.DefaultSingletonBeanRegistry.getSingleton(DefaultSingletonBeanRegistry.java:230)
	at org.springframework.beans.factory.support.AbstractBeanFactory.doGetBean(AbstractBeanFactory.java:299)
	at org.springframework.beans.factory.support.AbstractBeanFactory.getBean(AbstractBeanFactory.java:194)
	at org.springframework.beans.factory.support.BeanDefinitionValueResolver.resolveReference(BeanDefinitionValueResolver.java:351)
	at org.springframework.beans.factory.support.BeanDefinitionValueResolver.resolveValueIfNecessary(BeanDefinitionValueResolver.java:108)
	at org.springframework.beans.factory.support.AbstractAutowireCapableBeanFactory.applyPropertyValues(AbstractAutowireCapableBeanFactory.java:1477)
	at org.springframework.beans.factory.support.AbstractAutowireCapableBeanFactory.populateBean(AbstractAutowireCapableBeanFactory.java:1222)
	at org.springframework.beans.factory.support.AbstractAutowireCapableBeanFactory.doCreateBean(AbstractAutowireCapableBeanFactory.java:537)
	at org.springframework.beans.factory.support.AbstractAutowireCapableBeanFactory.createBean(AbstractAutowireCapableBeanFactory.java:476)
	at org.springframework.beans.factory.support.AbstractBeanFactory$1.getObject(AbstractBeanFactory.java:303)
	at org.springframework.beans.factory.support.DefaultSingletonBeanRegistry.getSingleton(DefaultSingletonBeanRegistry.java:230)
	at org.springframework.beans.factory.support.AbstractBeanFactory.doGetBean(AbstractBeanFactory.java:299)
	at org.springframework.beans.factory.support.AbstractBeanFactory.getBean(AbstractBeanFactory.java:194)
	at org.springframework.beans.factory.support.BeanDefinitionValueResolver.resolveReference(BeanDefinitionValueResolver.java:351)
	at org.springframework.beans.factory.support.BeanDefinitionValueResolver.resolveValueIfNecessary(BeanDefinitionValueResolver.java:108)
	at org.springframework.beans.factory.support.AbstractAutowireCapableBeanFactory.applyPropertyValues(AbstractAutowireCapableBeanFactory.java:1477)
	at org.springframework.beans.factory.support.AbstractAutowireCapableBeanFactory.populateBean(AbstractAutowireCapableBeanFactory.java:1222)
	at org.springframework.beans.factory.support.AbstractAutowireCapableBeanFactory.doCreateBean(AbstractAutowireCapableBeanFactory.java:537)
	at org.springframework.beans.factory.support.AbstractAutowireCapableBeanFactory.createBean(AbstractAutowireCapableBeanFactory.java:476)
	at org.springframework.beans.factory.support.AbstractBeanFactory$1.getObject(AbstractBeanFactory.java:303)
	at org.springframework.beans.factory.support.DefaultSingletonBeanRegistry.getSingleton(DefaultSingletonBeanRegistry.java:230)
	at org.springframework.beans.factory.support.AbstractBeanFactory.doGetBean(AbstractBeanFactory.java:299)
	at org.springframework.beans.factory.support.AbstractBeanFactory.getBean(AbstractBeanFactory.java:199)
	at org.springframework.aop.framework.autoproxy.BeanFactoryAdvisorRetrievalHelper.findAdvisorBeans(BeanFactoryAdvisorRetrievalHelper.java:92)
	at org.springframework.aop.framework.autoproxy.AbstractAdvisorAutoProxyCreator.findCandidateAdvisors(AbstractAdvisorAutoProxyCreator.java:101)
	at org.springframework.aop.aspectj.autoproxy.AspectJAwareAdvisorAutoProxyCreator.shouldSkip(AspectJAwareAdvisorAutoProxyCreator.java:103)
	at org.springframework.aop.framework.autoproxy.AbstractAutoProxyCreator.postProcessBeforeInstantiation(AbstractAutoProxyCreator.java:243)
	at org.springframework.beans.factory.support.AbstractAutowireCapableBeanFactory.applyBeanPostProcessorsBeforeInstantiation(AbstractAutowireCapableBeanFactory.java:984)
	at org.springframework.beans.factory.support.AbstractAutowireCapableBeanFactory.resolveBeforeInstantiation(AbstractAutowireCapableBeanFactory.java:955)
	at org.springframework.beans.factory.support.AbstractAutowireCapableBeanFactory.createBean(AbstractAutowireCapableBeanFactory.java:466)
	at org.springframework.beans.factory.support.AbstractBeanFactory$1.getObject(AbstractBeanFactory.java:303)
	at org.springframework.beans.factory.support.DefaultSingletonBeanRegistry.getSingleton(DefaultSingletonBeanRegistry.java:230)
	at org.springframework.beans.factory.support.AbstractBeanFactory.doGetBean(AbstractBeanFactory.java:299)
	at org.springframework.beans.factory.support.AbstractBeanFactory.getBean(AbstractBeanFactory.java:199)
	at org.springframework.context.support.PostProcessorRegistrationDelegate.registerBeanPostProcessors(PostProcessorRegistrationDelegate.java:232)
	at org.springframework.context.support.AbstractApplicationContext.registerBeanPostProcessors(AbstractApplicationContext.java:615)
	at org.springframework.context.support.AbstractApplicationContext.refresh(AbstractApplicationContext.java:465)
	at org.springframework.test.context.support.AbstractGenericContextLoader.loadContext(AbstractGenericContextLoader.java:125)
	at org.springframework.test.context.support.AbstractGenericContextLoader.loadContext(AbstractGenericContextLoader.java:60)
	at org.springframework.test.context.support.AbstractDelegatingSmartContextLoader.delegateLoading(AbstractDelegatingSmartContextLoader.java:109)
	at org.springframework.test.context.support.AbstractDelegatingSmartContextLoader.loadContext(AbstractDelegatingSmartContextLoader.java:261)
	at org.springframework.test.context.DefaultCacheAwareContextLoaderDelegate.loadContextInternal(DefaultCacheAwareContextLoaderDelegate.java:68)
	at org.springframework.test.context.DefaultCacheAwareContextLoaderDelegate.loadContext(DefaultCacheAwareContextLoaderDelegate.java:86)
	at org.springframework.test.context.DefaultTestContext.getApplicationContext(DefaultTestContext.java:72)
	at org.springframework.test.context.support.DependencyInjectionTestExecutionListener.injectDependencies(DependencyInjectionTestExecutionListener.java:117)
	at org.springframework.test.context.support.DependencyInjectionTestExecutionListener.prepareTestInstance(DependencyInjectionTestExecutionListener.java:83)
	at org.springframework.test.context.TestContextManager.prepareTestInstance(TestContextManager.java:212)
	at org.springframework.test.context.junit4.SpringJUnit4ClassRunner.createTest(SpringJUnit4ClassRunner.java:200)
	at org.springframework.test.context.junit4.SpringJUnit4ClassRunner$1.runReflectiveCall(SpringJUnit4ClassRunner.java:259)
	at org.junit.internal.runners.model.ReflectiveCallable.run(ReflectiveCallable.java:12)
	at org.springframework.test.context.junit4.SpringJUnit4ClassRunner.methodBlock(SpringJUnit4ClassRunner.java:261)
	at org.springframework.test.context.junit4.SpringJUnit4ClassRunner.runChild(SpringJUnit4ClassRunner.java:219)
	at org.springframework.test.context.junit4.SpringJUnit4ClassRunner.runChild(SpringJUnit4ClassRunner.java:83)
	at org.junit.runners.ParentRunner$3.run(ParentRunner.java:238)
	at org.junit.runners.ParentRunner$1.schedule(ParentRunner.java:63)
	at org.junit.runners.ParentRunner.runChildren(ParentRunner.java:236)
	at org.junit.runners.ParentRunner.access$000(ParentRunner.java:53)
	at org.junit.runners.ParentRunner$2.evaluate(ParentRunner.java:229)
	at org.springframework.test.context.junit4.statements.RunBeforeTestClassCallbacks.evaluate(RunBeforeTestClassCallbacks.java:61)
	at org.springframework.test.context.junit4.statements.RunAfterTestClassCallbacks.evaluate(RunAfterTestClassCallbacks.java:68)
	at org.junit.runners.ParentRunner.run(ParentRunner.java:309)
	at org.springframework.test.context.junit4.SpringJUnit4ClassRunner.run(SpringJUnit4ClassRunner.java:163)
	at org.apache.maven.surefire.junit4.JUnit4Provider.execute(JUnit4Provider.java:252)
	at org.apache.maven.surefire.junit4.JUnit4Provider.executeTestSet(JUnit4Provider.java:141)
	at org.apache.maven.surefire.junit4.JUnit4Provider.invoke(JUnit4Provider.java:112)
	at sun.reflect.NativeMethodAccessorImpl.invoke0(Native Method)
	at sun.reflect.NativeMethodAccessorImpl.invoke(NativeMethodAccessorImpl.java:62)
	at sun.reflect.DelegatingMethodAccessorImpl.invoke(DelegatingMethodAccessorImpl.java:43)
	at java.lang.reflect.Method.invoke(Method.java:498)
	at org.apache.maven.surefire.util.ReflectionUtils.invokeMethodWithArray(ReflectionUtils.java:189)
	at org.apache.maven.surefire.booter.ProviderFactory$ProviderProxy.invoke(ProviderFactory.java:165)
	at org.apache.maven.surefire.booter.ProviderFactory.invokeProvider(ProviderFactory.java:85)
	at org.apache.maven.surefire.booter.ForkedBooter.runSuitesInProcess(ForkedBooter.java:115)
	at org.apache.maven.surefire.booter.ForkedBooter.main(ForkedBooter.java:75)
[DEBUG] 2017-05-22 02:54:36,426 method:org.springframework.beans.factory.support.DefaultSingletonBeanRegistry.destroySingletons(DefaultSingletonBeanRegistry.java:512)
Destroying singletons in org.springframework.beans.factory.support.DefaultListableBeanFactory@5e742e4: defining beans [categoriesService,commentServiceImpl,linkServiceImpl,postService,tagsService,userServiceImpl,org.springframework.context.annotation.internalConfigurationAnnotationProcessor,org.springframework.context.annotation.internalAutowiredAnnotationProcessor,org.springframework.context.annotation.internalRequiredAnnotationProcessor,org.springframework.context.annotation.internalCommonAnnotationProcessor,dataSource,sqlSessionFactory,org.mybatis.spring.mapper.MapperScannerConfigurer#0,transactionManager,myRealm,securityManager,shiroFilter,lifecycleBeanPostProcessor,org.springframework.aop.framework.autoproxy.DefaultAdvisorAutoProxyCreator#0,org.apache.shiro.spring.security.interceptor.AuthorizationAttributeSourceAdvisor#0,txAdvice,org.springframework.aop.config.internalAutoProxyCreator,serviceOperation,org.springframework.aop.support.DefaultBeanFactoryPointcutAdvisor#0,multipartResolver,postAdminController,systemAdminController,adminController,archiveController,categoriesController,commenController,commentController,linkController,postController,tagsController,uploadController,org.springframework.web.servlet.mvc.annotation.AnnotationMethodHandlerAdapter#0,org.springframework.web.servlet.resource.DefaultServletHttpRequestHandler#0,org.springframework.web.servlet.handler.SimpleUrlHandlerMapping#0,org.springframework.web.servlet.handler.BeanNameUrlHandlerMapping,org.springframework.web.servlet.mvc.HttpRequestHandlerAdapter,org.springframework.web.servlet.mvc.SimpleControllerHandlerAdapter,mvcContentNegotiationManager,org.springframework.web.servlet.mvc.method.annotation.RequestMappingHandlerMapping#0,org.springframework.format.support.FormattingConversionServiceFactoryBean#0,org.springframework.web.servlet.mvc.method.annotation.RequestMappingHandlerAdapter#0,mvcUriComponentsContributor,org.springframework.web.servlet.handler.MappedInterceptor#0,org.springframework.web.servlet.mvc.method.annotation.ExceptionHandlerExceptionResolver#0,org.springframework.web.servlet.mvc.annotation.ResponseStatusExceptionResolver#0,org.springframework.web.servlet.mvc.support.DefaultHandlerExceptionResolver#0,org.springframework.web.servlet.resource.DefaultServletHttpRequestHandler#1,org.springframework.web.servlet.handler.SimpleUrlHandlerMapping#1,viewResolver,org.springframework.context.annotation.ConfigurationClassPostProcessor.importAwareProcessor,org.springframework.context.annotation.ConfigurationClassPostProcessor.enhancedConfigurationProcessor,categoriesDao,commentDao,linkDao,postDao,tagsDao,userDao]; root of factory hierarchy
[ERROR] 2017-05-22 02:54:36,427 method:org.springframework.test.context.TestContextManager.prepareTestInstance(TestContextManager.java:215)
Caught exception while allowing TestExecutionListener [org.springframework.test.context.support.DependencyInjectionTestExecutionListener@27ead29e] to prepare test instance [party.pjc.blog.service.impl.TagServiceImplTest@c9d82f9]
java.lang.IllegalStateException: Failed to load ApplicationContext
	at org.springframework.test.context.DefaultCacheAwareContextLoaderDelegate.loadContext(DefaultCacheAwareContextLoaderDelegate.java:94)
	at org.springframework.test.context.DefaultTestContext.getApplicationContext(DefaultTestContext.java:72)
	at org.springframework.test.context.support.DependencyInjectionTestExecutionListener.injectDependencies(DependencyInjectionTestExecutionListener.java:117)
	at org.springframework.test.context.support.DependencyInjectionTestExecutionListener.prepareTestInstance(DependencyInjectionTestExecutionListener.java:83)
	at org.springframework.test.context.TestContextManager.prepareTestInstance(TestContextManager.java:212)
	at org.springframework.test.context.junit4.SpringJUnit4ClassRunner.createTest(SpringJUnit4ClassRunner.java:200)
	at org.springframework.test.context.junit4.SpringJUnit4ClassRunner$1.runReflectiveCall(SpringJUnit4ClassRunner.java:259)
	at org.junit.internal.runners.model.ReflectiveCallable.run(ReflectiveCallable.java:12)
	at org.springframework.test.context.junit4.SpringJUnit4ClassRunner.methodBlock(SpringJUnit4ClassRunner.java:261)
	at org.springframework.test.context.junit4.SpringJUnit4ClassRunner.runChild(SpringJUnit4ClassRunner.java:219)
	at org.springframework.test.context.junit4.SpringJUnit4ClassRunner.runChild(SpringJUnit4ClassRunner.java:83)
	at org.junit.runners.ParentRunner$3.run(ParentRunner.java:238)
	at org.junit.runners.ParentRunner$1.schedule(ParentRunner.java:63)
	at org.junit.runners.ParentRunner.runChildren(ParentRunner.java:236)
	at org.junit.runners.ParentRunner.access$000(ParentRunner.java:53)
	at org.junit.runners.ParentRunner$2.evaluate(ParentRunner.java:229)
	at org.springframework.test.context.junit4.statements.RunBeforeTestClassCallbacks.evaluate(RunBeforeTestClassCallbacks.java:61)
	at org.springframework.test.context.junit4.statements.RunAfterTestClassCallbacks.evaluate(RunAfterTestClassCallbacks.java:68)
	at org.junit.runners.ParentRunner.run(ParentRunner.java:309)
	at org.springframework.test.context.junit4.SpringJUnit4ClassRunner.run(SpringJUnit4ClassRunner.java:163)
	at org.apache.maven.surefire.junit4.JUnit4Provider.execute(JUnit4Provider.java:252)
	at org.apache.maven.surefire.junit4.JUnit4Provider.executeTestSet(JUnit4Provider.java:141)
	at org.apache.maven.surefire.junit4.JUnit4Provider.invoke(JUnit4Provider.java:112)
	at sun.reflect.NativeMethodAccessorImpl.invoke0(Native Method)
	at sun.reflect.NativeMethodAccessorImpl.invoke(NativeMethodAccessorImpl.java:62)
	at sun.reflect.DelegatingMethodAccessorImpl.invoke(DelegatingMethodAccessorImpl.java:43)
	at java.lang.reflect.Method.invoke(Method.java:498)
	at org.apache.maven.surefire.util.ReflectionUtils.invokeMethodWithArray(ReflectionUtils.java:189)
	at org.apache.maven.surefire.booter.ProviderFactory$ProviderProxy.invoke(ProviderFactory.java:165)
	at org.apache.maven.surefire.booter.ProviderFactory.invokeProvider(ProviderFactory.java:85)
	at org.apache.maven.surefire.booter.ForkedBooter.runSuitesInProcess(ForkedBooter.java:115)
	at org.apache.maven.surefire.booter.ForkedBooter.main(ForkedBooter.java:75)
Caused by: org.springframework.beans.factory.BeanCreationException: Error creating bean with name &apos;shiroFilter&apos; defined in class path resource [applicationContext.xml]: BeanPostProcessor before instantiation of bean failed; nested exception is org.springframework.beans.factory.BeanCreationException: Error creating bean with name &apos;org.apache.shiro.spring.security.interceptor.AuthorizationAttributeSourceAdvisor#0&apos; defined in class path resource [applicationContext.xml]: Cannot resolve reference to bean &apos;securityManager&apos; while setting bean property &apos;securityManager&apos;; nested exception is org.springframework.beans.factory.BeanCreationException: Error creating bean with name &apos;securityManager&apos; defined in class path resource [applicationContext.xml]: Cannot resolve reference to bean &apos;myRealm&apos; while setting bean property &apos;realm&apos;; nested exception is org.springframework.beans.factory.BeanCreationException: Error creating bean with name &apos;myRealm&apos;: Injection of autowired dependencies failed; nested exception is org.springframework.beans.factory.BeanCreationException: Could not autowire field: private party.pjc.blog.service.UserService party.pjc.blog.realm.MyRealm.userService; nested exception is java.lang.NoClassDefFoundError: javax/servlet/ServletContext
Related cause: org.springframework.beans.factory.BeanCurrentlyInCreationException: Error creating bean with name &apos;shiroFilter&apos;: Requested bean is currently in creation: Is there an unresolvable circular reference?
	at org.springframework.beans.factory.support.AbstractAutowireCapableBeanFactory.createBean(AbstractAutowireCapableBeanFactory.java:472)
	at org.springframework.beans.factory.support.AbstractBeanFactory$1.getObject(AbstractBeanFactory.java:303)
	at org.springframework.beans.factory.support.DefaultSingletonBeanRegistry.getSingleton(DefaultSingletonBeanRegistry.java:230)
	at org.springframework.beans.factory.support.AbstractBeanFactory.doGetBean(AbstractBeanFactory.java:299)
	at org.springframework.beans.factory.support.AbstractBeanFactory.getBean(AbstractBeanFactory.java:199)
	at org.springframework.context.support.PostProcessorRegistrationDelegate.registerBeanPostProcessors(PostProcessorRegistrationDelegate.java:232)
	at org.springframework.context.support.AbstractApplicationContext.registerBeanPostProcessors(AbstractApplicationContext.java:615)
	at org.springframework.context.support.AbstractApplicationContext.refresh(AbstractApplicationContext.java:465)
	at org.springframework.test.context.support.AbstractGenericContextLoader.loadContext(AbstractGenericContextLoader.java:125)
	at org.springframework.test.context.support.AbstractGenericContextLoader.loadContext(AbstractGenericContextLoader.java:60)
	at org.springframework.test.context.support.AbstractDelegatingSmartContextLoader.delegateLoading(AbstractDelegatingSmartContextLoader.java:109)
	at org.springframework.test.context.support.AbstractDelegatingSmartContextLoader.loadContext(AbstractDelegatingSmartContextLoader.java:261)
	at org.springframework.test.context.DefaultCacheAwareContextLoaderDelegate.loadContextInternal(DefaultCacheAwareContextLoaderDelegate.java:68)
	at org.springframework.test.context.DefaultCacheAwareContextLoaderDelegate.loadContext(DefaultCacheAwareContextLoaderDelegate.java:86)
	... 31 more
Caused by: org.springframework.beans.factory.BeanCreationException: Error creating bean with name &apos;org.apache.shiro.spring.security.interceptor.AuthorizationAttributeSourceAdvisor#0&apos; defined in class path resource [applicationContext.xml]: Cannot resolve reference to bean &apos;securityManager&apos; while setting bean property &apos;securityManager&apos;; nested exception is org.springframework.beans.factory.BeanCreationException: Error creating bean with name &apos;securityManager&apos; defined in class path resource [applicationContext.xml]: Cannot resolve reference to bean &apos;myRealm&apos; while setting bean property &apos;realm&apos;; nested exception is org.springframework.beans.factory.BeanCreationException: Error creating bean with name &apos;myRealm&apos;: Injection of autowired dependencies failed; nested exception is org.springframework.beans.factory.BeanCreationException: Could not autowire field: private party.pjc.blog.service.UserService party.pjc.blog.realm.MyRealm.userService; nested exception is java.lang.NoClassDefFoundError: javax/servlet/ServletContext
	at org.springframework.beans.factory.support.BeanDefinitionValueResolver.resolveReference(BeanDefinitionValueResolver.java:359)
	at org.springframework.beans.factory.support.BeanDefinitionValueResolver.resolveValueIfNecessary(BeanDefinitionValueResolver.java:108)
	at org.springframework.beans.factory.support.AbstractAutowireCapableBeanFactory.applyPropertyValues(AbstractAutowireCapableBeanFactory.java:1477)
	at org.springframework.beans.factory.support.AbstractAutowireCapableBeanFactory.populateBean(AbstractAutowireCapableBeanFactory.java:1222)
	at org.springframework.beans.factory.support.AbstractAutowireCapableBeanFactory.doCreateBean(AbstractAutowireCapableBeanFactory.java:537)
	at org.springframework.beans.factory.support.AbstractAutowireCapableBeanFactory.createBean(AbstractAutowireCapableBeanFactory.java:476)
	at org.springframework.beans.factory.support.AbstractBeanFactory$1.getObject(AbstractBeanFactory.java:303)
	at org.springframework.beans.factory.support.DefaultSingletonBeanRegistry.getSingleton(DefaultSingletonBeanRegistry.java:230)
	at org.springframework.beans.factory.support.AbstractBeanFactory.doGetBean(AbstractBeanFactory.java:299)
	at org.springframework.beans.factory.support.AbstractBeanFactory.getBean(AbstractBeanFactory.java:199)
	at org.springframework.aop.framework.autoproxy.BeanFactoryAdvisorRetrievalHelper.findAdvisorBeans(BeanFactoryAdvisorRetrievalHelper.java:92)
	at org.springframework.aop.framework.autoproxy.AbstractAdvisorAutoProxyCreator.findCandidateAdvisors(AbstractAdvisorAutoProxyCreator.java:101)
	at org.springframework.aop.aspectj.autoproxy.AspectJAwareAdvisorAutoProxyCreator.shouldSkip(AspectJAwareAdvisorAutoProxyCreator.java:103)
	at org.springframework.aop.framework.autoproxy.AbstractAutoProxyCreator.postProcessBeforeInstantiation(AbstractAutoProxyCreator.java:243)
	at org.springframework.beans.factory.support.AbstractAutowireCapableBeanFactory.applyBeanPostProcessorsBeforeInstantiation(AbstractAutowireCapableBeanFactory.java:984)
	at org.springframework.beans.factory.support.AbstractAutowireCapableBeanFactory.resolveBeforeInstantiation(AbstractAutowireCapableBeanFactory.java:955)
	at org.springframework.beans.factory.support.AbstractAutowireCapableBeanFactory.createBean(AbstractAutowireCapableBeanFactory.java:466)
	... 44 more
Caused by: org.springframework.beans.factory.BeanCreationException: Error creating bean with name &apos;securityManager&apos; defined in class path resource [applicationContext.xml]: Cannot resolve reference to bean &apos;myRealm&apos; while setting bean property &apos;realm&apos;; nested exception is org.springframework.beans.factory.BeanCreationException: Error creating bean with name &apos;myRealm&apos;: Injection of autowired dependencies failed; nested exception is org.springframework.beans.factory.BeanCreationException: Could not autowire field: private party.pjc.blog.service.UserService party.pjc.blog.realm.MyRealm.userService; nested exception is java.lang.NoClassDefFoundError: javax/servlet/ServletContext
	at org.springframework.beans.factory.support.BeanDefinitionValueResolver.resolveReference(BeanDefinitionValueResolver.java:359)
	at org.springframework.beans.factory.support.BeanDefinitionValueResolver.resolveValueIfNecessary(BeanDefinitionValueResolver.java:108)
	at org.springframework.beans.factory.support.AbstractAutowireCapableBeanFactory.applyPropertyValues(AbstractAutowireCapableBeanFactory.java:1477)
	at org.springframework.beans.factory.support.AbstractAutowireCapableBeanFactory.populateBean(AbstractAutowireCapableBeanFactory.java:1222)
	at org.springframework.beans.factory.support.AbstractAutowireCapableBeanFactory.doCreateBean(AbstractAutowireCapableBeanFactory.java:537)
	at org.springframework.beans.factory.support.AbstractAutowireCapableBeanFactory.createBean(AbstractAutowireCapableBeanFactory.java:476)
	at org.springframework.beans.factory.support.AbstractBeanFactory$1.getObject(AbstractBeanFactory.java:303)
	at org.springframework.beans.factory.support.DefaultSingletonBeanRegistry.getSingleton(DefaultSingletonBeanRegistry.java:230)
	at org.springframework.beans.factory.support.AbstractBeanFactory.doGetBean(AbstractBeanFactory.java:299)
	at org.springframework.beans.factory.support.AbstractBeanFactory.getBean(AbstractBeanFactory.java:194)
	at org.springframework.beans.factory.support.BeanDefinitionValueResolver.resolveReference(BeanDefinitionValueResolver.java:351)
	... 60 more
Caused by: org.springframework.beans.factory.BeanCreationException: Error creating bean with name &apos;myRealm&apos;: Injection of autowired dependencies failed; nested exception is org.springframework.beans.factory.BeanCreationException: Could not autowire field: private party.pjc.blog.service.UserService party.pjc.blog.realm.MyRealm.userService; nested exception is java.lang.NoClassDefFoundError: javax/servlet/ServletContext
	at org.springframework.beans.factory.annotation.AutowiredAnnotationBeanPostProcessor.postProcessPropertyValues(AutowiredAnnotationBeanPostProcessor.java:334)
	at org.springframework.beans.factory.support.AbstractAutowireCapableBeanFactory.populateBean(AbstractAutowireCapableBeanFactory.java:1210)
	at org.springframework.beans.factory.support.AbstractAutowireCapableBeanFactory.doCreateBean(AbstractAutowireCapableBeanFactory.java:537)
	at org.springframework.beans.factory.support.AbstractAutowireCapableBeanFactory.createBean(AbstractAutowireCapableBeanFactory.java:476)
	at org.springframework.beans.factory.support.AbstractBeanFactory$1.getObject(AbstractBeanFactory.java:303)
	at org.springframework.beans.factory.support.DefaultSingletonBeanRegistry.getSingleton(DefaultSingletonBeanRegistry.java:230)
	at org.springframework.beans.factory.support.AbstractBeanFactory.doGetBean(AbstractBeanFactory.java:299)
	at org.springframework.beans.factory.support.AbstractBeanFactory.getBean(AbstractBeanFactory.java:194)
	at org.springframework.beans.factory.support.BeanDefinitionValueResolver.resolveReference(BeanDefinitionValueResolver.java:351)
	... 70 more
Caused by: org.springframework.beans.factory.BeanCreationException: Could not autowire field: private party.pjc.blog.service.UserService party.pjc.blog.realm.MyRealm.userService; nested exception is java.lang.NoClassDefFoundError: javax/servlet/ServletContext
	at org.springframework.beans.factory.annotation.AutowiredAnnotationBeanPostProcessor$AutowiredFieldElement.inject(AutowiredAnnotationBeanPostProcessor.java:561)
	at org.springframework.beans.factory.annotation.InjectionMetadata.inject(InjectionMetadata.java:88)
	at org.springframework.beans.factory.annotation.AutowiredAnnotationBeanPostProcessor.postProcessPropertyValues(AutowiredAnnotationBeanPostProcessor.java:331)
	... 78 more
Caused by: java.lang.NoClassDefFoundError: javax/servlet/ServletContext
	at java.lang.Class.getDeclaredMethods0(Native Method)
	at java.lang.Class.privateGetDeclaredMethods(Class.java:2701)
	at java.lang.Class.getDeclaredMethods(Class.java:1975)
	at org.springframework.util.ReflectionUtils.getDeclaredMethods(ReflectionUtils.java:572)
	at org.springframework.util.ReflectionUtils.doWithMethods(ReflectionUtils.java:489)
	at org.springframework.util.ReflectionUtils.doWithMethods(ReflectionUtils.java:475)
	at org.springframework.beans.factory.annotation.AutowiredAnnotationBeanPostProcessor.determineCandidateConstructors(AutowiredAnnotationBeanPostProcessor.java:241)
	at org.springframework.beans.factory.support.AbstractAutowireCapableBeanFactory.determineConstructorsFromBeanPostProcessors(AbstractAutowireCapableBeanFactory.java:1065)
	at org.springframework.beans.factory.support.AbstractAutowireCapableBeanFactory.createBeanInstance(AbstractAutowireCapableBeanFactory.java:1038)
	at org.springframework.beans.factory.support.AbstractAutowireCapableBeanFactory.getSingletonFactoryBeanForTypeCheck(AbstractAutowireCapableBeanFactory.java:860)
	at org.springframework.beans.factory.support.AbstractAutowireCapableBeanFactory.getTypeForFactoryBean(AbstractAutowireCapableBeanFactory.java:790)
	at org.springframework.beans.factory.support.AbstractBeanFactory.isTypeMatch(AbstractBeanFactory.java:542)
	at org.springframework.beans.factory.support.DefaultListableBeanFactory.doGetBeanNamesForType(DefaultListableBeanFactory.java:436)
	at org.springframework.beans.factory.support.DefaultListableBeanFactory.getBeanNamesForType(DefaultListableBeanFactory.java:404)
	at org.springframework.beans.factory.BeanFactoryUtils.beanNamesForTypeIncludingAncestors(BeanFactoryUtils.java:186)
	at org.springframework.beans.factory.support.DefaultListableBeanFactory.findAutowireCandidates(DefaultListableBeanFactory.java:1105)
	at org.springframework.beans.factory.support.DefaultListableBeanFactory.doResolveDependency(DefaultListableBeanFactory.java:1044)
	at org.springframework.beans.factory.support.DefaultListableBeanFactory.resolveDependency(DefaultListableBeanFactory.java:942)
	at org.springframework.beans.factory.annotation.AutowiredAnnotationBeanPostProcessor$AutowiredFieldElement.inject(AutowiredAnnotationBeanPostProcessor.java:533)
	... 80 more
Caused by: java.lang.ClassNotFoundException: javax.servlet.ServletContext
	at java.net.URLClassLoader.findClass(URLClassLoader.java:381)
	at java.lang.ClassLoader.loadClass(ClassLoader.java:424)
	at sun.misc.Launcher$AppClassLoader.loadClass(Launcher.java:335)
	at java.lang.ClassLoader.loadClass(ClassLoader.java:357)
	... 99 more
</system-out>
  </testcase>
  <testcase classname="party.pjc.blog.service.impl.TagServiceImplTest" name="testFindPostCountByTags" time="0.001">
    <error message="Failed to load ApplicationContext" type="java.lang.IllegalStateException">java.lang.IllegalStateException: Failed to load ApplicationContext
	at org.springframework.test.context.DefaultCacheAwareContextLoaderDelegate.loadContext(DefaultCacheAwareContextLoaderDelegate.java:94)
	at org.springframework.test.context.DefaultTestContext.getApplicationContext(DefaultTestContext.java:72)
	at org.springframework.test.context.support.DependencyInjectionTestExecutionListener.injectDependencies(DependencyInjectionTestExecutionListener.java:117)
	at org.springframework.test.context.support.DependencyInjectionTestExecutionListener.prepareTestInstance(DependencyInjectionTestExecutionListener.java:83)
	at org.springframework.test.context.TestContextManager.prepareTestInstance(TestContextManager.java:212)
	at org.springframework.test.context.junit4.SpringJUnit4ClassRunner.createTest(SpringJUnit4ClassRunner.java:200)
	at org.springframework.test.context.junit4.SpringJUnit4ClassRunner$1.runReflectiveCall(SpringJUnit4ClassRunner.java:259)
	at org.junit.internal.runners.model.ReflectiveCallable.run(ReflectiveCallable.java:12)
	at org.springframework.test.context.junit4.SpringJUnit4ClassRunner.methodBlock(SpringJUnit4ClassRunner.java:261)
	at org.springframework.test.context.junit4.SpringJUnit4ClassRunner.runChild(SpringJUnit4ClassRunner.java:219)
	at org.springframework.test.context.junit4.SpringJUnit4ClassRunner.runChild(SpringJUnit4ClassRunner.java:83)
	at org.junit.runners.ParentRunner$3.run(ParentRunner.java:238)
	at org.junit.runners.ParentRunner$1.schedule(ParentRunner.java:63)
	at org.junit.runners.ParentRunner.runChildren(ParentRunner.java:236)
	at org.junit.runners.ParentRunner.access$000(ParentRunner.java:53)
	at org.junit.runners.ParentRunner$2.evaluate(ParentRunner.java:229)
	at org.springframework.test.context.junit4.statements.RunBeforeTestClassCallbacks.evaluate(RunBeforeTestClassCallbacks.java:61)
	at org.springframework.test.context.junit4.statements.RunAfterTestClassCallbacks.evaluate(RunAfterTestClassCallbacks.java:68)
	at org.junit.runners.ParentRunner.run(ParentRunner.java:309)
	at org.springframework.test.context.junit4.SpringJUnit4ClassRunner.run(SpringJUnit4ClassRunner.java:163)
	at org.apache.maven.surefire.junit4.JUnit4Provider.execute(JUnit4Provider.java:252)
	at org.apache.maven.surefire.junit4.JUnit4Provider.executeTestSet(JUnit4Provider.java:141)
	at org.apache.maven.surefire.junit4.JUnit4Provider.invoke(JUnit4Provider.java:112)
	at sun.reflect.NativeMethodAccessorImpl.invoke0(Native Method)
	at sun.reflect.NativeMethodAccessorImpl.invoke(NativeMethodAccessorImpl.java:62)
	at sun.reflect.DelegatingMethodAccessorImpl.invoke(DelegatingMethodAccessorImpl.java:43)
	at java.lang.reflect.Method.invoke(Method.java:498)
	at org.apache.maven.surefire.util.ReflectionUtils.invokeMethodWithArray(ReflectionUtils.java:189)
	at org.apache.maven.surefire.booter.ProviderFactory$ProviderProxy.invoke(ProviderFactory.java:165)
	at org.apache.maven.surefire.booter.ProviderFactory.invokeProvider(ProviderFactory.java:85)
	at org.apache.maven.surefire.booter.ForkedBooter.runSuitesInProcess(ForkedBooter.java:115)
	at org.apache.maven.surefire.booter.ForkedBooter.main(ForkedBooter.java:75)
Caused by: org.springframework.beans.factory.BeanCreationException: Error creating bean with name &apos;shiroFilter&apos; defined in class path resource [applicationContext.xml]: BeanPostProcessor before instantiation of bean failed; nested exception is org.springframework.beans.factory.BeanCreationException: Error creating bean with name &apos;org.apache.shiro.spring.security.interceptor.AuthorizationAttributeSourceAdvisor#0&apos; defined in class path resource [applicationContext.xml]: Cannot resolve reference to bean &apos;securityManager&apos; while setting bean property &apos;securityManager&apos;; nested exception is org.springframework.beans.factory.BeanCreationException: Error creating bean with name &apos;securityManager&apos; defined in class path resource [applicationContext.xml]: Cannot resolve reference to bean &apos;myRealm&apos; while setting bean property &apos;realm&apos;; nested exception is org.springframework.beans.factory.BeanCreationException: Error creating bean with name &apos;myRealm&apos;: Injection of autowired dependencies failed; nested exception is org.springframework.beans.factory.BeanCreationException: Could not autowire field: private party.pjc.blog.service.UserService party.pjc.blog.realm.MyRealm.userService; nested exception is java.lang.NoClassDefFoundError: javax/servlet/ServletContext
Related cause: org.springframework.beans.factory.BeanCurrentlyInCreationException: Error creating bean with name &apos;shiroFilter&apos;: Requested bean is currently in creation: Is there an unresolvable circular reference?
	at org.springframework.beans.factory.support.AbstractAutowireCapableBeanFactory.createBean(AbstractAutowireCapableBeanFactory.java:472)
	at org.springframework.beans.factory.support.AbstractBeanFactory$1.getObject(AbstractBeanFactory.java:303)
	at org.springframework.beans.factory.support.DefaultSingletonBeanRegistry.getSingleton(DefaultSingletonBeanRegistry.java:230)
	at org.springframework.beans.factory.support.AbstractBeanFactory.doGetBean(AbstractBeanFactory.java:299)
	at org.springframework.beans.factory.support.AbstractBeanFactory.getBean(AbstractBeanFactory.java:199)
	at org.springframework.context.support.PostProcessorRegistrationDelegate.registerBeanPostProcessors(PostProcessorRegistrationDelegate.java:232)
	at org.springframework.context.support.AbstractApplicationContext.registerBeanPostProcessors(AbstractApplicationContext.java:615)
	at org.springframework.context.support.AbstractApplicationContext.refresh(AbstractApplicationContext.java:465)
	at org.springframework.test.context.support.AbstractGenericContextLoader.loadContext(AbstractGenericContextLoader.java:125)
	at org.springframework.test.context.support.AbstractGenericContextLoader.loadContext(AbstractGenericContextLoader.java:60)
	at org.springframework.test.context.support.AbstractDelegatingSmartContextLoader.delegateLoading(AbstractDelegatingSmartContextLoader.java:109)
	at org.springframework.test.context.support.AbstractDelegatingSmartContextLoader.loadContext(AbstractDelegatingSmartContextLoader.java:261)
	at org.springframework.test.context.DefaultCacheAwareContextLoaderDelegate.loadContextInternal(DefaultCacheAwareContextLoaderDelegate.java:68)
	at org.springframework.test.context.DefaultCacheAwareContextLoaderDelegate.loadContext(DefaultCacheAwareContextLoaderDelegate.java:86)
	... 31 more
Caused by: org.springframework.beans.factory.BeanCreationException: Error creating bean with name &apos;org.apache.shiro.spring.security.interceptor.AuthorizationAttributeSourceAdvisor#0&apos; defined in class path resource [applicationContext.xml]: Cannot resolve reference to bean &apos;securityManager&apos; while setting bean property &apos;securityManager&apos;; nested exception is org.springframework.beans.factory.BeanCreationException: Error creating bean with name &apos;securityManager&apos; defined in class path resource [applicationContext.xml]: Cannot resolve reference to bean &apos;myRealm&apos; while setting bean property &apos;realm&apos;; nested exception is org.springframework.beans.factory.BeanCreationException: Error creating bean with name &apos;myRealm&apos;: Injection of autowired dependencies failed; nested exception is org.springframework.beans.factory.BeanCreationException: Could not autowire field: private party.pjc.blog.service.UserService party.pjc.blog.realm.MyRealm.userService; nested exception is java.lang.NoClassDefFoundError: javax/servlet/ServletContext
	at org.springframework.beans.factory.support.BeanDefinitionValueResolver.resolveReference(BeanDefinitionValueResolver.java:359)
	at org.springframework.beans.factory.support.BeanDefinitionValueResolver.resolveValueIfNecessary(BeanDefinitionValueResolver.java:108)
	at org.springframework.beans.factory.support.AbstractAutowireCapableBeanFactory.applyPropertyValues(AbstractAutowireCapableBeanFactory.java:1477)
	at org.springframework.beans.factory.support.AbstractAutowireCapableBeanFactory.populateBean(AbstractAutowireCapableBeanFactory.java:1222)
	at org.springframework.beans.factory.support.AbstractAutowireCapableBeanFactory.doCreateBean(AbstractAutowireCapableBeanFactory.java:537)
	at org.springframework.beans.factory.support.AbstractAutowireCapableBeanFactory.createBean(AbstractAutowireCapableBeanFactory.java:476)
	at org.springframework.beans.factory.support.AbstractBeanFactory$1.getObject(AbstractBeanFactory.java:303)
	at org.springframework.beans.factory.support.DefaultSingletonBeanRegistry.getSingleton(DefaultSingletonBeanRegistry.java:230)
	at org.springframework.beans.factory.support.AbstractBeanFactory.doGetBean(AbstractBeanFactory.java:299)
	at org.springframework.beans.factory.support.AbstractBeanFactory.getBean(AbstractBeanFactory.java:199)
	at org.springframework.aop.framework.autoproxy.BeanFactoryAdvisorRetrievalHelper.findAdvisorBeans(BeanFactoryAdvisorRetrievalHelper.java:92)
	at org.springframework.aop.framework.autoproxy.AbstractAdvisorAutoProxyCreator.findCandidateAdvisors(AbstractAdvisorAutoProxyCreator.java:101)
	at org.springframework.aop.aspectj.autoproxy.AspectJAwareAdvisorAutoProxyCreator.shouldSkip(AspectJAwareAdvisorAutoProxyCreator.java:103)
	at org.springframework.aop.framework.autoproxy.AbstractAutoProxyCreator.postProcessBeforeInstantiation(AbstractAutoProxyCreator.java:243)
	at org.springframework.beans.factory.support.AbstractAutowireCapableBeanFactory.applyBeanPostProcessorsBeforeInstantiation(AbstractAutowireCapableBeanFactory.java:984)
	at org.springframework.beans.factory.support.AbstractAutowireCapableBeanFactory.resolveBeforeInstantiation(AbstractAutowireCapableBeanFactory.java:955)
	at org.springframework.beans.factory.support.AbstractAutowireCapableBeanFactory.createBean(AbstractAutowireCapableBeanFactory.java:466)
	... 44 more
Caused by: org.springframework.beans.factory.BeanCreationException: Error creating bean with name &apos;securityManager&apos; defined in class path resource [applicationContext.xml]: Cannot resolve reference to bean &apos;myRealm&apos; while setting bean property &apos;realm&apos;; nested exception is org.springframework.beans.factory.BeanCreationException: Error creating bean with name &apos;myRealm&apos;: Injection of autowired dependencies failed; nested exception is org.springframework.beans.factory.BeanCreationException: Could not autowire field: private party.pjc.blog.service.UserService party.pjc.blog.realm.MyRealm.userService; nested exception is java.lang.NoClassDefFoundError: javax/servlet/ServletContext
	at org.springframework.beans.factory.support.BeanDefinitionValueResolver.resolveReference(BeanDefinitionValueResolver.java:359)
	at org.springframework.beans.factory.support.BeanDefinitionValueResolver.resolveValueIfNecessary(BeanDefinitionValueResolver.java:108)
	at org.springframework.beans.factory.support.AbstractAutowireCapableBeanFactory.applyPropertyValues(AbstractAutowireCapableBeanFactory.java:1477)
	at org.springframework.beans.factory.support.AbstractAutowireCapableBeanFactory.populateBean(AbstractAutowireCapableBeanFactory.java:1222)
	at org.springframework.beans.factory.support.AbstractAutowireCapableBeanFactory.doCreateBean(AbstractAutowireCapableBeanFactory.java:537)
	at org.springframework.beans.factory.support.AbstractAutowireCapableBeanFactory.createBean(AbstractAutowireCapableBeanFactory.java:476)
	at org.springframework.beans.factory.support.AbstractBeanFactory$1.getObject(AbstractBeanFactory.java:303)
	at org.springframework.beans.factory.support.DefaultSingletonBeanRegistry.getSingleton(DefaultSingletonBeanRegistry.java:230)
	at org.springframework.beans.factory.support.AbstractBeanFactory.doGetBean(AbstractBeanFactory.java:299)
	at org.springframework.beans.factory.support.AbstractBeanFactory.getBean(AbstractBeanFactory.java:194)
	at org.springframework.beans.factory.support.BeanDefinitionValueResolver.resolveReference(BeanDefinitionValueResolver.java:351)
	... 60 more
Caused by: org.springframework.beans.factory.BeanCreationException: Error creating bean with name &apos;myRealm&apos;: Injection of autowired dependencies failed; nested exception is org.springframework.beans.factory.BeanCreationException: Could not autowire field: private party.pjc.blog.service.UserService party.pjc.blog.realm.MyRealm.userService; nested exception is java.lang.NoClassDefFoundError: javax/servlet/ServletContext
	at org.springframework.beans.factory.annotation.AutowiredAnnotationBeanPostProcessor.postProcessPropertyValues(AutowiredAnnotationBeanPostProcessor.java:334)
	at org.springframework.beans.factory.support.AbstractAutowireCapableBeanFactory.populateBean(AbstractAutowireCapableBeanFactory.java:1210)
	at org.springframework.beans.factory.support.AbstractAutowireCapableBeanFactory.doCreateBean(AbstractAutowireCapableBeanFactory.java:537)
	at org.springframework.beans.factory.support.AbstractAutowireCapableBeanFactory.createBean(AbstractAutowireCapableBeanFactory.java:476)
	at org.springframework.beans.factory.support.AbstractBeanFactory$1.getObject(AbstractBeanFactory.java:303)
	at org.springframework.beans.factory.support.DefaultSingletonBeanRegistry.getSingleton(DefaultSingletonBeanRegistry.java:230)
	at org.springframework.beans.factory.support.AbstractBeanFactory.doGetBean(AbstractBeanFactory.java:299)
	at org.springframework.beans.factory.support.AbstractBeanFactory.getBean(AbstractBeanFactory.java:194)
	at org.springframework.beans.factory.support.BeanDefinitionValueResolver.resolveReference(BeanDefinitionValueResolver.java:351)
	... 70 more
Caused by: org.springframework.beans.factory.BeanCreationException: Could not autowire field: private party.pjc.blog.service.UserService party.pjc.blog.realm.MyRealm.userService; nested exception is java.lang.NoClassDefFoundError: javax/servlet/ServletContext
	at org.springframework.beans.factory.annotation.AutowiredAnnotationBeanPostProcessor$AutowiredFieldElement.inject(AutowiredAnnotationBeanPostProcessor.java:561)
	at org.springframework.beans.factory.annotation.InjectionMetadata.inject(InjectionMetadata.java:88)
	at org.springframework.beans.factory.annotation.AutowiredAnnotationBeanPostProcessor.postProcessPropertyValues(AutowiredAnnotationBeanPostProcessor.java:331)
	... 78 more
Caused by: java.lang.NoClassDefFoundError: javax/servlet/ServletContext
	at java.lang.Class.getDeclaredMethods0(Native Method)
	at java.lang.Class.privateGetDeclaredMethods(Class.java:2701)
	at java.lang.Class.getDeclaredMethods(Class.java:1975)
	at org.springframework.util.ReflectionUtils.getDeclaredMethods(ReflectionUtils.java:572)
	at org.springframework.util.ReflectionUtils.doWithMethods(ReflectionUtils.java:489)
	at org.springframework.util.ReflectionUtils.doWithMethods(ReflectionUtils.java:475)
	at org.springframework.beans.factory.annotation.AutowiredAnnotationBeanPostProcessor.determineCandidateConstructors(AutowiredAnnotationBeanPostProcessor.java:241)
	at org.springframework.beans.factory.support.AbstractAutowireCapableBeanFactory.determineConstructorsFromBeanPostProcessors(AbstractAutowireCapableBeanFactory.java:1065)
	at org.springframework.beans.factory.support.AbstractAutowireCapableBeanFactory.createBeanInstance(AbstractAutowireCapableBeanFactory.java:1038)
	at org.springframework.beans.factory.support.AbstractAutowireCapableBeanFactory.getSingletonFactoryBeanForTypeCheck(AbstractAutowireCapableBeanFactory.java:860)
	at org.springframework.beans.factory.support.AbstractAutowireCapableBeanFactory.getTypeForFactoryBean(AbstractAutowireCapableBeanFactory.java:790)
	at org.springframework.beans.factory.support.AbstractBeanFactory.isTypeMatch(AbstractBeanFactory.java:542)
	at org.springframework.beans.factory.support.DefaultListableBeanFactory.doGetBeanNamesForType(DefaultListableBeanFactory.java:436)
	at org.springframework.beans.factory.support.DefaultListableBeanFactory.getBeanNamesForType(DefaultListableBeanFactory.java:404)
	at org.springframework.beans.factory.BeanFactoryUtils.beanNamesForTypeIncludingAncestors(BeanFactoryUtils.java:186)
	at org.springframework.beans.factory.support.DefaultListableBeanFactory.findAutowireCandidates(DefaultListableBeanFactory.java:1105)
	at org.springframework.beans.factory.support.DefaultListableBeanFactory.doResolveDependency(DefaultListableBeanFactory.java:1044)
	at org.springframework.beans.factory.support.DefaultListableBeanFactory.resolveDependency(DefaultListableBeanFactory.java:942)
	at org.springframework.beans.factory.annotation.AutowiredAnnotationBeanPostProcessor$AutowiredFieldElement.inject(AutowiredAnnotationBeanPostProcessor.java:533)
	... 80 more
Caused by: java.lang.ClassNotFoundException: javax.servlet.ServletContext
	at java.net.URLClassLoader.findClass(URLClassLoader.java:381)
	at java.lang.ClassLoader.loadClass(ClassLoader.java:424)
	at sun.misc.Launcher$AppClassLoader.loadClass(Launcher.java:335)
	at java.lang.ClassLoader.loadClass(ClassLoader.java:357)
	... 99 more
</error>
    <system-out>[DEBUG] 2017-05-22 02:54:36,433 method:org.springframework.test.annotation.ProfileValueUtils.retrieveProfileValueSource(ProfileValueUtils.java:71)
Retrieved @ProfileValueSourceConfiguration [null] for test class [party.pjc.blog.service.impl.TagServiceImplTest]
[DEBUG] 2017-05-22 02:54:36,433 method:org.springframework.test.annotation.ProfileValueUtils.retrieveProfileValueSource(ProfileValueUtils.java:83)
Retrieved ProfileValueSource type [class org.springframework.test.annotation.SystemProfileValueSource] for class [party.pjc.blog.service.impl.TagServiceImplTest]
[DEBUG] 2017-05-22 02:54:36,434 method:org.springframework.test.context.support.DependencyInjectionTestExecutionListener.prepareTestInstance(DependencyInjectionTestExecutionListener.java:81)
Performing dependency injection for test context [[DefaultTestContext@49b07ee3 testClass = TagServiceImplTest, testInstance = party.pjc.blog.service.impl.TagServiceImplTest@1e63d216, testMethod = [null], testException = [null], mergedContextConfiguration = [MergedContextConfiguration@65f00478 testClass = TagServiceImplTest, locations = &apos;{classpath:applicationContext.xml, classpath:spring-mvc.xml}&apos;, classes = &apos;{}&apos;, contextInitializerClasses = &apos;[]&apos;, activeProfiles = &apos;{}&apos;, propertySourceLocations = &apos;{}&apos;, propertySourceProperties = &apos;{}&apos;, contextLoader = &apos;org.springframework.test.context.support.DelegatingSmartContextLoader&apos;, parent = [null]]]].
[DEBUG] 2017-05-22 02:54:36,435 method:org.springframework.test.context.support.AbstractDelegatingSmartContextLoader.delegateLoading(AbstractDelegatingSmartContextLoader.java:107)
Delegating to GenericXmlContextLoader to load context from [MergedContextConfiguration@65f00478 testClass = TagServiceImplTest, locations = &apos;{classpath:applicationContext.xml, classpath:spring-mvc.xml}&apos;, classes = &apos;{}&apos;, contextInitializerClasses = &apos;[]&apos;, activeProfiles = &apos;{}&apos;, propertySourceLocations = &apos;{}&apos;, propertySourceProperties = &apos;{}&apos;, contextLoader = &apos;org.springframework.test.context.support.DelegatingSmartContextLoader&apos;, parent = [null]].
[DEBUG] 2017-05-22 02:54:36,435 method:org.springframework.test.context.support.AbstractGenericContextLoader.loadContext(AbstractGenericContextLoader.java:107)
Loading ApplicationContext for merged context configuration [[MergedContextConfiguration@65f00478 testClass = TagServiceImplTest, locations = &apos;{classpath:applicationContext.xml, classpath:spring-mvc.xml}&apos;, classes = &apos;{}&apos;, contextInitializerClasses = &apos;[]&apos;, activeProfiles = &apos;{}&apos;, propertySourceLocations = &apos;{}&apos;, propertySourceProperties = &apos;{}&apos;, contextLoader = &apos;org.springframework.test.context.support.DelegatingSmartContextLoader&apos;, parent = [null]]].
[DEBUG] 2017-05-22 02:54:36,436 method:org.springframework.core.env.MutablePropertySources.addLast(MutablePropertySources.java:109)
Adding [systemProperties] PropertySource with lowest search precedence
[DEBUG] 2017-05-22 02:54:36,436 method:org.springframework.core.env.MutablePropertySources.addLast(MutablePropertySources.java:109)
Adding [systemEnvironment] PropertySource with lowest search precedence
[DEBUG] 2017-05-22 02:54:36,437 method:org.springframework.core.env.AbstractEnvironment.&lt;init&gt;(AbstractEnvironment.java:126)
Initialized StandardEnvironment with PropertySources [systemProperties,systemEnvironment]
[INFO ] 2017-05-22 02:54:36,437 method:org.springframework.beans.factory.xml.XmlBeanDefinitionReader.loadBeanDefinitions(XmlBeanDefinitionReader.java:317)
Loading XML bean definitions from class path resource [applicationContext.xml]
[DEBUG] 2017-05-22 02:54:36,439 method:org.springframework.beans.factory.xml.DefaultDocumentLoader.loadDocument(DefaultDocumentLoader.java:73)
Using JAXP provider [com.sun.org.apache.xerces.internal.jaxp.DocumentBuilderFactoryImpl]
[DEBUG] 2017-05-22 02:54:36,440 method:org.springframework.beans.factory.xml.PluggableSchemaResolver.getSchemaMappings(PluggableSchemaResolver.java:141)
Loading schema mappings from [META-INF/spring.schemas]
[DEBUG] 2017-05-22 02:54:36,442 method:org.springframework.beans.factory.xml.PluggableSchemaResolver.getSchemaMappings(PluggableSchemaResolver.java:147)
Loaded schema mappings: {http://www.springframework.org/schema/tx/spring-tx-2.5.xsd=org/springframework/transaction/config/spring-tx-2.5.xsd, http://www.springframework.org/schema/aop/spring-aop-4.1.xsd=org/springframework/aop/config/spring-aop-4.1.xsd, http://www.springframework.org/schema/context/spring-context-3.1.xsd=org/springframework/context/config/spring-context-3.1.xsd, http://www.springframework.org/schema/jdbc/spring-jdbc-4.1.xsd=org/springframework/jdbc/config/spring-jdbc-4.1.xsd, http://www.springframework.org/schema/util/spring-util-3.0.xsd=org/springframework/beans/factory/xml/spring-util-3.0.xsd, http://www.springframework.org/schema/mvc/spring-mvc-4.1.xsd=org/springframework/web/servlet/config/spring-mvc-4.1.xsd, http://mybatis.org/schema/mybatis-spring-1.2.xsd=org/mybatis/spring/config/mybatis-spring-1.2.xsd, http://www.springframework.org/schema/aop/spring-aop-3.2.xsd=org/springframework/aop/config/spring-aop-3.2.xsd, http://www.springframework.org/schema/tool/spring-tool.xsd=org/springframework/beans/factory/xml/spring-tool-4.1.xsd, http://www.springframework.org/schema/lang/spring-lang-4.1.xsd=org/springframework/scripting/config/spring-lang-4.1.xsd, http://www.springframework.org/schema/context/spring-context-4.0.xsd=org/springframework/context/config/spring-context-4.0.xsd, http://www.springframework.org/schema/mvc/spring-mvc-3.2.xsd=org/springframework/web/servlet/config/spring-mvc-3.2.xsd, http://www.springframework.org/schema/tool/spring-tool-4.1.xsd=org/springframework/beans/factory/xml/spring-tool-4.1.xsd, http://www.springframework.org/schema/lang/spring-lang-3.2.xsd=org/springframework/scripting/config/spring-lang-3.2.xsd, http://www.springframework.org/schema/cache/spring-cache-3.2.xsd=org/springframework/cache/config/spring-cache-3.2.xsd, http://www.springframework.org/schema/jee/spring-jee-4.1.xsd=org/springframework/ejb/config/spring-jee-4.1.xsd, http://www.springframework.org/schema/jdbc/spring-jdbc-3.1.xsd=org/springframework/jdbc/config/spring-jdbc-3.1.xsd, http://www.springframework.org/schema/util/spring-util-2.0.xsd=org/springframework/beans/factory/xml/spring-util-2.0.xsd, http://www.springframework.org/schema/tool/spring-tool-3.2.xsd=org/springframework/beans/factory/xml/spring-tool-3.2.xsd, http://www.springframework.org/schema/context/spring-context.xsd=org/springframework/context/config/spring-context-4.1.xsd, http://www.springframework.org/schema/cache/spring-cache-4.1.xsd=org/springframework/cache/config/spring-cache-4.1.xsd, http://www.springframework.org/schema/aop/spring-aop-4.0.xsd=org/springframework/aop/config/spring-aop-4.0.xsd, http://www.springframework.org/schema/jee/spring-jee-3.2.xsd=org/springframework/ejb/config/spring-jee-3.2.xsd, http://www.springframework.org/schema/context/spring-context-3.0.xsd=org/springframework/context/config/spring-context-3.0.xsd, http://www.springframework.org/schema/jdbc/spring-jdbc-4.0.xsd=org/springframework/jdbc/config/spring-jdbc-4.0.xsd, http://www.springframework.org/schema/util/spring-util-2.5.xsd=org/springframework/beans/factory/xml/spring-util-2.5.xsd, http://www.springframework.org/schema/mvc/spring-mvc-4.0.xsd=org/springframework/web/servlet/config/spring-mvc-4.0.xsd, http://www.springframework.org/schema/beans/spring-beans-3.2.xsd=org/springframework/beans/factory/xml/spring-beans-3.2.xsd, http://www.springframework.org/schema/aop/spring-aop-3.1.xsd=org/springframework/aop/config/spring-aop-3.1.xsd, http://www.springframework.org/schema/lang/spring-lang-4.0.xsd=org/springframework/scripting/config/spring-lang-4.0.xsd, http://www.springframework.org/schema/mvc/spring-mvc.xsd=org/springframework/web/servlet/config/spring-mvc-4.1.xsd, http://www.springframework.org/schema/mvc/spring-mvc-3.1.xsd=org/springframework/web/servlet/config/spring-mvc-3.1.xsd, http://www.springframework.org/schema/beans/spring-beans-4.1.xsd=org/springframework/beans/factory/xml/spring-beans-4.1.xsd, http://www.springframework.org/schema/tool/spring-tool-4.0.xsd=org/springframework/beans/factory/xml/spring-tool-4.0.xsd, http://www.springframework.org/schema/lang/spring-lang-3.1.xsd=org/springframework/scripting/config/spring-lang-3.1.xsd, http://www.springframework.org/schema/tx/spring-tx-3.2.xsd=org/springframework/transaction/config/spring-tx-3.2.xsd, http://www.springframework.org/schema/cache/spring-cache-3.1.xsd=org/springframework/cache/config/spring-cache-3.1.xsd, http://www.springframework.org/schema/jee/spring-jee-4.0.xsd=org/springframework/ejb/config/spring-jee-4.0.xsd, http://www.springframework.org/schema/jdbc/spring-jdbc-3.0.xsd=org/springframework/jdbc/config/spring-jdbc-3.0.xsd, http://www.springframework.org/schema/task/spring-task-4.1.xsd=org/springframework/scheduling/config/spring-task-4.1.xsd, http://www.springframework.org/schema/jdbc/spring-jdbc.xsd=org/springframework/jdbc/config/spring-jdbc-4.1.xsd, http://www.springframework.org/schema/tool/spring-tool-3.1.xsd=org/springframework/beans/factory/xml/spring-tool-3.1.xsd, http://www.springframework.org/schema/tx/spring-tx-4.1.xsd=org/springframework/transaction/config/spring-tx-4.1.xsd, http://www.springframework.org/schema/cache/spring-cache-4.0.xsd=org/springframework/cache/config/spring-cache-4.0.xsd, http://www.springframework.org/schema/jee/spring-jee-3.1.xsd=org/springframework/ejb/config/spring-jee-3.1.xsd, http://www.springframework.org/schema/task/spring-task-3.2.xsd=org/springframework/scheduling/config/spring-task-3.2.xsd, http://www.springframework.org/schema/beans/spring-beans-3.1.xsd=org/springframework/beans/factory/xml/spring-beans-3.1.xsd, http://www.springframework.org/schema/util/spring-util.xsd=org/springframework/beans/factory/xml/spring-util-4.1.xsd, http://www.springframework.org/schema/aop/spring-aop-3.0.xsd=org/springframework/aop/config/spring-aop-3.0.xsd, http://www.springframework.org/schema/mvc/spring-mvc-3.0.xsd=org/springframework/web/servlet/config/spring-mvc-3.0.xsd, http://www.springframework.org/schema/beans/spring-beans-4.0.xsd=org/springframework/beans/factory/xml/spring-beans-4.0.xsd, http://www.springframework.org/schema/beans/spring-beans.xsd=org/springframework/beans/factory/xml/spring-beans-4.1.xsd, http://mybatis.org/schema/mybatis-spring.xsd=org/mybatis/spring/config/mybatis-spring-1.2.xsd, http://www.springframework.org/schema/lang/spring-lang-3.0.xsd=org/springframework/scripting/config/spring-lang-3.0.xsd, http://www.springframework.org/schema/tx/spring-tx-3.1.xsd=org/springframework/transaction/config/spring-tx-3.1.xsd, http://www.springframework.org/schema/context/spring-context-2.5.xsd=org/springframework/context/config/spring-context-2.5.xsd, http://www.springframework.org/schema/task/spring-task-4.0.xsd=org/springframework/scheduling/config/spring-task-4.0.xsd, http://www.springframework.org/schema/tool/spring-tool-3.0.xsd=org/springframework/beans/factory/xml/spring-tool-3.0.xsd, http://www.springframework.org/schema/tx/spring-tx-4.0.xsd=org/springframework/transaction/config/spring-tx-4.0.xsd, http://www.springframework.org/schema/aop/spring-aop-2.0.xsd=org/springframework/aop/config/spring-aop-2.0.xsd, http://www.springframework.org/schema/jee/spring-jee-3.0.xsd=org/springframework/ejb/config/spring-jee-3.0.xsd, http://www.springframework.org/schema/util/spring-util-4.1.xsd=org/springframework/beans/factory/xml/spring-util-4.1.xsd, http://www.springframework.org/schema/task/spring-task-3.1.xsd=org/springframework/scheduling/config/spring-task-3.1.xsd, http://www.springframework.org/schema/beans/spring-beans-3.0.xsd=org/springframework/beans/factory/xml/spring-beans-3.0.xsd, http://www.springframework.org/schema/jee/spring-jee.xsd=org/springframework/ejb/config/spring-jee-4.1.xsd, http://www.springframework.org/schema/aop/spring-aop-2.5.xsd=org/springframework/aop/config/spring-aop-2.5.xsd, http://www.springframework.org/schema/lang/spring-lang-2.0.xsd=org/springframework/scripting/config/spring-lang-2.0.xsd, http://www.springframework.org/schema/util/spring-util-3.2.xsd=org/springframework/beans/factory/xml/spring-util-3.2.xsd, http://www.springframework.org/schema/task/spring-task.xsd=org/springframework/scheduling/config/spring-task-4.1.xsd, http://www.springframework.org/schema/tool/spring-tool-2.0.xsd=org/springframework/beans/factory/xml/spring-tool-2.0.xsd, http://www.springframework.org/schema/tx/spring-tx-3.0.xsd=org/springframework/transaction/config/spring-tx-3.0.xsd, http://www.springframework.org/schema/lang/spring-lang-2.5.xsd=org/springframework/scripting/config/spring-lang-2.5.xsd, http://www.springframework.org/schema/jee/spring-jee-2.0.xsd=org/springframework/ejb/config/spring-jee-2.0.xsd, http://www.springframework.org/schema/tool/spring-tool-2.5.xsd=org/springframework/beans/factory/xml/spring-tool-2.5.xsd, http://www.springframework.org/schema/jee/spring-jee-2.5.xsd=org/springframework/ejb/config/spring-jee-2.5.xsd, http://www.springframework.org/schema/util/spring-util-4.0.xsd=org/springframework/beans/factory/xml/spring-util-4.0.xsd, http://www.springframework.org/schema/task/spring-task-3.0.xsd=org/springframework/scheduling/config/spring-task-3.0.xsd, http://www.springframework.org/schema/lang/spring-lang.xsd=org/springframework/scripting/config/spring-lang-4.1.xsd, http://www.springframework.org/schema/context/spring-context-3.2.xsd=org/springframework/context/config/spring-context-3.2.xsd, http://www.springframework.org/schema/util/spring-util-3.1.xsd=org/springframework/beans/factory/xml/spring-util-3.1.xsd, http://www.springframework.org/schema/beans/spring-beans-2.0.xsd=org/springframework/beans/factory/xml/spring-beans-2.0.xsd, http://www.springframework.org/schema/cache/spring-cache.xsd=org/springframework/cache/config/spring-cache-4.1.xsd, http://www.springframework.org/schema/tx/spring-tx.xsd=org/springframework/transaction/config/spring-tx-4.1.xsd, http://www.springframework.org/schema/context/spring-context-4.1.xsd=org/springframework/context/config/spring-context-4.1.xsd, http://www.springframework.org/schema/beans/spring-beans-2.5.xsd=org/springframework/beans/factory/xml/spring-beans-2.5.xsd, http://www.springframework.org/schema/tx/spring-tx-2.0.xsd=org/springframework/transaction/config/spring-tx-2.0.xsd, http://www.springframework.org/schema/jdbc/spring-jdbc-3.2.xsd=org/springframework/jdbc/config/spring-jdbc-3.2.xsd, http://www.springframework.org/schema/aop/spring-aop.xsd=org/springframework/aop/config/spring-aop-4.1.xsd}
[DEBUG] 2017-05-22 02:54:36,443 method:org.springframework.beans.factory.xml.PluggableSchemaResolver.resolveEntity(PluggableSchemaResolver.java:119)
Found XML schema [http://www.springframework.org/schema/beans/spring-beans-4.0.xsd] in classpath: org/springframework/beans/factory/xml/spring-beans-4.0.xsd
[DEBUG] 2017-05-22 02:54:36,446 method:org.springframework.beans.factory.xml.PluggableSchemaResolver.resolveEntity(PluggableSchemaResolver.java:119)
Found XML schema [http://www.springframework.org/schema/context/spring-context-4.0.xsd] in classpath: org/springframework/context/config/spring-context-4.0.xsd
[DEBUG] 2017-05-22 02:54:36,448 method:org.springframework.beans.factory.xml.PluggableSchemaResolver.resolveEntity(PluggableSchemaResolver.java:119)
Found XML schema [http://www.springframework.org/schema/tool/spring-tool-4.0.xsd] in classpath: org/springframework/beans/factory/xml/spring-tool-4.0.xsd
[DEBUG] 2017-05-22 02:54:36,450 method:org.springframework.beans.factory.xml.PluggableSchemaResolver.resolveEntity(PluggableSchemaResolver.java:119)
Found XML schema [http://www.springframework.org/schema/tx/spring-tx-4.0.xsd] in classpath: org/springframework/transaction/config/spring-tx-4.0.xsd
[DEBUG] 2017-05-22 02:54:36,452 method:org.springframework.beans.factory.xml.PluggableSchemaResolver.resolveEntity(PluggableSchemaResolver.java:119)
Found XML schema [http://www.springframework.org/schema/aop/spring-aop-4.0.xsd] in classpath: org/springframework/aop/config/spring-aop-4.0.xsd
[DEBUG] 2017-05-22 02:54:36,454 method:org.springframework.beans.factory.xml.DefaultBeanDefinitionDocumentReader.registerBeanDefinitions(DefaultBeanDefinitionDocumentReader.java:98)
Loading bean definitions
[DEBUG] 2017-05-22 02:54:36,458 method:org.springframework.beans.factory.xml.DefaultNamespaceHandlerResolver.getHandlerMappings(DefaultNamespaceHandlerResolver.java:157)
Loaded NamespaceHandler mappings: {http://www.springframework.org/schema/p=org.springframework.beans.factory.xml.SimplePropertyNamespaceHandler, http://www.springframework.org/schema/mvc=org.springframework.web.servlet.config.MvcNamespaceHandler, http://www.springframework.org/schema/util=org.springframework.beans.factory.xml.UtilNamespaceHandler, http://www.springframework.org/schema/jee=org.springframework.ejb.config.JeeNamespaceHandler, http://www.springframework.org/schema/aop=org.springframework.aop.config.AopNamespaceHandler, http://www.springframework.org/schema/jdbc=org.springframework.jdbc.config.JdbcNamespaceHandler, http://www.springframework.org/schema/cache=org.springframework.cache.config.CacheNamespaceHandler, http://mybatis.org/schema/mybatis-spring=org.mybatis.spring.config.NamespaceHandler, http://www.springframework.org/schema/c=org.springframework.beans.factory.xml.SimpleConstructorNamespaceHandler, http://www.springframework.org/schema/tx=org.springframework.transaction.config.TxNamespaceHandler, http://www.springframework.org/schema/task=org.springframework.scheduling.config.TaskNamespaceHandler, http://www.springframework.org/schema/lang=org.springframework.scripting.config.LangNamespaceHandler, http://www.springframework.org/schema/context=org.springframework.context.config.ContextNamespaceHandler}
[DEBUG] 2017-05-22 02:54:36,459 method:org.springframework.core.io.support.PathMatchingResourcePatternResolver.doFindMatchingFileSystemResources(PathMatchingResourcePatternResolver.java:631)
Looking for matching resources in directory tree [D:\MyWork\workspace\LvcBlog\target\test-classes\party\pjc\blog\service]
[DEBUG] 2017-05-22 02:54:36,460 method:org.springframework.core.io.support.PathMatchingResourcePatternResolver.doRetrieveMatchingFiles(PathMatchingResourcePatternResolver.java:693)
Searching directory [D:\MyWork\workspace\LvcBlog\target\test-classes\party\pjc\blog\service] for files matching pattern [D:/MyWork/workspace/LvcBlog/target/test-classes/party/pjc/blog/service/**/*.class]
[DEBUG] 2017-05-22 02:54:36,461 method:org.springframework.core.io.support.PathMatchingResourcePatternResolver.doRetrieveMatchingFiles(PathMatchingResourcePatternResolver.java:693)
Searching directory [D:\MyWork\workspace\LvcBlog\target\test-classes\party\pjc\blog\service\impl] for files matching pattern [D:/MyWork/workspace/LvcBlog/target/test-classes/party/pjc/blog/service/**/*.class]
[DEBUG] 2017-05-22 02:54:36,462 method:org.springframework.core.io.support.PathMatchingResourcePatternResolver.doFindMatchingFileSystemResources(PathMatchingResourcePatternResolver.java:631)
Looking for matching resources in directory tree [D:\MyWork\workspace\LvcBlog\target\classes\party\pjc\blog\service]
[DEBUG] 2017-05-22 02:54:36,462 method:org.springframework.core.io.support.PathMatchingResourcePatternResolver.doRetrieveMatchingFiles(PathMatchingResourcePatternResolver.java:693)
Searching directory [D:\MyWork\workspace\LvcBlog\target\classes\party\pjc\blog\service] for files matching pattern [D:/MyWork/workspace/LvcBlog/target/classes/party/pjc/blog/service/**/*.class]
[DEBUG] 2017-05-22 02:54:36,463 method:org.springframework.core.io.support.PathMatchingResourcePatternResolver.doRetrieveMatchingFiles(PathMatchingResourcePatternResolver.java:693)
Searching directory [D:\MyWork\workspace\LvcBlog\target\classes\party\pjc\blog\service\impl] for files matching pattern [D:/MyWork/workspace/LvcBlog/target/classes/party/pjc/blog/service/**/*.class]
[DEBUG] 2017-05-22 02:54:36,463 method:org.springframework.core.io.support.PathMatchingResourcePatternResolver.findPathMatchingResources(PathMatchingResourcePatternResolver.java:424)
Resolved location pattern [classpath*:party/pjc/blog/service/**/*.class] to resources [file [D:\MyWork\workspace\LvcBlog\target\test-classes\party\pjc\blog\service\impl\CategoriseServiceImplTest.class], file [D:\MyWork\workspace\LvcBlog\target\test-classes\party\pjc\blog\service\impl\CommentServiceImplTest.class], file [D:\MyWork\workspace\LvcBlog\target\test-classes\party\pjc\blog\service\impl\LinkServiceImplTest.class], file [D:\MyWork\workspace\LvcBlog\target\test-classes\party\pjc\blog\service\impl\PostServiceTest.class], file [D:\MyWork\workspace\LvcBlog\target\test-classes\party\pjc\blog\service\impl\TagServiceImplTest.class], file [D:\MyWork\workspace\LvcBlog\target\test-classes\party\pjc\blog\service\impl\UserServiceImplTest.class], file [D:\MyWork\workspace\LvcBlog\target\classes\party\pjc\blog\service\CategoriesService.class], file [D:\MyWork\workspace\LvcBlog\target\classes\party\pjc\blog\service\CommentService.class], file [D:\MyWork\workspace\LvcBlog\target\classes\party\pjc\blog\service\impl\CategoriesServiceImpl.class], file [D:\MyWork\workspace\LvcBlog\target\classes\party\pjc\blog\service\impl\CommentServiceImpl.class], file [D:\MyWork\workspace\LvcBlog\target\classes\party\pjc\blog\service\impl\LinkServiceImpl.class], file [D:\MyWork\workspace\LvcBlog\target\classes\party\pjc\blog\service\impl\PostServiceImpl.class], file [D:\MyWork\workspace\LvcBlog\target\classes\party\pjc\blog\service\impl\TagsServiceImpl.class], file [D:\MyWork\workspace\LvcBlog\target\classes\party\pjc\blog\service\impl\UserServiceImpl.class], file [D:\MyWork\workspace\LvcBlog\target\classes\party\pjc\blog\service\LinkService.class], file [D:\MyWork\workspace\LvcBlog\target\classes\party\pjc\blog\service\PostService.class], file [D:\MyWork\workspace\LvcBlog\target\classes\party\pjc\blog\service\TagsService.class], file [D:\MyWork\workspace\LvcBlog\target\classes\party\pjc\blog\service\UserService.class]]
[DEBUG] 2017-05-22 02:54:36,465 method:org.springframework.context.annotation.ClassPathScanningCandidateComponentProvider.findCandidateComponents(ClassPathScanningCandidateComponentProvider.java:286)
Identified candidate component class: file [D:\MyWork\workspace\LvcBlog\target\classes\party\pjc\blog\service\impl\CategoriesServiceImpl.class]
[DEBUG] 2017-05-22 02:54:36,466 method:org.springframework.context.annotation.ClassPathScanningCandidateComponentProvider.findCandidateComponents(ClassPathScanningCandidateComponentProvider.java:286)
Identified candidate component class: file [D:\MyWork\workspace\LvcBlog\target\classes\party\pjc\blog\service\impl\CommentServiceImpl.class]
[DEBUG] 2017-05-22 02:54:36,467 method:org.springframework.context.annotation.ClassPathScanningCandidateComponentProvider.findCandidateComponents(ClassPathScanningCandidateComponentProvider.java:286)
Identified candidate component class: file [D:\MyWork\workspace\LvcBlog\target\classes\party\pjc\blog\service\impl\LinkServiceImpl.class]
[DEBUG] 2017-05-22 02:54:36,468 method:org.springframework.context.annotation.ClassPathScanningCandidateComponentProvider.findCandidateComponents(ClassPathScanningCandidateComponentProvider.java:286)
Identified candidate component class: file [D:\MyWork\workspace\LvcBlog\target\classes\party\pjc\blog\service\impl\PostServiceImpl.class]
[DEBUG] 2017-05-22 02:54:36,469 method:org.springframework.context.annotation.ClassPathScanningCandidateComponentProvider.findCandidateComponents(ClassPathScanningCandidateComponentProvider.java:286)
Identified candidate component class: file [D:\MyWork\workspace\LvcBlog\target\classes\party\pjc\blog\service\impl\TagsServiceImpl.class]
[DEBUG] 2017-05-22 02:54:36,469 method:org.springframework.context.annotation.ClassPathScanningCandidateComponentProvider.findCandidateComponents(ClassPathScanningCandidateComponentProvider.java:286)
Identified candidate component class: file [D:\MyWork\workspace\LvcBlog\target\classes\party\pjc\blog\service\impl\UserServiceImpl.class]
[DEBUG] 2017-05-22 02:54:36,471 method:org.springframework.beans.factory.xml.BeanDefinitionParserDelegate.parseBeanDefinitionElement(BeanDefinitionParserDelegate.java:495)
Neither XML &apos;id&apos; nor &apos;name&apos; specified - using generated bean name [org.mybatis.spring.mapper.MapperScannerConfigurer#0]
[DEBUG] 2017-05-22 02:54:36,471 method:org.springframework.beans.factory.xml.BeanDefinitionParserDelegate.parseBeanDefinitionElement(BeanDefinitionParserDelegate.java:495)
Neither XML &apos;id&apos; nor &apos;name&apos; specified - using generated bean name [org.springframework.aop.framework.autoproxy.DefaultAdvisorAutoProxyCreator#0]
[DEBUG] 2017-05-22 02:54:36,472 method:org.springframework.beans.factory.xml.BeanDefinitionParserDelegate.parseBeanDefinitionElement(BeanDefinitionParserDelegate.java:495)
Neither XML &apos;id&apos; nor &apos;name&apos; specified - using generated bean name [org.apache.shiro.spring.security.interceptor.AuthorizationAttributeSourceAdvisor#0]
[DEBUG] 2017-05-22 02:54:36,472 method:org.springframework.beans.factory.support.AbstractBeanDefinitionReader.loadBeanDefinitions(AbstractBeanDefinitionReader.java:224)
Loaded 25 bean definitions from location pattern [classpath:applicationContext.xml]
[INFO ] 2017-05-22 02:54:36,472 method:org.springframework.beans.factory.xml.XmlBeanDefinitionReader.loadBeanDefinitions(XmlBeanDefinitionReader.java:317)
Loading XML bean definitions from class path resource [spring-mvc.xml]
[DEBUG] 2017-05-22 02:54:36,474 method:org.springframework.beans.factory.xml.DefaultDocumentLoader.loadDocument(DefaultDocumentLoader.java:73)
Using JAXP provider [com.sun.org.apache.xerces.internal.jaxp.DocumentBuilderFactoryImpl]
[DEBUG] 2017-05-22 02:54:36,475 method:org.springframework.beans.factory.xml.PluggableSchemaResolver.resolveEntity(PluggableSchemaResolver.java:119)
Found XML schema [http://www.springframework.org/schema/beans/spring-beans-4.0.xsd] in classpath: org/springframework/beans/factory/xml/spring-beans-4.0.xsd
[DEBUG] 2017-05-22 02:54:36,478 method:org.springframework.beans.factory.xml.PluggableSchemaResolver.resolveEntity(PluggableSchemaResolver.java:119)
Found XML schema [http://www.springframework.org/schema/context/spring-context-4.0.xsd] in classpath: org/springframework/context/config/spring-context-4.0.xsd
[DEBUG] 2017-05-22 02:54:36,480 method:org.springframework.beans.factory.xml.PluggableSchemaResolver.resolveEntity(PluggableSchemaResolver.java:119)
Found XML schema [http://www.springframework.org/schema/tool/spring-tool-4.0.xsd] in classpath: org/springframework/beans/factory/xml/spring-tool-4.0.xsd
[DEBUG] 2017-05-22 02:54:36,482 method:org.springframework.beans.factory.xml.PluggableSchemaResolver.resolveEntity(PluggableSchemaResolver.java:119)
Found XML schema [http://www.springframework.org/schema/mvc/spring-mvc-4.0.xsd] in classpath: org/springframework/web/servlet/config/spring-mvc-4.0.xsd
[DEBUG] 2017-05-22 02:54:36,484 method:org.springframework.beans.factory.xml.DefaultBeanDefinitionDocumentReader.registerBeanDefinitions(DefaultBeanDefinitionDocumentReader.java:98)
Loading bean definitions
[DEBUG] 2017-05-22 02:54:36,486 method:org.springframework.core.io.support.PathMatchingResourcePatternResolver.doFindMatchingFileSystemResources(PathMatchingResourcePatternResolver.java:631)
Looking for matching resources in directory tree [D:\MyWork\workspace\LvcBlog\target\classes\party\pjc\blog\controller]
[DEBUG] 2017-05-22 02:54:36,486 method:org.springframework.core.io.support.PathMatchingResourcePatternResolver.doRetrieveMatchingFiles(PathMatchingResourcePatternResolver.java:693)
Searching directory [D:\MyWork\workspace\LvcBlog\target\classes\party\pjc\blog\controller] for files matching pattern [D:/MyWork/workspace/LvcBlog/target/classes/party/pjc/blog/controller/**/*.class]
[DEBUG] 2017-05-22 02:54:36,487 method:org.springframework.core.io.support.PathMatchingResourcePatternResolver.doRetrieveMatchingFiles(PathMatchingResourcePatternResolver.java:693)
Searching directory [D:\MyWork\workspace\LvcBlog\target\classes\party\pjc\blog\controller\admin] for files matching pattern [D:/MyWork/workspace/LvcBlog/target/classes/party/pjc/blog/controller/**/*.class]
[DEBUG] 2017-05-22 02:54:36,488 method:org.springframework.core.io.support.PathMatchingResourcePatternResolver.findPathMatchingResources(PathMatchingResourcePatternResolver.java:424)
Resolved location pattern [classpath*:party/pjc/blog/controller/**/*.class] to resources [file [D:\MyWork\workspace\LvcBlog\target\classes\party\pjc\blog\controller\admin\PostAdminController.class], file [D:\MyWork\workspace\LvcBlog\target\classes\party\pjc\blog\controller\admin\SystemAdminController.class], file [D:\MyWork\workspace\LvcBlog\target\classes\party\pjc\blog\controller\AdminController.class], file [D:\MyWork\workspace\LvcBlog\target\classes\party\pjc\blog\controller\ArchiveController.class], file [D:\MyWork\workspace\LvcBlog\target\classes\party\pjc\blog\controller\CategoriesController$1.class], file [D:\MyWork\workspace\LvcBlog\target\classes\party\pjc\blog\controller\CategoriesController.class], file [D:\MyWork\workspace\LvcBlog\target\classes\party\pjc\blog\controller\CommenController.class], file [D:\MyWork\workspace\LvcBlog\target\classes\party\pjc\blog\controller\CommentController.class], file [D:\MyWork\workspace\LvcBlog\target\classes\party\pjc\blog\controller\LinkController.class], file [D:\MyWork\workspace\LvcBlog\target\classes\party\pjc\blog\controller\PostController.class], file [D:\MyWork\workspace\LvcBlog\target\classes\party\pjc\blog\controller\TagsController$1.class], file [D:\MyWork\workspace\LvcBlog\target\classes\party\pjc\blog\controller\TagsController$2.class], file [D:\MyWork\workspace\LvcBlog\target\classes\party\pjc\blog\controller\TagsController.class], file [D:\MyWork\workspace\LvcBlog\target\classes\party\pjc\blog\controller\UploadController.class]]
[DEBUG] 2017-05-22 02:54:36,489 method:org.springframework.context.annotation.ClassPathScanningCandidateComponentProvider.findCandidateComponents(ClassPathScanningCandidateComponentProvider.java:286)
Identified candidate component class: file [D:\MyWork\workspace\LvcBlog\target\classes\party\pjc\blog\controller\admin\PostAdminController.class]
[DEBUG] 2017-05-22 02:54:36,489 method:org.springframework.context.annotation.ClassPathScanningCandidateComponentProvider.findCandidateComponents(ClassPathScanningCandidateComponentProvider.java:286)
Identified candidate component class: file [D:\MyWork\workspace\LvcBlog\target\classes\party\pjc\blog\controller\admin\SystemAdminController.class]
[DEBUG] 2017-05-22 02:54:36,490 method:org.springframework.context.annotation.ClassPathScanningCandidateComponentProvider.findCandidateComponents(ClassPathScanningCandidateComponentProvider.java:286)
Identified candidate component class: file [D:\MyWork\workspace\LvcBlog\target\classes\party\pjc\blog\controller\AdminController.class]
[DEBUG] 2017-05-22 02:54:36,491 method:org.springframework.context.annotation.ClassPathScanningCandidateComponentProvider.findCandidateComponents(ClassPathScanningCandidateComponentProvider.java:286)
Identified candidate component class: file [D:\MyWork\workspace\LvcBlog\target\classes\party\pjc\blog\controller\ArchiveController.class]
[DEBUG] 2017-05-22 02:54:36,491 method:org.springframework.context.annotation.ClassPathScanningCandidateComponentProvider.findCandidateComponents(ClassPathScanningCandidateComponentProvider.java:286)
Identified candidate component class: file [D:\MyWork\workspace\LvcBlog\target\classes\party\pjc\blog\controller\CategoriesController.class]
[DEBUG] 2017-05-22 02:54:36,492 method:org.springframework.context.annotation.ClassPathScanningCandidateComponentProvider.findCandidateComponents(ClassPathScanningCandidateComponentProvider.java:286)
Identified candidate component class: file [D:\MyWork\workspace\LvcBlog\target\classes\party\pjc\blog\controller\CommenController.class]
[DEBUG] 2017-05-22 02:54:36,492 method:org.springframework.context.annotation.ClassPathScanningCandidateComponentProvider.findCandidateComponents(ClassPathScanningCandidateComponentProvider.java:286)
Identified candidate component class: file [D:\MyWork\workspace\LvcBlog\target\classes\party\pjc\blog\controller\CommentController.class]
[DEBUG] 2017-05-22 02:54:36,493 method:org.springframework.context.annotation.ClassPathScanningCandidateComponentProvider.findCandidateComponents(ClassPathScanningCandidateComponentProvider.java:286)
Identified candidate component class: file [D:\MyWork\workspace\LvcBlog\target\classes\party\pjc\blog\controller\LinkController.class]
[DEBUG] 2017-05-22 02:54:36,494 method:org.springframework.context.annotation.ClassPathScanningCandidateComponentProvider.findCandidateComponents(ClassPathScanningCandidateComponentProvider.java:286)
Identified candidate component class: file [D:\MyWork\workspace\LvcBlog\target\classes\party\pjc\blog\controller\PostController.class]
[DEBUG] 2017-05-22 02:54:36,494 method:org.springframework.context.annotation.ClassPathScanningCandidateComponentProvider.findCandidateComponents(ClassPathScanningCandidateComponentProvider.java:286)
Identified candidate component class: file [D:\MyWork\workspace\LvcBlog\target\classes\party\pjc\blog\controller\TagsController.class]
[DEBUG] 2017-05-22 02:54:36,495 method:org.springframework.context.annotation.ClassPathScanningCandidateComponentProvider.findCandidateComponents(ClassPathScanningCandidateComponentProvider.java:286)
Identified candidate component class: file [D:\MyWork\workspace\LvcBlog\target\classes\party\pjc\blog\controller\UploadController.class]
[DEBUG] 2017-05-22 02:54:36,495 method:org.springframework.beans.factory.xml.BeanDefinitionParserDelegate.parseBeanDefinitionElement(BeanDefinitionParserDelegate.java:495)
Neither XML &apos;id&apos; nor &apos;name&apos; specified - using generated bean name [org.springframework.web.servlet.mvc.annotation.AnnotationMethodHandlerAdapter#0]
[DEBUG] 2017-05-22 02:54:36,496 method:org.springframework.beans.factory.support.AbstractBeanDefinitionReader.loadBeanDefinitions(AbstractBeanDefinitionReader.java:224)
Loaded 29 bean definitions from location pattern [classpath:spring-mvc.xml]
[INFO ] 2017-05-22 02:54:36,496 method:org.springframework.context.support.AbstractApplicationContext.prepareRefresh(AbstractApplicationContext.java:510)
Refreshing org.springframework.context.support.GenericApplicationContext@62ddd21b: startup date [Mon May 22 02:54:36 CST 2017]; root of context hierarchy
[DEBUG] 2017-05-22 02:54:36,497 method:org.springframework.context.support.AbstractApplicationContext.obtainFreshBeanFactory(AbstractApplicationContext.java:540)
Bean factory for org.springframework.context.support.GenericApplicationContext@62ddd21b: org.springframework.beans.factory.support.DefaultListableBeanFactory@7a6ebe1e: defining beans [categoriesService,commentServiceImpl,linkServiceImpl,postService,tagsService,userServiceImpl,org.springframework.context.annotation.internalConfigurationAnnotationProcessor,org.springframework.context.annotation.internalAutowiredAnnotationProcessor,org.springframework.context.annotation.internalRequiredAnnotationProcessor,org.springframework.context.annotation.internalCommonAnnotationProcessor,dataSource,sqlSessionFactory,org.mybatis.spring.mapper.MapperScannerConfigurer#0,transactionManager,myRealm,securityManager,shiroFilter,lifecycleBeanPostProcessor,org.springframework.aop.framework.autoproxy.DefaultAdvisorAutoProxyCreator#0,org.apache.shiro.spring.security.interceptor.AuthorizationAttributeSourceAdvisor#0,txAdvice,org.springframework.aop.config.internalAutoProxyCreator,serviceOperation,org.springframework.aop.support.DefaultBeanFactoryPointcutAdvisor#0,multipartResolver,postAdminController,systemAdminController,adminController,archiveController,categoriesController,commenController,commentController,linkController,postController,tagsController,uploadController,org.springframework.web.servlet.mvc.annotation.AnnotationMethodHandlerAdapter#0,org.springframework.web.servlet.resource.DefaultServletHttpRequestHandler#0,org.springframework.web.servlet.handler.SimpleUrlHandlerMapping#0,org.springframework.web.servlet.handler.BeanNameUrlHandlerMapping,org.springframework.web.servlet.mvc.HttpRequestHandlerAdapter,org.springframework.web.servlet.mvc.SimpleControllerHandlerAdapter,mvcContentNegotiationManager,org.springframework.web.servlet.mvc.method.annotation.RequestMappingHandlerMapping#0,org.springframework.format.support.FormattingConversionServiceFactoryBean#0,org.springframework.web.servlet.mvc.method.annotation.RequestMappingHandlerAdapter#0,mvcUriComponentsContributor,org.springframework.web.servlet.handler.MappedInterceptor#0,org.springframework.web.servlet.mvc.method.annotation.ExceptionHandlerExceptionResolver#0,org.springframework.web.servlet.mvc.annotation.ResponseStatusExceptionResolver#0,org.springframework.web.servlet.mvc.support.DefaultHandlerExceptionResolver#0,org.springframework.web.servlet.resource.DefaultServletHttpRequestHandler#1,org.springframework.web.servlet.handler.SimpleUrlHandlerMapping#1,viewResolver]; root of factory hierarchy
[DEBUG] 2017-05-22 02:54:36,497 method:org.springframework.beans.factory.support.DefaultSingletonBeanRegistry.getSingleton(DefaultSingletonBeanRegistry.java:221)
Creating shared instance of singleton bean &apos;org.springframework.context.annotation.internalConfigurationAnnotationProcessor&apos;
[DEBUG] 2017-05-22 02:54:36,498 method:org.springframework.beans.factory.support.AbstractAutowireCapableBeanFactory.createBean(AbstractAutowireCapableBeanFactory.java:450)
Creating instance of bean &apos;org.springframework.context.annotation.internalConfigurationAnnotationProcessor&apos;
[DEBUG] 2017-05-22 02:54:36,498 method:org.springframework.beans.factory.support.AbstractAutowireCapableBeanFactory.doCreateBean(AbstractAutowireCapableBeanFactory.java:523)
Eagerly caching bean &apos;org.springframework.context.annotation.internalConfigurationAnnotationProcessor&apos; to allow for resolving potential circular references
[DEBUG] 2017-05-22 02:54:36,498 method:org.springframework.beans.factory.support.AbstractAutowireCapableBeanFactory.createBean(AbstractAutowireCapableBeanFactory.java:478)
Finished creating instance of bean &apos;org.springframework.context.annotation.internalConfigurationAnnotationProcessor&apos;
[DEBUG] 2017-05-22 02:54:36,505 method:org.springframework.context.annotation.ConfigurationClassUtils.isLiteConfigurationCandidate(ConfigurationClassUtils.java:166)
Failed to introspect @Bean methods on class [class org.springframework.core.type.StandardAnnotationMetadata]: java.lang.NoClassDefFoundError: javax/servlet/ServletResponse
[DEBUG] 2017-05-22 02:54:36,506 method:org.springframework.context.annotation.ConfigurationClassUtils.isLiteConfigurationCandidate(ConfigurationClassUtils.java:166)
Failed to introspect @Bean methods on class [class org.springframework.core.type.StandardAnnotationMetadata]: java.lang.NoClassDefFoundError: javax/servlet/http/HttpServletRequest
[DEBUG] 2017-05-22 02:54:36,506 method:org.springframework.context.annotation.ConfigurationClassUtils.isLiteConfigurationCandidate(ConfigurationClassUtils.java:166)
Failed to introspect @Bean methods on class [class org.springframework.core.type.StandardAnnotationMetadata]: java.lang.NoClassDefFoundError: javax/servlet/http/HttpServletRequest
[DEBUG] 2017-05-22 02:54:36,507 method:org.springframework.context.annotation.ConfigurationClassUtils.isLiteConfigurationCandidate(ConfigurationClassUtils.java:166)
Failed to introspect @Bean methods on class [class org.springframework.core.type.StandardAnnotationMetadata]: java.lang.NoClassDefFoundError: javax/servlet/ServletContext
[DEBUG] 2017-05-22 02:54:36,508 method:org.springframework.context.annotation.ConfigurationClassUtils.isLiteConfigurationCandidate(ConfigurationClassUtils.java:166)
Failed to introspect @Bean methods on class [class org.springframework.core.type.StandardAnnotationMetadata]: java.lang.NoClassDefFoundError: javax/servlet/ServletException
[DEBUG] 2017-05-22 02:54:36,509 method:org.springframework.context.annotation.ConfigurationClassUtils.isLiteConfigurationCandidate(ConfigurationClassUtils.java:166)
Failed to introspect @Bean methods on class [class org.springframework.core.type.StandardAnnotationMetadata]: java.lang.NoClassDefFoundError: javax/servlet/ServletException
[DEBUG] 2017-05-22 02:54:36,510 method:org.springframework.context.annotation.ConfigurationClassUtils.isLiteConfigurationCandidate(ConfigurationClassUtils.java:166)
Failed to introspect @Bean methods on class [class org.springframework.core.type.StandardAnnotationMetadata]: java.lang.NoClassDefFoundError: javax/servlet/http/HttpServletRequest
[DEBUG] 2017-05-22 02:54:36,511 method:org.springframework.context.annotation.ConfigurationClassUtils.isLiteConfigurationCandidate(ConfigurationClassUtils.java:166)
Failed to introspect @Bean methods on class [class org.springframework.core.type.StandardAnnotationMetadata]: java.lang.NoClassDefFoundError: javax/servlet/http/HttpServletRequest
[DEBUG] 2017-05-22 02:54:36,511 method:org.springframework.context.annotation.ConfigurationClassUtils.isLiteConfigurationCandidate(ConfigurationClassUtils.java:166)
Failed to introspect @Bean methods on class [class org.springframework.core.type.StandardAnnotationMetadata]: java.lang.NoClassDefFoundError: javax/servlet/http/HttpServletRequest
[DEBUG] 2017-05-22 02:54:36,512 method:org.springframework.context.annotation.ConfigurationClassUtils.isLiteConfigurationCandidate(ConfigurationClassUtils.java:166)
Failed to introspect @Bean methods on class [class org.springframework.core.type.StandardAnnotationMetadata]: java.lang.NoClassDefFoundError: javax/servlet/ServletResponse
[DEBUG] 2017-05-22 02:54:36,528 method:org.springframework.beans.factory.support.DefaultSingletonBeanRegistry.getSingleton(DefaultSingletonBeanRegistry.java:221)
Creating shared instance of singleton bean &apos;org.mybatis.spring.mapper.MapperScannerConfigurer#0&apos;
[DEBUG] 2017-05-22 02:54:36,529 method:org.springframework.beans.factory.support.AbstractAutowireCapableBeanFactory.createBean(AbstractAutowireCapableBeanFactory.java:450)
Creating instance of bean &apos;org.mybatis.spring.mapper.MapperScannerConfigurer#0&apos;
[DEBUG] 2017-05-22 02:54:36,529 method:org.springframework.beans.factory.support.AbstractAutowireCapableBeanFactory.doCreateBean(AbstractAutowireCapableBeanFactory.java:523)
Eagerly caching bean &apos;org.mybatis.spring.mapper.MapperScannerConfigurer#0&apos; to allow for resolving potential circular references
[DEBUG] 2017-05-22 02:54:36,530 method:org.springframework.beans.factory.support.AbstractAutowireCapableBeanFactory.invokeInitMethods(AbstractAutowireCapableBeanFactory.java:1616)
Invoking afterPropertiesSet() on bean with name &apos;org.mybatis.spring.mapper.MapperScannerConfigurer#0&apos;
[DEBUG] 2017-05-22 02:54:36,530 method:org.springframework.beans.factory.support.AbstractAutowireCapableBeanFactory.createBean(AbstractAutowireCapableBeanFactory.java:478)
Finished creating instance of bean &apos;org.mybatis.spring.mapper.MapperScannerConfigurer#0&apos;
[DEBUG] 2017-05-22 02:54:36,531 method:org.springframework.core.env.MutablePropertySources.addLast(MutablePropertySources.java:109)
Adding [systemProperties] PropertySource with lowest search precedence
[DEBUG] 2017-05-22 02:54:36,532 method:org.springframework.core.env.MutablePropertySources.addLast(MutablePropertySources.java:109)
Adding [systemEnvironment] PropertySource with lowest search precedence
[DEBUG] 2017-05-22 02:54:36,532 method:org.springframework.core.env.AbstractEnvironment.&lt;init&gt;(AbstractEnvironment.java:126)
Initialized StandardEnvironment with PropertySources [systemProperties,systemEnvironment]
[DEBUG] 2017-05-22 02:54:36,533 method:org.springframework.core.io.support.PathMatchingResourcePatternResolver.doFindMatchingFileSystemResources(PathMatchingResourcePatternResolver.java:631)
Looking for matching resources in directory tree [D:\MyWork\workspace\LvcBlog\target\test-classes\party\pjc\blog\dao]
[DEBUG] 2017-05-22 02:54:36,533 method:org.springframework.core.io.support.PathMatchingResourcePatternResolver.doRetrieveMatchingFiles(PathMatchingResourcePatternResolver.java:693)
Searching directory [D:\MyWork\workspace\LvcBlog\target\test-classes\party\pjc\blog\dao] for files matching pattern [D:/MyWork/workspace/LvcBlog/target/test-classes/party/pjc/blog/dao/**/*.class]
[DEBUG] 2017-05-22 02:54:36,534 method:org.springframework.core.io.support.PathMatchingResourcePatternResolver.doFindMatchingFileSystemResources(PathMatchingResourcePatternResolver.java:631)
Looking for matching resources in directory tree [D:\MyWork\workspace\LvcBlog\target\classes\party\pjc\blog\dao]
[DEBUG] 2017-05-22 02:54:36,534 method:org.springframework.core.io.support.PathMatchingResourcePatternResolver.doRetrieveMatchingFiles(PathMatchingResourcePatternResolver.java:693)
Searching directory [D:\MyWork\workspace\LvcBlog\target\classes\party\pjc\blog\dao] for files matching pattern [D:/MyWork/workspace/LvcBlog/target/classes/party/pjc/blog/dao/**/*.class]
[DEBUG] 2017-05-22 02:54:36,535 method:org.springframework.core.io.support.PathMatchingResourcePatternResolver.findPathMatchingResources(PathMatchingResourcePatternResolver.java:424)
Resolved location pattern [classpath*:party/pjc/blog/dao/**/*.class] to resources [file [D:\MyWork\workspace\LvcBlog\target\classes\party\pjc\blog\dao\CategoriesDao.class], file [D:\MyWork\workspace\LvcBlog\target\classes\party\pjc\blog\dao\CommentDao.class], file [D:\MyWork\workspace\LvcBlog\target\classes\party\pjc\blog\dao\LinkDao.class], file [D:\MyWork\workspace\LvcBlog\target\classes\party\pjc\blog\dao\PostDao.class], file [D:\MyWork\workspace\LvcBlog\target\classes\party\pjc\blog\dao\TagsDao.class], file [D:\MyWork\workspace\LvcBlog\target\classes\party\pjc\blog\dao\UserDao.class]]
[DEBUG] 2017-05-22 02:54:36,536 method:org.springframework.context.annotation.ClassPathScanningCandidateComponentProvider.findCandidateComponents(ClassPathScanningCandidateComponentProvider.java:286)
Identified candidate component class: file [D:\MyWork\workspace\LvcBlog\target\classes\party\pjc\blog\dao\CategoriesDao.class]
[DEBUG] 2017-05-22 02:54:36,536 method:org.springframework.context.annotation.ClassPathScanningCandidateComponentProvider.findCandidateComponents(ClassPathScanningCandidateComponentProvider.java:286)
Identified candidate component class: file [D:\MyWork\workspace\LvcBlog\target\classes\party\pjc\blog\dao\CommentDao.class]
[DEBUG] 2017-05-22 02:54:36,537 method:org.springframework.context.annotation.ClassPathScanningCandidateComponentProvider.findCandidateComponents(ClassPathScanningCandidateComponentProvider.java:286)
Identified candidate component class: file [D:\MyWork\workspace\LvcBlog\target\classes\party\pjc\blog\dao\LinkDao.class]
[DEBUG] 2017-05-22 02:54:36,537 method:org.springframework.context.annotation.ClassPathScanningCandidateComponentProvider.findCandidateComponents(ClassPathScanningCandidateComponentProvider.java:286)
Identified candidate component class: file [D:\MyWork\workspace\LvcBlog\target\classes\party\pjc\blog\dao\PostDao.class]
[DEBUG] 2017-05-22 02:54:36,538 method:org.springframework.context.annotation.ClassPathScanningCandidateComponentProvider.findCandidateComponents(ClassPathScanningCandidateComponentProvider.java:286)
Identified candidate component class: file [D:\MyWork\workspace\LvcBlog\target\classes\party\pjc\blog\dao\TagsDao.class]
[DEBUG] 2017-05-22 02:54:36,538 method:org.springframework.context.annotation.ClassPathScanningCandidateComponentProvider.findCandidateComponents(ClassPathScanningCandidateComponentProvider.java:286)
Identified candidate component class: file [D:\MyWork\workspace\LvcBlog\target\classes\party\pjc\blog\dao\UserDao.class]
[DEBUG] 2017-05-22 02:54:36,539 method:org.mybatis.spring.mapper.ClassPathMapperScanner.processBeanDefinitions(ClassPathMapperScanner.java:181)
Creating MapperFactoryBean with name &apos;categoriesDao&apos; and &apos;party.pjc.blog.dao.CategoriesDao&apos; mapperInterface
[DEBUG] 2017-05-22 02:54:36,539 method:org.mybatis.spring.mapper.ClassPathMapperScanner.processBeanDefinitions(ClassPathMapperScanner.java:181)
Creating MapperFactoryBean with name &apos;commentDao&apos; and &apos;party.pjc.blog.dao.CommentDao&apos; mapperInterface
[DEBUG] 2017-05-22 02:54:36,539 method:org.mybatis.spring.mapper.ClassPathMapperScanner.processBeanDefinitions(ClassPathMapperScanner.java:181)
Creating MapperFactoryBean with name &apos;linkDao&apos; and &apos;party.pjc.blog.dao.LinkDao&apos; mapperInterface
[DEBUG] 2017-05-22 02:54:36,540 method:org.mybatis.spring.mapper.ClassPathMapperScanner.processBeanDefinitions(ClassPathMapperScanner.java:181)
Creating MapperFactoryBean with name &apos;postDao&apos; and &apos;party.pjc.blog.dao.PostDao&apos; mapperInterface
[DEBUG] 2017-05-22 02:54:36,540 method:org.mybatis.spring.mapper.ClassPathMapperScanner.processBeanDefinitions(ClassPathMapperScanner.java:181)
Creating MapperFactoryBean with name &apos;tagsDao&apos; and &apos;party.pjc.blog.dao.TagsDao&apos; mapperInterface
[DEBUG] 2017-05-22 02:54:36,540 method:org.mybatis.spring.mapper.ClassPathMapperScanner.processBeanDefinitions(ClassPathMapperScanner.java:181)
Creating MapperFactoryBean with name &apos;userDao&apos; and &apos;party.pjc.blog.dao.UserDao&apos; mapperInterface
[DEBUG] 2017-05-22 02:54:36,541 method:org.springframework.beans.factory.support.DefaultSingletonBeanRegistry.getSingleton(DefaultSingletonBeanRegistry.java:221)
Creating shared instance of singleton bean &apos;org.springframework.context.annotation.internalAutowiredAnnotationProcessor&apos;
[DEBUG] 2017-05-22 02:54:36,541 method:org.springframework.beans.factory.support.AbstractAutowireCapableBeanFactory.createBean(AbstractAutowireCapableBeanFactory.java:450)
Creating instance of bean &apos;org.springframework.context.annotation.internalAutowiredAnnotationProcessor&apos;
[DEBUG] 2017-05-22 02:54:36,542 method:org.springframework.beans.factory.support.AbstractAutowireCapableBeanFactory.doCreateBean(AbstractAutowireCapableBeanFactory.java:523)
Eagerly caching bean &apos;org.springframework.context.annotation.internalAutowiredAnnotationProcessor&apos; to allow for resolving potential circular references
[DEBUG] 2017-05-22 02:54:36,542 method:org.springframework.beans.factory.support.AbstractAutowireCapableBeanFactory.createBean(AbstractAutowireCapableBeanFactory.java:478)
Finished creating instance of bean &apos;org.springframework.context.annotation.internalAutowiredAnnotationProcessor&apos;
[DEBUG] 2017-05-22 02:54:36,543 method:org.springframework.beans.factory.support.DefaultSingletonBeanRegistry.getSingleton(DefaultSingletonBeanRegistry.java:221)
Creating shared instance of singleton bean &apos;org.springframework.context.annotation.internalRequiredAnnotationProcessor&apos;
[DEBUG] 2017-05-22 02:54:36,543 method:org.springframework.beans.factory.support.AbstractAutowireCapableBeanFactory.createBean(AbstractAutowireCapableBeanFactory.java:450)
Creating instance of bean &apos;org.springframework.context.annotation.internalRequiredAnnotationProcessor&apos;
[DEBUG] 2017-05-22 02:54:36,543 method:org.springframework.beans.factory.support.AbstractAutowireCapableBeanFactory.doCreateBean(AbstractAutowireCapableBeanFactory.java:523)
Eagerly caching bean &apos;org.springframework.context.annotation.internalRequiredAnnotationProcessor&apos; to allow for resolving potential circular references
[DEBUG] 2017-05-22 02:54:36,543 method:org.springframework.beans.factory.support.AbstractAutowireCapableBeanFactory.createBean(AbstractAutowireCapableBeanFactory.java:478)
Finished creating instance of bean &apos;org.springframework.context.annotation.internalRequiredAnnotationProcessor&apos;
[DEBUG] 2017-05-22 02:54:36,543 method:org.springframework.beans.factory.support.DefaultSingletonBeanRegistry.getSingleton(DefaultSingletonBeanRegistry.java:221)
Creating shared instance of singleton bean &apos;org.springframework.context.annotation.internalCommonAnnotationProcessor&apos;
[DEBUG] 2017-05-22 02:54:36,544 method:org.springframework.beans.factory.support.AbstractAutowireCapableBeanFactory.createBean(AbstractAutowireCapableBeanFactory.java:450)
Creating instance of bean &apos;org.springframework.context.annotation.internalCommonAnnotationProcessor&apos;
[DEBUG] 2017-05-22 02:54:36,544 method:org.springframework.beans.factory.support.AbstractAutowireCapableBeanFactory.doCreateBean(AbstractAutowireCapableBeanFactory.java:523)
Eagerly caching bean &apos;org.springframework.context.annotation.internalCommonAnnotationProcessor&apos; to allow for resolving potential circular references
[DEBUG] 2017-05-22 02:54:36,544 method:org.springframework.beans.factory.support.AbstractAutowireCapableBeanFactory.createBean(AbstractAutowireCapableBeanFactory.java:478)
Finished creating instance of bean &apos;org.springframework.context.annotation.internalCommonAnnotationProcessor&apos;
[DEBUG] 2017-05-22 02:54:36,544 method:org.springframework.beans.factory.support.DefaultSingletonBeanRegistry.getSingleton(DefaultSingletonBeanRegistry.java:221)
Creating shared instance of singleton bean &apos;lifecycleBeanPostProcessor&apos;
[DEBUG] 2017-05-22 02:54:36,544 method:org.springframework.beans.factory.support.AbstractAutowireCapableBeanFactory.createBean(AbstractAutowireCapableBeanFactory.java:450)
Creating instance of bean &apos;lifecycleBeanPostProcessor&apos;
[DEBUG] 2017-05-22 02:54:36,545 method:org.springframework.beans.factory.support.AbstractAutowireCapableBeanFactory.doCreateBean(AbstractAutowireCapableBeanFactory.java:523)
Eagerly caching bean &apos;lifecycleBeanPostProcessor&apos; to allow for resolving potential circular references
[DEBUG] 2017-05-22 02:54:36,545 method:org.springframework.beans.factory.support.AbstractAutowireCapableBeanFactory.createBean(AbstractAutowireCapableBeanFactory.java:478)
Finished creating instance of bean &apos;lifecycleBeanPostProcessor&apos;
[DEBUG] 2017-05-22 02:54:36,545 method:org.springframework.beans.factory.support.DefaultSingletonBeanRegistry.getSingleton(DefaultSingletonBeanRegistry.java:221)
Creating shared instance of singleton bean &apos;org.springframework.context.annotation.ConfigurationClassPostProcessor.importAwareProcessor&apos;
[DEBUG] 2017-05-22 02:54:36,545 method:org.springframework.beans.factory.support.AbstractAutowireCapableBeanFactory.createBean(AbstractAutowireCapableBeanFactory.java:450)
Creating instance of bean &apos;org.springframework.context.annotation.ConfigurationClassPostProcessor.importAwareProcessor&apos;
[DEBUG] 2017-05-22 02:54:36,546 method:org.springframework.beans.factory.support.AbstractAutowireCapableBeanFactory.doCreateBean(AbstractAutowireCapableBeanFactory.java:523)
Eagerly caching bean &apos;org.springframework.context.annotation.ConfigurationClassPostProcessor.importAwareProcessor&apos; to allow for resolving potential circular references
[DEBUG] 2017-05-22 02:54:36,546 method:org.springframework.beans.factory.support.AbstractAutowireCapableBeanFactory.createBean(AbstractAutowireCapableBeanFactory.java:478)
Finished creating instance of bean &apos;org.springframework.context.annotation.ConfigurationClassPostProcessor.importAwareProcessor&apos;
[DEBUG] 2017-05-22 02:54:36,546 method:org.springframework.beans.factory.support.DefaultSingletonBeanRegistry.getSingleton(DefaultSingletonBeanRegistry.java:221)
Creating shared instance of singleton bean &apos;org.springframework.context.annotation.ConfigurationClassPostProcessor.enhancedConfigurationProcessor&apos;
[DEBUG] 2017-05-22 02:54:36,546 method:org.springframework.beans.factory.support.AbstractAutowireCapableBeanFactory.createBean(AbstractAutowireCapableBeanFactory.java:450)
Creating instance of bean &apos;org.springframework.context.annotation.ConfigurationClassPostProcessor.enhancedConfigurationProcessor&apos;
[DEBUG] 2017-05-22 02:54:36,546 method:org.springframework.beans.factory.support.AbstractAutowireCapableBeanFactory.doCreateBean(AbstractAutowireCapableBeanFactory.java:523)
Eagerly caching bean &apos;org.springframework.context.annotation.ConfigurationClassPostProcessor.enhancedConfigurationProcessor&apos; to allow for resolving potential circular references
[DEBUG] 2017-05-22 02:54:36,547 method:org.springframework.beans.factory.support.AbstractAutowireCapableBeanFactory.createBean(AbstractAutowireCapableBeanFactory.java:478)
Finished creating instance of bean &apos;org.springframework.context.annotation.ConfigurationClassPostProcessor.enhancedConfigurationProcessor&apos;
[DEBUG] 2017-05-22 02:54:36,547 method:org.springframework.beans.factory.support.AbstractBeanFactory.doGetBean(AbstractBeanFactory.java:248)
Returning cached instance of singleton bean &apos;lifecycleBeanPostProcessor&apos;
[DEBUG] 2017-05-22 02:54:36,547 method:org.springframework.beans.factory.support.DefaultSingletonBeanRegistry.getSingleton(DefaultSingletonBeanRegistry.java:221)
Creating shared instance of singleton bean &apos;org.springframework.aop.framework.autoproxy.DefaultAdvisorAutoProxyCreator#0&apos;
[DEBUG] 2017-05-22 02:54:36,547 method:org.springframework.beans.factory.support.AbstractAutowireCapableBeanFactory.createBean(AbstractAutowireCapableBeanFactory.java:450)
Creating instance of bean &apos;org.springframework.aop.framework.autoproxy.DefaultAdvisorAutoProxyCreator#0&apos;
[DEBUG] 2017-05-22 02:54:36,548 method:org.springframework.beans.factory.support.AbstractAutowireCapableBeanFactory.doCreateBean(AbstractAutowireCapableBeanFactory.java:523)
Eagerly caching bean &apos;org.springframework.aop.framework.autoproxy.DefaultAdvisorAutoProxyCreator#0&apos; to allow for resolving potential circular references
[DEBUG] 2017-05-22 02:54:36,548 method:org.springframework.beans.factory.support.AbstractAutowireCapableBeanFactory.createBean(AbstractAutowireCapableBeanFactory.java:478)
Finished creating instance of bean &apos;org.springframework.aop.framework.autoproxy.DefaultAdvisorAutoProxyCreator#0&apos;
[DEBUG] 2017-05-22 02:54:36,549 method:org.springframework.beans.factory.support.DefaultSingletonBeanRegistry.getSingleton(DefaultSingletonBeanRegistry.java:221)
Creating shared instance of singleton bean &apos;org.springframework.aop.config.internalAutoProxyCreator&apos;
[DEBUG] 2017-05-22 02:54:36,549 method:org.springframework.beans.factory.support.AbstractAutowireCapableBeanFactory.createBean(AbstractAutowireCapableBeanFactory.java:450)
Creating instance of bean &apos;org.springframework.aop.config.internalAutoProxyCreator&apos;
[DEBUG] 2017-05-22 02:54:36,549 method:org.springframework.beans.factory.support.AbstractAutowireCapableBeanFactory.doCreateBean(AbstractAutowireCapableBeanFactory.java:523)
Eagerly caching bean &apos;org.springframework.aop.config.internalAutoProxyCreator&apos; to allow for resolving potential circular references
[DEBUG] 2017-05-22 02:54:36,550 method:org.springframework.beans.factory.support.AbstractAutowireCapableBeanFactory.createBean(AbstractAutowireCapableBeanFactory.java:478)
Finished creating instance of bean &apos;org.springframework.aop.config.internalAutoProxyCreator&apos;
[DEBUG] 2017-05-22 02:54:36,550 method:org.springframework.beans.factory.support.DefaultSingletonBeanRegistry.getSingleton(DefaultSingletonBeanRegistry.java:221)
Creating shared instance of singleton bean &apos;shiroFilter&apos;
[DEBUG] 2017-05-22 02:54:36,550 method:org.springframework.beans.factory.support.AbstractAutowireCapableBeanFactory.createBean(AbstractAutowireCapableBeanFactory.java:450)
Creating instance of bean &apos;shiroFilter&apos;
[DEBUG] 2017-05-22 02:54:36,551 method:org.springframework.beans.factory.support.DefaultSingletonBeanRegistry.getSingleton(DefaultSingletonBeanRegistry.java:221)
Creating shared instance of singleton bean &apos;org.apache.shiro.spring.security.interceptor.AuthorizationAttributeSourceAdvisor#0&apos;
[DEBUG] 2017-05-22 02:54:36,552 method:org.springframework.beans.factory.support.AbstractAutowireCapableBeanFactory.createBean(AbstractAutowireCapableBeanFactory.java:450)
Creating instance of bean &apos;org.apache.shiro.spring.security.interceptor.AuthorizationAttributeSourceAdvisor#0&apos;
[DEBUG] 2017-05-22 02:54:36,552 method:org.springframework.beans.factory.support.AbstractAutowireCapableBeanFactory.doCreateBean(AbstractAutowireCapableBeanFactory.java:523)
Eagerly caching bean &apos;org.apache.shiro.spring.security.interceptor.AuthorizationAttributeSourceAdvisor#0&apos; to allow for resolving potential circular references
[DEBUG] 2017-05-22 02:54:36,553 method:org.springframework.beans.factory.support.DefaultSingletonBeanRegistry.getSingleton(DefaultSingletonBeanRegistry.java:221)
Creating shared instance of singleton bean &apos;securityManager&apos;
[DEBUG] 2017-05-22 02:54:36,553 method:org.springframework.beans.factory.support.AbstractAutowireCapableBeanFactory.createBean(AbstractAutowireCapableBeanFactory.java:450)
Creating instance of bean &apos;securityManager&apos;
[DEBUG] 2017-05-22 02:54:36,553 method:org.springframework.aop.framework.autoproxy.BeanFactoryAdvisorRetrievalHelper.findAdvisorBeans(BeanFactoryAdvisorRetrievalHelper.java:87)
Skipping currently created advisor &apos;org.apache.shiro.spring.security.interceptor.AuthorizationAttributeSourceAdvisor#0&apos;
[DEBUG] 2017-05-22 02:54:36,554 method:org.springframework.beans.factory.support.DefaultSingletonBeanRegistry.getSingleton(DefaultSingletonBeanRegistry.java:221)
Creating shared instance of singleton bean &apos;org.springframework.aop.support.DefaultBeanFactoryPointcutAdvisor#0&apos;
[DEBUG] 2017-05-22 02:54:36,554 method:org.springframework.beans.factory.support.AbstractAutowireCapableBeanFactory.createBean(AbstractAutowireCapableBeanFactory.java:450)
Creating instance of bean &apos;org.springframework.aop.support.DefaultBeanFactoryPointcutAdvisor#0&apos;
[DEBUG] 2017-05-22 02:54:36,554 method:org.springframework.beans.factory.support.AbstractAutowireCapableBeanFactory.doCreateBean(AbstractAutowireCapableBeanFactory.java:523)
Eagerly caching bean &apos;org.springframework.aop.support.DefaultBeanFactoryPointcutAdvisor#0&apos; to allow for resolving potential circular references
[DEBUG] 2017-05-22 02:54:36,555 method:org.springframework.beans.factory.support.AbstractAutowireCapableBeanFactory.createBean(AbstractAutowireCapableBeanFactory.java:450)
Creating instance of bean &apos;serviceOperation&apos;
[DEBUG] 2017-05-22 02:54:36,555 method:org.springframework.beans.factory.support.AbstractAutowireCapableBeanFactory.createBean(AbstractAutowireCapableBeanFactory.java:478)
Finished creating instance of bean &apos;serviceOperation&apos;
[INFO ] 2017-05-22 02:54:36,556 method:org.springframework.context.support.PostProcessorRegistrationDelegate$BeanPostProcessorChecker.postProcessAfterInitialization(PostProcessorRegistrationDelegate.java:309)
Bean &apos;org.springframework.aop.support.DefaultBeanFactoryPointcutAdvisor#0&apos; of type [class org.springframework.aop.support.DefaultBeanFactoryPointcutAdvisor] is not eligible for getting processed by all BeanPostProcessors (for example: not eligible for auto-proxying)
[DEBUG] 2017-05-22 02:54:36,556 method:org.springframework.beans.factory.support.AbstractAutowireCapableBeanFactory.createBean(AbstractAutowireCapableBeanFactory.java:478)
Finished creating instance of bean &apos;org.springframework.aop.support.DefaultBeanFactoryPointcutAdvisor#0&apos;
[DEBUG] 2017-05-22 02:54:36,557 method:org.springframework.beans.factory.support.AbstractAutowireCapableBeanFactory.doCreateBean(AbstractAutowireCapableBeanFactory.java:523)
Eagerly caching bean &apos;securityManager&apos; to allow for resolving potential circular references
[DEBUG] 2017-05-22 02:54:36,558 method:org.springframework.beans.factory.support.DefaultSingletonBeanRegistry.getSingleton(DefaultSingletonBeanRegistry.java:221)
Creating shared instance of singleton bean &apos;myRealm&apos;
[DEBUG] 2017-05-22 02:54:36,558 method:org.springframework.beans.factory.support.AbstractAutowireCapableBeanFactory.createBean(AbstractAutowireCapableBeanFactory.java:450)
Creating instance of bean &apos;myRealm&apos;
[DEBUG] 2017-05-22 02:54:36,558 method:org.springframework.aop.framework.autoproxy.BeanFactoryAdvisorRetrievalHelper.findAdvisorBeans(BeanFactoryAdvisorRetrievalHelper.java:87)
Skipping currently created advisor &apos;org.apache.shiro.spring.security.interceptor.AuthorizationAttributeSourceAdvisor#0&apos;
[DEBUG] 2017-05-22 02:54:36,558 method:org.springframework.beans.factory.support.AbstractBeanFactory.doGetBean(AbstractBeanFactory.java:248)
Returning cached instance of singleton bean &apos;org.springframework.aop.support.DefaultBeanFactoryPointcutAdvisor#0&apos;
[DEBUG] 2017-05-22 02:54:36,559 method:org.springframework.beans.factory.annotation.InjectionMetadata.checkConfigMembers(InjectionMetadata.java:72)
Registered injected element on class [party.pjc.blog.realm.MyRealm]: AutowiredFieldElement for private party.pjc.blog.service.UserService party.pjc.blog.realm.MyRealm.userService
[DEBUG] 2017-05-22 02:54:36,560 method:org.springframework.beans.factory.support.AbstractAutowireCapableBeanFactory.doCreateBean(AbstractAutowireCapableBeanFactory.java:523)
Eagerly caching bean &apos;myRealm&apos; to allow for resolving potential circular references
[DEBUG] 2017-05-22 02:54:36,560 method:org.springframework.beans.factory.annotation.InjectionMetadata.inject(InjectionMetadata.java:86)
Processing injected element of bean &apos;myRealm&apos;: AutowiredFieldElement for private party.pjc.blog.service.UserService party.pjc.blog.realm.MyRealm.userService
[DEBUG] 2017-05-22 02:54:36,561 method:org.springframework.aop.framework.autoproxy.BeanFactoryAdvisorRetrievalHelper.findAdvisorBeans(BeanFactoryAdvisorRetrievalHelper.java:87)
Skipping currently created advisor &apos;org.apache.shiro.spring.security.interceptor.AuthorizationAttributeSourceAdvisor#0&apos;
[DEBUG] 2017-05-22 02:54:36,562 method:org.springframework.beans.factory.support.AbstractBeanFactory.doGetBean(AbstractBeanFactory.java:248)
Returning cached instance of singleton bean &apos;org.springframework.aop.support.DefaultBeanFactoryPointcutAdvisor#0&apos;
[DEBUG] 2017-05-22 02:54:36,562 method:org.springframework.beans.factory.support.DefaultSingletonBeanRegistry.getSingleton(DefaultSingletonBeanRegistry.java:221)
Creating shared instance of singleton bean &apos;shiroFilter&apos;
[DEBUG] 2017-05-22 02:54:36,563 method:org.springframework.beans.factory.support.AbstractBeanFactory.getTypeForFactoryBean(AbstractBeanFactory.java:1427)
Bean currently in creation on FactoryBean type check: org.springframework.beans.factory.BeanCurrentlyInCreationException: Error creating bean with name &apos;shiroFilter&apos;: Requested bean is currently in creation: Is there an unresolvable circular reference?
[DEBUG] 2017-05-22 02:54:36,564 method:org.springframework.aop.framework.autoproxy.BeanFactoryAdvisorRetrievalHelper.findAdvisorBeans(BeanFactoryAdvisorRetrievalHelper.java:87)
Skipping currently created advisor &apos;org.apache.shiro.spring.security.interceptor.AuthorizationAttributeSourceAdvisor#0&apos;
[DEBUG] 2017-05-22 02:54:36,564 method:org.springframework.beans.factory.support.AbstractBeanFactory.doGetBean(AbstractBeanFactory.java:248)
Returning cached instance of singleton bean &apos;org.springframework.aop.support.DefaultBeanFactoryPointcutAdvisor#0&apos;
[WARN ] 2017-05-22 02:54:36,565 method:org.springframework.context.support.AbstractApplicationContext.refresh(AbstractApplicationContext.java:487)
Exception encountered during context initialization - cancelling refresh attempt
org.springframework.beans.factory.BeanCreationException: Error creating bean with name &apos;shiroFilter&apos; defined in class path resource [applicationContext.xml]: BeanPostProcessor before instantiation of bean failed; nested exception is org.springframework.beans.factory.BeanCreationException: Error creating bean with name &apos;org.apache.shiro.spring.security.interceptor.AuthorizationAttributeSourceAdvisor#0&apos; defined in class path resource [applicationContext.xml]: Cannot resolve reference to bean &apos;securityManager&apos; while setting bean property &apos;securityManager&apos;; nested exception is org.springframework.beans.factory.BeanCreationException: Error creating bean with name &apos;securityManager&apos; defined in class path resource [applicationContext.xml]: Cannot resolve reference to bean &apos;myRealm&apos; while setting bean property &apos;realm&apos;; nested exception is org.springframework.beans.factory.BeanCreationException: Error creating bean with name &apos;myRealm&apos;: Injection of autowired dependencies failed; nested exception is org.springframework.beans.factory.BeanCreationException: Could not autowire field: private party.pjc.blog.service.UserService party.pjc.blog.realm.MyRealm.userService; nested exception is java.lang.NoClassDefFoundError: javax/servlet/ServletContext
Related cause: org.springframework.beans.factory.BeanCurrentlyInCreationException: Error creating bean with name &apos;shiroFilter&apos;: Requested bean is currently in creation: Is there an unresolvable circular reference?
	at org.springframework.beans.factory.support.AbstractAutowireCapableBeanFactory.createBean(AbstractAutowireCapableBeanFactory.java:472)
	at org.springframework.beans.factory.support.AbstractBeanFactory$1.getObject(AbstractBeanFactory.java:303)
	at org.springframework.beans.factory.support.DefaultSingletonBeanRegistry.getSingleton(DefaultSingletonBeanRegistry.java:230)
	at org.springframework.beans.factory.support.AbstractBeanFactory.doGetBean(AbstractBeanFactory.java:299)
	at org.springframework.beans.factory.support.AbstractBeanFactory.getBean(AbstractBeanFactory.java:199)
	at org.springframework.context.support.PostProcessorRegistrationDelegate.registerBeanPostProcessors(PostProcessorRegistrationDelegate.java:232)
	at org.springframework.context.support.AbstractApplicationContext.registerBeanPostProcessors(AbstractApplicationContext.java:615)
	at org.springframework.context.support.AbstractApplicationContext.refresh(AbstractApplicationContext.java:465)
	at org.springframework.test.context.support.AbstractGenericContextLoader.loadContext(AbstractGenericContextLoader.java:125)
	at org.springframework.test.context.support.AbstractGenericContextLoader.loadContext(AbstractGenericContextLoader.java:60)
	at org.springframework.test.context.support.AbstractDelegatingSmartContextLoader.delegateLoading(AbstractDelegatingSmartContextLoader.java:109)
	at org.springframework.test.context.support.AbstractDelegatingSmartContextLoader.loadContext(AbstractDelegatingSmartContextLoader.java:261)
	at org.springframework.test.context.DefaultCacheAwareContextLoaderDelegate.loadContextInternal(DefaultCacheAwareContextLoaderDelegate.java:68)
	at org.springframework.test.context.DefaultCacheAwareContextLoaderDelegate.loadContext(DefaultCacheAwareContextLoaderDelegate.java:86)
	at org.springframework.test.context.DefaultTestContext.getApplicationContext(DefaultTestContext.java:72)
	at org.springframework.test.context.support.DependencyInjectionTestExecutionListener.injectDependencies(DependencyInjectionTestExecutionListener.java:117)
	at org.springframework.test.context.support.DependencyInjectionTestExecutionListener.prepareTestInstance(DependencyInjectionTestExecutionListener.java:83)
	at org.springframework.test.context.TestContextManager.prepareTestInstance(TestContextManager.java:212)
	at org.springframework.test.context.junit4.SpringJUnit4ClassRunner.createTest(SpringJUnit4ClassRunner.java:200)
	at org.springframework.test.context.junit4.SpringJUnit4ClassRunner$1.runReflectiveCall(SpringJUnit4ClassRunner.java:259)
	at org.junit.internal.runners.model.ReflectiveCallable.run(ReflectiveCallable.java:12)
	at org.springframework.test.context.junit4.SpringJUnit4ClassRunner.methodBlock(SpringJUnit4ClassRunner.java:261)
	at org.springframework.test.context.junit4.SpringJUnit4ClassRunner.runChild(SpringJUnit4ClassRunner.java:219)
	at org.springframework.test.context.junit4.SpringJUnit4ClassRunner.runChild(SpringJUnit4ClassRunner.java:83)
	at org.junit.runners.ParentRunner$3.run(ParentRunner.java:238)
	at org.junit.runners.ParentRunner$1.schedule(ParentRunner.java:63)
	at org.junit.runners.ParentRunner.runChildren(ParentRunner.java:236)
	at org.junit.runners.ParentRunner.access$000(ParentRunner.java:53)
	at org.junit.runners.ParentRunner$2.evaluate(ParentRunner.java:229)
	at org.springframework.test.context.junit4.statements.RunBeforeTestClassCallbacks.evaluate(RunBeforeTestClassCallbacks.java:61)
	at org.springframework.test.context.junit4.statements.RunAfterTestClassCallbacks.evaluate(RunAfterTestClassCallbacks.java:68)
	at org.junit.runners.ParentRunner.run(ParentRunner.java:309)
	at org.springframework.test.context.junit4.SpringJUnit4ClassRunner.run(SpringJUnit4ClassRunner.java:163)
	at org.apache.maven.surefire.junit4.JUnit4Provider.execute(JUnit4Provider.java:252)
	at org.apache.maven.surefire.junit4.JUnit4Provider.executeTestSet(JUnit4Provider.java:141)
	at org.apache.maven.surefire.junit4.JUnit4Provider.invoke(JUnit4Provider.java:112)
	at sun.reflect.NativeMethodAccessorImpl.invoke0(Native Method)
	at sun.reflect.NativeMethodAccessorImpl.invoke(NativeMethodAccessorImpl.java:62)
	at sun.reflect.DelegatingMethodAccessorImpl.invoke(DelegatingMethodAccessorImpl.java:43)
	at java.lang.reflect.Method.invoke(Method.java:498)
	at org.apache.maven.surefire.util.ReflectionUtils.invokeMethodWithArray(ReflectionUtils.java:189)
	at org.apache.maven.surefire.booter.ProviderFactory$ProviderProxy.invoke(ProviderFactory.java:165)
	at org.apache.maven.surefire.booter.ProviderFactory.invokeProvider(ProviderFactory.java:85)
	at org.apache.maven.surefire.booter.ForkedBooter.runSuitesInProcess(ForkedBooter.java:115)
	at org.apache.maven.surefire.booter.ForkedBooter.main(ForkedBooter.java:75)
Caused by: org.springframework.beans.factory.BeanCreationException: Error creating bean with name &apos;org.apache.shiro.spring.security.interceptor.AuthorizationAttributeSourceAdvisor#0&apos; defined in class path resource [applicationContext.xml]: Cannot resolve reference to bean &apos;securityManager&apos; while setting bean property &apos;securityManager&apos;; nested exception is org.springframework.beans.factory.BeanCreationException: Error creating bean with name &apos;securityManager&apos; defined in class path resource [applicationContext.xml]: Cannot resolve reference to bean &apos;myRealm&apos; while setting bean property &apos;realm&apos;; nested exception is org.springframework.beans.factory.BeanCreationException: Error creating bean with name &apos;myRealm&apos;: Injection of autowired dependencies failed; nested exception is org.springframework.beans.factory.BeanCreationException: Could not autowire field: private party.pjc.blog.service.UserService party.pjc.blog.realm.MyRealm.userService; nested exception is java.lang.NoClassDefFoundError: javax/servlet/ServletContext
	at org.springframework.beans.factory.support.BeanDefinitionValueResolver.resolveReference(BeanDefinitionValueResolver.java:359)
	at org.springframework.beans.factory.support.BeanDefinitionValueResolver.resolveValueIfNecessary(BeanDefinitionValueResolver.java:108)
	at org.springframework.beans.factory.support.AbstractAutowireCapableBeanFactory.applyPropertyValues(AbstractAutowireCapableBeanFactory.java:1477)
	at org.springframework.beans.factory.support.AbstractAutowireCapableBeanFactory.populateBean(AbstractAutowireCapableBeanFactory.java:1222)
	at org.springframework.beans.factory.support.AbstractAutowireCapableBeanFactory.doCreateBean(AbstractAutowireCapableBeanFactory.java:537)
	at org.springframework.beans.factory.support.AbstractAutowireCapableBeanFactory.createBean(AbstractAutowireCapableBeanFactory.java:476)
	at org.springframework.beans.factory.support.AbstractBeanFactory$1.getObject(AbstractBeanFactory.java:303)
	at org.springframework.beans.factory.support.DefaultSingletonBeanRegistry.getSingleton(DefaultSingletonBeanRegistry.java:230)
	at org.springframework.beans.factory.support.AbstractBeanFactory.doGetBean(AbstractBeanFactory.java:299)
	at org.springframework.beans.factory.support.AbstractBeanFactory.getBean(AbstractBeanFactory.java:199)
	at org.springframework.aop.framework.autoproxy.BeanFactoryAdvisorRetrievalHelper.findAdvisorBeans(BeanFactoryAdvisorRetrievalHelper.java:92)
	at org.springframework.aop.framework.autoproxy.AbstractAdvisorAutoProxyCreator.findCandidateAdvisors(AbstractAdvisorAutoProxyCreator.java:101)
	at org.springframework.aop.aspectj.autoproxy.AspectJAwareAdvisorAutoProxyCreator.shouldSkip(AspectJAwareAdvisorAutoProxyCreator.java:103)
	at org.springframework.aop.framework.autoproxy.AbstractAutoProxyCreator.postProcessBeforeInstantiation(AbstractAutoProxyCreator.java:243)
	at org.springframework.beans.factory.support.AbstractAutowireCapableBeanFactory.applyBeanPostProcessorsBeforeInstantiation(AbstractAutowireCapableBeanFactory.java:984)
	at org.springframework.beans.factory.support.AbstractAutowireCapableBeanFactory.resolveBeforeInstantiation(AbstractAutowireCapableBeanFactory.java:955)
	at org.springframework.beans.factory.support.AbstractAutowireCapableBeanFactory.createBean(AbstractAutowireCapableBeanFactory.java:466)
	... 44 more
Caused by: org.springframework.beans.factory.BeanCreationException: Error creating bean with name &apos;securityManager&apos; defined in class path resource [applicationContext.xml]: Cannot resolve reference to bean &apos;myRealm&apos; while setting bean property &apos;realm&apos;; nested exception is org.springframework.beans.factory.BeanCreationException: Error creating bean with name &apos;myRealm&apos;: Injection of autowired dependencies failed; nested exception is org.springframework.beans.factory.BeanCreationException: Could not autowire field: private party.pjc.blog.service.UserService party.pjc.blog.realm.MyRealm.userService; nested exception is java.lang.NoClassDefFoundError: javax/servlet/ServletContext
	at org.springframework.beans.factory.support.BeanDefinitionValueResolver.resolveReference(BeanDefinitionValueResolver.java:359)
	at org.springframework.beans.factory.support.BeanDefinitionValueResolver.resolveValueIfNecessary(BeanDefinitionValueResolver.java:108)
	at org.springframework.beans.factory.support.AbstractAutowireCapableBeanFactory.applyPropertyValues(AbstractAutowireCapableBeanFactory.java:1477)
	at org.springframework.beans.factory.support.AbstractAutowireCapableBeanFactory.populateBean(AbstractAutowireCapableBeanFactory.java:1222)
	at org.springframework.beans.factory.support.AbstractAutowireCapableBeanFactory.doCreateBean(AbstractAutowireCapableBeanFactory.java:537)
	at org.springframework.beans.factory.support.AbstractAutowireCapableBeanFactory.createBean(AbstractAutowireCapableBeanFactory.java:476)
	at org.springframework.beans.factory.support.AbstractBeanFactory$1.getObject(AbstractBeanFactory.java:303)
	at org.springframework.beans.factory.support.DefaultSingletonBeanRegistry.getSingleton(DefaultSingletonBeanRegistry.java:230)
	at org.springframework.beans.factory.support.AbstractBeanFactory.doGetBean(AbstractBeanFactory.java:299)
	at org.springframework.beans.factory.support.AbstractBeanFactory.getBean(AbstractBeanFactory.java:194)
	at org.springframework.beans.factory.support.BeanDefinitionValueResolver.resolveReference(BeanDefinitionValueResolver.java:351)
	... 60 more
Caused by: org.springframework.beans.factory.BeanCreationException: Error creating bean with name &apos;myRealm&apos;: Injection of autowired dependencies failed; nested exception is org.springframework.beans.factory.BeanCreationException: Could not autowire field: private party.pjc.blog.service.UserService party.pjc.blog.realm.MyRealm.userService; nested exception is java.lang.NoClassDefFoundError: javax/servlet/ServletContext
	at org.springframework.beans.factory.annotation.AutowiredAnnotationBeanPostProcessor.postProcessPropertyValues(AutowiredAnnotationBeanPostProcessor.java:334)
	at org.springframework.beans.factory.support.AbstractAutowireCapableBeanFactory.populateBean(AbstractAutowireCapableBeanFactory.java:1210)
	at org.springframework.beans.factory.support.AbstractAutowireCapableBeanFactory.doCreateBean(AbstractAutowireCapableBeanFactory.java:537)
	at org.springframework.beans.factory.support.AbstractAutowireCapableBeanFactory.createBean(AbstractAutowireCapableBeanFactory.java:476)
	at org.springframework.beans.factory.support.AbstractBeanFactory$1.getObject(AbstractBeanFactory.java:303)
	at org.springframework.beans.factory.support.DefaultSingletonBeanRegistry.getSingleton(DefaultSingletonBeanRegistry.java:230)
	at org.springframework.beans.factory.support.AbstractBeanFactory.doGetBean(AbstractBeanFactory.java:299)
	at org.springframework.beans.factory.support.AbstractBeanFactory.getBean(AbstractBeanFactory.java:194)
	at org.springframework.beans.factory.support.BeanDefinitionValueResolver.resolveReference(BeanDefinitionValueResolver.java:351)
	... 70 more
Caused by: org.springframework.beans.factory.BeanCreationException: Could not autowire field: private party.pjc.blog.service.UserService party.pjc.blog.realm.MyRealm.userService; nested exception is java.lang.NoClassDefFoundError: javax/servlet/ServletContext
	at org.springframework.beans.factory.annotation.AutowiredAnnotationBeanPostProcessor$AutowiredFieldElement.inject(AutowiredAnnotationBeanPostProcessor.java:561)
	at org.springframework.beans.factory.annotation.InjectionMetadata.inject(InjectionMetadata.java:88)
	at org.springframework.beans.factory.annotation.AutowiredAnnotationBeanPostProcessor.postProcessPropertyValues(AutowiredAnnotationBeanPostProcessor.java:331)
	... 78 more
Caused by: java.lang.NoClassDefFoundError: javax/servlet/ServletContext
	at java.lang.Class.getDeclaredMethods0(Native Method)
	at java.lang.Class.privateGetDeclaredMethods(Class.java:2701)
	at java.lang.Class.getDeclaredMethods(Class.java:1975)
	at org.springframework.util.ReflectionUtils.getDeclaredMethods(ReflectionUtils.java:572)
	at org.springframework.util.ReflectionUtils.doWithMethods(ReflectionUtils.java:489)
	at org.springframework.util.ReflectionUtils.doWithMethods(ReflectionUtils.java:475)
	at org.springframework.beans.factory.annotation.AutowiredAnnotationBeanPostProcessor.determineCandidateConstructors(AutowiredAnnotationBeanPostProcessor.java:241)
	at org.springframework.beans.factory.support.AbstractAutowireCapableBeanFactory.determineConstructorsFromBeanPostProcessors(AbstractAutowireCapableBeanFactory.java:1065)
	at org.springframework.beans.factory.support.AbstractAutowireCapableBeanFactory.createBeanInstance(AbstractAutowireCapableBeanFactory.java:1038)
	at org.springframework.beans.factory.support.AbstractAutowireCapableBeanFactory.getSingletonFactoryBeanForTypeCheck(AbstractAutowireCapableBeanFactory.java:860)
	at org.springframework.beans.factory.support.AbstractAutowireCapableBeanFactory.getTypeForFactoryBean(AbstractAutowireCapableBeanFactory.java:790)
	at org.springframework.beans.factory.support.AbstractBeanFactory.isTypeMatch(AbstractBeanFactory.java:542)
	at org.springframework.beans.factory.support.DefaultListableBeanFactory.doGetBeanNamesForType(DefaultListableBeanFactory.java:436)
	at org.springframework.beans.factory.support.DefaultListableBeanFactory.getBeanNamesForType(DefaultListableBeanFactory.java:404)
	at org.springframework.beans.factory.BeanFactoryUtils.beanNamesForTypeIncludingAncestors(BeanFactoryUtils.java:186)
	at org.springframework.beans.factory.support.DefaultListableBeanFactory.findAutowireCandidates(DefaultListableBeanFactory.java:1105)
	at org.springframework.beans.factory.support.DefaultListableBeanFactory.doResolveDependency(DefaultListableBeanFactory.java:1044)
	at org.springframework.beans.factory.support.DefaultListableBeanFactory.resolveDependency(DefaultListableBeanFactory.java:942)
	at org.springframework.beans.factory.annotation.AutowiredAnnotationBeanPostProcessor$AutowiredFieldElement.inject(AutowiredAnnotationBeanPostProcessor.java:533)
	... 80 more
Caused by: java.lang.ClassNotFoundException: javax.servlet.ServletContext
	at java.net.URLClassLoader.findClass(URLClassLoader.java:381)
	at java.lang.ClassLoader.loadClass(ClassLoader.java:424)
	at sun.misc.Launcher$AppClassLoader.loadClass(Launcher.java:335)
	at java.lang.ClassLoader.loadClass(ClassLoader.java:357)
	... 99 more
Related cause:
org.springframework.beans.factory.BeanCurrentlyInCreationException: Error creating bean with name &apos;shiroFilter&apos;: Requested bean is currently in creation: Is there an unresolvable circular reference?
	at org.springframework.beans.factory.support.DefaultSingletonBeanRegistry.beforeSingletonCreation(DefaultSingletonBeanRegistry.java:347)
	at org.springframework.beans.factory.support.DefaultSingletonBeanRegistry.getSingleton(DefaultSingletonBeanRegistry.java:223)
	at org.springframework.beans.factory.support.AbstractBeanFactory.doGetBean(AbstractBeanFactory.java:299)
	at org.springframework.beans.factory.support.AbstractBeanFactory.getTypeForFactoryBean(AbstractBeanFactory.java:1421)
	at org.springframework.beans.factory.support.AbstractAutowireCapableBeanFactory.getTypeForFactoryBean(AbstractAutowireCapableBeanFactory.java:802)
	at org.springframework.beans.factory.support.AbstractBeanFactory.isTypeMatch(AbstractBeanFactory.java:542)
	at org.springframework.beans.factory.support.DefaultListableBeanFactory.doGetBeanNamesForType(DefaultListableBeanFactory.java:436)
	at org.springframework.beans.factory.support.DefaultListableBeanFactory.getBeanNamesForType(DefaultListableBeanFactory.java:404)
	at org.springframework.beans.factory.BeanFactoryUtils.beanNamesForTypeIncludingAncestors(BeanFactoryUtils.java:186)
	at org.springframework.beans.factory.support.DefaultListableBeanFactory.findAutowireCandidates(DefaultListableBeanFactory.java:1105)
	at org.springframework.beans.factory.support.DefaultListableBeanFactory.doResolveDependency(DefaultListableBeanFactory.java:1044)
	at org.springframework.beans.factory.support.DefaultListableBeanFactory.resolveDependency(DefaultListableBeanFactory.java:942)
	at org.springframework.beans.factory.annotation.AutowiredAnnotationBeanPostProcessor$AutowiredFieldElement.inject(AutowiredAnnotationBeanPostProcessor.java:533)
	at org.springframework.beans.factory.annotation.InjectionMetadata.inject(InjectionMetadata.java:88)
	at org.springframework.beans.factory.annotation.AutowiredAnnotationBeanPostProcessor.postProcessPropertyValues(AutowiredAnnotationBeanPostProcessor.java:331)
	at org.springframework.beans.factory.support.AbstractAutowireCapableBeanFactory.populateBean(AbstractAutowireCapableBeanFactory.java:1210)
	at org.springframework.beans.factory.support.AbstractAutowireCapableBeanFactory.doCreateBean(AbstractAutowireCapableBeanFactory.java:537)
	at org.springframework.beans.factory.support.AbstractAutowireCapableBeanFactory.createBean(AbstractAutowireCapableBeanFactory.java:476)
	at org.springframework.beans.factory.support.AbstractBeanFactory$1.getObject(AbstractBeanFactory.java:303)
	at org.springframework.beans.factory.support.DefaultSingletonBeanRegistry.getSingleton(DefaultSingletonBeanRegistry.java:230)
	at org.springframework.beans.factory.support.AbstractBeanFactory.doGetBean(AbstractBeanFactory.java:299)
	at org.springframework.beans.factory.support.AbstractBeanFactory.getBean(AbstractBeanFactory.java:194)
	at org.springframework.beans.factory.support.BeanDefinitionValueResolver.resolveReference(BeanDefinitionValueResolver.java:351)
	at org.springframework.beans.factory.support.BeanDefinitionValueResolver.resolveValueIfNecessary(BeanDefinitionValueResolver.java:108)
	at org.springframework.beans.factory.support.AbstractAutowireCapableBeanFactory.applyPropertyValues(AbstractAutowireCapableBeanFactory.java:1477)
	at org.springframework.beans.factory.support.AbstractAutowireCapableBeanFactory.populateBean(AbstractAutowireCapableBeanFactory.java:1222)
	at org.springframework.beans.factory.support.AbstractAutowireCapableBeanFactory.doCreateBean(AbstractAutowireCapableBeanFactory.java:537)
	at org.springframework.beans.factory.support.AbstractAutowireCapableBeanFactory.createBean(AbstractAutowireCapableBeanFactory.java:476)
	at org.springframework.beans.factory.support.AbstractBeanFactory$1.getObject(AbstractBeanFactory.java:303)
	at org.springframework.beans.factory.support.DefaultSingletonBeanRegistry.getSingleton(DefaultSingletonBeanRegistry.java:230)
	at org.springframework.beans.factory.support.AbstractBeanFactory.doGetBean(AbstractBeanFactory.java:299)
	at org.springframework.beans.factory.support.AbstractBeanFactory.getBean(AbstractBeanFactory.java:194)
	at org.springframework.beans.factory.support.BeanDefinitionValueResolver.resolveReference(BeanDefinitionValueResolver.java:351)
	at org.springframework.beans.factory.support.BeanDefinitionValueResolver.resolveValueIfNecessary(BeanDefinitionValueResolver.java:108)
	at org.springframework.beans.factory.support.AbstractAutowireCapableBeanFactory.applyPropertyValues(AbstractAutowireCapableBeanFactory.java:1477)
	at org.springframework.beans.factory.support.AbstractAutowireCapableBeanFactory.populateBean(AbstractAutowireCapableBeanFactory.java:1222)
	at org.springframework.beans.factory.support.AbstractAutowireCapableBeanFactory.doCreateBean(AbstractAutowireCapableBeanFactory.java:537)
	at org.springframework.beans.factory.support.AbstractAutowireCapableBeanFactory.createBean(AbstractAutowireCapableBeanFactory.java:476)
	at org.springframework.beans.factory.support.AbstractBeanFactory$1.getObject(AbstractBeanFactory.java:303)
	at org.springframework.beans.factory.support.DefaultSingletonBeanRegistry.getSingleton(DefaultSingletonBeanRegistry.java:230)
	at org.springframework.beans.factory.support.AbstractBeanFactory.doGetBean(AbstractBeanFactory.java:299)
	at org.springframework.beans.factory.support.AbstractBeanFactory.getBean(AbstractBeanFactory.java:199)
	at org.springframework.aop.framework.autoproxy.BeanFactoryAdvisorRetrievalHelper.findAdvisorBeans(BeanFactoryAdvisorRetrievalHelper.java:92)
	at org.springframework.aop.framework.autoproxy.AbstractAdvisorAutoProxyCreator.findCandidateAdvisors(AbstractAdvisorAutoProxyCreator.java:101)
	at org.springframework.aop.aspectj.autoproxy.AspectJAwareAdvisorAutoProxyCreator.shouldSkip(AspectJAwareAdvisorAutoProxyCreator.java:103)
	at org.springframework.aop.framework.autoproxy.AbstractAutoProxyCreator.postProcessBeforeInstantiation(AbstractAutoProxyCreator.java:243)
	at org.springframework.beans.factory.support.AbstractAutowireCapableBeanFactory.applyBeanPostProcessorsBeforeInstantiation(AbstractAutowireCapableBeanFactory.java:984)
	at org.springframework.beans.factory.support.AbstractAutowireCapableBeanFactory.resolveBeforeInstantiation(AbstractAutowireCapableBeanFactory.java:955)
	at org.springframework.beans.factory.support.AbstractAutowireCapableBeanFactory.createBean(AbstractAutowireCapableBeanFactory.java:466)
	at org.springframework.beans.factory.support.AbstractBeanFactory$1.getObject(AbstractBeanFactory.java:303)
	at org.springframework.beans.factory.support.DefaultSingletonBeanRegistry.getSingleton(DefaultSingletonBeanRegistry.java:230)
	at org.springframework.beans.factory.support.AbstractBeanFactory.doGetBean(AbstractBeanFactory.java:299)
	at org.springframework.beans.factory.support.AbstractBeanFactory.getBean(AbstractBeanFactory.java:199)
	at org.springframework.context.support.PostProcessorRegistrationDelegate.registerBeanPostProcessors(PostProcessorRegistrationDelegate.java:232)
	at org.springframework.context.support.AbstractApplicationContext.registerBeanPostProcessors(AbstractApplicationContext.java:615)
	at org.springframework.context.support.AbstractApplicationContext.refresh(AbstractApplicationContext.java:465)
	at org.springframework.test.context.support.AbstractGenericContextLoader.loadContext(AbstractGenericContextLoader.java:125)
	at org.springframework.test.context.support.AbstractGenericContextLoader.loadContext(AbstractGenericContextLoader.java:60)
	at org.springframework.test.context.support.AbstractDelegatingSmartContextLoader.delegateLoading(AbstractDelegatingSmartContextLoader.java:109)
	at org.springframework.test.context.support.AbstractDelegatingSmartContextLoader.loadContext(AbstractDelegatingSmartContextLoader.java:261)
	at org.springframework.test.context.DefaultCacheAwareContextLoaderDelegate.loadContextInternal(DefaultCacheAwareContextLoaderDelegate.java:68)
	at org.springframework.test.context.DefaultCacheAwareContextLoaderDelegate.loadContext(DefaultCacheAwareContextLoaderDelegate.java:86)
	at org.springframework.test.context.DefaultTestContext.getApplicationContext(DefaultTestContext.java:72)
	at org.springframework.test.context.support.DependencyInjectionTestExecutionListener.injectDependencies(DependencyInjectionTestExecutionListener.java:117)
	at org.springframework.test.context.support.DependencyInjectionTestExecutionListener.prepareTestInstance(DependencyInjectionTestExecutionListener.java:83)
	at org.springframework.test.context.TestContextManager.prepareTestInstance(TestContextManager.java:212)
	at org.springframework.test.context.junit4.SpringJUnit4ClassRunner.createTest(SpringJUnit4ClassRunner.java:200)
	at org.springframework.test.context.junit4.SpringJUnit4ClassRunner$1.runReflectiveCall(SpringJUnit4ClassRunner.java:259)
	at org.junit.internal.runners.model.ReflectiveCallable.run(ReflectiveCallable.java:12)
	at org.springframework.test.context.junit4.SpringJUnit4ClassRunner.methodBlock(SpringJUnit4ClassRunner.java:261)
	at org.springframework.test.context.junit4.SpringJUnit4ClassRunner.runChild(SpringJUnit4ClassRunner.java:219)
	at org.springframework.test.context.junit4.SpringJUnit4ClassRunner.runChild(SpringJUnit4ClassRunner.java:83)
	at org.junit.runners.ParentRunner$3.run(ParentRunner.java:238)
	at org.junit.runners.ParentRunner$1.schedule(ParentRunner.java:63)
	at org.junit.runners.ParentRunner.runChildren(ParentRunner.java:236)
	at org.junit.runners.ParentRunner.access$000(ParentRunner.java:53)
	at org.junit.runners.ParentRunner$2.evaluate(ParentRunner.java:229)
	at org.springframework.test.context.junit4.statements.RunBeforeTestClassCallbacks.evaluate(RunBeforeTestClassCallbacks.java:61)
	at org.springframework.test.context.junit4.statements.RunAfterTestClassCallbacks.evaluate(RunAfterTestClassCallbacks.java:68)
	at org.junit.runners.ParentRunner.run(ParentRunner.java:309)
	at org.springframework.test.context.junit4.SpringJUnit4ClassRunner.run(SpringJUnit4ClassRunner.java:163)
	at org.apache.maven.surefire.junit4.JUnit4Provider.execute(JUnit4Provider.java:252)
	at org.apache.maven.surefire.junit4.JUnit4Provider.executeTestSet(JUnit4Provider.java:141)
	at org.apache.maven.surefire.junit4.JUnit4Provider.invoke(JUnit4Provider.java:112)
	at sun.reflect.NativeMethodAccessorImpl.invoke0(Native Method)
	at sun.reflect.NativeMethodAccessorImpl.invoke(NativeMethodAccessorImpl.java:62)
	at sun.reflect.DelegatingMethodAccessorImpl.invoke(DelegatingMethodAccessorImpl.java:43)
	at java.lang.reflect.Method.invoke(Method.java:498)
	at org.apache.maven.surefire.util.ReflectionUtils.invokeMethodWithArray(ReflectionUtils.java:189)
	at org.apache.maven.surefire.booter.ProviderFactory$ProviderProxy.invoke(ProviderFactory.java:165)
	at org.apache.maven.surefire.booter.ProviderFactory.invokeProvider(ProviderFactory.java:85)
	at org.apache.maven.surefire.booter.ForkedBooter.runSuitesInProcess(ForkedBooter.java:115)
	at org.apache.maven.surefire.booter.ForkedBooter.main(ForkedBooter.java:75)
[DEBUG] 2017-05-22 02:54:36,568 method:org.springframework.beans.factory.support.DefaultSingletonBeanRegistry.destroySingletons(DefaultSingletonBeanRegistry.java:512)
Destroying singletons in org.springframework.beans.factory.support.DefaultListableBeanFactory@7a6ebe1e: defining beans [categoriesService,commentServiceImpl,linkServiceImpl,postService,tagsService,userServiceImpl,org.springframework.context.annotation.internalConfigurationAnnotationProcessor,org.springframework.context.annotation.internalAutowiredAnnotationProcessor,org.springframework.context.annotation.internalRequiredAnnotationProcessor,org.springframework.context.annotation.internalCommonAnnotationProcessor,dataSource,sqlSessionFactory,org.mybatis.spring.mapper.MapperScannerConfigurer#0,transactionManager,myRealm,securityManager,shiroFilter,lifecycleBeanPostProcessor,org.springframework.aop.framework.autoproxy.DefaultAdvisorAutoProxyCreator#0,org.apache.shiro.spring.security.interceptor.AuthorizationAttributeSourceAdvisor#0,txAdvice,org.springframework.aop.config.internalAutoProxyCreator,serviceOperation,org.springframework.aop.support.DefaultBeanFactoryPointcutAdvisor#0,multipartResolver,postAdminController,systemAdminController,adminController,archiveController,categoriesController,commenController,commentController,linkController,postController,tagsController,uploadController,org.springframework.web.servlet.mvc.annotation.AnnotationMethodHandlerAdapter#0,org.springframework.web.servlet.resource.DefaultServletHttpRequestHandler#0,org.springframework.web.servlet.handler.SimpleUrlHandlerMapping#0,org.springframework.web.servlet.handler.BeanNameUrlHandlerMapping,org.springframework.web.servlet.mvc.HttpRequestHandlerAdapter,org.springframework.web.servlet.mvc.SimpleControllerHandlerAdapter,mvcContentNegotiationManager,org.springframework.web.servlet.mvc.method.annotation.RequestMappingHandlerMapping#0,org.springframework.format.support.FormattingConversionServiceFactoryBean#0,org.springframework.web.servlet.mvc.method.annotation.RequestMappingHandlerAdapter#0,mvcUriComponentsContributor,org.springframework.web.servlet.handler.MappedInterceptor#0,org.springframework.web.servlet.mvc.method.annotation.ExceptionHandlerExceptionResolver#0,org.springframework.web.servlet.mvc.annotation.ResponseStatusExceptionResolver#0,org.springframework.web.servlet.mvc.support.DefaultHandlerExceptionResolver#0,org.springframework.web.servlet.resource.DefaultServletHttpRequestHandler#1,org.springframework.web.servlet.handler.SimpleUrlHandlerMapping#1,viewResolver,org.springframework.context.annotation.ConfigurationClassPostProcessor.importAwareProcessor,org.springframework.context.annotation.ConfigurationClassPostProcessor.enhancedConfigurationProcessor,categoriesDao,commentDao,linkDao,postDao,tagsDao,userDao]; root of factory hierarchy
[ERROR] 2017-05-22 02:54:36,569 method:org.springframework.test.context.TestContextManager.prepareTestInstance(TestContextManager.java:215)
Caught exception while allowing TestExecutionListener [org.springframework.test.context.support.DependencyInjectionTestExecutionListener@27ead29e] to prepare test instance [party.pjc.blog.service.impl.TagServiceImplTest@1e63d216]
java.lang.IllegalStateException: Failed to load ApplicationContext
	at org.springframework.test.context.DefaultCacheAwareContextLoaderDelegate.loadContext(DefaultCacheAwareContextLoaderDelegate.java:94)
	at org.springframework.test.context.DefaultTestContext.getApplicationContext(DefaultTestContext.java:72)
	at org.springframework.test.context.support.DependencyInjectionTestExecutionListener.injectDependencies(DependencyInjectionTestExecutionListener.java:117)
	at org.springframework.test.context.support.DependencyInjectionTestExecutionListener.prepareTestInstance(DependencyInjectionTestExecutionListener.java:83)
	at org.springframework.test.context.TestContextManager.prepareTestInstance(TestContextManager.java:212)
	at org.springframework.test.context.junit4.SpringJUnit4ClassRunner.createTest(SpringJUnit4ClassRunner.java:200)
	at org.springframework.test.context.junit4.SpringJUnit4ClassRunner$1.runReflectiveCall(SpringJUnit4ClassRunner.java:259)
	at org.junit.internal.runners.model.ReflectiveCallable.run(ReflectiveCallable.java:12)
	at org.springframework.test.context.junit4.SpringJUnit4ClassRunner.methodBlock(SpringJUnit4ClassRunner.java:261)
	at org.springframework.test.context.junit4.SpringJUnit4ClassRunner.runChild(SpringJUnit4ClassRunner.java:219)
	at org.springframework.test.context.junit4.SpringJUnit4ClassRunner.runChild(SpringJUnit4ClassRunner.java:83)
	at org.junit.runners.ParentRunner$3.run(ParentRunner.java:238)
	at org.junit.runners.ParentRunner$1.schedule(ParentRunner.java:63)
	at org.junit.runners.ParentRunner.runChildren(ParentRunner.java:236)
	at org.junit.runners.ParentRunner.access$000(ParentRunner.java:53)
	at org.junit.runners.ParentRunner$2.evaluate(ParentRunner.java:229)
	at org.springframework.test.context.junit4.statements.RunBeforeTestClassCallbacks.evaluate(RunBeforeTestClassCallbacks.java:61)
	at org.springframework.test.context.junit4.statements.RunAfterTestClassCallbacks.evaluate(RunAfterTestClassCallbacks.java:68)
	at org.junit.runners.ParentRunner.run(ParentRunner.java:309)
	at org.springframework.test.context.junit4.SpringJUnit4ClassRunner.run(SpringJUnit4ClassRunner.java:163)
	at org.apache.maven.surefire.junit4.JUnit4Provider.execute(JUnit4Provider.java:252)
	at org.apache.maven.surefire.junit4.JUnit4Provider.executeTestSet(JUnit4Provider.java:141)
	at org.apache.maven.surefire.junit4.JUnit4Provider.invoke(JUnit4Provider.java:112)
	at sun.reflect.NativeMethodAccessorImpl.invoke0(Native Method)
	at sun.reflect.NativeMethodAccessorImpl.invoke(NativeMethodAccessorImpl.java:62)
	at sun.reflect.DelegatingMethodAccessorImpl.invoke(DelegatingMethodAccessorImpl.java:43)
	at java.lang.reflect.Method.invoke(Method.java:498)
	at org.apache.maven.surefire.util.ReflectionUtils.invokeMethodWithArray(ReflectionUtils.java:189)
	at org.apache.maven.surefire.booter.ProviderFactory$ProviderProxy.invoke(ProviderFactory.java:165)
	at org.apache.maven.surefire.booter.ProviderFactory.invokeProvider(ProviderFactory.java:85)
	at org.apache.maven.surefire.booter.ForkedBooter.runSuitesInProcess(ForkedBooter.java:115)
	at org.apache.maven.surefire.booter.ForkedBooter.main(ForkedBooter.java:75)
Caused by: org.springframework.beans.factory.BeanCreationException: Error creating bean with name &apos;shiroFilter&apos; defined in class path resource [applicationContext.xml]: BeanPostProcessor before instantiation of bean failed; nested exception is org.springframework.beans.factory.BeanCreationException: Error creating bean with name &apos;org.apache.shiro.spring.security.interceptor.AuthorizationAttributeSourceAdvisor#0&apos; defined in class path resource [applicationContext.xml]: Cannot resolve reference to bean &apos;securityManager&apos; while setting bean property &apos;securityManager&apos;; nested exception is org.springframework.beans.factory.BeanCreationException: Error creating bean with name &apos;securityManager&apos; defined in class path resource [applicationContext.xml]: Cannot resolve reference to bean &apos;myRealm&apos; while setting bean property &apos;realm&apos;; nested exception is org.springframework.beans.factory.BeanCreationException: Error creating bean with name &apos;myRealm&apos;: Injection of autowired dependencies failed; nested exception is org.springframework.beans.factory.BeanCreationException: Could not autowire field: private party.pjc.blog.service.UserService party.pjc.blog.realm.MyRealm.userService; nested exception is java.lang.NoClassDefFoundError: javax/servlet/ServletContext
Related cause: org.springframework.beans.factory.BeanCurrentlyInCreationException: Error creating bean with name &apos;shiroFilter&apos;: Requested bean is currently in creation: Is there an unresolvable circular reference?
	at org.springframework.beans.factory.support.AbstractAutowireCapableBeanFactory.createBean(AbstractAutowireCapableBeanFactory.java:472)
	at org.springframework.beans.factory.support.AbstractBeanFactory$1.getObject(AbstractBeanFactory.java:303)
	at org.springframework.beans.factory.support.DefaultSingletonBeanRegistry.getSingleton(DefaultSingletonBeanRegistry.java:230)
	at org.springframework.beans.factory.support.AbstractBeanFactory.doGetBean(AbstractBeanFactory.java:299)
	at org.springframework.beans.factory.support.AbstractBeanFactory.getBean(AbstractBeanFactory.java:199)
	at org.springframework.context.support.PostProcessorRegistrationDelegate.registerBeanPostProcessors(PostProcessorRegistrationDelegate.java:232)
	at org.springframework.context.support.AbstractApplicationContext.registerBeanPostProcessors(AbstractApplicationContext.java:615)
	at org.springframework.context.support.AbstractApplicationContext.refresh(AbstractApplicationContext.java:465)
	at org.springframework.test.context.support.AbstractGenericContextLoader.loadContext(AbstractGenericContextLoader.java:125)
	at org.springframework.test.context.support.AbstractGenericContextLoader.loadContext(AbstractGenericContextLoader.java:60)
	at org.springframework.test.context.support.AbstractDelegatingSmartContextLoader.delegateLoading(AbstractDelegatingSmartContextLoader.java:109)
	at org.springframework.test.context.support.AbstractDelegatingSmartContextLoader.loadContext(AbstractDelegatingSmartContextLoader.java:261)
	at org.springframework.test.context.DefaultCacheAwareContextLoaderDelegate.loadContextInternal(DefaultCacheAwareContextLoaderDelegate.java:68)
	at org.springframework.test.context.DefaultCacheAwareContextLoaderDelegate.loadContext(DefaultCacheAwareContextLoaderDelegate.java:86)
	... 31 more
Caused by: org.springframework.beans.factory.BeanCreationException: Error creating bean with name &apos;org.apache.shiro.spring.security.interceptor.AuthorizationAttributeSourceAdvisor#0&apos; defined in class path resource [applicationContext.xml]: Cannot resolve reference to bean &apos;securityManager&apos; while setting bean property &apos;securityManager&apos;; nested exception is org.springframework.beans.factory.BeanCreationException: Error creating bean with name &apos;securityManager&apos; defined in class path resource [applicationContext.xml]: Cannot resolve reference to bean &apos;myRealm&apos; while setting bean property &apos;realm&apos;; nested exception is org.springframework.beans.factory.BeanCreationException: Error creating bean with name &apos;myRealm&apos;: Injection of autowired dependencies failed; nested exception is org.springframework.beans.factory.BeanCreationException: Could not autowire field: private party.pjc.blog.service.UserService party.pjc.blog.realm.MyRealm.userService; nested exception is java.lang.NoClassDefFoundError: javax/servlet/ServletContext
	at org.springframework.beans.factory.support.BeanDefinitionValueResolver.resolveReference(BeanDefinitionValueResolver.java:359)
	at org.springframework.beans.factory.support.BeanDefinitionValueResolver.resolveValueIfNecessary(BeanDefinitionValueResolver.java:108)
	at org.springframework.beans.factory.support.AbstractAutowireCapableBeanFactory.applyPropertyValues(AbstractAutowireCapableBeanFactory.java:1477)
	at org.springframework.beans.factory.support.AbstractAutowireCapableBeanFactory.populateBean(AbstractAutowireCapableBeanFactory.java:1222)
	at org.springframework.beans.factory.support.AbstractAutowireCapableBeanFactory.doCreateBean(AbstractAutowireCapableBeanFactory.java:537)
	at org.springframework.beans.factory.support.AbstractAutowireCapableBeanFactory.createBean(AbstractAutowireCapableBeanFactory.java:476)
	at org.springframework.beans.factory.support.AbstractBeanFactory$1.getObject(AbstractBeanFactory.java:303)
	at org.springframework.beans.factory.support.DefaultSingletonBeanRegistry.getSingleton(DefaultSingletonBeanRegistry.java:230)
	at org.springframework.beans.factory.support.AbstractBeanFactory.doGetBean(AbstractBeanFactory.java:299)
	at org.springframework.beans.factory.support.AbstractBeanFactory.getBean(AbstractBeanFactory.java:199)
	at org.springframework.aop.framework.autoproxy.BeanFactoryAdvisorRetrievalHelper.findAdvisorBeans(BeanFactoryAdvisorRetrievalHelper.java:92)
	at org.springframework.aop.framework.autoproxy.AbstractAdvisorAutoProxyCreator.findCandidateAdvisors(AbstractAdvisorAutoProxyCreator.java:101)
	at org.springframework.aop.aspectj.autoproxy.AspectJAwareAdvisorAutoProxyCreator.shouldSkip(AspectJAwareAdvisorAutoProxyCreator.java:103)
	at org.springframework.aop.framework.autoproxy.AbstractAutoProxyCreator.postProcessBeforeInstantiation(AbstractAutoProxyCreator.java:243)
	at org.springframework.beans.factory.support.AbstractAutowireCapableBeanFactory.applyBeanPostProcessorsBeforeInstantiation(AbstractAutowireCapableBeanFactory.java:984)
	at org.springframework.beans.factory.support.AbstractAutowireCapableBeanFactory.resolveBeforeInstantiation(AbstractAutowireCapableBeanFactory.java:955)
	at org.springframework.beans.factory.support.AbstractAutowireCapableBeanFactory.createBean(AbstractAutowireCapableBeanFactory.java:466)
	... 44 more
Caused by: org.springframework.beans.factory.BeanCreationException: Error creating bean with name &apos;securityManager&apos; defined in class path resource [applicationContext.xml]: Cannot resolve reference to bean &apos;myRealm&apos; while setting bean property &apos;realm&apos;; nested exception is org.springframework.beans.factory.BeanCreationException: Error creating bean with name &apos;myRealm&apos;: Injection of autowired dependencies failed; nested exception is org.springframework.beans.factory.BeanCreationException: Could not autowire field: private party.pjc.blog.service.UserService party.pjc.blog.realm.MyRealm.userService; nested exception is java.lang.NoClassDefFoundError: javax/servlet/ServletContext
	at org.springframework.beans.factory.support.BeanDefinitionValueResolver.resolveReference(BeanDefinitionValueResolver.java:359)
	at org.springframework.beans.factory.support.BeanDefinitionValueResolver.resolveValueIfNecessary(BeanDefinitionValueResolver.java:108)
	at org.springframework.beans.factory.support.AbstractAutowireCapableBeanFactory.applyPropertyValues(AbstractAutowireCapableBeanFactory.java:1477)
	at org.springframework.beans.factory.support.AbstractAutowireCapableBeanFactory.populateBean(AbstractAutowireCapableBeanFactory.java:1222)
	at org.springframework.beans.factory.support.AbstractAutowireCapableBeanFactory.doCreateBean(AbstractAutowireCapableBeanFactory.java:537)
	at org.springframework.beans.factory.support.AbstractAutowireCapableBeanFactory.createBean(AbstractAutowireCapableBeanFactory.java:476)
	at org.springframework.beans.factory.support.AbstractBeanFactory$1.getObject(AbstractBeanFactory.java:303)
	at org.springframework.beans.factory.support.DefaultSingletonBeanRegistry.getSingleton(DefaultSingletonBeanRegistry.java:230)
	at org.springframework.beans.factory.support.AbstractBeanFactory.doGetBean(AbstractBeanFactory.java:299)
	at org.springframework.beans.factory.support.AbstractBeanFactory.getBean(AbstractBeanFactory.java:194)
	at org.springframework.beans.factory.support.BeanDefinitionValueResolver.resolveReference(BeanDefinitionValueResolver.java:351)
	... 60 more
Caused by: org.springframework.beans.factory.BeanCreationException: Error creating bean with name &apos;myRealm&apos;: Injection of autowired dependencies failed; nested exception is org.springframework.beans.factory.BeanCreationException: Could not autowire field: private party.pjc.blog.service.UserService party.pjc.blog.realm.MyRealm.userService; nested exception is java.lang.NoClassDefFoundError: javax/servlet/ServletContext
	at org.springframework.beans.factory.annotation.AutowiredAnnotationBeanPostProcessor.postProcessPropertyValues(AutowiredAnnotationBeanPostProcessor.java:334)
	at org.springframework.beans.factory.support.AbstractAutowireCapableBeanFactory.populateBean(AbstractAutowireCapableBeanFactory.java:1210)
	at org.springframework.beans.factory.support.AbstractAutowireCapableBeanFactory.doCreateBean(AbstractAutowireCapableBeanFactory.java:537)
	at org.springframework.beans.factory.support.AbstractAutowireCapableBeanFactory.createBean(AbstractAutowireCapableBeanFactory.java:476)
	at org.springframework.beans.factory.support.AbstractBeanFactory$1.getObject(AbstractBeanFactory.java:303)
	at org.springframework.beans.factory.support.DefaultSingletonBeanRegistry.getSingleton(DefaultSingletonBeanRegistry.java:230)
	at org.springframework.beans.factory.support.AbstractBeanFactory.doGetBean(AbstractBeanFactory.java:299)
	at org.springframework.beans.factory.support.AbstractBeanFactory.getBean(AbstractBeanFactory.java:194)
	at org.springframework.beans.factory.support.BeanDefinitionValueResolver.resolveReference(BeanDefinitionValueResolver.java:351)
	... 70 more
Caused by: org.springframework.beans.factory.BeanCreationException: Could not autowire field: private party.pjc.blog.service.UserService party.pjc.blog.realm.MyRealm.userService; nested exception is java.lang.NoClassDefFoundError: javax/servlet/ServletContext
	at org.springframework.beans.factory.annotation.AutowiredAnnotationBeanPostProcessor$AutowiredFieldElement.inject(AutowiredAnnotationBeanPostProcessor.java:561)
	at org.springframework.beans.factory.annotation.InjectionMetadata.inject(InjectionMetadata.java:88)
	at org.springframework.beans.factory.annotation.AutowiredAnnotationBeanPostProcessor.postProcessPropertyValues(AutowiredAnnotationBeanPostProcessor.java:331)
	... 78 more
Caused by: java.lang.NoClassDefFoundError: javax/servlet/ServletContext
	at java.lang.Class.getDeclaredMethods0(Native Method)
	at java.lang.Class.privateGetDeclaredMethods(Class.java:2701)
	at java.lang.Class.getDeclaredMethods(Class.java:1975)
	at org.springframework.util.ReflectionUtils.getDeclaredMethods(ReflectionUtils.java:572)
	at org.springframework.util.ReflectionUtils.doWithMethods(ReflectionUtils.java:489)
	at org.springframework.util.ReflectionUtils.doWithMethods(ReflectionUtils.java:475)
	at org.springframework.beans.factory.annotation.AutowiredAnnotationBeanPostProcessor.determineCandidateConstructors(AutowiredAnnotationBeanPostProcessor.java:241)
	at org.springframework.beans.factory.support.AbstractAutowireCapableBeanFactory.determineConstructorsFromBeanPostProcessors(AbstractAutowireCapableBeanFactory.java:1065)
	at org.springframework.beans.factory.support.AbstractAutowireCapableBeanFactory.createBeanInstance(AbstractAutowireCapableBeanFactory.java:1038)
	at org.springframework.beans.factory.support.AbstractAutowireCapableBeanFactory.getSingletonFactoryBeanForTypeCheck(AbstractAutowireCapableBeanFactory.java:860)
	at org.springframework.beans.factory.support.AbstractAutowireCapableBeanFactory.getTypeForFactoryBean(AbstractAutowireCapableBeanFactory.java:790)
	at org.springframework.beans.factory.support.AbstractBeanFactory.isTypeMatch(AbstractBeanFactory.java:542)
	at org.springframework.beans.factory.support.DefaultListableBeanFactory.doGetBeanNamesForType(DefaultListableBeanFactory.java:436)
	at org.springframework.beans.factory.support.DefaultListableBeanFactory.getBeanNamesForType(DefaultListableBeanFactory.java:404)
	at org.springframework.beans.factory.BeanFactoryUtils.beanNamesForTypeIncludingAncestors(BeanFactoryUtils.java:186)
	at org.springframework.beans.factory.support.DefaultListableBeanFactory.findAutowireCandidates(DefaultListableBeanFactory.java:1105)
	at org.springframework.beans.factory.support.DefaultListableBeanFactory.doResolveDependency(DefaultListableBeanFactory.java:1044)
	at org.springframework.beans.factory.support.DefaultListableBeanFactory.resolveDependency(DefaultListableBeanFactory.java:942)
	at org.springframework.beans.factory.annotation.AutowiredAnnotationBeanPostProcessor$AutowiredFieldElement.inject(AutowiredAnnotationBeanPostProcessor.java:533)
	... 80 more
Caused by: java.lang.ClassNotFoundException: javax.servlet.ServletContext
	at java.net.URLClassLoader.findClass(URLClassLoader.java:381)
	at java.lang.ClassLoader.loadClass(ClassLoader.java:424)
	at sun.misc.Launcher$AppClassLoader.loadClass(Launcher.java:335)
	at java.lang.ClassLoader.loadClass(ClassLoader.java:357)
	... 99 more
</system-out>
  </testcase>
</testsuite>